0.0 50000
1.0 50000
2.0 50000
3.0 50000
4.0 50000
5.0 50000
6.0 50000
7.0 50000
8.0 50000
9.0 50000
10.0 50000
11.0 50000
12.0 50000
13.0 50000
14.0 50000
15.0 50000
16.0 50000
17.0 50000
18.0 50000
19.0 50000
20.0 50000
21.0 50000
22.0 50000
23.0 50000
24.0 50000
25.0 50000
26.0 50000
27.0 50000
28.0 50000
29.0 50000
30.0 50000
31.0 50000
32.0 50000
33.0 50000
34.0 50000
35.0 50000
36.0 50000
37.0 50000
38.0 50000
39.0 50000
40.0 50000
41.0 50000
42.0 50000
43.0 50000
44.0 50000
45.0 50000
46.0 50000
47.0 50000
48.0 50000
49.0 50000
50.0 50000
51.0 50000
52.0 50000
53.0 50000
54.0 50000
55.0 50000
56.0 50000
57.0 50000
58.0 50000
59.0 50000
