0 6250000
1 6250000
2 6250000
3 6250000
4 6250000
5 6250000
6 6250000
7 6250000
8 6250000
9 6250000
10 6250000
11 6250000
12 6250000
13 6250000
14 6250000
15 6250000
16 6250000
17 6250000
18 6250000
19 6250000
20 6250000
21 6250000
22 6250000
23 6250000
24 6250000
25 6250000
26 6250000
27 6250000
28 6250000
29 6250000
30 6250000
31 6250000
32 6250000
33 6250000
34 6250000
35 6250000
36 6250000
37 6250000
38 6250000
39 6250000
40 6250000
41 6250000
42 6250000
43 6250000
44 6250000
45 6250000
46 6250000
47 6250000
48 6250000
49 6250000
50 6250000
51 6250000
52 6250000
53 6250000
54 6250000
55 6250000
56 6250000
57 6250000
58 6250000
59 6250000
60 6250000
