# mahimahi mm-link (Downlink) [/tmp/traces/1mbps.trace] > /home/rootroot/pantheon/src/experiments/data_1mbps_200ms/bbr_mm_acklink_run1.log
# command line: 'mm-link' '/tmp/traces/1mbps.trace' '/tmp/traces/1mbps.trace' '--uplink-log=/home/rootroot/pantheon/src/experiments/data_1mbps_200ms/bbr_mm_datalink_run1.log' '--downlink-log=/home/rootroot/pantheon/src/experiments/data_1mbps_200ms/bbr_mm_acklink_run1.log' '--uplink-queue=droptail' '--downlink-queue=droptail' '--uplink-queue-args=packets=500' '--downlink-queue-args=packets=500' 'python' '/home/rootroot/pantheon/src/experiments/tunnel_manager.py'
# queue: droptail [packets=500]
# init timestamp: 1744824396327
# base timestamp: 41
# mahimahi config: [delay 100 ms] 
43 + 80
43 + 52
43 + 80
450 + 80
615 + 80
1541 # 1504
1541 - 80 1498
1541 - 52 1498
1541 - 80 1498
1541 - 80 1091
1541 - 80 926
1541 # 1504
1541 # 1504
1541 # 1504
1541 # 1504
1541 # 1504
1541 # 1504
1541 # 1504
1541 # 1504
1541 # 1504
1541 # 1504
1541 # 1504
1541 # 1504
1541 # 1504
1541 # 1504
1541 # 1504
1541 # 1504
1541 # 1504
1541 # 1504
1541 # 1504
1541 # 1504
1541 # 1504
1541 # 1504
1541 # 1504
1541 # 1504
1541 # 1504
1541 # 1504
1541 # 1504
1541 # 1504
1541 # 1504
1541 # 1504
1541 # 1504
1541 # 1504
1541 # 1504
1541 # 1504
1541 # 1504
1541 # 1504
1541 # 1504
1541 # 1504
1541 # 1504
1541 # 1504
1541 # 1504
1541 # 1504
1541 # 1504
1541 # 1504
1541 # 1504
1541 # 1504
1541 # 1504
1541 # 1504
1541 # 1504
1541 # 1504
1541 # 1504
1541 # 1504
1541 # 1504
1541 # 1504
1541 # 1504
1541 # 1504
1541 # 1504
1541 # 1504
1541 # 1504
1541 # 1504
1541 # 1504
1541 # 1504
1541 # 1504
1541 # 1504
1541 # 1504
1541 # 1504
1541 # 1504
1541 # 1504
1541 # 1504
1541 # 1504
1541 # 1504
1541 # 1504
1541 # 1504
1541 # 1504
1541 # 1504
1541 # 1504
1541 # 1504
1541 # 1504
1541 # 1504
1541 # 1504
1541 # 1504
1541 # 1504
1748 + 40
1753 + 40
3041 # 1504
3041 - 40 1293
3041 - 40 1288
3041 # 1504
3041 # 1504
3041 # 1504
3041 # 1504
3041 # 1504
3041 # 1504
3041 # 1504
3041 # 1504
3041 # 1504
3041 # 1504
3041 # 1504
3041 # 1504
3041 # 1504
3041 # 1504
3041 # 1504
3041 # 1504
3041 # 1504
3041 # 1504
3041 # 1504
3041 # 1504
3041 # 1504
3041 # 1504
3041 # 1504
3041 # 1504
3041 # 1504
3041 # 1504
3041 # 1504
3041 # 1504
3041 # 1504
3041 # 1504
3041 # 1504
3041 # 1504
3041 # 1504
3041 # 1504
3041 # 1504
3041 # 1504
3041 # 1504
3041 # 1504
3041 # 1504
3041 # 1504
3041 # 1504
3041 # 1504
3041 # 1504
3041 # 1504
3041 # 1504
3041 # 1504
3041 # 1504
3041 # 1504
3041 # 1504
3041 # 1504
3041 # 1504
3041 # 1504
3041 # 1504
3041 # 1504
3041 # 1504
3041 # 1504
3041 # 1504
3041 # 1504
3041 # 1504
3041 # 1504
3041 # 1504
3041 # 1504
3041 # 1504
3041 # 1504
3041 # 1504
3041 # 1504
3041 # 1504
3041 # 1504
3041 # 1504
3041 # 1504
3041 # 1504
3041 # 1504
3041 # 1504
3041 # 1504
3041 # 1504
3041 # 1504
3041 # 1504
3041 # 1504
3041 # 1504
3041 # 1504
3041 # 1504
3041 # 1504
3252 + 40
3970 + 52
4541 # 1504
4541 - 40 1289
4541 - 52 571
4541 # 1504
4541 # 1504
4541 # 1504
4541 # 1504
4541 # 1504
4541 # 1504
4541 # 1504
4541 # 1504
4541 # 1504
4541 # 1504
4541 # 1504
4541 # 1504
4541 # 1504
4541 # 1504
4541 # 1504
4541 # 1504
4541 # 1504
4541 # 1504
4541 # 1504
4541 # 1504
4541 # 1504
4541 # 1504
4541 # 1504
4541 # 1504
4541 # 1504
4541 # 1504
4541 # 1504
4541 # 1504
4541 # 1504
4541 # 1504
4541 # 1504
4541 # 1504
4541 # 1504
4541 # 1504
4541 # 1504
4541 # 1504
4541 # 1504
4541 # 1504
4541 # 1504
4541 # 1504
4541 # 1504
4541 # 1504
4541 # 1504
4541 # 1504
4541 # 1504
4541 # 1504
4541 # 1504
4541 # 1504
4541 # 1504
4541 # 1504
4541 # 1504
4541 # 1504
4541 # 1504
4541 # 1504
4541 # 1504
4541 # 1504
4541 # 1504
4541 # 1504
4541 # 1504
4541 # 1504
4541 # 1504
4541 # 1504
4541 # 1504
4541 # 1504
4541 # 1504
4541 # 1504
4541 # 1504
4541 # 1504
4541 # 1504
4541 # 1504
4541 # 1504
4541 # 1504
4541 # 1504
4541 # 1504
4541 # 1504
4541 # 1504
4541 # 1504
4541 # 1504
4541 # 1504
4541 # 1504
4541 # 1504
4541 # 1504
6041 # 1504
6041 # 1504
6041 # 1504
6041 # 1504
6041 # 1504
6041 # 1504
6041 # 1504
6041 # 1504
6041 # 1504
6041 # 1504
6041 # 1504
6041 # 1504
6041 # 1504
6041 # 1504
6041 # 1504
6041 # 1504
6041 # 1504
6041 # 1504
6041 # 1504
6041 # 1504
6041 # 1504
6041 # 1504
6041 # 1504
6041 # 1504
6041 # 1504
6041 # 1504
6041 # 1504
6041 # 1504
6041 # 1504
6041 # 1504
6041 # 1504
6041 # 1504
6041 # 1504
6041 # 1504
6041 # 1504
6041 # 1504
6041 # 1504
6041 # 1504
6041 # 1504
6041 # 1504
6041 # 1504
6041 # 1504
6041 # 1504
6041 # 1504
6041 # 1504
6041 # 1504
6041 # 1504
6041 # 1504
6041 # 1504
6041 # 1504
6041 # 1504
6041 # 1504
6041 # 1504
6041 # 1504
6041 # 1504
6041 # 1504
6041 # 1504
6041 # 1504
6041 # 1504
6041 # 1504
6041 # 1504
6041 # 1504
6041 # 1504
6041 # 1504
6041 # 1504
6041 # 1504
6041 # 1504
6041 # 1504
6041 # 1504
6041 # 1504
6041 # 1504
6041 # 1504
6041 # 1504
6041 # 1504
6041 # 1504
6041 # 1504
6041 # 1504
6041 # 1504
6041 # 1504
6041 # 1504
6041 # 1504
6041 # 1504
6041 # 1504
7541 # 1504
7541 # 1504
7541 # 1504
7541 # 1504
7541 # 1504
7541 # 1504
7541 # 1504
7541 # 1504
7541 # 1504
7541 # 1504
7541 # 1504
7541 # 1504
7541 # 1504
7541 # 1504
7541 # 1504
7541 # 1504
7541 # 1504
7541 # 1504
7541 # 1504
7541 # 1504
7541 # 1504
7541 # 1504
7541 # 1504
7541 # 1504
7541 # 1504
7541 # 1504
7541 # 1504
7541 # 1504
7541 # 1504
7541 # 1504
7541 # 1504
7541 # 1504
7541 # 1504
7541 # 1504
7541 # 1504
7541 # 1504
7541 # 1504
7541 # 1504
7541 # 1504
7541 # 1504
7541 # 1504
7541 # 1504
7541 # 1504
7541 # 1504
7541 # 1504
7541 # 1504
7541 # 1504
7541 # 1504
7541 # 1504
7541 # 1504
7541 # 1504
7541 # 1504
7541 # 1504
7541 # 1504
7541 # 1504
7541 # 1504
7541 # 1504
7541 # 1504
7541 # 1504
7541 # 1504
7541 # 1504
7541 # 1504
7541 # 1504
7541 # 1504
7541 # 1504
7541 # 1504
7541 # 1504
7541 # 1504
7541 # 1504
7541 # 1504
7541 # 1504
7541 # 1504
7541 # 1504
7541 # 1504
7541 # 1504
7541 # 1504
7541 # 1504
7541 # 1504
7541 # 1504
7541 # 1504
7541 # 1504
7541 # 1504
7541 # 1504
7746 + 100
7746 + 100
8777 + 100
9041 # 1504
9041 - 100 1295
9041 - 100 1295
9041 - 100 264
9041 # 1504
9041 # 1504
9041 # 1504
9041 # 1504
9041 # 1504
9041 # 1504
9041 # 1504
9041 # 1504
9041 # 1504
9041 # 1504
9041 # 1504
9041 # 1504
9041 # 1504
9041 # 1504
9041 # 1504
9041 # 1504
9041 # 1504
9041 # 1504
9041 # 1504
9041 # 1504
9041 # 1504
9041 # 1504
9041 # 1504
9041 # 1504
9041 # 1504
9041 # 1504
9041 # 1504
9041 # 1504
9041 # 1504
9041 # 1504
9041 # 1504
9041 # 1504
9041 # 1504
9041 # 1504
9041 # 1504
9041 # 1504
9041 # 1504
9041 # 1504
9041 # 1504
9041 # 1504
9041 # 1504
9041 # 1504
9041 # 1504
9041 # 1504
9041 # 1504
9041 # 1504
9041 # 1504
9041 # 1504
9041 # 1504
9041 # 1504
9041 # 1504
9041 # 1504
9041 # 1504
9041 # 1504
9041 # 1504
9041 # 1504
9041 # 1504
9041 # 1504
9041 # 1504
9041 # 1504
9041 # 1504
9041 # 1504
9041 # 1504
9041 # 1504
9041 # 1504
9041 # 1504
9041 # 1504
9041 # 1504
9041 # 1504
9041 # 1504
9041 # 1504
9041 # 1504
9041 # 1504
9041 # 1504
9041 # 1504
9041 # 1504
9041 # 1504
9041 # 1504
9041 # 1504
9041 # 1504
9041 # 1504
9041 # 1504
10541 # 1504
10541 # 1504
10541 # 1504
10541 # 1504
10541 # 1504
10541 # 1504
10541 # 1504
10541 # 1504
10541 # 1504
10541 # 1504
10541 # 1504
10541 # 1504
10541 # 1504
10541 # 1504
10541 # 1504
10541 # 1504
10541 # 1504
10541 # 1504
10541 # 1504
10541 # 1504
10541 # 1504
10541 # 1504
10541 # 1504
10541 # 1504
10541 # 1504
10541 # 1504
10541 # 1504
10541 # 1504
10541 # 1504
10541 # 1504
10541 # 1504
10541 # 1504
10541 # 1504
10541 # 1504
10541 # 1504
10541 # 1504
10541 # 1504
10541 # 1504
10541 # 1504
10541 # 1504
10541 # 1504
10541 # 1504
10541 # 1504
10541 # 1504
10541 # 1504
10541 # 1504
10541 # 1504
10541 # 1504
10541 # 1504
10541 # 1504
10541 # 1504
10541 # 1504
10541 # 1504
10541 # 1504
10541 # 1504
10541 # 1504
10541 # 1504
10541 # 1504
10541 # 1504
10541 # 1504
10541 # 1504
10541 # 1504
10541 # 1504
10541 # 1504
10541 # 1504
10541 # 1504
10541 # 1504
10541 # 1504
10541 # 1504
10541 # 1504
10541 # 1504
10541 # 1504
10541 # 1504
10541 # 1504
10541 # 1504
10541 # 1504
10541 # 1504
10541 # 1504
10541 # 1504
10541 # 1504
10541 # 1504
10541 # 1504
10541 # 1504
10750 + 92
10750 + 92
10750 + 92
10750 + 92
10750 + 92
10750 + 92
10750 + 92
10750 + 92
10750 + 92
10750 + 92
11907 + 52
12041 # 1504
12041 - 92 1291
12041 - 92 1291
12041 - 92 1291
12041 - 92 1291
12041 - 92 1291
12041 - 92 1291
12041 - 92 1291
12041 - 92 1291
12041 - 92 1291
12041 - 92 1291
12041 - 52 134
12041 # 1504
12041 # 1504
12041 # 1504
12041 # 1504
12041 # 1504
12041 # 1504
12041 # 1504
12041 # 1504
12041 # 1504
12041 # 1504
12041 # 1504
12041 # 1504
12041 # 1504
12041 # 1504
12041 # 1504
12041 # 1504
12041 # 1504
12041 # 1504
12041 # 1504
12041 # 1504
12041 # 1504
12041 # 1504
12041 # 1504
12041 # 1504
12041 # 1504
12041 # 1504
12041 # 1504
12041 # 1504
12041 # 1504
12041 # 1504
12041 # 1504
12041 # 1504
12041 # 1504
12041 # 1504
12041 # 1504
12041 # 1504
12041 # 1504
12041 # 1504
12041 # 1504
12041 # 1504
12041 # 1504
12041 # 1504
12041 # 1504
12041 # 1504
12041 # 1504
12041 # 1504
12041 # 1504
12041 # 1504
12041 # 1504
12041 # 1504
12041 # 1504
12041 # 1504
12041 # 1504
12041 # 1504
12041 # 1504
12041 # 1504
12041 # 1504
12041 # 1504
12041 # 1504
12041 # 1504
12041 # 1504
12041 # 1504
12041 # 1504
12041 # 1504
12041 # 1504
12041 # 1504
12041 # 1504
12041 # 1504
12041 # 1504
12041 # 1504
12041 # 1504
12041 # 1504
12041 # 1504
12041 # 1504
12041 # 1504
12041 # 1504
12041 # 1504
12041 # 1504
12041 # 1504
12041 # 1504
12041 # 1504
12041 # 1504
13541 # 1504
13541 # 1504
13541 # 1504
13541 # 1504
13541 # 1504
13541 # 1504
13541 # 1504
13541 # 1504
13541 # 1504
13541 # 1504
13541 # 1504
13541 # 1504
13541 # 1504
13541 # 1504
13541 # 1504
13541 # 1504
13541 # 1504
13541 # 1504
13541 # 1504
13541 # 1504
13541 # 1504
13541 # 1504
13541 # 1504
13541 # 1504
13541 # 1504
13541 # 1504
13541 # 1504
13541 # 1504
13541 # 1504
13541 # 1504
13541 # 1504
13541 # 1504
13541 # 1504
13541 # 1504
13541 # 1504
13541 # 1504
13541 # 1504
13541 # 1504
13541 # 1504
13541 # 1504
13541 # 1504
13541 # 1504
13541 # 1504
13541 # 1504
13541 # 1504
13541 # 1504
13541 # 1504
13541 # 1504
13541 # 1504
13541 # 1504
13541 # 1504
13541 # 1504
13541 # 1504
13541 # 1504
13541 # 1504
13541 # 1504
13541 # 1504
13541 # 1504
13541 # 1504
13541 # 1504
13541 # 1504
13541 # 1504
13541 # 1504
13541 # 1504
13541 # 1504
13541 # 1504
13541 # 1504
13541 # 1504
13541 # 1504
13541 # 1504
13541 # 1504
13541 # 1504
13541 # 1504
13541 # 1504
13541 # 1504
13541 # 1504
13541 # 1504
13541 # 1504
13541 # 1504
13541 # 1504
13541 # 1504
13541 # 1504
13541 # 1504
13746 + 92
13746 + 92
13746 + 92
13746 + 92
13746 + 92
13746 + 92
13746 + 92
13746 + 92
13791 + 92
15041 # 1504
15041 - 92 1295
15041 - 92 1295
15041 - 92 1295
15041 - 92 1295
15041 - 92 1295
15041 - 92 1295
15041 - 92 1295
15041 - 92 1295
15041 - 92 1250
15041 # 1504
15041 # 1504
15041 # 1504
15041 # 1504
15041 # 1504
15041 # 1504
15041 # 1504
15041 # 1504
15041 # 1504
15041 # 1504
15041 # 1504
15041 # 1504
15041 # 1504
15041 # 1504
15041 # 1504
15041 # 1504
15041 # 1504
15041 # 1504
15041 # 1504
15041 # 1504
15041 # 1504
15041 # 1504
15041 # 1504
15041 # 1504
15041 # 1504
15041 # 1504
15041 # 1504
15041 # 1504
15041 # 1504
15041 # 1504
15041 # 1504
15041 # 1504
15041 # 1504
15041 # 1504
15041 # 1504
15041 # 1504
15041 # 1504
15041 # 1504
15041 # 1504
15041 # 1504
15041 # 1504
15041 # 1504
15041 # 1504
15041 # 1504
15041 # 1504
15041 # 1504
15041 # 1504
15041 # 1504
15041 # 1504
15041 # 1504
15041 # 1504
15041 # 1504
15041 # 1504
15041 # 1504
15041 # 1504
15041 # 1504
15041 # 1504
15041 # 1504
15041 # 1504
15041 # 1504
15041 # 1504
15041 # 1504
15041 # 1504
15041 # 1504
15041 # 1504
15041 # 1504
15041 # 1504
15041 # 1504
15041 # 1504
15041 # 1504
15041 # 1504
15041 # 1504
15041 # 1504
15041 # 1504
15041 # 1504
15041 # 1504
15041 # 1504
15041 # 1504
15041 # 1504
15041 # 1504
15041 # 1504
15041 # 1504
15250 + 92
16541 # 1504
16541 - 92 1291
16541 # 1504
16541 # 1504
16541 # 1504
16541 # 1504
16541 # 1504
16541 # 1504
16541 # 1504
16541 # 1504
16541 # 1504
16541 # 1504
16541 # 1504
16541 # 1504
16541 # 1504
16541 # 1504
16541 # 1504
16541 # 1504
16541 # 1504
16541 # 1504
16541 # 1504
16541 # 1504
16541 # 1504
16541 # 1504
16541 # 1504
16541 # 1504
16541 # 1504
16541 # 1504
16541 # 1504
16541 # 1504
16541 # 1504
16541 # 1504
16541 # 1504
16541 # 1504
16541 # 1504
16541 # 1504
16541 # 1504
16541 # 1504
16541 # 1504
16541 # 1504
16541 # 1504
16541 # 1504
16541 # 1504
16541 # 1504
16541 # 1504
16541 # 1504
16541 # 1504
16541 # 1504
16541 # 1504
16541 # 1504
16541 # 1504
16541 # 1504
16541 # 1504
16541 # 1504
16541 # 1504
16541 # 1504
16541 # 1504
16541 # 1504
16541 # 1504
16541 # 1504
16541 # 1504
16541 # 1504
16541 # 1504
16541 # 1504
16541 # 1504
16541 # 1504
16541 # 1504
16541 # 1504
16541 # 1504
16541 # 1504
16541 # 1504
16541 # 1504
16541 # 1504
16541 # 1504
16541 # 1504
16541 # 1504
16541 # 1504
16541 # 1504
16541 # 1504
16541 # 1504
16541 # 1504
16541 # 1504
16541 # 1504
16541 # 1504
16750 + 92
16750 + 92
16750 + 92
18041 # 1504
18041 - 92 1291
18041 - 92 1291
18041 - 92 1291
18041 # 1504
18041 # 1504
18041 # 1504
18041 # 1504
18041 # 1504
18041 # 1504
18041 # 1504
18041 # 1504
18041 # 1504
18041 # 1504
18041 # 1504
18041 # 1504
18041 # 1504
18041 # 1504
18041 # 1504
18041 # 1504
18041 # 1504
18041 # 1504
18041 # 1504
18041 # 1504
18041 # 1504
18041 # 1504
18041 # 1504
18041 # 1504
18041 # 1504
18041 # 1504
18041 # 1504
18041 # 1504
18041 # 1504
18041 # 1504
18041 # 1504
18041 # 1504
18041 # 1504
18041 # 1504
18041 # 1504
18041 # 1504
18041 # 1504
18041 # 1504
18041 # 1504
18041 # 1504
18041 # 1504
18041 # 1504
18041 # 1504
18041 # 1504
18041 # 1504
18041 # 1504
18041 # 1504
18041 # 1504
18041 # 1504
18041 # 1504
18041 # 1504
18041 # 1504
18041 # 1504
18041 # 1504
18041 # 1504
18041 # 1504
18041 # 1504
18041 # 1504
18041 # 1504
18041 # 1504
18041 # 1504
18041 # 1504
18041 # 1504
18041 # 1504
18041 # 1504
18041 # 1504
18041 # 1504
18041 # 1504
18041 # 1504
18041 # 1504
18041 # 1504
18041 # 1504
18041 # 1504
18041 # 1504
18041 # 1504
18041 # 1504
18041 # 1504
18041 # 1504
18041 # 1504
18041 # 1504
18041 # 1504
18041 # 1504
18248 + 92
18248 + 92
18248 + 92
18248 + 92
18248 + 92
18248 + 92
18248 + 92
18248 + 92
18248 + 92
18248 + 92
19541 # 1504
19541 - 92 1293
19541 - 92 1293
19541 - 92 1293
19541 - 92 1293
19541 - 92 1293
19541 - 92 1293
19541 - 92 1293
19541 - 92 1293
19541 - 92 1293
19541 - 92 1293
19541 # 1504
19541 # 1504
19541 # 1504
19541 # 1504
19541 # 1504
19541 # 1504
19541 # 1504
19541 # 1504
19541 # 1504
19541 # 1504
19541 # 1504
19541 # 1504
19541 # 1504
19541 # 1504
19541 # 1504
19541 # 1504
19541 # 1504
19541 # 1504
19541 # 1504
19541 # 1504
19541 # 1504
19541 # 1504
19541 # 1504
19541 # 1504
19541 # 1504
19541 # 1504
19541 # 1504
19541 # 1504
19541 # 1504
19541 # 1504
19541 # 1504
19541 # 1504
19541 # 1504
19541 # 1504
19541 # 1504
19541 # 1504
19541 # 1504
19541 # 1504
19541 # 1504
19541 # 1504
19541 # 1504
19541 # 1504
19541 # 1504
19541 # 1504
19541 # 1504
19541 # 1504
19541 # 1504
19541 # 1504
19541 # 1504
19541 # 1504
19541 # 1504
19541 # 1504
19541 # 1504
19541 # 1504
19541 # 1504
19541 # 1504
19541 # 1504
19541 # 1504
19541 # 1504
19541 # 1504
19541 # 1504
19541 # 1504
19541 # 1504
19541 # 1504
19541 # 1504
19541 # 1504
19541 # 1504
19541 # 1504
19541 # 1504
19541 # 1504
19541 # 1504
19541 # 1504
19541 # 1504
19541 # 1504
19541 # 1504
19541 # 1504
19541 # 1504
19541 # 1504
19541 # 1504
19541 # 1504
19541 # 1504
19541 # 1504
19750 + 92
19750 + 92
19750 + 92
19750 + 92
19750 + 92
19750 + 92
19750 + 92
19750 + 92
19750 + 92
19750 + 92
19750 + 92
19750 + 92
19750 + 92
19750 + 92
19750 + 92
19750 + 92
19750 + 92
19750 + 92
19750 + 92
19750 + 92
19750 + 92
19750 + 92
19750 + 92
19750 + 92
19750 + 92
19750 + 92
19750 + 92
19750 + 92
19750 + 92
19750 + 92
21041 # 1504
21041 - 92 1291
21041 - 92 1291
21041 - 92 1291
21041 - 92 1291
21041 - 92 1291
21041 - 92 1291
21041 - 92 1291
21041 - 92 1291
21041 - 92 1291
21041 - 92 1291
21041 - 92 1291
21041 - 92 1291
21041 - 92 1291
21041 - 92 1291
21041 - 92 1291
21041 - 92 1291
21041 # 1504
21041 - 92 1291
21041 - 92 1291
21041 - 92 1291
21041 - 92 1291
21041 - 92 1291
21041 - 92 1291
21041 - 92 1291
21041 - 92 1291
21041 - 92 1291
21041 - 92 1291
21041 - 92 1291
21041 - 92 1291
21041 - 92 1291
21041 - 92 1291
21041 # 1504
21041 # 1504
21041 # 1504
21041 # 1504
21041 # 1504
21041 # 1504
21041 # 1504
21041 # 1504
21041 # 1504
21041 # 1504
21041 # 1504
21041 # 1504
21041 # 1504
21041 # 1504
21041 # 1504
21041 # 1504
21041 # 1504
21041 # 1504
21041 # 1504
21041 # 1504
21041 # 1504
21041 # 1504
21041 # 1504
21041 # 1504
21041 # 1504
21041 # 1504
21041 # 1504
21041 # 1504
21041 # 1504
21041 # 1504
21041 # 1504
21041 # 1504
21041 # 1504
21041 # 1504
21041 # 1504
21041 # 1504
21041 # 1504
21041 # 1504
21041 # 1504
21041 # 1504
21041 # 1504
21041 # 1504
21041 # 1504
21041 # 1504
21041 # 1504
21041 # 1504
21041 # 1504
21041 # 1504
21041 # 1504
21041 # 1504
21041 # 1504
21041 # 1504
21041 # 1504
21041 # 1504
21041 # 1504
21041 # 1504
21041 # 1504
21041 # 1504
21041 # 1504
21041 # 1504
21041 # 1504
21041 # 1504
21041 # 1504
21041 # 1504
21041 # 1504
21041 # 1504
21041 # 1504
21041 # 1504
21041 # 1504
21041 # 1504
21041 # 1504
21041 # 1504
21041 # 1504
21041 # 1504
21041 # 1504
21041 # 1504
21041 # 1504
21041 # 1504
21041 # 1504
21041 # 1504
21041 # 1504
21247 + 92
21247 + 92
21247 + 92
21247 + 92
21247 + 92
21247 + 92
21247 + 92
21247 + 92
21247 + 92
21247 + 92
22541 # 1504
22541 - 92 1294
22541 - 92 1294
22541 - 92 1294
22541 - 92 1294
22541 - 92 1294
22541 - 92 1294
22541 - 92 1294
22541 - 92 1294
22541 - 92 1294
22541 - 92 1294
22541 # 1504
22541 # 1504
22541 # 1504
22541 # 1504
22541 # 1504
22541 # 1504
22541 # 1504
22541 # 1504
22541 # 1504
22541 # 1504
22541 # 1504
22541 # 1504
22541 # 1504
22541 # 1504
22541 # 1504
22541 # 1504
22541 # 1504
22541 # 1504
22541 # 1504
22541 # 1504
22541 # 1504
22541 # 1504
22541 # 1504
22541 # 1504
22541 # 1504
22541 # 1504
22541 # 1504
22541 # 1504
22541 # 1504
22541 # 1504
22541 # 1504
22541 # 1504
22541 # 1504
22541 # 1504
22541 # 1504
22541 # 1504
22541 # 1504
22541 # 1504
22541 # 1504
22541 # 1504
22541 # 1504
22541 # 1504
22541 # 1504
22541 # 1504
22541 # 1504
22541 # 1504
22541 # 1504
22541 # 1504
22541 # 1504
22541 # 1504
22541 # 1504
22541 # 1504
22541 # 1504
22541 # 1504
22541 # 1504
22541 # 1504
22541 # 1504
22541 # 1504
22541 # 1504
22541 # 1504
22541 # 1504
22541 # 1504
22541 # 1504
22541 # 1504
22541 # 1504
22541 # 1504
22541 # 1504
22541 # 1504
22541 # 1504
22541 # 1504
22541 # 1504
22541 # 1504
22541 # 1504
22541 # 1504
22541 # 1504
22541 # 1504
22541 # 1504
22541 # 1504
22541 # 1504
22541 # 1504
22541 # 1504
22541 # 1504
22750 + 92
22750 + 92
22750 + 92
22750 + 92
22750 + 92
22750 + 92
22750 + 92
22750 + 92
22750 + 92
22750 + 92
22750 + 92
22750 + 92
22750 + 92
22750 + 92
22750 + 92
22750 + 92
22750 + 92
22750 + 92
22750 + 92
22750 + 92
22750 + 92
22750 + 92
22750 + 92
22750 + 92
22750 + 92
22750 + 92
22750 + 92
22750 + 92
22750 + 92
22750 + 92
22750 + 92
22750 + 92
22750 + 92
22750 + 92
24041 # 1504
24041 - 92 1291
24041 - 92 1291
24041 - 92 1291
24041 - 92 1291
24041 - 92 1291
24041 - 92 1291
24041 - 92 1291
24041 - 92 1291
24041 - 92 1291
24041 - 92 1291
24041 - 92 1291
24041 - 92 1291
24041 - 92 1291
24041 - 92 1291
24041 - 92 1291
24041 - 92 1291
24041 # 1504
24041 - 92 1291
24041 - 92 1291
24041 - 92 1291
24041 - 92 1291
24041 - 92 1291
24041 - 92 1291
24041 - 92 1291
24041 - 92 1291
24041 - 92 1291
24041 - 92 1291
24041 - 92 1291
24041 - 92 1291
24041 - 92 1291
24041 - 92 1291
24041 - 92 1291
24041 - 92 1291
24041 # 1504
24041 - 92 1291
24041 - 92 1291
24041 # 1504
24041 # 1504
24041 # 1504
24041 # 1504
24041 # 1504
24041 # 1504
24041 # 1504
24041 # 1504
24041 # 1504
24041 # 1504
24041 # 1504
24041 # 1504
24041 # 1504
24041 # 1504
24041 # 1504
24041 # 1504
24041 # 1504
24041 # 1504
24041 # 1504
24041 # 1504
24041 # 1504
24041 # 1504
24041 # 1504
24041 # 1504
24041 # 1504
24041 # 1504
24041 # 1504
24041 # 1504
24041 # 1504
24041 # 1504
24041 # 1504
24041 # 1504
24041 # 1504
24041 # 1504
24041 # 1504
24041 # 1504
24041 # 1504
24041 # 1504
24041 # 1504
24041 # 1504
24041 # 1504
24041 # 1504
24041 # 1504
24041 # 1504
24041 # 1504
24041 # 1504
24041 # 1504
24041 # 1504
24041 # 1504
24041 # 1504
24041 # 1504
24041 # 1504
24041 # 1504
24041 # 1504
24041 # 1504
24041 # 1504
24041 # 1504
24041 # 1504
24041 # 1504
24041 # 1504
24041 # 1504
24041 # 1504
24041 # 1504
24041 # 1504
24041 # 1504
24041 # 1504
24041 # 1504
24041 # 1504
24041 # 1504
24041 # 1504
24041 # 1504
24041 # 1504
24041 # 1504
24041 # 1504
24041 # 1504
24041 # 1504
24041 # 1504
24041 # 1504
24041 # 1504
24041 # 1504
24250 + 92
24250 + 92
24300 + 92
25541 # 1504
25541 - 92 1291
25541 - 92 1291
25541 - 92 1241
25541 # 1504
25541 # 1504
25541 # 1504
25541 # 1504
25541 # 1504
25541 # 1504
25541 # 1504
25541 # 1504
25541 # 1504
25541 # 1504
25541 # 1504
25541 # 1504
25541 # 1504
25541 # 1504
25541 # 1504
25541 # 1504
25541 # 1504
25541 # 1504
25541 # 1504
25541 # 1504
25541 # 1504
25541 # 1504
25541 # 1504
25541 # 1504
25541 # 1504
25541 # 1504
25541 # 1504
25541 # 1504
25541 # 1504
25541 # 1504
25541 # 1504
25541 # 1504
25541 # 1504
25541 # 1504
25541 # 1504
25541 # 1504
25541 # 1504
25541 # 1504
25541 # 1504
25541 # 1504
25541 # 1504
25541 # 1504
25541 # 1504
25541 # 1504
25541 # 1504
25541 # 1504
25541 # 1504
25541 # 1504
25541 # 1504
25541 # 1504
25541 # 1504
25541 # 1504
25541 # 1504
25541 # 1504
25541 # 1504
25541 # 1504
25541 # 1504
25541 # 1504
25541 # 1504
25541 # 1504
25541 # 1504
25541 # 1504
25541 # 1504
25541 # 1504
25541 # 1504
25541 # 1504
25541 # 1504
25541 # 1504
25541 # 1504
25541 # 1504
25541 # 1504
25541 # 1504
25541 # 1504
25541 # 1504
25541 # 1504
25541 # 1504
25541 # 1504
25541 # 1504
25541 # 1504
25541 # 1504
25541 # 1504
25541 # 1504
25745 + 92
25748 + 92
25748 + 92
25748 + 92
25748 + 92
25748 + 92
25748 + 92
25748 + 92
25748 + 92
25748 + 92
25748 + 92
25748 + 92
25748 + 92
25748 + 92
25748 + 92
25748 + 92
25748 + 92
25748 + 92
25748 + 92
25748 + 92
25748 + 92
25748 + 92
25748 + 92
25756 + 92
25756 + 92
25756 + 92
25757 + 92
25757 + 92
25757 + 92
25757 + 92
25757 + 92
25757 + 92
25757 + 92
25757 + 92
27041 # 1504
27041 - 92 1296
27041 - 92 1293
27041 - 92 1293
27041 - 92 1293
27041 - 92 1293
27041 - 92 1293
27041 - 92 1293
27041 - 92 1293
27041 - 92 1293
27041 - 92 1293
27041 - 92 1293
27041 - 92 1293
27041 - 92 1293
27041 - 92 1293
27041 - 92 1293
27041 - 92 1293
27041 # 1504
27041 - 92 1293
27041 - 92 1293
27041 - 92 1293
27041 - 92 1293
27041 - 92 1293
27041 - 92 1293
27041 - 92 1293
27041 - 92 1285
27041 - 92 1285
27041 - 92 1285
27041 - 92 1284
27041 - 92 1284
27041 - 92 1284
27041 - 92 1284
27041 - 92 1284
27041 - 92 1284
27041 # 1504
27041 - 92 1284
27041 - 92 1284
27041 # 1504
27041 # 1504
27041 # 1504
27041 # 1504
27041 # 1504
27041 # 1504
27041 # 1504
27041 # 1504
27041 # 1504
27041 # 1504
27041 # 1504
27041 # 1504
27041 # 1504
27041 # 1504
27041 # 1504
27041 # 1504
27041 # 1504
27041 # 1504
27041 # 1504
27041 # 1504
27041 # 1504
27041 # 1504
27041 # 1504
27041 # 1504
27041 # 1504
27041 # 1504
27041 # 1504
27041 # 1504
27041 # 1504
27041 # 1504
27041 # 1504
27041 # 1504
27041 # 1504
27041 # 1504
27041 # 1504
27041 # 1504
27041 # 1504
27041 # 1504
27041 # 1504
27041 # 1504
27041 # 1504
27041 # 1504
27041 # 1504
27041 # 1504
27041 # 1504
27041 # 1504
27041 # 1504
27041 # 1504
27041 # 1504
27041 # 1504
27041 # 1504
27041 # 1504
27041 # 1504
27041 # 1504
27041 # 1504
27041 # 1504
27041 # 1504
27041 # 1504
27041 # 1504
27041 # 1504
27041 # 1504
27041 # 1504
27041 # 1504
27041 # 1504
27041 # 1504
27041 # 1504
27041 # 1504
27041 # 1504
27041 # 1504
27041 # 1504
27041 # 1504
27041 # 1504
27041 # 1504
27041 # 1504
27041 # 1504
27041 # 1504
27041 # 1504
27041 # 1504
27041 # 1504
27041 # 1504
27243 + 92
27243 + 92
27243 + 92
27244 + 92
27244 + 92
27244 + 92
27245 + 92
27245 + 92
27245 + 92
27245 + 92
27245 + 92
27245 + 92
27245 + 92
27245 + 92
27245 + 92
27245 + 92
27245 + 92
27245 + 92
27250 + 92
27250 + 92
27250 + 92
27250 + 92
27250 + 92
27250 + 92
27250 + 92
27250 + 92
27250 + 92
27250 + 92
27250 + 92
27250 + 92
27250 + 92
27250 + 92
27250 + 92
27250 + 92
27250 + 92
27250 + 92
28033 + 52
28541 # 1504
28541 - 92 1298
28541 - 92 1298
28541 - 92 1298
28541 - 92 1297
28541 - 92 1297
28541 - 92 1297
28541 - 92 1296
28541 - 92 1296
28541 - 92 1296
28541 - 92 1296
28541 - 92 1296
28541 - 92 1296
28541 - 92 1296
28541 - 92 1296
28541 - 92 1296
28541 - 92 1296
28541 # 1504
28541 - 92 1296
28541 - 92 1296
28541 - 92 1291
28541 - 92 1291
28541 - 92 1291
28541 - 92 1291
28541 - 92 1291
28541 - 92 1291
28541 - 92 1291
28541 - 92 1291
28541 - 92 1291
28541 - 92 1291
28541 - 92 1291
28541 - 92 1291
28541 - 92 1291
28541 - 92 1291
28541 # 1504
28541 - 92 1291
28541 - 92 1291
28541 - 92 1291
28541 - 92 1291
28541 - 52 508
28541 # 1504
28541 # 1504
28541 # 1504
28541 # 1504
28541 # 1504
28541 # 1504
28541 # 1504
28541 # 1504
28541 # 1504
28541 # 1504
28541 # 1504
28541 # 1504
28541 # 1504
28541 # 1504
28541 # 1504
28541 # 1504
28541 # 1504
28541 # 1504
28541 # 1504
28541 # 1504
28541 # 1504
28541 # 1504
28541 # 1504
28541 # 1504
28541 # 1504
28541 # 1504
28541 # 1504
28541 # 1504
28541 # 1504
28541 # 1504
28541 # 1504
28541 # 1504
28541 # 1504
28541 # 1504
28541 # 1504
28541 # 1504
28541 # 1504
28541 # 1504
28541 # 1504
28541 # 1504
28541 # 1504
28541 # 1504
28541 # 1504
28541 # 1504
28541 # 1504
28541 # 1504
28541 # 1504
28541 # 1504
28541 # 1504
28541 # 1504
28541 # 1504
28541 # 1504
28541 # 1504
28541 # 1504
28541 # 1504
28541 # 1504
28541 # 1504
28541 # 1504
28541 # 1504
28541 # 1504
28541 # 1504
28541 # 1504
28541 # 1504
28541 # 1504
28541 # 1504
28541 # 1504
28541 # 1504
28541 # 1504
28541 # 1504
28541 # 1504
28541 # 1504
28541 # 1504
28541 # 1504
28541 # 1504
28541 # 1504
28541 # 1504
28541 # 1504
28541 # 1504
28541 # 1504
28541 # 1504
28747 + 92
28747 + 92
28747 + 92
28747 + 92
28747 + 92
28747 + 92
28747 + 92
28747 + 92
28747 + 92
28747 + 92
28747 + 92
28747 + 92
28747 + 92
28747 + 92
28747 + 92
28747 + 92
28747 + 92
28747 + 92
28747 + 92
28747 + 92
28747 + 92
28747 + 92
28747 + 92
28747 + 92
28747 + 92
28747 + 92
28747 + 92
28747 + 92
28747 + 92
28747 + 92
28747 + 92
28747 + 92
28747 + 92
28747 + 92
28747 + 92
28747 + 92
28747 + 92
28747 + 92
28747 + 92
28747 + 92
28747 + 92
28747 + 92
28747 + 92
28747 + 92
28747 + 92
28747 + 92
28747 + 92
28747 + 92
28747 + 92
28747 + 92
28747 + 92
28747 + 92
28747 + 92
28747 + 92
28747 + 92
28747 + 92
28747 + 92
28747 + 92
28747 + 92
28747 + 92
28747 + 92
28747 + 92
28747 + 92
28747 + 92
28747 + 92
28747 + 92
28747 + 92
28747 + 92
28747 + 92
28747 + 92
28747 + 92
28747 + 92
28747 + 92
28747 + 92
28747 + 92
28747 + 92
28747 + 92
28747 + 92
28747 + 92
28747 + 92
28747 + 92
30041 # 1504
30041 - 92 1294
30041 - 92 1294
30041 - 92 1294
30041 - 92 1294
30041 - 92 1294
30041 - 92 1294
30041 - 92 1294
30041 - 92 1294
30041 - 92 1294
30041 - 92 1294
30041 - 92 1294
30041 - 92 1294
30041 - 92 1294
30041 - 92 1294
30041 - 92 1294
30041 - 92 1294
30041 # 1504
30041 - 92 1294
30041 - 92 1294
30041 - 92 1294
30041 - 92 1294
30041 - 92 1294
30041 - 92 1294
30041 - 92 1294
30041 - 92 1294
30041 - 92 1294
30041 - 92 1294
30041 - 92 1294
30041 - 92 1294
30041 - 92 1294
30041 - 92 1294
30041 - 92 1294
30041 - 92 1294
30041 # 1504
30041 - 92 1294
30041 - 92 1294
30041 - 92 1294
30041 - 92 1294
30041 - 92 1294
30041 - 92 1294
30041 - 92 1294
30041 - 92 1294
30041 - 92 1294
30041 - 92 1294
30041 - 92 1294
30041 - 92 1294
30041 - 92 1294
30041 - 92 1294
30041 - 92 1294
30041 - 92 1294
30041 - 92 1294
30041 # 1504
30041 - 92 1294
30041 - 92 1294
30041 - 92 1294
30041 - 92 1294
30041 - 92 1294
30041 - 92 1294
30041 - 92 1294
30041 - 92 1294
30041 - 92 1294
30041 - 92 1294
30041 - 92 1294
30041 - 92 1294
30041 - 92 1294
30041 - 92 1294
30041 - 92 1294
30041 - 92 1294
30041 # 1504
30041 - 92 1294
30041 - 92 1294
30041 - 92 1294
30041 - 92 1294
30041 - 92 1294
30041 - 92 1294
30041 - 92 1294
30041 - 92 1294
30041 - 92 1294
30041 - 92 1294
30041 - 92 1294
30041 - 92 1294
30041 - 92 1294
30041 - 92 1294
30041 - 92 1294
30041 - 92 1294
30041 # 1504
30041 # 1504
30041 # 1504
30041 # 1504
30041 # 1504
30041 # 1504
30041 # 1504
30041 # 1504
30041 # 1504
30041 # 1504
30041 # 1504
30041 # 1504
30041 # 1504
30041 # 1504
30041 # 1504
30041 # 1504
30041 # 1504
30041 # 1504
30041 # 1504
30041 # 1504
30041 # 1504
30041 # 1504
30041 # 1504
30041 # 1504
30041 # 1504
30041 # 1504
30041 # 1504
30041 # 1504
30041 # 1504
30041 # 1504
30041 # 1504
30041 # 1504
30041 # 1504
30041 # 1504
30041 # 1504
30041 # 1504
30041 # 1504
30041 # 1504
30041 # 1504
30041 # 1504
30041 # 1504
30041 # 1504
30041 # 1504
30041 # 1504
30041 # 1504
30041 # 1504
30041 # 1504
30041 # 1504
30041 # 1504
30041 # 1504
30041 # 1504
30041 # 1504
30041 # 1504
30041 # 1504
30041 # 1504
30041 # 1504
30041 # 1504
30041 # 1504
30041 # 1504
30041 # 1504
30041 # 1504
30041 # 1504
30041 # 1504
30041 # 1504
30041 # 1504
30041 # 1504
30041 # 1504
30041 # 1504
30041 # 1504
30041 # 1504
30041 # 1504
30041 # 1504
30041 # 1504
30041 # 1504
30041 # 1504
30041 # 1504
30041 # 1504
30041 # 1504
30245 + 92
30245 + 92
30245 + 92
30245 + 92
30245 + 92
30245 + 92
30245 + 92
30245 + 92
30245 + 92
30245 + 92
30245 + 92
30245 + 92
30245 + 92
30249 + 92
30249 + 92
30249 + 92
30249 + 92
30249 + 92
30249 + 92
30249 + 92
30249 + 92
30249 + 92
30249 + 92
30249 + 92
30249 + 92
30249 + 92
30249 + 92
30249 + 92
30249 + 92
30249 + 92
30249 + 92
30249 + 92
30249 + 92
30249 + 92
30249 + 92
30249 + 92
30249 + 92
30249 + 92
30249 + 92
30249 + 92
30249 + 92
30249 + 92
30249 + 92
30249 + 92
30249 + 92
30251 + 92
30251 + 92
30251 + 92
30251 + 92
30251 + 92
30251 + 92
30251 + 92
30251 + 92
30251 + 92
30251 + 92
30251 + 92
30251 + 92
30251 + 92
31541 # 1504
31541 - 92 1296
31541 - 92 1296
31541 - 92 1296
31541 - 92 1296
31541 - 92 1296
31541 - 92 1296
31541 - 92 1296
31541 - 92 1296
31541 - 92 1296
31541 - 92 1296
31541 - 92 1296
31541 - 92 1296
31541 - 92 1296
31541 - 92 1292
31541 - 92 1292
31541 - 92 1292
31541 # 1504
31541 - 92 1292
31541 - 92 1292
31541 - 92 1292
31541 - 92 1292
31541 - 92 1292
31541 - 92 1292
31541 - 92 1292
31541 - 92 1292
31541 - 92 1292
31541 - 92 1292
31541 - 92 1292
31541 - 92 1292
31541 - 92 1292
31541 - 92 1292
31541 - 92 1292
31541 - 92 1292
31541 # 1504
31541 - 92 1292
31541 - 92 1292
31541 - 92 1292
31541 - 92 1292
31541 - 92 1292
31541 - 92 1292
31541 - 92 1292
31541 - 92 1292
31541 - 92 1292
31541 - 92 1292
31541 - 92 1292
31541 - 92 1292
31541 - 92 1292
31541 - 92 1290
31541 - 92 1290
31541 - 92 1290
31541 - 92 1290
31541 # 1504
31541 - 92 1290
31541 - 92 1290
31541 - 92 1290
31541 - 92 1290
31541 - 92 1290
31541 - 92 1290
31541 - 92 1290
31541 - 92 1290
31541 - 92 1290
31541 # 1504
31541 # 1504
31541 # 1504
31541 # 1504
31541 # 1504
31541 # 1504
31541 # 1504
31541 # 1504
31541 # 1504
31541 # 1504
31541 # 1504
31541 # 1504
31541 # 1504
31541 # 1504
31541 # 1504
31541 # 1504
31541 # 1504
31541 # 1504
31541 # 1504
31541 # 1504
31541 # 1504
31541 # 1504
31541 # 1504
31541 # 1504
31541 # 1504
31541 # 1504
31541 # 1504
31541 # 1504
31541 # 1504
31541 # 1504
31541 # 1504
31541 # 1504
31541 # 1504
31541 # 1504
31541 # 1504
31541 # 1504
31541 # 1504
31541 # 1504
31541 # 1504
31541 # 1504
31541 # 1504
31541 # 1504
31541 # 1504
31541 # 1504
31541 # 1504
31541 # 1504
31541 # 1504
31541 # 1504
31541 # 1504
31541 # 1504
31541 # 1504
31541 # 1504
31541 # 1504
31541 # 1504
31541 # 1504
31541 # 1504
31541 # 1504
31541 # 1504
31541 # 1504
31541 # 1504
31541 # 1504
31541 # 1504
31541 # 1504
31541 # 1504
31541 # 1504
31541 # 1504
31541 # 1504
31541 # 1504
31541 # 1504
31541 # 1504
31541 # 1504
31541 # 1504
31541 # 1504
31541 # 1504
31541 # 1504
31541 # 1504
31541 # 1504
31541 # 1504
31541 # 1504
31752 + 92
31752 + 92
31752 + 92
31752 + 92
31752 + 92
31752 + 92
31752 + 92
31752 + 92
31752 + 92
31752 + 92
31752 + 92
31752 + 92
31752 + 92
31752 + 92
31752 + 92
31752 + 92
31752 + 92
31752 + 92
31752 + 92
31752 + 92
31752 + 92
31753 + 92
31753 + 92
31753 + 92
31753 + 92
31753 + 92
31753 + 92
31753 + 92
31753 + 92
31753 + 92
31754 + 92
31754 + 92
31754 + 92
31754 + 92
31754 + 92
31754 + 92
31754 + 92
31754 + 92
31754 + 92
31754 + 92
31755 + 92
31755 + 92
31758 + 92
31758 + 92
31758 + 92
31758 + 92
31758 + 92
31758 + 92
31758 + 92
31758 + 92
31758 + 92
31758 + 92
31758 + 92
31758 + 92
31758 + 92
31758 + 92
31758 + 92
31758 + 92
31758 + 92
31758 + 92
31758 + 92
31758 + 92
31758 + 92
31805 + 92
33041 # 1504
33041 - 92 1289
33041 - 92 1289
33041 - 92 1289
33041 - 92 1289
33041 - 92 1289
33041 - 92 1289
33041 - 92 1289
33041 - 92 1289
33041 - 92 1289
33041 - 92 1289
33041 - 92 1289
33041 - 92 1289
33041 - 92 1289
33041 - 92 1289
33041 - 92 1289
33041 - 92 1289
33041 # 1504
33041 - 92 1289
33041 - 92 1289
33041 - 92 1289
33041 - 92 1289
33041 - 92 1289
33041 - 92 1288
33041 - 92 1288
33041 - 92 1288
33041 - 92 1288
33041 - 92 1288
33041 - 92 1288
33041 - 92 1288
33041 - 92 1288
33041 - 92 1288
33041 - 92 1287
33041 - 92 1287
33041 # 1504
33041 - 92 1287
33041 - 92 1287
33041 - 92 1287
33041 - 92 1287
33041 - 92 1287
33041 - 92 1287
33041 - 92 1287
33041 - 92 1287
33041 - 92 1286
33041 - 92 1286
33041 - 92 1283
33041 - 92 1283
33041 - 92 1283
33041 - 92 1283
33041 - 92 1283
33041 - 92 1283
33041 - 92 1283
33041 # 1504
33041 - 92 1283
33041 - 92 1283
33041 - 92 1283
33041 - 92 1283
33041 - 92 1283
33041 - 92 1283
33041 - 92 1283
33041 - 92 1283
33041 - 92 1283
33041 - 92 1283
33041 - 92 1283
33041 - 92 1283
33041 - 92 1283
33041 - 92 1283
33041 - 92 1236
33041 # 1504
33041 # 1504
33041 # 1504
33041 # 1504
33041 # 1504
33041 # 1504
33041 # 1504
33041 # 1504
33041 # 1504
33041 # 1504
33041 # 1504
33041 # 1504
33041 # 1504
33041 # 1504
33041 # 1504
33041 # 1504
33041 # 1504
33041 # 1504
33041 # 1504
33041 # 1504
33041 # 1504
33041 # 1504
33041 # 1504
33041 # 1504
33041 # 1504
33041 # 1504
33041 # 1504
33041 # 1504
33041 # 1504
33041 # 1504
33041 # 1504
33041 # 1504
33041 # 1504
33041 # 1504
33041 # 1504
33041 # 1504
33041 # 1504
33041 # 1504
33041 # 1504
33041 # 1504
33041 # 1504
33041 # 1504
33041 # 1504
33041 # 1504
33041 # 1504
33041 # 1504
33041 # 1504
33041 # 1504
33041 # 1504
33041 # 1504
33041 # 1504
33041 # 1504
33041 # 1504
33041 # 1504
33041 # 1504
33041 # 1504
33041 # 1504
33041 # 1504
33041 # 1504
33041 # 1504
33041 # 1504
33041 # 1504
33041 # 1504
33041 # 1504
33041 # 1504
33041 # 1504
33041 # 1504
33041 # 1504
33041 # 1504
33041 # 1504
33041 # 1504
33041 # 1504
33041 # 1504
33041 # 1504
33041 # 1504
33041 # 1504
33041 # 1504
33041 # 1504
33041 # 1504
33250 + 92
33250 + 92
33250 + 92
33250 + 92
33250 + 92
34541 # 1504
34541 - 92 1291
34541 - 92 1291
34541 - 92 1291
34541 - 92 1291
34541 - 92 1291
34541 # 1504
34541 # 1504
34541 # 1504
34541 # 1504
34541 # 1504
34541 # 1504
34541 # 1504
34541 # 1504
34541 # 1504
34541 # 1504
34541 # 1504
34541 # 1504
34541 # 1504
34541 # 1504
34541 # 1504
34541 # 1504
34541 # 1504
34541 # 1504
34541 # 1504
34541 # 1504
34541 # 1504
34541 # 1504
34541 # 1504
34541 # 1504
34541 # 1504
34541 # 1504
34541 # 1504
34541 # 1504
34541 # 1504
34541 # 1504
34541 # 1504
34541 # 1504
34541 # 1504
34541 # 1504
34541 # 1504
34541 # 1504
34541 # 1504
34541 # 1504
34541 # 1504
34541 # 1504
34541 # 1504
34541 # 1504
34541 # 1504
34541 # 1504
34541 # 1504
34541 # 1504
34541 # 1504
34541 # 1504
34541 # 1504
34541 # 1504
34541 # 1504
34541 # 1504
34541 # 1504
34541 # 1504
34541 # 1504
34541 # 1504
34541 # 1504
34541 # 1504
34541 # 1504
34541 # 1504
34541 # 1504
34541 # 1504
34541 # 1504
34541 # 1504
34541 # 1504
34541 # 1504
34541 # 1504
34541 # 1504
34541 # 1504
34541 # 1504
34541 # 1504
34541 # 1504
34541 # 1504
34541 # 1504
34541 # 1504
34541 # 1504
34541 # 1504
34541 # 1504
34541 # 1504
34541 # 1504
34541 # 1504
34541 # 1504
36041 # 1504
36041 # 1504
36041 # 1504
36041 # 1504
36041 # 1504
36041 # 1504
36041 # 1504
36041 # 1504
36041 # 1504
36041 # 1504
36041 # 1504
36041 # 1504
36041 # 1504
36041 # 1504
36041 # 1504
36041 # 1504
36041 # 1504
36041 # 1504
36041 # 1504
36041 # 1504
36041 # 1504
36041 # 1504
36041 # 1504
36041 # 1504
36041 # 1504
36041 # 1504
36041 # 1504
36041 # 1504
36041 # 1504
36041 # 1504
36041 # 1504
36041 # 1504
36041 # 1504
36041 # 1504
36041 # 1504
36041 # 1504
36041 # 1504
36041 # 1504
36041 # 1504
36041 # 1504
36041 # 1504
36041 # 1504
36041 # 1504
36041 # 1504
36041 # 1504
36041 # 1504
36041 # 1504
36041 # 1504
36041 # 1504
36041 # 1504
36041 # 1504
36041 # 1504
36041 # 1504
36041 # 1504
36041 # 1504
36041 # 1504
36041 # 1504
36041 # 1504
36041 # 1504
36041 # 1504
36041 # 1504
36041 # 1504
36041 # 1504
36041 # 1504
36041 # 1504
36041 # 1504
36041 # 1504
36041 # 1504
36041 # 1504
36041 # 1504
36041 # 1504
36041 # 1504
36041 # 1504
36041 # 1504
36041 # 1504
36041 # 1504
36041 # 1504
36041 # 1504
36041 # 1504
36041 # 1504
36041 # 1504
36041 # 1504
36041 # 1504
36291 + 92
37541 # 1504
37541 - 92 1250
37541 # 1504
37541 # 1504
37541 # 1504
37541 # 1504
37541 # 1504
37541 # 1504
37541 # 1504
37541 # 1504
37541 # 1504
37541 # 1504
37541 # 1504
37541 # 1504
37541 # 1504
37541 # 1504
37541 # 1504
37541 # 1504
37541 # 1504
37541 # 1504
37541 # 1504
37541 # 1504
37541 # 1504
37541 # 1504
37541 # 1504
37541 # 1504
37541 # 1504
37541 # 1504
37541 # 1504
37541 # 1504
37541 # 1504
37541 # 1504
37541 # 1504
37541 # 1504
37541 # 1504
37541 # 1504
37541 # 1504
37541 # 1504
37541 # 1504
37541 # 1504
37541 # 1504
37541 # 1504
37541 # 1504
37541 # 1504
37541 # 1504
37541 # 1504
37541 # 1504
37541 # 1504
37541 # 1504
37541 # 1504
37541 # 1504
37541 # 1504
37541 # 1504
37541 # 1504
37541 # 1504
37541 # 1504
37541 # 1504
37541 # 1504
37541 # 1504
37541 # 1504
37541 # 1504
37541 # 1504
37541 # 1504
37541 # 1504
37541 # 1504
37541 # 1504
37541 # 1504
37541 # 1504
37541 # 1504
37541 # 1504
37541 # 1504
37541 # 1504
37541 # 1504
37541 # 1504
37541 # 1504
37541 # 1504
37541 # 1504
37541 # 1504
37541 # 1504
37541 # 1504
37541 # 1504
37541 # 1504
37541 # 1504
37541 # 1504
39041 # 1504
39041 # 1504
39041 # 1504
39041 # 1504
39041 # 1504
39041 # 1504
39041 # 1504
39041 # 1504
39041 # 1504
39041 # 1504
39041 # 1504
39041 # 1504
39041 # 1504
39041 # 1504
39041 # 1504
39041 # 1504
39041 # 1504
39041 # 1504
39041 # 1504
39041 # 1504
39041 # 1504
39041 # 1504
39041 # 1504
39041 # 1504
39041 # 1504
39041 # 1504
39041 # 1504
39041 # 1504
39041 # 1504
39041 # 1504
39041 # 1504
39041 # 1504
39041 # 1504
39041 # 1504
39041 # 1504
39041 # 1504
39041 # 1504
39041 # 1504
39041 # 1504
39041 # 1504
39041 # 1504
39041 # 1504
39041 # 1504
39041 # 1504
39041 # 1504
39041 # 1504
39041 # 1504
39041 # 1504
39041 # 1504
39041 # 1504
39041 # 1504
39041 # 1504
39041 # 1504
39041 # 1504
39041 # 1504
39041 # 1504
39041 # 1504
39041 # 1504
39041 # 1504
39041 # 1504
39041 # 1504
39041 # 1504
39041 # 1504
39041 # 1504
39041 # 1504
39041 # 1504
39041 # 1504
39041 # 1504
39041 # 1504
39041 # 1504
39041 # 1504
39041 # 1504
39041 # 1504
39041 # 1504
39041 # 1504
39041 # 1504
39041 # 1504
39041 # 1504
39041 # 1504
39041 # 1504
39041 # 1504
39041 # 1504
39041 # 1504
39300 + 92
39300 + 92
39317 + 92
39322 + 92
39328 + 92
39328 + 92
39328 + 92
39328 + 92
39328 + 92
39334 + 92
40541 # 1504
40541 - 92 1241
40541 - 92 1241
40541 - 92 1224
40541 - 92 1219
40541 - 92 1213
40541 - 92 1213
40541 - 92 1213
40541 - 92 1213
40541 - 92 1213
40541 - 92 1207
40541 # 1504
40541 # 1504
40541 # 1504
40541 # 1504
40541 # 1504
40541 # 1504
40541 # 1504
40541 # 1504
40541 # 1504
40541 # 1504
40541 # 1504
40541 # 1504
40541 # 1504
40541 # 1504
40541 # 1504
40541 # 1504
40541 # 1504
40541 # 1504
40541 # 1504
40541 # 1504
40541 # 1504
40541 # 1504
40541 # 1504
40541 # 1504
40541 # 1504
40541 # 1504
40541 # 1504
40541 # 1504
40541 # 1504
40541 # 1504
40541 # 1504
40541 # 1504
40541 # 1504
40541 # 1504
40541 # 1504
40541 # 1504
40541 # 1504
40541 # 1504
40541 # 1504
40541 # 1504
40541 # 1504
40541 # 1504
40541 # 1504
40541 # 1504
40541 # 1504
40541 # 1504
40541 # 1504
40541 # 1504
40541 # 1504
40541 # 1504
40541 # 1504
40541 # 1504
40541 # 1504
40541 # 1504
40541 # 1504
40541 # 1504
40541 # 1504
40541 # 1504
40541 # 1504
40541 # 1504
40541 # 1504
40541 # 1504
40541 # 1504
40541 # 1504
40541 # 1504
40541 # 1504
40541 # 1504
40541 # 1504
40541 # 1504
40541 # 1504
40541 # 1504
40541 # 1504
40541 # 1504
40541 # 1504
40541 # 1504
40541 # 1504
40541 # 1504
40541 # 1504
40541 # 1504
40541 # 1504
40541 # 1504
40541 # 1504
40755 + 92
40755 + 92
40759 + 92
40763 + 92
40763 + 92
40768 + 92
40768 + 92
40768 + 92
42041 # 1504
42041 - 92 1286
42041 - 92 1286
42041 - 92 1282
42041 - 92 1278
42041 - 92 1278
42041 - 92 1273
42041 - 92 1273
42041 - 92 1273
42041 # 1504
42041 # 1504
42041 # 1504
42041 # 1504
42041 # 1504
42041 # 1504
42041 # 1504
42041 # 1504
42041 # 1504
42041 # 1504
42041 # 1504
42041 # 1504
42041 # 1504
42041 # 1504
42041 # 1504
42041 # 1504
42041 # 1504
42041 # 1504
42041 # 1504
42041 # 1504
42041 # 1504
42041 # 1504
42041 # 1504
42041 # 1504
42041 # 1504
42041 # 1504
42041 # 1504
42041 # 1504
42041 # 1504
42041 # 1504
42041 # 1504
42041 # 1504
42041 # 1504
42041 # 1504
42041 # 1504
42041 # 1504
42041 # 1504
42041 # 1504
42041 # 1504
42041 # 1504
42041 # 1504
42041 # 1504
42041 # 1504
42041 # 1504
42041 # 1504
42041 # 1504
42041 # 1504
42041 # 1504
42041 # 1504
42041 # 1504
42041 # 1504
42041 # 1504
42041 # 1504
42041 # 1504
42041 # 1504
42041 # 1504
42041 # 1504
42041 # 1504
42041 # 1504
42041 # 1504
42041 # 1504
42041 # 1504
42041 # 1504
42041 # 1504
42041 # 1504
42041 # 1504
42041 # 1504
42041 # 1504
42041 # 1504
42041 # 1504
42041 # 1504
42041 # 1504
42041 # 1504
42041 # 1504
42041 # 1504
42041 # 1504
42041 # 1504
42041 # 1504
42041 # 1504
42041 # 1504
42041 # 1504
42041 # 1504
42253 + 92
42253 + 92
42253 + 92
42259 + 92
42259 + 92
42259 + 92
42259 + 92
42259 + 92
42259 + 92
42259 + 92
42259 + 92
42259 + 92
42259 + 92
42259 + 92
42259 + 92
42259 + 92
42259 + 92
42259 + 92
42259 + 92
42259 + 92
42259 + 92
42261 + 92
42261 + 92
42264 + 92
42264 + 92
43541 # 1504
43541 - 92 1288
43541 - 92 1288
43541 - 92 1288
43541 - 92 1282
43541 - 92 1282
43541 - 92 1282
43541 - 92 1282
43541 - 92 1282
43541 - 92 1282
43541 - 92 1282
43541 - 92 1282
43541 - 92 1282
43541 - 92 1282
43541 - 92 1282
43541 - 92 1282
43541 - 92 1282
43541 # 1504
43541 - 92 1282
43541 - 92 1282
43541 - 92 1282
43541 - 92 1282
43541 - 92 1282
43541 - 92 1280
43541 - 92 1280
43541 - 92 1277
43541 - 92 1277
43541 # 1504
43541 # 1504
43541 # 1504
43541 # 1504
43541 # 1504
43541 # 1504
43541 # 1504
43541 # 1504
43541 # 1504
43541 # 1504
43541 # 1504
43541 # 1504
43541 # 1504
43541 # 1504
43541 # 1504
43541 # 1504
43541 # 1504
43541 # 1504
43541 # 1504
43541 # 1504
43541 # 1504
43541 # 1504
43541 # 1504
43541 # 1504
43541 # 1504
43541 # 1504
43541 # 1504
43541 # 1504
43541 # 1504
43541 # 1504
43541 # 1504
43541 # 1504
43541 # 1504
43541 # 1504
43541 # 1504
43541 # 1504
43541 # 1504
43541 # 1504
43541 # 1504
43541 # 1504
43541 # 1504
43541 # 1504
43541 # 1504
43541 # 1504
43541 # 1504
43541 # 1504
43541 # 1504
43541 # 1504
43541 # 1504
43541 # 1504
43541 # 1504
43541 # 1504
43541 # 1504
43541 # 1504
43541 # 1504
43541 # 1504
43541 # 1504
43541 # 1504
43541 # 1504
43541 # 1504
43541 # 1504
43541 # 1504
43541 # 1504
43541 # 1504
43541 # 1504
43541 # 1504
43541 # 1504
43541 # 1504
43541 # 1504
43541 # 1504
43541 # 1504
43541 # 1504
43541 # 1504
43541 # 1504
43541 # 1504
43541 # 1504
43541 # 1504
43541 # 1504
43541 # 1504
43541 # 1504
43541 # 1504
43747 + 92
43747 + 92
43747 + 92
43747 + 92
43747 + 92
43747 + 92
43747 + 92
43748 + 92
43748 + 92
43748 + 92
43748 + 92
43748 + 92
43748 + 92
43748 + 92
43748 + 92
43748 + 92
43748 + 92
43748 + 92
43748 + 92
43748 + 92
43748 + 92
43748 + 92
43748 + 92
43748 + 92
43748 + 92
43748 + 92
43748 + 92
43748 + 92
43748 + 92
43748 + 92
43750 + 92
43753 + 92
43753 + 92
43753 + 92
43753 + 92
43753 + 92
43753 + 92
43753 + 92
43759 + 92
43760 + 92
43760 + 92
43760 + 92
43760 + 92
43760 + 92
43760 + 92
43760 + 92
43760 + 92
43760 + 92
43760 + 92
43760 + 92
43760 + 92
43760 + 92
43760 + 92
43760 + 92
43760 + 92
43760 + 92
43760 + 92
43760 + 92
43760 + 92
43760 + 92
43761 + 92
43761 + 92
43761 + 92
43761 + 92
43761 + 92
43761 + 92
43761 + 92
43761 + 92
43761 + 92
43761 + 92
43761 + 92
43761 + 92
43761 + 92
43761 + 92
43761 + 92
43761 + 92
43761 + 92
43761 + 92
43761 + 92
43761 + 92
43761 + 92
43765 + 92
43765 + 92
45041 # 1504
45041 - 92 1294
45041 - 92 1294
45041 - 92 1294
45041 - 92 1294
45041 - 92 1294
45041 - 92 1294
45041 - 92 1294
45041 - 92 1293
45041 - 92 1293
45041 - 92 1293
45041 - 92 1293
45041 - 92 1293
45041 - 92 1293
45041 - 92 1293
45041 - 92 1293
45041 - 92 1293
45041 # 1504
45041 - 92 1293
45041 - 92 1293
45041 - 92 1293
45041 - 92 1293
45041 - 92 1293
45041 - 92 1293
45041 - 92 1293
45041 - 92 1293
45041 - 92 1293
45041 - 92 1293
45041 - 92 1293
45041 - 92 1293
45041 - 92 1293
45041 - 92 1293
45041 - 92 1291
45041 - 92 1288
45041 # 1504
45041 - 92 1288
45041 - 92 1288
45041 - 92 1288
45041 - 92 1288
45041 - 92 1288
45041 - 92 1288
45041 - 92 1282
45041 - 92 1281
45041 - 92 1281
45041 - 92 1281
45041 - 92 1281
45041 - 92 1281
45041 - 92 1281
45041 - 92 1281
45041 - 92 1281
45041 - 92 1281
45041 - 92 1281
45041 # 1504
45041 - 92 1281
45041 - 92 1281
45041 - 92 1281
45041 - 92 1281
45041 - 92 1281
45041 - 92 1281
45041 - 92 1281
45041 - 92 1281
45041 - 92 1281
45041 - 92 1281
45041 - 92 1281
45041 - 92 1280
45041 - 92 1280
45041 - 92 1280
45041 - 92 1280
45041 - 92 1280
45041 # 1504
45041 - 92 1280
45041 - 92 1280
45041 - 92 1280
45041 - 92 1280
45041 - 92 1280
45041 - 92 1280
45041 - 92 1280
45041 - 92 1280
45041 - 92 1280
45041 - 92 1280
45041 - 92 1280
45041 - 92 1280
45041 - 92 1280
45041 - 92 1280
45041 - 92 1280
45041 - 92 1280
45041 # 1504
45041 - 92 1276
45041 - 92 1276
45041 # 1504
45041 # 1504
45041 # 1504
45041 # 1504
45041 # 1504
45041 # 1504
45041 # 1504
45041 # 1504
45041 # 1504
45041 # 1504
45041 # 1504
45041 # 1504
45041 # 1504
45041 # 1504
45041 # 1504
45041 # 1504
45041 # 1504
45041 # 1504
45041 # 1504
45041 # 1504
45041 # 1504
45041 # 1504
45041 # 1504
45041 # 1504
45041 # 1504
45041 # 1504
45041 # 1504
45041 # 1504
45041 # 1504
45041 # 1504
45041 # 1504
45041 # 1504
45041 # 1504
45041 # 1504
45041 # 1504
45041 # 1504
45041 # 1504
45041 # 1504
45041 # 1504
45041 # 1504
45041 # 1504
45041 # 1504
45041 # 1504
45041 # 1504
45041 # 1504
45041 # 1504
45041 # 1504
45041 # 1504
45041 # 1504
45041 # 1504
45041 # 1504
45041 # 1504
45041 # 1504
45041 # 1504
45041 # 1504
45041 # 1504
45041 # 1504
45041 # 1504
45041 # 1504
45041 # 1504
45041 # 1504
45041 # 1504
45041 # 1504
45041 # 1504
45041 # 1504
45041 # 1504
45041 # 1504
45041 # 1504
45041 # 1504
45041 # 1504
45041 # 1504
45041 # 1504
45041 # 1504
45041 # 1504
45041 # 1504
45041 # 1504
45041 # 1504
45251 + 92
45251 + 92
45252 + 92
45252 + 92
45252 + 92
45252 + 92
45252 + 92
45252 + 92
45252 + 92
45252 + 92
45253 + 92
45253 + 92
45253 + 92
45253 + 92
45253 + 92
45253 + 92
45253 + 92
45253 + 92
45253 + 92
45253 + 92
45262 + 92
45262 + 92
45262 + 92
45267 + 92
45268 + 92
45268 + 92
45270 + 92
45270 + 92
45270 + 92
45270 + 92
45271 + 92
45271 + 92
45271 + 92
45271 + 92
45271 + 92
45271 + 92
45274 + 92
45274 + 92
45274 + 92
45274 + 92
45276 + 92
45276 + 92
45276 + 92
45276 + 92
45276 + 92
45276 + 92
45276 + 92
45277 + 92
45277 + 92
45277 + 92
45277 + 92
45277 + 92
45279 + 92
45279 + 92
45280 + 92
45280 + 92
45280 + 92
45280 + 92
45282 + 92
45282 + 92
45282 + 92
45282 + 92
45282 + 92
45282 + 92
45283 + 92
45283 + 92
45283 + 92
45284 + 92
45284 + 92
45284 + 92
45284 + 92
45284 + 92
45284 + 92
45284 + 92
45286 + 92
45286 + 92
45286 + 92
45287 + 92
45287 + 92
45287 + 92
45287 + 92
45287 + 92
45287 + 92
46541 # 1504
46541 - 92 1290
46541 - 92 1290
46541 - 92 1289
46541 - 92 1289
46541 - 92 1289
46541 - 92 1289
46541 - 92 1289
46541 - 92 1289
46541 - 92 1289
46541 - 92 1289
46541 - 92 1288
46541 - 92 1288
46541 - 92 1288
46541 - 92 1288
46541 - 92 1288
46541 - 92 1288
46541 # 1504
46541 - 92 1288
46541 - 92 1288
46541 - 92 1288
46541 - 92 1288
46541 - 92 1279
46541 - 92 1279
46541 - 92 1279
46541 - 92 1274
46541 - 92 1273
46541 - 92 1273
46541 - 92 1271
46541 - 92 1271
46541 - 92 1271
46541 - 92 1271
46541 - 92 1270
46541 - 92 1270
46541 # 1504
46541 - 92 1270
46541 - 92 1270
46541 - 92 1270
46541 - 92 1270
46541 - 92 1267
46541 - 92 1267
46541 - 92 1267
46541 - 92 1267
46541 - 92 1265
46541 - 92 1265
46541 - 92 1265
46541 - 92 1265
46541 - 92 1265
46541 - 92 1265
46541 - 92 1265
46541 - 92 1264
46541 - 92 1264
46541 # 1504
46541 - 92 1264
46541 - 92 1264
46541 - 92 1264
46541 - 92 1262
46541 - 92 1262
46541 - 92 1261
46541 - 92 1261
46541 - 92 1261
46541 - 92 1261
46541 - 92 1259
46541 - 92 1259
46541 - 92 1259
46541 - 92 1259
46541 - 92 1259
46541 - 92 1259
46541 - 92 1258
46541 # 1504
46541 - 92 1258
46541 - 92 1258
46541 - 92 1257
46541 - 92 1257
46541 - 92 1257
46541 - 92 1257
46541 - 92 1257
46541 - 92 1257
46541 - 92 1257
46541 - 92 1255
46541 - 92 1255
46541 - 92 1255
46541 - 92 1254
46541 - 92 1254
46541 - 92 1254
46541 - 92 1254
46541 # 1504
46541 - 92 1254
46541 - 92 1254
46541 # 1504
46541 # 1504
46541 # 1504
46541 # 1504
46541 # 1504
46541 # 1504
46541 # 1504
46541 # 1504
46541 # 1504
46541 # 1504
46541 # 1504
46541 # 1504
46541 # 1504
46541 # 1504
46541 # 1504
46541 # 1504
46541 # 1504
46541 # 1504
46541 # 1504
46541 # 1504
46541 # 1504
46541 # 1504
46541 # 1504
46541 # 1504
46541 # 1504
46541 # 1504
46541 # 1504
46541 # 1504
46541 # 1504
46541 # 1504
46541 # 1504
46541 # 1504
46541 # 1504
46541 # 1504
46541 # 1504
46541 # 1504
46541 # 1504
46541 # 1504
46541 # 1504
46541 # 1504
46541 # 1504
46541 # 1504
46541 # 1504
46541 # 1504
46541 # 1504
46541 # 1504
46541 # 1504
46541 # 1504
46541 # 1504
46541 # 1504
46541 # 1504
46541 # 1504
46541 # 1504
46541 # 1504
46541 # 1504
46541 # 1504
46541 # 1504
46541 # 1504
46541 # 1504
46541 # 1504
46541 # 1504
46541 # 1504
46541 # 1504
46541 # 1504
46541 # 1504
46541 # 1504
46541 # 1504
46541 # 1504
46541 # 1504
46541 # 1504
46541 # 1504
46541 # 1504
46541 # 1504
46541 # 1504
46541 # 1504
46541 # 1504
46541 # 1504
46752 + 92
46752 + 92
46752 + 92
46752 + 92
46752 + 92
46753 + 92
46753 + 92
46753 + 92
46753 + 92
46753 + 92
46753 + 92
46753 + 92
46753 + 92
46753 + 92
46753 + 92
46753 + 92
46753 + 92
46753 + 92
46753 + 92
46753 + 92
46753 + 92
46753 + 92
46753 + 92
46753 + 92
46753 + 92
46753 + 92
46754 + 92
46754 + 92
46754 + 92
46754 + 92
46754 + 92
46754 + 92
46754 + 92
46754 + 92
46769 + 92
46769 + 92
46769 + 92
46769 + 92
46769 + 92
46769 + 92
46769 + 92
46769 + 92
46769 + 92
46769 + 92
46769 + 92
46769 + 92
46769 + 92
46769 + 92
46769 + 92
46769 + 92
46769 + 92
46769 + 92
46769 + 92
46769 + 92
46769 + 92
46769 + 92
46769 + 92
46769 + 92
46769 + 92
46769 + 92
46769 + 92
46769 + 92
46769 + 92
46769 + 92
46769 + 92
46769 + 92
46769 + 92
46769 + 92
46769 + 92
46769 + 92
46769 + 92
46769 + 92
46769 + 92
46769 + 92
46769 + 92
46769 + 92
46769 + 92
46769 + 92
46769 + 92
46769 + 92
46769 + 92
46769 + 92
46769 + 92
48041 # 1504
48041 - 92 1289
48041 - 92 1289
48041 - 92 1289
48041 - 92 1289
48041 - 92 1289
48041 - 92 1288
48041 - 92 1288
48041 - 92 1288
48041 - 92 1288
48041 - 92 1288
48041 - 92 1288
48041 - 92 1288
48041 - 92 1288
48041 - 92 1288
48041 - 92 1288
48041 - 92 1288
48041 # 1504
48041 - 92 1288
48041 - 92 1288
48041 - 92 1288
48041 - 92 1288
48041 - 92 1288
48041 - 92 1288
48041 - 92 1288
48041 - 92 1288
48041 - 92 1288
48041 - 92 1288
48041 - 92 1287
48041 - 92 1287
48041 - 92 1287
48041 - 92 1287
48041 - 92 1287
48041 - 92 1287
48041 # 1504
48041 - 92 1287
48041 - 92 1287
48041 - 92 1272
48041 - 92 1272
48041 - 92 1272
48041 - 92 1272
48041 - 92 1272
48041 - 92 1272
48041 - 92 1272
48041 - 92 1272
48041 - 92 1272
48041 - 92 1272
48041 - 92 1272
48041 - 92 1272
48041 - 92 1272
48041 - 92 1272
48041 - 92 1272
48041 # 1504
48041 - 92 1272
48041 - 92 1272
48041 - 92 1272
48041 - 92 1272
48041 - 92 1272
48041 - 92 1272
48041 - 92 1272
48041 - 92 1272
48041 - 92 1272
48041 - 92 1272
48041 - 92 1272
48041 - 92 1272
48041 - 92 1272
48041 - 92 1272
48041 - 92 1272
48041 - 92 1272
48041 # 1504
48041 - 92 1272
48041 - 92 1272
48041 - 92 1272
48041 - 92 1272
48041 - 92 1272
48041 - 92 1272
48041 - 92 1272
48041 - 92 1272
48041 - 92 1272
48041 - 92 1272
48041 - 92 1272
48041 - 92 1272
48041 - 92 1272
48041 - 92 1272
48041 - 92 1272
48041 - 92 1272
48041 # 1504
48041 - 92 1272
48041 - 92 1272
48041 # 1504
48041 # 1504
48041 # 1504
48041 # 1504
48041 # 1504
48041 # 1504
48041 # 1504
48041 # 1504
48041 # 1504
48041 # 1504
48041 # 1504
48041 # 1504
48041 # 1504
48041 # 1504
48041 # 1504
48041 # 1504
48041 # 1504
48041 # 1504
48041 # 1504
48041 # 1504
48041 # 1504
48041 # 1504
48041 # 1504
48041 # 1504
48041 # 1504
48041 # 1504
48041 # 1504
48041 # 1504
48041 # 1504
48041 # 1504
48041 # 1504
48041 # 1504
48041 # 1504
48041 # 1504
48041 # 1504
48041 # 1504
48041 # 1504
48041 # 1504
48041 # 1504
48041 # 1504
48041 # 1504
48041 # 1504
48041 # 1504
48041 # 1504
48041 # 1504
48041 # 1504
48041 # 1504
48041 # 1504
48041 # 1504
48041 # 1504
48041 # 1504
48041 # 1504
48041 # 1504
48041 # 1504
48041 # 1504
48041 # 1504
48041 # 1504
48041 # 1504
48041 # 1504
48041 # 1504
48041 # 1504
48041 # 1504
48041 # 1504
48041 # 1504
48041 # 1504
48041 # 1504
48041 # 1504
48041 # 1504
48041 # 1504
48041 # 1504
48041 # 1504
48041 # 1504
48041 # 1504
48041 # 1504
48041 # 1504
48041 # 1504
48041 # 1504
48251 + 92
48251 + 92
48251 + 92
48251 + 92
48251 + 92
48251 + 92
48251 + 92
48251 + 92
48254 + 92
48254 + 92
48254 + 92
48254 + 92
48254 + 92
48254 + 92
48254 + 92
48254 + 92
48254 + 92
48254 + 92
48255 + 92
48255 + 92
48255 + 92
48255 + 92
48255 + 92
48255 + 92
48255 + 92
48255 + 92
48255 + 92
48255 + 92
48255 + 92
48255 + 92
48256 + 92
48256 + 92
48270 + 92
48271 + 92
48276 + 92
48282 + 92
48282 + 92
48285 + 92
48285 + 92
48287 + 92
48289 + 92
48289 + 92
48289 + 92
48289 + 92
48289 + 92
48289 + 92
48289 + 92
48290 + 92
48293 + 92
48293 + 92
48293 + 92
48294 + 92
48294 + 92
48294 + 92
48299 + 92
48299 + 92
48299 + 92
48299 + 92
48299 + 92
48299 + 92
48299 + 92
48299 + 92
48299 + 92
48299 + 92
48299 + 92
48300 + 92
48300 + 92
48300 + 92
48300 + 92
48300 + 92
48300 + 92
48300 + 92
48300 + 92
48300 + 92
48300 + 92
48300 + 92
48300 + 92
48301 + 92
48301 + 92
48301 + 92
48301 + 92
48301 + 92
48301 + 92
49541 # 1504
49541 - 92 1290
49541 - 92 1290
49541 - 92 1290
49541 - 92 1290
49541 - 92 1290
49541 - 92 1290
49541 - 92 1290
49541 - 92 1290
49541 - 92 1287
49541 - 92 1287
49541 - 92 1287
49541 - 92 1287
49541 - 92 1287
49541 - 92 1287
49541 - 92 1287
49541 - 92 1287
49541 # 1504
49541 - 92 1287
49541 - 92 1287
49541 - 92 1286
49541 - 92 1286
49541 - 92 1286
49541 - 92 1286
49541 - 92 1286
49541 - 92 1286
49541 - 92 1286
49541 - 92 1286
49541 - 92 1286
49541 - 92 1286
49541 - 92 1286
49541 - 92 1286
49541 - 92 1285
49541 - 92 1285
49541 # 1504
49541 - 92 1271
49541 - 92 1270
49541 - 92 1265
49541 - 92 1259
49541 - 92 1259
49541 - 92 1256
49541 - 92 1256
49541 - 92 1254
49541 - 92 1252
49541 - 92 1252
49541 - 92 1252
49541 - 92 1252
49541 - 92 1252
49541 - 92 1252
49541 - 92 1252
49541 - 92 1251
49541 - 92 1248
49541 # 1504
49541 - 92 1248
49541 - 92 1248
49541 - 92 1247
49541 - 92 1247
49541 - 92 1247
49541 - 92 1242
49541 - 92 1242
49541 - 92 1242
49541 - 92 1242
49541 - 92 1242
49541 - 92 1242
49541 - 92 1242
49541 - 92 1242
49541 - 92 1242
49541 - 92 1242
49541 - 92 1242
49541 # 1504
49541 - 92 1241
49541 - 92 1241
49541 - 92 1241
49541 - 92 1241
49541 - 92 1241
49541 - 92 1241
49541 - 92 1241
49541 - 92 1241
49541 - 92 1241
49541 - 92 1241
49541 - 92 1241
49541 - 92 1241
49541 - 92 1240
49541 - 92 1240
49541 - 92 1240
49541 - 92 1240
49541 # 1504
49541 - 92 1240
49541 - 92 1240
49541 # 1504
49541 # 1504
49541 # 1504
49541 # 1504
49541 # 1504
49541 # 1504
49541 # 1504
49541 # 1504
49541 # 1504
49541 # 1504
49541 # 1504
49541 # 1504
49541 # 1504
49541 # 1504
49541 # 1504
49541 # 1504
49541 # 1504
49541 # 1504
49541 # 1504
49541 # 1504
49541 # 1504
49541 # 1504
49541 # 1504
49541 # 1504
49541 # 1504
49541 # 1504
49541 # 1504
49541 # 1504
49541 # 1504
49541 # 1504
49541 # 1504
49541 # 1504
49541 # 1504
49541 # 1504
49541 # 1504
49541 # 1504
49541 # 1504
49541 # 1504
49541 # 1504
49541 # 1504
49541 # 1504
49541 # 1504
49541 # 1504
49541 # 1504
49541 # 1504
49541 # 1504
49541 # 1504
49541 # 1504
49541 # 1504
49541 # 1504
49541 # 1504
49541 # 1504
49541 # 1504
49541 # 1504
49541 # 1504
49541 # 1504
49541 # 1504
49541 # 1504
49541 # 1504
49541 # 1504
49541 # 1504
49541 # 1504
49541 # 1504
49541 # 1504
49541 # 1504
49541 # 1504
49541 # 1504
49541 # 1504
49541 # 1504
49541 # 1504
49541 # 1504
49541 # 1504
49541 # 1504
49541 # 1504
49541 # 1504
49541 # 1504
49541 # 1504
49753 + 92
49754 + 92
49754 + 92
49754 + 92
49754 + 92
49754 + 92
49754 + 92
49754 + 92
49754 + 92
49754 + 92
49754 + 92
49754 + 92
49754 + 92
49754 + 92
49754 + 92
49754 + 92
49754 + 92
49755 + 92
49760 + 92
49760 + 92
49760 + 92
49760 + 92
49762 + 92
49762 + 92
49775 + 92
49775 + 92
49775 + 92
49775 + 92
49775 + 92
49775 + 92
49775 + 92
49777 + 92
49777 + 92
49780 + 92
49780 + 92
49784 + 92
49784 + 92
49784 + 92
49784 + 92
49784 + 92
51041 # 1504
51041 - 92 1288
51041 - 92 1287
51041 - 92 1287
51041 - 92 1287
51041 - 92 1287
51041 - 92 1287
51041 - 92 1287
51041 - 92 1287
51041 - 92 1287
51041 - 92 1287
51041 - 92 1287
51041 - 92 1287
51041 - 92 1287
51041 - 92 1287
51041 - 92 1287
51041 - 92 1287
51041 # 1504
51041 - 92 1287
51041 - 92 1286
51041 - 92 1281
51041 - 92 1281
51041 - 92 1281
51041 - 92 1281
51041 - 92 1279
51041 - 92 1279
51041 - 92 1266
51041 - 92 1266
51041 - 92 1266
51041 - 92 1266
51041 - 92 1266
51041 - 92 1266
51041 - 92 1266
51041 - 92 1264
51041 # 1504
51041 - 92 1264
51041 - 92 1261
51041 - 92 1261
51041 - 92 1257
51041 - 92 1257
51041 - 92 1257
51041 - 92 1257
51041 - 92 1257
51041 # 1504
51041 # 1504
51041 # 1504
51041 # 1504
51041 # 1504
51041 # 1504
51041 # 1504
51041 # 1504
51041 # 1504
51041 # 1504
51041 # 1504
51041 # 1504
51041 # 1504
51041 # 1504
51041 # 1504
51041 # 1504
51041 # 1504
51041 # 1504
51041 # 1504
51041 # 1504
51041 # 1504
51041 # 1504
51041 # 1504
51041 # 1504
51041 # 1504
51041 # 1504
51041 # 1504
51041 # 1504
51041 # 1504
51041 # 1504
51041 # 1504
51041 # 1504
51041 # 1504
51041 # 1504
51041 # 1504
51041 # 1504
51041 # 1504
51041 # 1504
51041 # 1504
51041 # 1504
51041 # 1504
51041 # 1504
51041 # 1504
51041 # 1504
51041 # 1504
51041 # 1504
51041 # 1504
51041 # 1504
51041 # 1504
51041 # 1504
51041 # 1504
51041 # 1504
51041 # 1504
51041 # 1504
51041 # 1504
51041 # 1504
51041 # 1504
51041 # 1504
51041 # 1504
51041 # 1504
51041 # 1504
51041 # 1504
51041 # 1504
51041 # 1504
51041 # 1504
51041 # 1504
51041 # 1504
51041 # 1504
51041 # 1504
51041 # 1504
51041 # 1504
51041 # 1504
51041 # 1504
51041 # 1504
51041 # 1504
51041 # 1504
51041 # 1504
51041 # 1504
51041 # 1504
51041 # 1504
51251 + 92
51255 + 92
51260 + 92
51261 + 92
51261 + 92
51261 + 92
51264 + 92
51264 + 92
51313 + 92
52541 # 1504
52541 - 92 1290
52541 - 92 1286
52541 - 92 1281
52541 - 92 1280
52541 - 92 1280
52541 - 92 1280
52541 - 92 1277
52541 - 92 1277
52541 - 92 1228
52541 # 1504
52541 # 1504
52541 # 1504
52541 # 1504
52541 # 1504
52541 # 1504
52541 # 1504
52541 # 1504
52541 # 1504
52541 # 1504
52541 # 1504
52541 # 1504
52541 # 1504
52541 # 1504
52541 # 1504
52541 # 1504
52541 # 1504
52541 # 1504
52541 # 1504
52541 # 1504
52541 # 1504
52541 # 1504
52541 # 1504
52541 # 1504
52541 # 1504
52541 # 1504
52541 # 1504
52541 # 1504
52541 # 1504
52541 # 1504
52541 # 1504
52541 # 1504
52541 # 1504
52541 # 1504
52541 # 1504
52541 # 1504
52541 # 1504
52541 # 1504
52541 # 1504
52541 # 1504
52541 # 1504
52541 # 1504
52541 # 1504
52541 # 1504
52541 # 1504
52541 # 1504
52541 # 1504
52541 # 1504
52541 # 1504
52541 # 1504
52541 # 1504
52541 # 1504
52541 # 1504
52541 # 1504
52541 # 1504
52541 # 1504
52541 # 1504
52541 # 1504
52541 # 1504
52541 # 1504
52541 # 1504
52541 # 1504
52541 # 1504
52541 # 1504
52541 # 1504
52541 # 1504
52541 # 1504
52541 # 1504
52541 # 1504
52541 # 1504
52541 # 1504
52541 # 1504
52541 # 1504
52541 # 1504
52541 # 1504
52541 # 1504
52541 # 1504
52541 # 1504
52541 # 1504
52541 # 1504
52541 # 1504
52541 # 1504
52750 + 92
52750 + 92
52750 + 92
52755 + 92
52755 + 92
52760 + 92
52761 + 92
54041 # 1504
54041 - 92 1291
54041 - 92 1291
54041 - 92 1291
54041 - 92 1286
54041 - 92 1286
54041 - 92 1281
54041 - 92 1280
54041 # 1504
54041 # 1504
54041 # 1504
54041 # 1504
54041 # 1504
54041 # 1504
54041 # 1504
54041 # 1504
54041 # 1504
54041 # 1504
54041 # 1504
54041 # 1504
54041 # 1504
54041 # 1504
54041 # 1504
54041 # 1504
54041 # 1504
54041 # 1504
54041 # 1504
54041 # 1504
54041 # 1504
54041 # 1504
54041 # 1504
54041 # 1504
54041 # 1504
54041 # 1504
54041 # 1504
54041 # 1504
54041 # 1504
54041 # 1504
54041 # 1504
54041 # 1504
54041 # 1504
54041 # 1504
54041 # 1504
54041 # 1504
54041 # 1504
54041 # 1504
54041 # 1504
54041 # 1504
54041 # 1504
54041 # 1504
54041 # 1504
54041 # 1504
54041 # 1504
54041 # 1504
54041 # 1504
54041 # 1504
54041 # 1504
54041 # 1504
54041 # 1504
54041 # 1504
54041 # 1504
54041 # 1504
54041 # 1504
54041 # 1504
54041 # 1504
54041 # 1504
54041 # 1504
54041 # 1504
54041 # 1504
54041 # 1504
54041 # 1504
54041 # 1504
54041 # 1504
54041 # 1504
54041 # 1504
54041 # 1504
54041 # 1504
54041 # 1504
54041 # 1504
54041 # 1504
54041 # 1504
54041 # 1504
54041 # 1504
54041 # 1504
54041 # 1504
54041 # 1504
54041 # 1504
54041 # 1504
54041 # 1504
54041 # 1504
55541 # 1504
55541 # 1504
55541 # 1504
55541 # 1504
55541 # 1504
55541 # 1504
55541 # 1504
55541 # 1504
55541 # 1504
55541 # 1504
55541 # 1504
55541 # 1504
55541 # 1504
55541 # 1504
55541 # 1504
55541 # 1504
55541 # 1504
55541 # 1504
55541 # 1504
55541 # 1504
55541 # 1504
55541 # 1504
55541 # 1504
55541 # 1504
55541 # 1504
55541 # 1504
55541 # 1504
55541 # 1504
55541 # 1504
55541 # 1504
55541 # 1504
55541 # 1504
55541 # 1504
55541 # 1504
55541 # 1504
55541 # 1504
55541 # 1504
55541 # 1504
55541 # 1504
55541 # 1504
55541 # 1504
55541 # 1504
55541 # 1504
55541 # 1504
55541 # 1504
55541 # 1504
55541 # 1504
55541 # 1504
55541 # 1504
55541 # 1504
55541 # 1504
55541 # 1504
55541 # 1504
55541 # 1504
55541 # 1504
55541 # 1504
55541 # 1504
55541 # 1504
55541 # 1504
55541 # 1504
55541 # 1504
55541 # 1504
55541 # 1504
55541 # 1504
55541 # 1504
55541 # 1504
55541 # 1504
55541 # 1504
55541 # 1504
55541 # 1504
55541 # 1504
55541 # 1504
55541 # 1504
55541 # 1504
55541 # 1504
55541 # 1504
55541 # 1504
55541 # 1504
55541 # 1504
55541 # 1504
55541 # 1504
55541 # 1504
55541 # 1504
55758 + 92
57041 # 1504
57041 - 92 1283
57041 # 1504
57041 # 1504
57041 # 1504
57041 # 1504
57041 # 1504
57041 # 1504
57041 # 1504
57041 # 1504
57041 # 1504
57041 # 1504
57041 # 1504
57041 # 1504
57041 # 1504
57041 # 1504
57041 # 1504
57041 # 1504
57041 # 1504
57041 # 1504
57041 # 1504
57041 # 1504
57041 # 1504
57041 # 1504
57041 # 1504
57041 # 1504
57041 # 1504
57041 # 1504
57041 # 1504
57041 # 1504
57041 # 1504
57041 # 1504
57041 # 1504
57041 # 1504
57041 # 1504
57041 # 1504
57041 # 1504
57041 # 1504
57041 # 1504
57041 # 1504
57041 # 1504
57041 # 1504
57041 # 1504
57041 # 1504
57041 # 1504
57041 # 1504
57041 # 1504
57041 # 1504
57041 # 1504
57041 # 1504
57041 # 1504
57041 # 1504
57041 # 1504
57041 # 1504
57041 # 1504
57041 # 1504
57041 # 1504
57041 # 1504
57041 # 1504
57041 # 1504
57041 # 1504
57041 # 1504
57041 # 1504
57041 # 1504
57041 # 1504
57041 # 1504
57041 # 1504
57041 # 1504
57041 # 1504
57041 # 1504
57041 # 1504
57041 # 1504
57041 # 1504
57041 # 1504
57041 # 1504
57041 # 1504
57041 # 1504
57041 # 1504
57041 # 1504
57041 # 1504
57041 # 1504
57041 # 1504
57041 # 1504
57041 # 1504
58541 # 1504
58541 # 1504
58541 # 1504
58541 # 1504
58541 # 1504
58541 # 1504
58541 # 1504
58541 # 1504
58541 # 1504
58541 # 1504
58541 # 1504
58541 # 1504
58541 # 1504
58541 # 1504
58541 # 1504
58541 # 1504
58541 # 1504
58541 # 1504
58541 # 1504
58541 # 1504
58541 # 1504
58541 # 1504
58541 # 1504
58541 # 1504
58541 # 1504
58541 # 1504
58541 # 1504
58541 # 1504
58541 # 1504
58541 # 1504
58541 # 1504
58541 # 1504
58541 # 1504
58541 # 1504
58541 # 1504
58541 # 1504
58541 # 1504
58541 # 1504
58541 # 1504
58541 # 1504
58541 # 1504
58541 # 1504
58541 # 1504
58541 # 1504
58541 # 1504
58541 # 1504
58541 # 1504
58541 # 1504
58541 # 1504
58541 # 1504
58541 # 1504
58541 # 1504
58541 # 1504
58541 # 1504
58541 # 1504
58541 # 1504
58541 # 1504
58541 # 1504
58541 # 1504
58541 # 1504
58541 # 1504
58541 # 1504
58541 # 1504
58541 # 1504
58541 # 1504
58541 # 1504
58541 # 1504
58541 # 1504
58541 # 1504
58541 # 1504
58541 # 1504
58541 # 1504
58541 # 1504
58541 # 1504
58541 # 1504
58541 # 1504
58541 # 1504
58541 # 1504
58541 # 1504
58541 # 1504
58541 # 1504
58541 # 1504
58541 # 1504
58746 + 92
58746 + 92
58746 + 92
58746 + 92
58748 + 92
58748 + 92
58748 + 92
58748 + 92
58748 + 92
58748 + 92
58748 + 92
58748 + 92
58749 + 92
58749 + 92
58749 + 92
58751 + 92
58751 + 92
58751 + 92
58751 + 92
58751 + 92
58751 + 92
58751 + 92
58751 + 92
58751 + 92
58751 + 92
58751 + 92
58751 + 92
58751 + 92
58751 + 92
58751 + 92
58751 + 92
58754 + 92
58754 + 92
58754 + 92
58754 + 92
58754 + 92
58754 + 92
58754 + 92
58754 + 92
58754 + 92
58754 + 92
58801 + 92
60041 # 1504
60041 - 92 1295
60041 - 92 1295
60041 - 92 1295
60041 - 92 1295
60041 - 92 1293
60041 - 92 1293
60041 - 92 1293
60041 - 92 1293
60041 - 92 1293
60041 - 92 1293
60041 - 92 1293
60041 - 92 1293
60041 - 92 1292
60041 - 92 1292
60041 - 92 1292
60041 - 92 1290
60041 # 1504
60041 - 92 1290
60041 - 92 1290
60041 - 92 1290
60041 - 92 1290
60041 - 92 1290
60041 - 92 1290
60041 - 92 1290
60041 - 92 1290
60041 - 92 1290
60041 - 92 1290
60041 - 92 1290
60041 - 92 1290
60041 - 92 1290
60041 - 92 1290
60041 - 92 1290
60041 - 92 1287
60041 # 1504
60041 - 92 1287
60041 - 92 1287
60041 - 92 1287
60041 - 92 1287
60041 - 92 1287
60041 - 92 1287
60041 - 92 1287
60041 - 92 1287
60041 - 92 1287
60041 - 92 1240
60041 # 1504
60041 # 1504
60041 # 1504
60041 # 1504
60041 # 1504
60041 # 1504
60041 # 1504
60041 # 1504
60041 # 1504
60041 # 1504
60041 # 1504
60041 # 1504
60041 # 1504
60041 # 1504
60041 # 1504
60041 # 1504
60041 # 1504
60041 # 1504
60041 # 1504
60041 # 1504
60041 # 1504
60041 # 1504
60041 # 1504
60041 # 1504
60041 # 1504
60041 # 1504
60041 # 1504
60041 # 1504
60041 # 1504
60041 # 1504
60041 # 1504
60041 # 1504
60041 # 1504
60041 # 1504
60041 # 1504
60041 # 1504
60041 # 1504
60041 # 1504
60041 # 1504
60041 # 1504
60041 # 1504
60041 # 1504
60041 # 1504
60041 # 1504
60041 # 1504
60041 # 1504
60041 # 1504
60041 # 1504
60041 # 1504
60041 # 1504
60041 # 1504
60041 # 1504
60041 # 1504
60041 # 1504
60041 # 1504
60041 # 1504
60041 # 1504
60041 # 1504
60041 # 1504
60041 # 1504
60041 # 1504
60041 # 1504
60041 # 1504
60041 # 1504
60041 # 1504
60041 # 1504
60041 # 1504
60041 # 1504
60041 # 1504
60041 # 1504
60041 # 1504
60041 # 1504
60041 # 1504
60041 # 1504
60041 # 1504
60041 # 1504
60041 # 1504
60041 # 1504
60041 # 1504
60041 # 1504
60250 + 92
60250 + 92
60250 + 92
60250 + 92
60250 + 92
60250 + 92
60267 + 92
60267 + 92
60267 + 92
60267 + 92
60267 + 92
60267 + 92
60267 + 92
60267 + 92
60267 + 92
60267 + 92
60267 + 92
60267 + 92
60267 + 92
60267 + 92
60267 + 92
60267 + 92
60267 + 92
60267 + 92
60267 + 92
60267 + 92
60267 + 92
60267 + 92
60267 + 92
60267 + 92
60267 + 92
60267 + 92
60267 + 92
60267 + 92
60267 + 92
60267 + 92
60267 + 92
60267 + 92
60267 + 92
60267 + 92
60268 + 92
60268 + 92
61541 # 1504
61541 - 92 1291
61541 - 92 1291
61541 - 92 1291
61541 - 92 1291
61541 - 92 1291
61541 - 92 1291
61541 - 92 1274
61541 - 92 1274
61541 - 92 1274
61541 - 92 1274
61541 - 92 1274
61541 - 92 1274
61541 - 92 1274
61541 - 92 1274
61541 - 92 1274
61541 - 92 1274
61541 # 1504
61541 - 92 1274
61541 - 92 1274
61541 - 92 1274
61541 - 92 1274
61541 - 92 1274
61541 - 92 1274
61541 - 92 1274
61541 - 92 1274
61541 - 92 1274
61541 - 92 1274
61541 - 92 1274
61541 - 92 1274
61541 - 92 1274
61541 - 92 1274
61541 - 92 1274
61541 - 92 1274
61541 # 1504
61541 - 92 1274
61541 - 92 1274
61541 - 92 1274
61541 - 92 1274
61541 - 92 1274
61541 - 92 1274
61541 - 92 1274
61541 - 92 1274
61541 - 92 1273
61541 - 92 1273
61541 # 1504
61541 # 1504
61541 # 1504
61541 # 1504
61541 # 1504
61541 # 1504
61541 # 1504
61541 # 1504
61541 # 1504
61541 # 1504
61541 # 1504
61541 # 1504
61541 # 1504
61541 # 1504
61541 # 1504
61541 # 1504
61541 # 1504
61541 # 1504
61541 # 1504
61541 # 1504
61541 # 1504
61541 # 1504
61541 # 1504
61541 # 1504
61541 # 1504
61541 # 1504
61541 # 1504
61541 # 1504
61541 # 1504
61541 # 1504
61541 # 1504
61541 # 1504
61541 # 1504
61541 # 1504
61541 # 1504
61541 # 1504
61541 # 1504
61541 # 1504
61541 # 1504
61541 # 1504
61541 # 1504
61541 # 1504
61541 # 1504
61541 # 1504
61541 # 1504
61541 # 1504
61541 # 1504
61541 # 1504
61541 # 1504
61541 # 1504
61541 # 1504
61541 # 1504
61541 # 1504
61541 # 1504
61541 # 1504
61541 # 1504
61541 # 1504
61541 # 1504
61541 # 1504
61541 # 1504
61541 # 1504
61541 # 1504
61541 # 1504
61541 # 1504
61541 # 1504
61541 # 1504
61541 # 1504
61541 # 1504
61541 # 1504
61541 # 1504
61541 # 1504
61541 # 1504
61541 # 1504
61541 # 1504
61541 # 1504
61541 # 1504
61541 # 1504
61541 # 1504
61541 # 1504
61541 # 1504
61574 + 52
61749 + 92
61749 + 92
61754 + 92
61757 + 92
61757 + 92
61757 + 92
61757 + 92
61757 + 92
61757 + 92
61757 + 92
61757 + 92
61757 + 92
61757 + 92
61757 + 92
61757 + 92
61757 + 92
61757 + 92
61757 + 92
61758 + 92
61759 + 92
61759 + 92
61760 + 92
61760 + 92
61760 + 92
61760 + 92
61760 + 92
61760 + 92
61770 + 92
61770 + 92
61771 + 92
61771 + 92
61771 + 92
61771 + 92
61774 + 92
61774 + 92
61778 + 92
61778 + 92
61778 + 92
61778 + 92
61778 + 92
61778 + 92
61828 + 92
63041 # 1504
63041 - 52 1467
63041 - 92 1292
63041 - 92 1292
63041 - 92 1287
63041 - 92 1284
63041 - 92 1284
63041 - 92 1284
63041 - 92 1284
63041 - 92 1284
63041 - 92 1284
63041 - 92 1284
63041 - 92 1284
63041 - 92 1284
63041 - 92 1284
63041 - 92 1284
63041 - 92 1284
63041 # 1504
63041 - 92 1284
63041 - 92 1284
63041 - 92 1284
63041 - 92 1283
63041 - 92 1282
63041 - 92 1282
63041 - 92 1281
63041 - 92 1281
63041 - 92 1281
63041 - 92 1281
63041 - 92 1281
63041 - 92 1281
63041 - 92 1271
63041 - 92 1271
63041 - 92 1270
63041 - 92 1270
63041 - 92 1270
63041 # 1504
63041 - 92 1270
63041 - 92 1267
63041 - 92 1267
63041 - 92 1263
63041 - 92 1263
63041 - 92 1263
63041 - 92 1263
63041 - 92 1263
63041 - 92 1263
63041 - 92 1213
63041 # 1504
63041 # 1504
63041 # 1504
63041 # 1504
63041 # 1504
63041 # 1504
63041 # 1504
63041 # 1504
63041 # 1504
63041 # 1504
63041 # 1504
63041 # 1504
63041 # 1504
63041 # 1504
63041 # 1504
63041 # 1504
63041 # 1504
63041 # 1504
63041 # 1504
63041 # 1504
63041 # 1504
63041 # 1504
63041 # 1504
63041 # 1504
63041 # 1504
63041 # 1504
63041 # 1504
63041 # 1504
63041 # 1504
63041 # 1504
63041 # 1504
63041 # 1504
63041 # 1504
63041 # 1504
63041 # 1504
63041 # 1504
63041 # 1504
63041 # 1504
63041 # 1504
63041 # 1504
63041 # 1504
63041 # 1504
63041 # 1504
63041 # 1504
63041 # 1504
63041 # 1504
63041 # 1504
63041 # 1504
63041 # 1504
63041 # 1504
63041 # 1504
63041 # 1504
63041 # 1504
63041 # 1504
63041 # 1504
63041 # 1504
63041 # 1504
63041 # 1504
63041 # 1504
63041 # 1504
63041 # 1504
63041 # 1504
63041 # 1504
63041 # 1504
63041 # 1504
63041 # 1504
63041 # 1504
63041 # 1504
63041 # 1504
63041 # 1504
63041 # 1504
63041 # 1504
63041 # 1504
63041 # 1504
63041 # 1504
63041 # 1504
63041 # 1504
63041 # 1504
63041 # 1504
63041 # 1504
63249 + 92
63249 + 92
63249 + 92
63249 + 92
63249 + 92
63249 + 92
63249 + 92
63249 + 92
63249 + 92
63249 + 92
63249 + 92
63249 + 92
63249 + 92
63249 + 92
63249 + 92
63249 + 92
63249 + 92
63249 + 92
63252 + 92
63253 + 92
63253 + 92
63253 + 92
63253 + 92
63253 + 92
63253 + 92
63253 + 92
63253 + 92
63253 + 92
63253 + 92
63253 + 92
63253 + 92
63253 + 92
63253 + 92
63253 + 92
63253 + 92
63254 + 92
63254 + 92
63254 + 92
63254 + 92
63254 + 92
63254 + 92
63254 + 92
64541 # 1504
64541 - 92 1292
64541 - 92 1292
64541 - 92 1292
64541 - 92 1292
64541 - 92 1292
64541 - 92 1292
64541 - 92 1292
64541 - 92 1292
64541 - 92 1292
64541 - 92 1292
64541 - 92 1292
64541 - 92 1292
64541 - 92 1292
64541 - 92 1292
64541 - 92 1292
64541 - 92 1292
64541 # 1504
64541 - 92 1292
64541 - 92 1292
64541 - 92 1289
64541 - 92 1288
64541 - 92 1288
64541 - 92 1288
64541 - 92 1288
64541 - 92 1288
64541 - 92 1288
64541 - 92 1288
64541 - 92 1288
64541 - 92 1288
64541 - 92 1288
64541 - 92 1288
64541 - 92 1288
64541 - 92 1288
64541 # 1504
64541 - 92 1288
64541 - 92 1288
64541 - 92 1288
64541 - 92 1287
64541 - 92 1287
64541 - 92 1287
64541 - 92 1287
64541 - 92 1287
64541 - 92 1287
64541 - 92 1287
64541 # 1504
64541 # 1504
64541 # 1504
64541 # 1504
64541 # 1504
64541 # 1504
64541 # 1504
64541 # 1504
64541 # 1504
64541 # 1504
64541 # 1504
64541 # 1504
64541 # 1504
64541 # 1504
64541 # 1504
64541 # 1504
64541 # 1504
64541 # 1504
64541 # 1504
64541 # 1504
64541 # 1504
64541 # 1504
64541 # 1504
64541 # 1504
64541 # 1504
64541 # 1504
64541 # 1504
64541 # 1504
64541 # 1504
64541 # 1504
64541 # 1504
64541 # 1504
64541 # 1504
64541 # 1504
64541 # 1504
64541 # 1504
64541 # 1504
64541 # 1504
64541 # 1504
64541 # 1504
64541 # 1504
64541 # 1504
64541 # 1504
64541 # 1504
64541 # 1504
64541 # 1504
64541 # 1504
64541 # 1504
64541 # 1504
64541 # 1504
64541 # 1504
64541 # 1504
64541 # 1504
64541 # 1504
64541 # 1504
64541 # 1504
64541 # 1504
64541 # 1504
64541 # 1504
64541 # 1504
64541 # 1504
64541 # 1504
64541 # 1504
64541 # 1504
64541 # 1504
64541 # 1504
64541 # 1504
64541 # 1504
64541 # 1504
64541 # 1504
64541 # 1504
64541 # 1504
64541 # 1504
64541 # 1504
64541 # 1504
64541 # 1504
64541 # 1504
64541 # 1504
64541 # 1504
64541 # 1504
64745 + 92
64745 + 92
64745 + 92
64745 + 92
64745 + 92
64745 + 92
64745 + 92
64746 + 92
64746 + 92
64746 + 92
64746 + 92
64746 + 92
64746 + 92
64746 + 92
64746 + 92
64746 + 92
64746 + 92
64746 + 92
64746 + 92
64748 + 92
64748 + 92
64748 + 92
64748 + 92
64748 + 92
64748 + 92
64748 + 92
64748 + 92
64748 + 92
64748 + 92
64748 + 92
64748 + 92
64748 + 92
64748 + 92
64748 + 92
64748 + 92
64748 + 92
64749 + 92
64749 + 92
64749 + 92
64749 + 92
64751 + 92
64795 + 92
66041 # 1504
66041 - 92 1296
66041 - 92 1296
66041 - 92 1296
66041 - 92 1296
66041 - 92 1296
66041 - 92 1296
66041 - 92 1296
66041 - 92 1295
66041 - 92 1295
66041 - 92 1295
66041 - 92 1295
66041 - 92 1295
66041 - 92 1295
66041 - 92 1295
66041 - 92 1295
66041 - 92 1295
66041 # 1504
66041 - 92 1295
66041 - 92 1295
66041 - 92 1295
66041 - 92 1293
66041 - 92 1293
66041 - 92 1293
66041 - 92 1293
66041 - 92 1293
66041 - 92 1293
66041 - 92 1293
66041 - 92 1293
66041 - 92 1293
66041 - 92 1293
66041 - 92 1293
66041 - 92 1293
66041 - 92 1293
66041 # 1504
66041 - 92 1293
66041 - 92 1293
66041 - 92 1293
66041 - 92 1293
66041 - 92 1292
66041 - 92 1292
66041 - 92 1292
66041 - 92 1292
66041 - 92 1290
66041 - 92 1246
66041 # 1504
66041 # 1504
66041 # 1504
66041 # 1504
66041 # 1504
66041 # 1504
66041 # 1504
66041 # 1504
66041 # 1504
66041 # 1504
66041 # 1504
66041 # 1504
66041 # 1504
66041 # 1504
66041 # 1504
66041 # 1504
66041 # 1504
66041 # 1504
66041 # 1504
66041 # 1504
66041 # 1504
66041 # 1504
66041 # 1504
66041 # 1504
66041 # 1504
66041 # 1504
66041 # 1504
66041 # 1504
66041 # 1504
66041 # 1504
66041 # 1504
66041 # 1504
66041 # 1504
66041 # 1504
66041 # 1504
66041 # 1504
66041 # 1504
66041 # 1504
66041 # 1504
66041 # 1504
66041 # 1504
66041 # 1504
66041 # 1504
66041 # 1504
66041 # 1504
66041 # 1504
66041 # 1504
66041 # 1504
66041 # 1504
66041 # 1504
66041 # 1504
66041 # 1504
66041 # 1504
66041 # 1504
66041 # 1504
66041 # 1504
66041 # 1504
66041 # 1504
66041 # 1504
66041 # 1504
66041 # 1504
66041 # 1504
66041 # 1504
66041 # 1504
66041 # 1504
66041 # 1504
66041 # 1504
66041 # 1504
66041 # 1504
66041 # 1504
66041 # 1504
66041 # 1504
66041 # 1504
66041 # 1504
66041 # 1504
66041 # 1504
66041 # 1504
66041 # 1504
66041 # 1504
66041 # 1504
