# mahimahi mm-link (Downlink) [/tmp/traces/1mbps.trace] > /home/rootroot/pantheon/src/experiments/data_1mbps_200ms/cubic_mm_acklink_run1.log
# command line: 'mm-link' '/tmp/traces/1mbps.trace' '/tmp/traces/1mbps.trace' '--uplink-log=/home/rootroot/pantheon/src/experiments/data_1mbps_200ms/cubic_mm_datalink_run1.log' '--downlink-log=/home/rootroot/pantheon/src/experiments/data_1mbps_200ms/cubic_mm_acklink_run1.log' '--uplink-queue=droptail' '--downlink-queue=droptail' '--uplink-queue-args=packets=500' '--downlink-queue-args=packets=500' 'python' '/home/rootroot/pantheon/src/experiments/tunnel_manager.py'
# queue: droptail [packets=500]
# init timestamp: 1744824329954
# base timestamp: 36
# mahimahi config: [delay 100 ms] 
37 + 80
37 + 52
37 + 80
360 + 80
903 + 80
1536 # 1504
1536 - 80 1499
1536 - 52 1499
1536 - 80 1499
1536 - 80 1176
1536 - 80 633
1536 # 1504
1536 # 1504
1536 # 1504
1536 # 1504
1536 # 1504
1536 # 1504
1536 # 1504
1536 # 1504
1536 # 1504
1536 # 1504
1536 # 1504
1536 # 1504
1536 # 1504
1536 # 1504
1536 # 1504
1536 # 1504
1536 # 1504
1536 # 1504
1536 # 1504
1536 # 1504
1536 # 1504
1536 # 1504
1536 # 1504
1536 # 1504
1536 # 1504
1536 # 1504
1536 # 1504
1536 # 1504
1536 # 1504
1536 # 1504
1536 # 1504
1536 # 1504
1536 # 1504
1536 # 1504
1536 # 1504
1536 # 1504
1536 # 1504
1536 # 1504
1536 # 1504
1536 # 1504
1536 # 1504
1536 # 1504
1536 # 1504
1536 # 1504
1536 # 1504
1536 # 1504
1536 # 1504
1536 # 1504
1536 # 1504
1536 # 1504
1536 # 1504
1536 # 1504
1536 # 1504
1536 # 1504
1536 # 1504
1536 # 1504
1536 # 1504
1536 # 1504
1536 # 1504
1536 # 1504
1536 # 1504
1536 # 1504
1536 # 1504
1536 # 1504
1536 # 1504
1536 # 1504
1536 # 1504
1536 # 1504
1536 # 1504
1536 # 1504
1536 # 1504
1536 # 1504
1536 # 1504
1536 # 1504
1536 # 1504
1536 # 1504
1536 # 1504
1536 # 1504
1536 # 1504
1536 # 1504
1536 # 1504
1536 # 1504
1742 + 40
1752 + 40
3036 # 1504
3036 - 40 1294
3036 - 40 1284
3036 # 1504
3036 # 1504
3036 # 1504
3036 # 1504
3036 # 1504
3036 # 1504
3036 # 1504
3036 # 1504
3036 # 1504
3036 # 1504
3036 # 1504
3036 # 1504
3036 # 1504
3036 # 1504
3036 # 1504
3036 # 1504
3036 # 1504
3036 # 1504
3036 # 1504
3036 # 1504
3036 # 1504
3036 # 1504
3036 # 1504
3036 # 1504
3036 # 1504
3036 # 1504
3036 # 1504
3036 # 1504
3036 # 1504
3036 # 1504
3036 # 1504
3036 # 1504
3036 # 1504
3036 # 1504
3036 # 1504
3036 # 1504
3036 # 1504
3036 # 1504
3036 # 1504
3036 # 1504
3036 # 1504
3036 # 1504
3036 # 1504
3036 # 1504
3036 # 1504
3036 # 1504
3036 # 1504
3036 # 1504
3036 # 1504
3036 # 1504
3036 # 1504
3036 # 1504
3036 # 1504
3036 # 1504
3036 # 1504
3036 # 1504
3036 # 1504
3036 # 1504
3036 # 1504
3036 # 1504
3036 # 1504
3036 # 1504
3036 # 1504
3036 # 1504
3036 # 1504
3036 # 1504
3036 # 1504
3036 # 1504
3036 # 1504
3036 # 1504
3036 # 1504
3036 # 1504
3036 # 1504
3036 # 1504
3036 # 1504
3036 # 1504
3036 # 1504
3036 # 1504
3036 # 1504
3036 # 1504
3036 # 1504
3036 # 1504
3244 + 40
3784 + 52
4536 # 1504
4536 - 40 1292
4536 - 52 752
4536 # 1504
4536 # 1504
4536 # 1504
4536 # 1504
4536 # 1504
4536 # 1504
4536 # 1504
4536 # 1504
4536 # 1504
4536 # 1504
4536 # 1504
4536 # 1504
4536 # 1504
4536 # 1504
4536 # 1504
4536 # 1504
4536 # 1504
4536 # 1504
4536 # 1504
4536 # 1504
4536 # 1504
4536 # 1504
4536 # 1504
4536 # 1504
4536 # 1504
4536 # 1504
4536 # 1504
4536 # 1504
4536 # 1504
4536 # 1504
4536 # 1504
4536 # 1504
4536 # 1504
4536 # 1504
4536 # 1504
4536 # 1504
4536 # 1504
4536 # 1504
4536 # 1504
4536 # 1504
4536 # 1504
4536 # 1504
4536 # 1504
4536 # 1504
4536 # 1504
4536 # 1504
4536 # 1504
4536 # 1504
4536 # 1504
4536 # 1504
4536 # 1504
4536 # 1504
4536 # 1504
4536 # 1504
4536 # 1504
4536 # 1504
4536 # 1504
4536 # 1504
4536 # 1504
4536 # 1504
4536 # 1504
4536 # 1504
4536 # 1504
4536 # 1504
4536 # 1504
4536 # 1504
4536 # 1504
4536 # 1504
4536 # 1504
4536 # 1504
4536 # 1504
4536 # 1504
4536 # 1504
4536 # 1504
4536 # 1504
4536 # 1504
4536 # 1504
4536 # 1504
4536 # 1504
4536 # 1504
4536 # 1504
4536 # 1504
6036 # 1504
6036 # 1504
6036 # 1504
6036 # 1504
6036 # 1504
6036 # 1504
6036 # 1504
6036 # 1504
6036 # 1504
6036 # 1504
6036 # 1504
6036 # 1504
6036 # 1504
6036 # 1504
6036 # 1504
6036 # 1504
6036 # 1504
6036 # 1504
6036 # 1504
6036 # 1504
6036 # 1504
6036 # 1504
6036 # 1504
6036 # 1504
6036 # 1504
6036 # 1504
6036 # 1504
6036 # 1504
6036 # 1504
6036 # 1504
6036 # 1504
6036 # 1504
6036 # 1504
6036 # 1504
6036 # 1504
6036 # 1504
6036 # 1504
6036 # 1504
6036 # 1504
6036 # 1504
6036 # 1504
6036 # 1504
6036 # 1504
6036 # 1504
6036 # 1504
6036 # 1504
6036 # 1504
6036 # 1504
6036 # 1504
6036 # 1504
6036 # 1504
6036 # 1504
6036 # 1504
6036 # 1504
6036 # 1504
6036 # 1504
6036 # 1504
6036 # 1504
6036 # 1504
6036 # 1504
6036 # 1504
6036 # 1504
6036 # 1504
6036 # 1504
6036 # 1504
6036 # 1504
6036 # 1504
6036 # 1504
6036 # 1504
6036 # 1504
6036 # 1504
6036 # 1504
6036 # 1504
6036 # 1504
6036 # 1504
6036 # 1504
6036 # 1504
6036 # 1504
6036 # 1504
6036 # 1504
6036 # 1504
6036 # 1504
6036 # 1504
7536 # 1504
7536 # 1504
7536 # 1504
7536 # 1504
7536 # 1504
7536 # 1504
7536 # 1504
7536 # 1504
7536 # 1504
7536 # 1504
7536 # 1504
7536 # 1504
7536 # 1504
7536 # 1504
7536 # 1504
7536 # 1504
7536 # 1504
7536 # 1504
7536 # 1504
7536 # 1504
7536 # 1504
7536 # 1504
7536 # 1504
7536 # 1504
7536 # 1504
7536 # 1504
7536 # 1504
7536 # 1504
7536 # 1504
7536 # 1504
7536 # 1504
7536 # 1504
7536 # 1504
7536 # 1504
7536 # 1504
7536 # 1504
7536 # 1504
7536 # 1504
7536 # 1504
7536 # 1504
7536 # 1504
7536 # 1504
7536 # 1504
7536 # 1504
7536 # 1504
7536 # 1504
7536 # 1504
7536 # 1504
7536 # 1504
7536 # 1504
7536 # 1504
7536 # 1504
7536 # 1504
7536 # 1504
7536 # 1504
7536 # 1504
7536 # 1504
7536 # 1504
7536 # 1504
7536 # 1504
7536 # 1504
7536 # 1504
7536 # 1504
7536 # 1504
7536 # 1504
7536 # 1504
7536 # 1504
7536 # 1504
7536 # 1504
7536 # 1504
7536 # 1504
7536 # 1504
7536 # 1504
7536 # 1504
7536 # 1504
7536 # 1504
7536 # 1504
7536 # 1504
7536 # 1504
7536 # 1504
7536 # 1504
7536 # 1504
7536 # 1504
7745 + 100
7745 + 100
8751 + 100
9036 # 1504
9036 - 100 1291
9036 - 100 1291
9036 - 100 285
9036 # 1504
9036 # 1504
9036 # 1504
9036 # 1504
9036 # 1504
9036 # 1504
9036 # 1504
9036 # 1504
9036 # 1504
9036 # 1504
9036 # 1504
9036 # 1504
9036 # 1504
9036 # 1504
9036 # 1504
9036 # 1504
9036 # 1504
9036 # 1504
9036 # 1504
9036 # 1504
9036 # 1504
9036 # 1504
9036 # 1504
9036 # 1504
9036 # 1504
9036 # 1504
9036 # 1504
9036 # 1504
9036 # 1504
9036 # 1504
9036 # 1504
9036 # 1504
9036 # 1504
9036 # 1504
9036 # 1504
9036 # 1504
9036 # 1504
9036 # 1504
9036 # 1504
9036 # 1504
9036 # 1504
9036 # 1504
9036 # 1504
9036 # 1504
9036 # 1504
9036 # 1504
9036 # 1504
9036 # 1504
9036 # 1504
9036 # 1504
9036 # 1504
9036 # 1504
9036 # 1504
9036 # 1504
9036 # 1504
9036 # 1504
9036 # 1504
9036 # 1504
9036 # 1504
9036 # 1504
9036 # 1504
9036 # 1504
9036 # 1504
9036 # 1504
9036 # 1504
9036 # 1504
9036 # 1504
9036 # 1504
9036 # 1504
9036 # 1504
9036 # 1504
9036 # 1504
9036 # 1504
9036 # 1504
9036 # 1504
9036 # 1504
9036 # 1504
9036 # 1504
9036 # 1504
9036 # 1504
9036 # 1504
9036 # 1504
10536 # 1504
10536 # 1504
10536 # 1504
10536 # 1504
10536 # 1504
10536 # 1504
10536 # 1504
10536 # 1504
10536 # 1504
10536 # 1504
10536 # 1504
10536 # 1504
10536 # 1504
10536 # 1504
10536 # 1504
10536 # 1504
10536 # 1504
10536 # 1504
10536 # 1504
10536 # 1504
10536 # 1504
10536 # 1504
10536 # 1504
10536 # 1504
10536 # 1504
10536 # 1504
10536 # 1504
10536 # 1504
10536 # 1504
10536 # 1504
10536 # 1504
10536 # 1504
10536 # 1504
10536 # 1504
10536 # 1504
10536 # 1504
10536 # 1504
10536 # 1504
10536 # 1504
10536 # 1504
10536 # 1504
10536 # 1504
10536 # 1504
10536 # 1504
10536 # 1504
10536 # 1504
10536 # 1504
10536 # 1504
10536 # 1504
10536 # 1504
10536 # 1504
10536 # 1504
10536 # 1504
10536 # 1504
10536 # 1504
10536 # 1504
10536 # 1504
10536 # 1504
10536 # 1504
10536 # 1504
10536 # 1504
10536 # 1504
10536 # 1504
10536 # 1504
10536 # 1504
10536 # 1504
10536 # 1504
10536 # 1504
10536 # 1504
10536 # 1504
10536 # 1504
10536 # 1504
10536 # 1504
10536 # 1504
10536 # 1504
10536 # 1504
10536 # 1504
10536 # 1504
10536 # 1504
10536 # 1504
10536 # 1504
10536 # 1504
10536 # 1504
10743 + 92
10743 + 92
10743 + 92
10743 + 92
10743 + 92
10743 + 92
10743 + 92
10743 + 92
10743 + 92
10743 + 92
10952 + 52
12036 # 1504
12036 - 92 1293
12036 - 92 1293
12036 - 92 1293
12036 - 92 1293
12036 - 92 1293
12036 - 92 1293
12036 - 92 1293
12036 - 92 1293
12036 - 92 1293
12036 - 92 1293
12036 - 52 1084
12036 # 1504
12036 # 1504
12036 # 1504
12036 # 1504
12036 # 1504
12036 # 1504
12036 # 1504
12036 # 1504
12036 # 1504
12036 # 1504
12036 # 1504
12036 # 1504
12036 # 1504
12036 # 1504
12036 # 1504
12036 # 1504
12036 # 1504
12036 # 1504
12036 # 1504
12036 # 1504
12036 # 1504
12036 # 1504
12036 # 1504
12036 # 1504
12036 # 1504
12036 # 1504
12036 # 1504
12036 # 1504
12036 # 1504
12036 # 1504
12036 # 1504
12036 # 1504
12036 # 1504
12036 # 1504
12036 # 1504
12036 # 1504
12036 # 1504
12036 # 1504
12036 # 1504
12036 # 1504
12036 # 1504
12036 # 1504
12036 # 1504
12036 # 1504
12036 # 1504
12036 # 1504
12036 # 1504
12036 # 1504
12036 # 1504
12036 # 1504
12036 # 1504
12036 # 1504
12036 # 1504
12036 # 1504
12036 # 1504
12036 # 1504
12036 # 1504
12036 # 1504
12036 # 1504
12036 # 1504
12036 # 1504
12036 # 1504
12036 # 1504
12036 # 1504
12036 # 1504
12036 # 1504
12036 # 1504
12036 # 1504
12036 # 1504
12036 # 1504
12036 # 1504
12036 # 1504
12036 # 1504
12036 # 1504
12036 # 1504
12036 # 1504
12036 # 1504
12036 # 1504
12036 # 1504
12036 # 1504
12036 # 1504
12036 # 1504
13536 # 1504
13536 # 1504
13536 # 1504
13536 # 1504
13536 # 1504
13536 # 1504
13536 # 1504
13536 # 1504
13536 # 1504
13536 # 1504
13536 # 1504
13536 # 1504
13536 # 1504
13536 # 1504
13536 # 1504
13536 # 1504
13536 # 1504
13536 # 1504
13536 # 1504
13536 # 1504
13536 # 1504
13536 # 1504
13536 # 1504
13536 # 1504
13536 # 1504
13536 # 1504
13536 # 1504
13536 # 1504
13536 # 1504
13536 # 1504
13536 # 1504
13536 # 1504
13536 # 1504
13536 # 1504
13536 # 1504
13536 # 1504
13536 # 1504
13536 # 1504
13536 # 1504
13536 # 1504
13536 # 1504
13536 # 1504
13536 # 1504
13536 # 1504
13536 # 1504
13536 # 1504
13536 # 1504
13536 # 1504
13536 # 1504
13536 # 1504
13536 # 1504
13536 # 1504
13536 # 1504
13536 # 1504
13536 # 1504
13536 # 1504
13536 # 1504
13536 # 1504
13536 # 1504
13536 # 1504
13536 # 1504
13536 # 1504
13536 # 1504
13536 # 1504
13536 # 1504
13536 # 1504
13536 # 1504
13536 # 1504
13536 # 1504
13536 # 1504
13536 # 1504
13536 # 1504
13536 # 1504
13536 # 1504
13536 # 1504
13536 # 1504
13536 # 1504
13536 # 1504
13536 # 1504
13536 # 1504
13536 # 1504
13536 # 1504
13536 # 1504
13742 + 92
13742 + 92
13742 + 92
13742 + 92
13742 + 92
13742 + 92
13742 + 92
13742 + 92
13742 + 92
13743 + 92
13743 + 92
15036 # 1504
15036 - 92 1294
15036 - 92 1294
15036 - 92 1294
15036 - 92 1294
15036 - 92 1294
15036 - 92 1294
15036 - 92 1294
15036 - 92 1294
15036 - 92 1294
15036 - 92 1293
15036 - 92 1293
15036 # 1504
15036 # 1504
15036 # 1504
15036 # 1504
15036 # 1504
15036 # 1504
15036 # 1504
15036 # 1504
15036 # 1504
15036 # 1504
15036 # 1504
15036 # 1504
15036 # 1504
15036 # 1504
15036 # 1504
15036 # 1504
15036 # 1504
15036 # 1504
15036 # 1504
15036 # 1504
15036 # 1504
15036 # 1504
15036 # 1504
15036 # 1504
15036 # 1504
15036 # 1504
15036 # 1504
15036 # 1504
15036 # 1504
15036 # 1504
15036 # 1504
15036 # 1504
15036 # 1504
15036 # 1504
15036 # 1504
15036 # 1504
15036 # 1504
15036 # 1504
15036 # 1504
15036 # 1504
15036 # 1504
15036 # 1504
15036 # 1504
15036 # 1504
15036 # 1504
15036 # 1504
15036 # 1504
15036 # 1504
15036 # 1504
15036 # 1504
15036 # 1504
15036 # 1504
15036 # 1504
15036 # 1504
15036 # 1504
15036 # 1504
15036 # 1504
15036 # 1504
15036 # 1504
15036 # 1504
15036 # 1504
15036 # 1504
15036 # 1504
15036 # 1504
15036 # 1504
15036 # 1504
15036 # 1504
15036 # 1504
15036 # 1504
15036 # 1504
15036 # 1504
15036 # 1504
15036 # 1504
15036 # 1504
15036 # 1504
15036 # 1504
15036 # 1504
15036 # 1504
15036 # 1504
15036 # 1504
15036 # 1504
15036 # 1504
15243 + 92
16536 # 1504
16536 - 92 1293
16536 # 1504
16536 # 1504
16536 # 1504
16536 # 1504
16536 # 1504
16536 # 1504
16536 # 1504
16536 # 1504
16536 # 1504
16536 # 1504
16536 # 1504
16536 # 1504
16536 # 1504
16536 # 1504
16536 # 1504
16536 # 1504
16536 # 1504
16536 # 1504
16536 # 1504
16536 # 1504
16536 # 1504
16536 # 1504
16536 # 1504
16536 # 1504
16536 # 1504
16536 # 1504
16536 # 1504
16536 # 1504
16536 # 1504
16536 # 1504
16536 # 1504
16536 # 1504
16536 # 1504
16536 # 1504
16536 # 1504
16536 # 1504
16536 # 1504
16536 # 1504
16536 # 1504
16536 # 1504
16536 # 1504
16536 # 1504
16536 # 1504
16536 # 1504
16536 # 1504
16536 # 1504
16536 # 1504
16536 # 1504
16536 # 1504
16536 # 1504
16536 # 1504
16536 # 1504
16536 # 1504
16536 # 1504
16536 # 1504
16536 # 1504
16536 # 1504
16536 # 1504
16536 # 1504
16536 # 1504
16536 # 1504
16536 # 1504
16536 # 1504
16536 # 1504
16536 # 1504
16536 # 1504
16536 # 1504
16536 # 1504
16536 # 1504
16536 # 1504
16536 # 1504
16536 # 1504
16536 # 1504
16536 # 1504
16536 # 1504
16536 # 1504
16536 # 1504
16536 # 1504
16536 # 1504
16536 # 1504
16536 # 1504
16536 # 1504
16744 + 92
16744 + 92
16744 + 92
16744 + 92
16744 + 92
16744 + 92
16744 + 92
16744 + 92
16744 + 92
16744 + 92
16744 + 92
16744 + 92
16744 + 92
16744 + 92
16744 + 92
16744 + 92
16745 + 92
16745 + 92
16745 + 92
16745 + 92
16745 + 92
16745 + 92
16745 + 92
18036 # 1504
18036 - 92 1292
18036 - 92 1292
18036 - 92 1292
18036 - 92 1292
18036 - 92 1292
18036 - 92 1292
18036 - 92 1292
18036 - 92 1292
18036 - 92 1292
18036 - 92 1292
18036 - 92 1292
18036 - 92 1292
18036 - 92 1292
18036 - 92 1292
18036 - 92 1292
18036 - 92 1292
18036 # 1504
18036 - 92 1291
18036 - 92 1291
18036 - 92 1291
18036 - 92 1291
18036 - 92 1291
18036 - 92 1291
18036 - 92 1291
18036 # 1504
18036 # 1504
18036 # 1504
18036 # 1504
18036 # 1504
18036 # 1504
18036 # 1504
18036 # 1504
18036 # 1504
18036 # 1504
18036 # 1504
18036 # 1504
18036 # 1504
18036 # 1504
18036 # 1504
18036 # 1504
18036 # 1504
18036 # 1504
18036 # 1504
18036 # 1504
18036 # 1504
18036 # 1504
18036 # 1504
18036 # 1504
18036 # 1504
18036 # 1504
18036 # 1504
18036 # 1504
18036 # 1504
18036 # 1504
18036 # 1504
18036 # 1504
18036 # 1504
18036 # 1504
18036 # 1504
18036 # 1504
18036 # 1504
18036 # 1504
18036 # 1504
18036 # 1504
18036 # 1504
18036 # 1504
18036 # 1504
18036 # 1504
18036 # 1504
18036 # 1504
18036 # 1504
18036 # 1504
18036 # 1504
18036 # 1504
18036 # 1504
18036 # 1504
18036 # 1504
18036 # 1504
18036 # 1504
18036 # 1504
18036 # 1504
18036 # 1504
18036 # 1504
18036 # 1504
18036 # 1504
18036 # 1504
18036 # 1504
18036 # 1504
18036 # 1504
18036 # 1504
18036 # 1504
18036 # 1504
18036 # 1504
18036 # 1504
18036 # 1504
18036 # 1504
18036 # 1504
18036 # 1504
18036 # 1504
18036 # 1504
18036 # 1504
18036 # 1504
18036 # 1504
18036 # 1504
18036 # 1504
18251 + 92
18251 + 92
18251 + 92
18251 + 92
19536 # 1504
19536 - 92 1285
19536 - 92 1285
19536 - 92 1285
19536 - 92 1285
19536 # 1504
19536 # 1504
19536 # 1504
19536 # 1504
19536 # 1504
19536 # 1504
19536 # 1504
19536 # 1504
19536 # 1504
19536 # 1504
19536 # 1504
19536 # 1504
19536 # 1504
19536 # 1504
19536 # 1504
19536 # 1504
19536 # 1504
19536 # 1504
19536 # 1504
19536 # 1504
19536 # 1504
19536 # 1504
19536 # 1504
19536 # 1504
19536 # 1504
19536 # 1504
19536 # 1504
19536 # 1504
19536 # 1504
19536 # 1504
19536 # 1504
19536 # 1504
19536 # 1504
19536 # 1504
19536 # 1504
19536 # 1504
19536 # 1504
19536 # 1504
19536 # 1504
19536 # 1504
19536 # 1504
19536 # 1504
19536 # 1504
19536 # 1504
19536 # 1504
19536 # 1504
19536 # 1504
19536 # 1504
19536 # 1504
19536 # 1504
19536 # 1504
19536 # 1504
19536 # 1504
19536 # 1504
19536 # 1504
19536 # 1504
19536 # 1504
19536 # 1504
19536 # 1504
19536 # 1504
19536 # 1504
19536 # 1504
19536 # 1504
19536 # 1504
19536 # 1504
19536 # 1504
19536 # 1504
19536 # 1504
19536 # 1504
19536 # 1504
19536 # 1504
19536 # 1504
19536 # 1504
19536 # 1504
19536 # 1504
19536 # 1504
19536 # 1504
19536 # 1504
19536 # 1504
19536 # 1504
19536 # 1504
19536 # 1504
19745 + 92
19746 + 92
19746 + 92
19746 + 92
19746 + 92
19746 + 92
19746 + 92
19746 + 92
19746 + 92
19746 + 92
19746 + 92
19746 + 92
19746 + 92
19746 + 92
19746 + 92
19746 + 92
19746 + 92
19746 + 92
19746 + 92
19746 + 92
19746 + 92
19746 + 92
19746 + 92
19746 + 92
19746 + 92
19746 + 92
19746 + 92
19746 + 92
19746 + 92
19746 + 92
19746 + 92
19746 + 92
19746 + 92
19746 + 92
19746 + 92
19746 + 92
19746 + 92
19746 + 92
19746 + 92
19746 + 92
19746 + 92
19746 + 92
19746 + 92
19746 + 92
19746 + 92
19746 + 92
19746 + 92
19748 + 92
19748 + 92
19748 + 92
19748 + 92
19748 + 92
19748 + 92
19748 + 92
19748 + 92
19748 + 92
19748 + 92
21036 # 1504
21036 - 92 1291
21036 - 92 1290
21036 - 92 1290
21036 - 92 1290
21036 - 92 1290
21036 - 92 1290
21036 - 92 1290
21036 - 92 1290
21036 - 92 1290
21036 - 92 1290
21036 - 92 1290
21036 - 92 1290
21036 - 92 1290
21036 - 92 1290
21036 - 92 1290
21036 - 92 1290
21036 # 1504
21036 - 92 1290
21036 - 92 1290
21036 - 92 1290
21036 - 92 1290
21036 - 92 1290
21036 - 92 1290
21036 - 92 1290
21036 - 92 1290
21036 - 92 1290
21036 - 92 1290
21036 - 92 1290
21036 - 92 1290
21036 - 92 1290
21036 - 92 1290
21036 - 92 1290
21036 - 92 1290
21036 # 1504
21036 - 92 1290
21036 - 92 1290
21036 - 92 1290
21036 - 92 1290
21036 - 92 1290
21036 - 92 1290
21036 - 92 1290
21036 - 92 1290
21036 - 92 1290
21036 - 92 1290
21036 - 92 1290
21036 - 92 1290
21036 - 92 1290
21036 - 92 1290
21036 - 92 1290
21036 - 92 1288
21036 - 92 1288
21036 # 1504
21036 - 92 1288
21036 - 92 1288
21036 - 92 1288
21036 - 92 1288
21036 - 92 1288
21036 - 92 1288
21036 - 92 1288
21036 - 92 1288
21036 # 1504
21036 # 1504
21036 # 1504
21036 # 1504
21036 # 1504
21036 # 1504
21036 # 1504
21036 # 1504
21036 # 1504
21036 # 1504
21036 # 1504
21036 # 1504
21036 # 1504
21036 # 1504
21036 # 1504
21036 # 1504
21036 # 1504
21036 # 1504
21036 # 1504
21036 # 1504
21036 # 1504
21036 # 1504
21036 # 1504
21036 # 1504
21036 # 1504
21036 # 1504
21036 # 1504
21036 # 1504
21036 # 1504
21036 # 1504
21036 # 1504
21036 # 1504
21036 # 1504
21036 # 1504
21036 # 1504
21036 # 1504
21036 # 1504
21036 # 1504
21036 # 1504
21036 # 1504
21036 # 1504
21036 # 1504
21036 # 1504
21036 # 1504
21036 # 1504
21036 # 1504
21036 # 1504
21036 # 1504
21036 # 1504
21036 # 1504
21036 # 1504
21036 # 1504
21036 # 1504
21036 # 1504
21036 # 1504
21036 # 1504
21036 # 1504
21036 # 1504
21036 # 1504
21036 # 1504
21036 # 1504
21036 # 1504
21036 # 1504
21036 # 1504
21036 # 1504
21036 # 1504
21036 # 1504
21036 # 1504
21036 # 1504
21036 # 1504
21036 # 1504
21036 # 1504
21036 # 1504
21036 # 1504
21036 # 1504
21036 # 1504
21036 # 1504
21036 # 1504
21036 # 1504
21249 + 92
21250 + 92
21250 + 92
21250 + 92
21250 + 92
21250 + 92
22536 # 1504
22536 - 92 1287
22536 - 92 1286
22536 - 92 1286
22536 - 92 1286
22536 - 92 1286
22536 - 92 1286
22536 # 1504
22536 # 1504
22536 # 1504
22536 # 1504
22536 # 1504
22536 # 1504
22536 # 1504
22536 # 1504
22536 # 1504
22536 # 1504
22536 # 1504
22536 # 1504
22536 # 1504
22536 # 1504
22536 # 1504
22536 # 1504
22536 # 1504
22536 # 1504
22536 # 1504
22536 # 1504
22536 # 1504
22536 # 1504
22536 # 1504
22536 # 1504
22536 # 1504
22536 # 1504
22536 # 1504
22536 # 1504
22536 # 1504
22536 # 1504
22536 # 1504
22536 # 1504
22536 # 1504
22536 # 1504
22536 # 1504
22536 # 1504
22536 # 1504
22536 # 1504
22536 # 1504
22536 # 1504
22536 # 1504
22536 # 1504
22536 # 1504
22536 # 1504
22536 # 1504
22536 # 1504
22536 # 1504
22536 # 1504
22536 # 1504
22536 # 1504
22536 # 1504
22536 # 1504
22536 # 1504
22536 # 1504
22536 # 1504
22536 # 1504
22536 # 1504
22536 # 1504
22536 # 1504
22536 # 1504
22536 # 1504
22536 # 1504
22536 # 1504
22536 # 1504
22536 # 1504
22536 # 1504
22536 # 1504
22536 # 1504
22536 # 1504
22536 # 1504
22536 # 1504
22536 # 1504
22536 # 1504
22536 # 1504
22536 # 1504
22536 # 1504
22536 # 1504
22536 # 1504
22536 # 1504
22536 # 1504
22536 # 1504
22536 # 1504
22745 + 92
22746 + 92
22746 + 92
22746 + 92
22746 + 92
22746 + 92
22746 + 92
22746 + 92
22746 + 92
22746 + 92
22746 + 92
22746 + 92
22746 + 92
22746 + 92
22746 + 92
22746 + 92
22746 + 92
22746 + 92
22746 + 92
22746 + 92
22746 + 92
22746 + 92
22746 + 92
22746 + 92
22746 + 92
22746 + 92
22746 + 92
22746 + 92
22746 + 92
22746 + 92
22746 + 92
22746 + 92
22746 + 92
22746 + 92
22746 + 92
22746 + 92
22746 + 92
22746 + 92
22747 + 92
22747 + 92
22747 + 92
22747 + 92
22747 + 92
22747 + 92
22747 + 92
22747 + 92
22747 + 92
22749 + 92
22749 + 92
22749 + 92
22749 + 92
22749 + 92
22749 + 92
22749 + 92
22749 + 92
22749 + 92
22749 + 92
22749 + 92
22749 + 92
22749 + 92
22749 + 92
22749 + 92
22749 + 92
22749 + 92
22749 + 92
22749 + 92
22749 + 92
22749 + 92
22749 + 92
22749 + 92
22749 + 92
22752 + 92
22752 + 92
22752 + 92
22752 + 92
22752 + 92
22752 + 92
22752 + 92
22752 + 92
22752 + 92
22752 + 92
22752 + 92
22752 + 92
24036 # 1504
24036 - 92 1291
24036 - 92 1290
24036 - 92 1290
24036 - 92 1290
24036 - 92 1290
24036 - 92 1290
24036 - 92 1290
24036 - 92 1290
24036 - 92 1290
24036 - 92 1290
24036 - 92 1290
24036 - 92 1290
24036 - 92 1290
24036 - 92 1290
24036 - 92 1290
24036 - 92 1290
24036 # 1504
24036 - 92 1290
24036 - 92 1290
24036 - 92 1290
24036 - 92 1290
24036 - 92 1290
24036 - 92 1290
24036 - 92 1290
24036 - 92 1290
24036 - 92 1290
24036 - 92 1290
24036 - 92 1290
24036 - 92 1290
24036 - 92 1290
24036 - 92 1290
24036 - 92 1290
24036 - 92 1290
24036 # 1504
24036 - 92 1290
24036 - 92 1290
24036 - 92 1290
24036 - 92 1290
24036 - 92 1290
24036 - 92 1290
24036 - 92 1289
24036 - 92 1289
24036 - 92 1289
24036 - 92 1289
24036 - 92 1289
24036 - 92 1289
24036 - 92 1289
24036 - 92 1289
24036 - 92 1289
24036 - 92 1287
24036 - 92 1287
24036 # 1504
24036 - 92 1287
24036 - 92 1287
24036 - 92 1287
24036 - 92 1287
24036 - 92 1287
24036 - 92 1287
24036 - 92 1287
24036 - 92 1287
24036 - 92 1287
24036 - 92 1287
24036 - 92 1287
24036 - 92 1287
24036 - 92 1287
24036 - 92 1287
24036 - 92 1287
24036 - 92 1287
24036 # 1504
24036 - 92 1287
24036 - 92 1287
24036 - 92 1287
24036 - 92 1287
24036 - 92 1287
24036 - 92 1287
24036 - 92 1284
24036 - 92 1284
24036 - 92 1284
24036 - 92 1284
24036 - 92 1284
24036 - 92 1284
24036 - 92 1284
24036 - 92 1284
24036 - 92 1284
24036 - 92 1284
24036 # 1504
24036 - 92 1284
24036 - 92 1284
24036 # 1504
24036 # 1504
24036 # 1504
24036 # 1504
24036 # 1504
24036 # 1504
24036 # 1504
24036 # 1504
24036 # 1504
24036 # 1504
24036 # 1504
24036 # 1504
24036 # 1504
24036 # 1504
24036 # 1504
24036 # 1504
24036 # 1504
24036 # 1504
24036 # 1504
24036 # 1504
24036 # 1504
24036 # 1504
24036 # 1504
24036 # 1504
24036 # 1504
24036 # 1504
24036 # 1504
24036 # 1504
24036 # 1504
24036 # 1504
24036 # 1504
24036 # 1504
24036 # 1504
24036 # 1504
24036 # 1504
24036 # 1504
24036 # 1504
24036 # 1504
24036 # 1504
24036 # 1504
24036 # 1504
24036 # 1504
24036 # 1504
24036 # 1504
24036 # 1504
24036 # 1504
24036 # 1504
24036 # 1504
24036 # 1504
24036 # 1504
24036 # 1504
24036 # 1504
24036 # 1504
24036 # 1504
24036 # 1504
24036 # 1504
24036 # 1504
24036 # 1504
24036 # 1504
24036 # 1504
24036 # 1504
24036 # 1504
24036 # 1504
24036 # 1504
24036 # 1504
24036 # 1504
24036 # 1504
24036 # 1504
24036 # 1504
24036 # 1504
24036 # 1504
24036 # 1504
24036 # 1504
24036 # 1504
24036 # 1504
24036 # 1504
24036 # 1504
24248 + 92
24248 + 92
24248 + 92
24248 + 92
24248 + 92
24248 + 92
24248 + 92
24248 + 92
24248 + 92
24248 + 92
24248 + 92
25536 # 1504
25536 - 92 1288
25536 - 92 1288
25536 - 92 1288
25536 - 92 1288
25536 - 92 1288
25536 - 92 1288
25536 - 92 1288
25536 - 92 1288
25536 - 92 1288
25536 - 92 1288
25536 - 92 1288
25536 # 1504
25536 # 1504
25536 # 1504
25536 # 1504
25536 # 1504
25536 # 1504
25536 # 1504
25536 # 1504
25536 # 1504
25536 # 1504
25536 # 1504
25536 # 1504
25536 # 1504
25536 # 1504
25536 # 1504
25536 # 1504
25536 # 1504
25536 # 1504
25536 # 1504
25536 # 1504
25536 # 1504
25536 # 1504
25536 # 1504
25536 # 1504
25536 # 1504
25536 # 1504
25536 # 1504
25536 # 1504
25536 # 1504
25536 # 1504
25536 # 1504
25536 # 1504
25536 # 1504
25536 # 1504
25536 # 1504
25536 # 1504
25536 # 1504
25536 # 1504
25536 # 1504
25536 # 1504
25536 # 1504
25536 # 1504
25536 # 1504
25536 # 1504
25536 # 1504
25536 # 1504
25536 # 1504
25536 # 1504
25536 # 1504
25536 # 1504
25536 # 1504
25536 # 1504
25536 # 1504
25536 # 1504
25536 # 1504
25536 # 1504
25536 # 1504
25536 # 1504
25536 # 1504
25536 # 1504
25536 # 1504
25536 # 1504
25536 # 1504
25536 # 1504
25536 # 1504
25536 # 1504
25536 # 1504
25536 # 1504
25536 # 1504
25536 # 1504
25536 # 1504
25536 # 1504
25536 # 1504
25536 # 1504
25536 # 1504
25536 # 1504
25536 # 1504
25536 # 1504
25536 # 1504
25536 # 1504
25536 # 1504
25536 # 1504
25543 + 52
25742 + 92
25742 + 92
25742 + 92
25742 + 92
25742 + 92
25742 + 92
25742 + 92
25742 + 92
25742 + 92
25742 + 92
25742 + 92
25742 + 92
25742 + 92
25742 + 92
25742 + 92
25742 + 92
25742 + 92
25743 + 92
25743 + 92
25743 + 92
25743 + 92
25743 + 92
25743 + 92
25743 + 92
25743 + 92
25743 + 92
25743 + 92
25743 + 92
25743 + 92
25744 + 92
25744 + 92
25744 + 92
25744 + 92
25744 + 92
25744 + 92
25744 + 92
25744 + 92
25745 + 92
25745 + 92
25745 + 92
25745 + 92
25745 + 92
25745 + 92
25745 + 92
25745 + 92
25745 + 92
25745 + 92
25745 + 92
25745 + 92
25745 + 92
25745 + 92
25745 + 92
25745 + 92
25745 + 92
25745 + 92
25745 + 92
25745 + 92
25745 + 92
25745 + 92
25745 + 92
25747 + 92
25747 + 92
25747 + 92
25747 + 92
25749 + 92
25749 + 92
25749 + 92
25749 + 92
25749 + 92
25749 + 92
25749 + 92
25749 + 92
25749 + 92
25749 + 92
25749 + 92
25749 + 92
25749 + 92
25749 + 92
25749 + 92
25749 + 92
25749 + 92
25749 + 92
27036 # 1504
27036 - 52 1493
27036 - 92 1294
27036 - 92 1294
27036 - 92 1294
27036 - 92 1294
27036 - 92 1294
27036 - 92 1294
27036 - 92 1294
27036 - 92 1294
27036 - 92 1294
27036 - 92 1294
27036 - 92 1294
27036 - 92 1294
27036 - 92 1294
27036 - 92 1294
27036 - 92 1294
27036 # 1504
27036 - 92 1294
27036 - 92 1294
27036 - 92 1293
27036 - 92 1293
27036 - 92 1293
27036 - 92 1293
27036 - 92 1293
27036 - 92 1293
27036 - 92 1293
27036 - 92 1293
27036 - 92 1293
27036 - 92 1293
27036 - 92 1293
27036 - 92 1293
27036 - 92 1292
27036 - 92 1292
27036 - 92 1292
27036 # 1504
27036 - 92 1292
27036 - 92 1292
27036 - 92 1292
27036 - 92 1292
27036 - 92 1292
27036 - 92 1291
27036 - 92 1291
27036 - 92 1291
27036 - 92 1291
27036 - 92 1291
27036 - 92 1291
27036 - 92 1291
27036 - 92 1291
27036 - 92 1291
27036 - 92 1291
27036 - 92 1291
27036 # 1504
27036 - 92 1291
27036 - 92 1291
27036 - 92 1291
27036 - 92 1291
27036 - 92 1291
27036 - 92 1291
27036 - 92 1291
27036 - 92 1291
27036 - 92 1291
27036 - 92 1291
27036 - 92 1291
27036 - 92 1291
27036 - 92 1289
27036 - 92 1289
27036 - 92 1289
27036 - 92 1289
27036 # 1504
27036 - 92 1287
27036 - 92 1287
27036 - 92 1287
27036 - 92 1287
27036 - 92 1287
27036 - 92 1287
27036 - 92 1287
27036 - 92 1287
27036 - 92 1287
27036 - 92 1287
27036 - 92 1287
27036 - 92 1287
27036 - 92 1287
27036 - 92 1287
27036 - 92 1287
27036 - 92 1287
27036 - 92 1287
27036 # 1504
27036 - 92 1287
27036 # 1504
27036 # 1504
27036 # 1504
27036 # 1504
27036 # 1504
27036 # 1504
27036 # 1504
27036 # 1504
27036 # 1504
27036 # 1504
27036 # 1504
27036 # 1504
27036 # 1504
27036 # 1504
27036 # 1504
27036 # 1504
27036 # 1504
27036 # 1504
27036 # 1504
27036 # 1504
27036 # 1504
27036 # 1504
27036 # 1504
27036 # 1504
27036 # 1504
27036 # 1504
27036 # 1504
27036 # 1504
27036 # 1504
27036 # 1504
27036 # 1504
27036 # 1504
27036 # 1504
27036 # 1504
27036 # 1504
27036 # 1504
27036 # 1504
27036 # 1504
27036 # 1504
27036 # 1504
27036 # 1504
27036 # 1504
27036 # 1504
27036 # 1504
27036 # 1504
27036 # 1504
27036 # 1504
27036 # 1504
27036 # 1504
27036 # 1504
27036 # 1504
27036 # 1504
27036 # 1504
27036 # 1504
27036 # 1504
27036 # 1504
27036 # 1504
27036 # 1504
27036 # 1504
27036 # 1504
27036 # 1504
27036 # 1504
27036 # 1504
27036 # 1504
27036 # 1504
27036 # 1504
27036 # 1504
27036 # 1504
27036 # 1504
27036 # 1504
27036 # 1504
27036 # 1504
27036 # 1504
27036 # 1504
27036 # 1504
27036 # 1504
27036 # 1504
27245 + 92
27245 + 92
27245 + 92
27245 + 92
27245 + 92
27245 + 92
27245 + 92
27246 + 92
27246 + 92
27246 + 92
27246 + 92
27246 + 92
27246 + 92
27246 + 92
27246 + 92
27246 + 92
27246 + 92
27246 + 92
27246 + 92
27246 + 92
27246 + 92
27246 + 92
27246 + 92
27246 + 92
27247 + 92
27247 + 92
27247 + 92
27247 + 92
27247 + 92
27247 + 92
27247 + 92
28536 # 1504
28536 - 92 1291
28536 - 92 1291
28536 - 92 1291
28536 - 92 1291
28536 - 92 1291
28536 - 92 1291
28536 - 92 1291
28536 - 92 1290
28536 - 92 1290
28536 - 92 1290
28536 - 92 1290
28536 - 92 1290
28536 - 92 1290
28536 - 92 1290
28536 - 92 1290
28536 - 92 1290
28536 # 1504
28536 - 92 1290
28536 - 92 1290
28536 - 92 1290
28536 - 92 1290
28536 - 92 1290
28536 - 92 1290
28536 - 92 1290
28536 - 92 1290
28536 - 92 1289
28536 - 92 1289
28536 - 92 1289
28536 - 92 1289
28536 - 92 1289
28536 - 92 1289
28536 - 92 1289
28536 # 1504
28536 # 1504
28536 # 1504
28536 # 1504
28536 # 1504
28536 # 1504
28536 # 1504
28536 # 1504
28536 # 1504
28536 # 1504
28536 # 1504
28536 # 1504
28536 # 1504
28536 # 1504
28536 # 1504
28536 # 1504
28536 # 1504
28536 # 1504
28536 # 1504
28536 # 1504
28536 # 1504
28536 # 1504
28536 # 1504
28536 # 1504
28536 # 1504
28536 # 1504
28536 # 1504
28536 # 1504
28536 # 1504
28536 # 1504
28536 # 1504
28536 # 1504
28536 # 1504
28536 # 1504
28536 # 1504
28536 # 1504
28536 # 1504
28536 # 1504
28536 # 1504
28536 # 1504
28536 # 1504
28536 # 1504
28536 # 1504
28536 # 1504
28536 # 1504
28536 # 1504
28536 # 1504
28536 # 1504
28536 # 1504
28536 # 1504
28536 # 1504
28536 # 1504
28536 # 1504
28536 # 1504
28536 # 1504
28536 # 1504
28536 # 1504
28536 # 1504
28536 # 1504
28536 # 1504
28536 # 1504
28536 # 1504
28536 # 1504
28536 # 1504
28536 # 1504
28536 # 1504
28536 # 1504
28536 # 1504
28536 # 1504
28536 # 1504
28536 # 1504
28536 # 1504
28536 # 1504
28536 # 1504
28536 # 1504
28536 # 1504
28536 # 1504
28536 # 1504
28536 # 1504
28536 # 1504
28536 # 1504
28741 + 92
28742 + 92
28742 + 92
28742 + 92
28742 + 92
28742 + 92
28742 + 92
28742 + 92
28742 + 92
28743 + 92
28743 + 92
28743 + 92
28743 + 92
28743 + 92
28743 + 92
28743 + 92
28743 + 92
28743 + 92
28743 + 92
28743 + 92
28743 + 92
28745 + 92
28745 + 92
28745 + 92
28745 + 92
28745 + 92
28745 + 92
28745 + 92
28745 + 92
28745 + 92
28745 + 92
28745 + 92
28745 + 92
28745 + 92
28747 + 92
28747 + 92
28747 + 92
28747 + 92
28747 + 92
28747 + 92
28747 + 92
28747 + 92
30036 # 1504
30036 - 92 1295
30036 - 92 1294
30036 - 92 1294
30036 - 92 1294
30036 - 92 1294
30036 - 92 1294
30036 - 92 1294
30036 - 92 1294
30036 - 92 1294
30036 - 92 1293
30036 - 92 1293
30036 - 92 1293
30036 - 92 1293
30036 - 92 1293
30036 - 92 1293
30036 - 92 1293
30036 # 1504
30036 - 92 1293
30036 - 92 1293
30036 - 92 1293
30036 - 92 1293
30036 - 92 1293
30036 - 92 1291
30036 - 92 1291
30036 - 92 1291
30036 - 92 1291
30036 - 92 1291
30036 - 92 1291
30036 - 92 1291
30036 - 92 1291
30036 - 92 1291
30036 - 92 1291
30036 - 92 1291
30036 # 1504
30036 - 92 1291
30036 - 92 1291
30036 - 92 1289
30036 - 92 1289
30036 - 92 1289
30036 - 92 1289
30036 - 92 1289
30036 - 92 1289
30036 - 92 1289
30036 - 92 1289
30036 # 1504
30036 # 1504
30036 # 1504
30036 # 1504
30036 # 1504
30036 # 1504
30036 # 1504
30036 # 1504
30036 # 1504
30036 # 1504
30036 # 1504
30036 # 1504
30036 # 1504
30036 # 1504
30036 # 1504
30036 # 1504
30036 # 1504
30036 # 1504
30036 # 1504
30036 # 1504
30036 # 1504
30036 # 1504
30036 # 1504
30036 # 1504
30036 # 1504
30036 # 1504
30036 # 1504
30036 # 1504
30036 # 1504
30036 # 1504
30036 # 1504
30036 # 1504
30036 # 1504
30036 # 1504
30036 # 1504
30036 # 1504
30036 # 1504
30036 # 1504
30036 # 1504
30036 # 1504
30036 # 1504
30036 # 1504
30036 # 1504
30036 # 1504
30036 # 1504
30036 # 1504
30036 # 1504
30036 # 1504
30036 # 1504
30036 # 1504
30036 # 1504
30036 # 1504
30036 # 1504
30036 # 1504
30036 # 1504
30036 # 1504
30036 # 1504
30036 # 1504
30036 # 1504
30036 # 1504
30036 # 1504
30036 # 1504
30036 # 1504
30036 # 1504
30036 # 1504
30036 # 1504
30036 # 1504
30036 # 1504
30036 # 1504
30036 # 1504
30036 # 1504
30036 # 1504
30036 # 1504
30036 # 1504
30036 # 1504
30036 # 1504
30036 # 1504
30036 # 1504
30036 # 1504
30036 # 1504
30243 + 92
30243 + 92
30244 + 92
30244 + 92
30244 + 92
30244 + 92
30244 + 92
30244 + 92
30244 + 92
30244 + 92
30244 + 92
30244 + 92
30244 + 92
30246 + 92
30246 + 92
30246 + 92
30246 + 92
30246 + 92
30246 + 92
30246 + 92
30246 + 92
30246 + 92
30246 + 92
30246 + 92
30247 + 92
30247 + 92
30247 + 92
30247 + 92
30247 + 92
30248 + 92
30248 + 92
30248 + 92
30248 + 92
30248 + 92
30248 + 92
30248 + 92
30248 + 92
30248 + 92
30248 + 92
30248 + 92
30248 + 92
30294 + 92
31536 # 1504
31536 - 92 1293
31536 - 92 1293
31536 - 92 1292
31536 - 92 1292
31536 - 92 1292
31536 - 92 1292
31536 - 92 1292
31536 - 92 1292
31536 - 92 1292
31536 - 92 1292
31536 - 92 1292
31536 - 92 1292
31536 - 92 1292
31536 - 92 1290
31536 - 92 1290
31536 - 92 1290
31536 # 1504
31536 - 92 1290
31536 - 92 1290
31536 - 92 1290
31536 - 92 1290
31536 - 92 1290
31536 - 92 1290
31536 - 92 1290
31536 - 92 1290
31536 - 92 1289
31536 - 92 1289
31536 - 92 1289
31536 - 92 1289
31536 - 92 1289
31536 - 92 1288
31536 - 92 1288
31536 - 92 1288
31536 # 1504
31536 - 92 1288
31536 - 92 1288
31536 - 92 1288
31536 - 92 1288
31536 - 92 1288
31536 - 92 1288
31536 - 92 1288
31536 - 92 1288
31536 - 92 1288
31536 - 92 1242
31536 # 1504
31536 # 1504
31536 # 1504
31536 # 1504
31536 # 1504
31536 # 1504
31536 # 1504
31536 # 1504
31536 # 1504
31536 # 1504
31536 # 1504
31536 # 1504
31536 # 1504
31536 # 1504
31536 # 1504
31536 # 1504
31536 # 1504
31536 # 1504
31536 # 1504
31536 # 1504
31536 # 1504
31536 # 1504
31536 # 1504
31536 # 1504
31536 # 1504
31536 # 1504
31536 # 1504
31536 # 1504
31536 # 1504
31536 # 1504
31536 # 1504
31536 # 1504
31536 # 1504
31536 # 1504
31536 # 1504
31536 # 1504
31536 # 1504
31536 # 1504
31536 # 1504
31536 # 1504
31536 # 1504
31536 # 1504
31536 # 1504
31536 # 1504
31536 # 1504
31536 # 1504
31536 # 1504
31536 # 1504
31536 # 1504
31536 # 1504
31536 # 1504
31536 # 1504
31536 # 1504
31536 # 1504
31536 # 1504
31536 # 1504
31536 # 1504
31536 # 1504
31536 # 1504
31536 # 1504
31536 # 1504
31536 # 1504
31536 # 1504
31536 # 1504
31536 # 1504
31536 # 1504
31536 # 1504
31536 # 1504
31536 # 1504
31536 # 1504
31536 # 1504
31536 # 1504
31536 # 1504
31536 # 1504
31536 # 1504
31536 # 1504
31536 # 1504
31536 # 1504
31536 # 1504
31536 # 1504
31752 + 92
31752 + 92
31752 + 92
31752 + 92
31752 + 92
31754 + 92
31754 + 92
31754 + 92
31754 + 92
31754 + 92
31754 + 92
31754 + 92
31754 + 92
31754 + 92
31754 + 92
31754 + 92
31754 + 92
31754 + 92
31754 + 92
31756 + 92
31756 + 92
31756 + 92
31756 + 92
31756 + 92
31756 + 92
31756 + 92
31756 + 92
31756 + 92
31756 + 92
31756 + 92
31756 + 92
31758 + 92
31758 + 92
31758 + 92
31758 + 92
31758 + 92
31758 + 92
31758 + 92
31758 + 92
31758 + 92
31758 + 92
31758 + 92
33036 # 1504
33036 - 92 1284
33036 - 92 1284
33036 - 92 1284
33036 - 92 1284
33036 - 92 1284
33036 - 92 1282
33036 - 92 1282
33036 - 92 1282
33036 - 92 1282
33036 - 92 1282
33036 - 92 1282
33036 - 92 1282
33036 - 92 1282
33036 - 92 1282
33036 - 92 1282
33036 - 92 1282
33036 # 1504
33036 - 92 1282
33036 - 92 1282
33036 - 92 1282
33036 - 92 1280
33036 - 92 1280
33036 - 92 1280
33036 - 92 1280
33036 - 92 1280
33036 - 92 1280
33036 - 92 1280
33036 - 92 1280
33036 - 92 1280
33036 - 92 1280
33036 - 92 1280
33036 - 92 1280
33036 - 92 1278
33036 # 1504
33036 - 92 1278
33036 - 92 1278
33036 - 92 1278
33036 - 92 1278
33036 - 92 1278
33036 - 92 1278
33036 - 92 1278
33036 - 92 1278
33036 - 92 1278
33036 - 92 1278
33036 # 1504
33036 # 1504
33036 # 1504
33036 # 1504
33036 # 1504
33036 # 1504
33036 # 1504
33036 # 1504
33036 # 1504
33036 # 1504
33036 # 1504
33036 # 1504
33036 # 1504
33036 # 1504
33036 # 1504
33036 # 1504
33036 # 1504
33036 # 1504
33036 # 1504
33036 # 1504
33036 # 1504
33036 # 1504
33036 # 1504
33036 # 1504
33036 # 1504
33036 # 1504
33036 # 1504
33036 # 1504
33036 # 1504
33036 # 1504
33036 # 1504
33036 # 1504
33036 # 1504
33036 # 1504
33036 # 1504
33036 # 1504
33036 # 1504
33036 # 1504
33036 # 1504
33036 # 1504
33036 # 1504
33036 # 1504
33036 # 1504
33036 # 1504
33036 # 1504
33036 # 1504
33036 # 1504
33036 # 1504
33036 # 1504
33036 # 1504
33036 # 1504
33036 # 1504
33036 # 1504
33036 # 1504
33036 # 1504
33036 # 1504
33036 # 1504
33036 # 1504
33036 # 1504
33036 # 1504
33036 # 1504
33036 # 1504
33036 # 1504
33036 # 1504
33036 # 1504
33036 # 1504
33036 # 1504
33036 # 1504
33036 # 1504
33036 # 1504
33036 # 1504
33036 # 1504
33036 # 1504
33036 # 1504
33036 # 1504
33036 # 1504
33036 # 1504
33036 # 1504
33036 # 1504
33036 # 1504
33245 + 92
33245 + 92
33245 + 92
33245 + 92
33245 + 92
33245 + 92
33245 + 92
33245 + 92
33245 + 92
33245 + 92
33245 + 92
33245 + 92
33245 + 92
33245 + 92
33245 + 92
33245 + 92
33245 + 92
33245 + 92
33245 + 92
33245 + 92
33245 + 92
33245 + 92
33245 + 92
33245 + 92
33247 + 92
33247 + 92
33247 + 92
33247 + 92
33247 + 92
33247 + 92
33247 + 92
33247 + 92
33248 + 92
33248 + 92
33248 + 92
33248 + 92
33248 + 92
33248 + 92
33248 + 92
33248 + 92
33248 + 92
33297 + 92
34536 # 1504
34536 - 92 1291
34536 - 92 1291
34536 - 92 1291
34536 - 92 1291
34536 - 92 1291
34536 - 92 1291
34536 - 92 1291
34536 - 92 1291
34536 - 92 1291
34536 - 92 1291
34536 - 92 1291
34536 - 92 1291
34536 - 92 1291
34536 - 92 1291
34536 - 92 1291
34536 - 92 1291
34536 # 1504
34536 - 92 1291
34536 - 92 1291
34536 - 92 1291
34536 - 92 1291
34536 - 92 1291
34536 - 92 1291
34536 - 92 1291
34536 - 92 1291
34536 - 92 1289
34536 - 92 1289
34536 - 92 1289
34536 - 92 1289
34536 - 92 1289
34536 - 92 1289
34536 - 92 1289
34536 - 92 1289
34536 # 1504
34536 - 92 1288
34536 - 92 1288
34536 - 92 1288
34536 - 92 1288
34536 - 92 1288
34536 - 92 1288
34536 - 92 1288
34536 - 92 1288
34536 - 92 1288
34536 - 92 1239
34536 # 1504
34536 # 1504
34536 # 1504
34536 # 1504
34536 # 1504
34536 # 1504
34536 # 1504
34536 # 1504
34536 # 1504
34536 # 1504
34536 # 1504
34536 # 1504
34536 # 1504
34536 # 1504
34536 # 1504
34536 # 1504
34536 # 1504
34536 # 1504
34536 # 1504
34536 # 1504
34536 # 1504
34536 # 1504
34536 # 1504
34536 # 1504
34536 # 1504
34536 # 1504
34536 # 1504
34536 # 1504
34536 # 1504
34536 # 1504
34536 # 1504
34536 # 1504
34536 # 1504
34536 # 1504
34536 # 1504
34536 # 1504
34536 # 1504
34536 # 1504
34536 # 1504
34536 # 1504
34536 # 1504
34536 # 1504
34536 # 1504
34536 # 1504
34536 # 1504
34536 # 1504
34536 # 1504
34536 # 1504
34536 # 1504
34536 # 1504
34536 # 1504
34536 # 1504
34536 # 1504
34536 # 1504
34536 # 1504
34536 # 1504
34536 # 1504
34536 # 1504
34536 # 1504
34536 # 1504
34536 # 1504
34536 # 1504
34536 # 1504
34536 # 1504
34536 # 1504
34536 # 1504
34536 # 1504
34536 # 1504
34536 # 1504
34536 # 1504
34536 # 1504
34536 # 1504
34536 # 1504
34536 # 1504
34536 # 1504
34536 # 1504
34536 # 1504
34536 # 1504
34536 # 1504
34536 # 1504
34748 + 92
34748 + 92
34748 + 92
34748 + 92
34748 + 92
34748 + 92
34748 + 92
34748 + 92
34748 + 92
34748 + 92
34748 + 92
34748 + 92
34748 + 92
34748 + 92
34748 + 92
34748 + 92
34748 + 92
34748 + 92
34748 + 92
34748 + 92
34748 + 92
34748 + 92
34748 + 92
34748 + 92
34748 + 92
34748 + 92
34748 + 92
34748 + 92
34748 + 92
34748 + 92
34748 + 92
34748 + 92
34748 + 92
34748 + 92
34748 + 92
34748 + 92
34748 + 92
34748 + 92
34748 + 92
34748 + 92
34748 + 92
34748 + 92
36036 # 1504
36036 - 92 1288
36036 - 92 1288
36036 - 92 1288
36036 - 92 1288
36036 - 92 1288
36036 - 92 1288
36036 - 92 1288
36036 - 92 1288
36036 - 92 1288
36036 - 92 1288
36036 - 92 1288
36036 - 92 1288
36036 - 92 1288
36036 - 92 1288
36036 - 92 1288
36036 - 92 1288
36036 # 1504
36036 - 92 1288
36036 - 92 1288
36036 - 92 1288
36036 - 92 1288
36036 - 92 1288
36036 - 92 1288
36036 - 92 1288
36036 - 92 1288
36036 - 92 1288
36036 - 92 1288
36036 - 92 1288
36036 - 92 1288
36036 - 92 1288
36036 - 92 1288
36036 - 92 1288
36036 - 92 1288
36036 # 1504
36036 - 92 1288
36036 - 92 1288
36036 - 92 1288
36036 - 92 1288
36036 - 92 1288
36036 - 92 1288
36036 - 92 1288
36036 - 92 1288
36036 - 92 1288
36036 - 92 1288
36036 # 1504
36036 # 1504
36036 # 1504
36036 # 1504
36036 # 1504
36036 # 1504
36036 # 1504
36036 # 1504
36036 # 1504
36036 # 1504
36036 # 1504
36036 # 1504
36036 # 1504
36036 # 1504
36036 # 1504
36036 # 1504
36036 # 1504
36036 # 1504
36036 # 1504
36036 # 1504
36036 # 1504
36036 # 1504
36036 # 1504
36036 # 1504
36036 # 1504
36036 # 1504
36036 # 1504
36036 # 1504
36036 # 1504
36036 # 1504
36036 # 1504
36036 # 1504
36036 # 1504
36036 # 1504
36036 # 1504
36036 # 1504
36036 # 1504
36036 # 1504
36036 # 1504
36036 # 1504
36036 # 1504
36036 # 1504
36036 # 1504
36036 # 1504
36036 # 1504
36036 # 1504
36036 # 1504
36036 # 1504
36036 # 1504
36036 # 1504
36036 # 1504
36036 # 1504
36036 # 1504
36036 # 1504
36036 # 1504
36036 # 1504
36036 # 1504
36036 # 1504
36036 # 1504
36036 # 1504
36036 # 1504
36036 # 1504
36036 # 1504
36036 # 1504
36036 # 1504
36036 # 1504
36036 # 1504
36036 # 1504
36036 # 1504
36036 # 1504
36036 # 1504
36036 # 1504
36036 # 1504
36036 # 1504
36036 # 1504
36036 # 1504
36036 # 1504
36036 # 1504
36036 # 1504
36036 # 1504
36247 + 92
36247 + 92
36247 + 92
36247 + 92
36247 + 92
36247 + 92
36247 + 92
36247 + 92
36247 + 92
36247 + 92
36247 + 92
36247 + 92
36247 + 92
36247 + 92
36247 + 92
36247 + 92
36247 + 92
36247 + 92
36247 + 92
36247 + 92
36247 + 92
36247 + 92
36247 + 92
36247 + 92
36248 + 92
36248 + 92
36248 + 92
36248 + 92
36248 + 92
36248 + 92
36248 + 92
36248 + 92
36248 + 92
36248 + 92
36248 + 92
36248 + 92
36248 + 92
36249 + 92
36249 + 92
36249 + 92
36249 + 92
36249 + 92
36249 + 92
36249 + 92
36249 + 92
36249 + 92
36249 + 92
36249 + 92
36249 + 92
36249 + 92
36249 + 92
36249 + 92
36249 + 92
36249 + 92
36249 + 92
36249 + 92
36249 + 92
36249 + 92
36249 + 92
36249 + 92
36249 + 92
36249 + 92
36250 + 92
36250 + 92
36250 + 92
36250 + 92
36250 + 92
36250 + 92
36250 + 92
36250 + 92
36250 + 92
36250 + 92
36250 + 92
36250 + 92
36250 + 92
36250 + 92
36250 + 92
37536 # 1504
37536 - 92 1289
37536 - 92 1289
37536 - 92 1289
37536 - 92 1289
37536 - 92 1289
37536 - 92 1289
37536 - 92 1289
37536 - 92 1289
37536 - 92 1289
37536 - 92 1289
37536 - 92 1289
37536 - 92 1289
37536 - 92 1289
37536 - 92 1289
37536 - 92 1289
37536 - 92 1289
37536 # 1504
37536 - 92 1289
37536 - 92 1289
37536 - 92 1289
37536 - 92 1289
37536 - 92 1289
37536 - 92 1289
37536 - 92 1289
37536 - 92 1289
37536 - 92 1288
37536 - 92 1288
37536 - 92 1288
37536 - 92 1288
37536 - 92 1288
37536 - 92 1288
37536 - 92 1288
37536 - 92 1288
37536 # 1504
37536 - 92 1288
37536 - 92 1288
37536 - 92 1288
37536 - 92 1288
37536 - 92 1288
37536 - 92 1287
37536 - 92 1287
37536 - 92 1287
37536 - 92 1287
37536 - 92 1287
37536 - 92 1287
37536 - 92 1287
37536 - 92 1287
37536 - 92 1287
37536 - 92 1287
37536 - 92 1287
37536 - 92 1287
37536 # 1504
37536 - 92 1287
37536 - 92 1287
37536 - 92 1287
37536 - 92 1287
37536 - 92 1287
37536 - 92 1287
37536 - 92 1287
37536 - 92 1287
37536 - 92 1287
37536 - 92 1287
37536 - 92 1287
37536 - 92 1287
37536 - 92 1287
37536 - 92 1286
37536 - 92 1286
37536 - 92 1286
37536 # 1504
37536 - 92 1286
37536 - 92 1286
37536 - 92 1286
37536 - 92 1286
37536 - 92 1286
37536 - 92 1286
37536 - 92 1286
37536 - 92 1286
37536 - 92 1286
37536 - 92 1286
37536 - 92 1286
37536 - 92 1286
37536 # 1504
37536 # 1504
37536 # 1504
37536 # 1504
37536 # 1504
37536 # 1504
37536 # 1504
37536 # 1504
37536 # 1504
37536 # 1504
37536 # 1504
37536 # 1504
37536 # 1504
37536 # 1504
37536 # 1504
37536 # 1504
37536 # 1504
37536 # 1504
37536 # 1504
37536 # 1504
37536 # 1504
37536 # 1504
37536 # 1504
37536 # 1504
37536 # 1504
37536 # 1504
37536 # 1504
37536 # 1504
37536 # 1504
37536 # 1504
37536 # 1504
37536 # 1504
37536 # 1504
37536 # 1504
37536 # 1504
37536 # 1504
37536 # 1504
37536 # 1504
37536 # 1504
37536 # 1504
37536 # 1504
37536 # 1504
37536 # 1504
37536 # 1504
37536 # 1504
37536 # 1504
37536 # 1504
37536 # 1504
37536 # 1504
37536 # 1504
37536 # 1504
37536 # 1504
37536 # 1504
37536 # 1504
37536 # 1504
37536 # 1504
37536 # 1504
37536 # 1504
37536 # 1504
37536 # 1504
37536 # 1504
37536 # 1504
37536 # 1504
37536 # 1504
37536 # 1504
37536 # 1504
37536 # 1504
37536 # 1504
37536 # 1504
37536 # 1504
37536 # 1504
37536 # 1504
37536 # 1504
37536 # 1504
37536 # 1504
37536 # 1504
37536 # 1504
37536 # 1504
37747 + 92
37747 + 92
37747 + 92
37747 + 92
37747 + 92
37747 + 92
37747 + 92
37747 + 92
37748 + 92
37748 + 92
37748 + 92
37748 + 92
37748 + 92
37748 + 92
37748 + 92
37748 + 92
37748 + 92
37748 + 92
37748 + 92
37748 + 92
37748 + 92
37748 + 92
37748 + 92
37748 + 92
37748 + 92
37748 + 92
37748 + 92
37750 + 92
37750 + 92
37750 + 92
37750 + 92
37750 + 92
37750 + 92
37750 + 92
37750 + 92
37750 + 92
37750 + 92
37750 + 92
37750 + 92
37750 + 92
37750 + 92
37750 + 92
37750 + 92
37750 + 92
37750 + 92
37750 + 92
37750 + 92
37750 + 92
37750 + 92
37750 + 92
37750 + 92
37750 + 92
37750 + 92
37750 + 92
37750 + 92
37750 + 92
37750 + 92
37750 + 92
37750 + 92
37750 + 92
37752 + 92
37752 + 92
37752 + 92
37752 + 92
37752 + 92
37752 + 92
37752 + 92
37752 + 92
37752 + 92
37752 + 92
37752 + 92
37752 + 92
37752 + 92
37752 + 92
37752 + 92
37752 + 92
37752 + 92
37752 + 92
37752 + 92
37752 + 92
37752 + 92
37752 + 92
37752 + 92
39036 # 1504
39036 - 92 1289
39036 - 92 1289
39036 - 92 1289
39036 - 92 1289
39036 - 92 1289
39036 - 92 1289
39036 - 92 1289
39036 - 92 1289
39036 - 92 1288
39036 - 92 1288
39036 - 92 1288
39036 - 92 1288
39036 - 92 1288
39036 - 92 1288
39036 - 92 1288
39036 - 92 1288
39036 # 1504
39036 - 92 1288
39036 - 92 1288
39036 - 92 1288
39036 - 92 1288
39036 - 92 1288
39036 - 92 1288
39036 - 92 1288
39036 - 92 1288
39036 - 92 1288
39036 - 92 1288
39036 - 92 1288
39036 - 92 1286
39036 - 92 1286
39036 - 92 1286
39036 - 92 1286
39036 - 92 1286
39036 # 1504
39036 - 92 1286
39036 - 92 1286
39036 - 92 1286
39036 - 92 1286
39036 - 92 1286
39036 - 92 1286
39036 - 92 1286
39036 - 92 1286
39036 - 92 1286
39036 - 92 1286
39036 - 92 1286
39036 - 92 1286
39036 - 92 1286
39036 - 92 1286
39036 - 92 1286
39036 - 92 1286
39036 - 92 1286
39036 # 1504
39036 - 92 1286
39036 - 92 1286
39036 - 92 1286
39036 - 92 1286
39036 - 92 1286
39036 - 92 1286
39036 - 92 1286
39036 - 92 1286
39036 - 92 1286
39036 - 92 1286
39036 - 92 1286
39036 - 92 1284
39036 - 92 1284
39036 - 92 1284
39036 - 92 1284
39036 - 92 1284
39036 # 1504
39036 - 92 1284
39036 - 92 1284
39036 - 92 1284
39036 - 92 1284
39036 - 92 1284
39036 - 92 1284
39036 - 92 1284
39036 - 92 1284
39036 - 92 1284
39036 - 92 1284
39036 - 92 1284
39036 - 92 1284
39036 - 92 1284
39036 - 92 1284
39036 - 92 1284
39036 - 92 1284
39036 # 1504
39036 - 92 1284
39036 - 92 1284
39036 # 1504
39036 # 1504
39036 # 1504
39036 # 1504
39036 # 1504
39036 # 1504
39036 # 1504
39036 # 1504
39036 # 1504
39036 # 1504
39036 # 1504
39036 # 1504
39036 # 1504
39036 # 1504
39036 # 1504
39036 # 1504
39036 # 1504
39036 # 1504
39036 # 1504
39036 # 1504
39036 # 1504
39036 # 1504
39036 # 1504
39036 # 1504
39036 # 1504
39036 # 1504
39036 # 1504
39036 # 1504
39036 # 1504
39036 # 1504
39036 # 1504
39036 # 1504
39036 # 1504
39036 # 1504
39036 # 1504
39036 # 1504
39036 # 1504
39036 # 1504
39036 # 1504
39036 # 1504
39036 # 1504
39036 # 1504
39036 # 1504
39036 # 1504
39036 # 1504
39036 # 1504
39036 # 1504
39036 # 1504
39036 # 1504
39036 # 1504
39036 # 1504
39036 # 1504
39036 # 1504
39036 # 1504
39036 # 1504
39036 # 1504
39036 # 1504
39036 # 1504
39036 # 1504
39036 # 1504
39036 # 1504
39036 # 1504
39036 # 1504
39036 # 1504
39036 # 1504
39036 # 1504
39036 # 1504
39036 # 1504
39036 # 1504
39036 # 1504
39036 # 1504
39036 # 1504
39036 # 1504
39036 # 1504
39036 # 1504
39036 # 1504
39036 # 1504
39242 + 92
39243 + 92
39243 + 92
39243 + 92
39243 + 92
39243 + 92
39243 + 92
39243 + 92
39243 + 92
39243 + 92
39243 + 92
39243 + 92
39243 + 92
39243 + 92
39243 + 92
39243 + 92
39243 + 92
39243 + 92
39243 + 92
39243 + 92
39243 + 92
39243 + 92
39243 + 92
39243 + 92
39243 + 92
39243 + 92
39243 + 92
39243 + 92
39243 + 92
39243 + 92
39243 + 92
39243 + 92
39243 + 92
39243 + 92
39243 + 92
39243 + 92
39243 + 92
39243 + 92
39243 + 92
39243 + 92
39243 + 92
39243 + 92
39243 + 92
39243 + 92
39243 + 92
39243 + 92
39243 + 92
39243 + 92
39243 + 92
39243 + 92
39243 + 92
39243 + 92
39244 + 92
39244 + 92
39244 + 92
39244 + 92
39244 + 92
39244 + 92
39244 + 92
39244 + 92
39244 + 92
39244 + 92
39244 + 92
39244 + 92
39244 + 92
39244 + 92
39244 + 92
39244 + 92
39245 + 92
39245 + 92
39245 + 92
39245 + 92
39245 + 92
39245 + 92
39245 + 92
39245 + 92
39245 + 92
39247 + 92
39247 + 92
39247 + 92
39247 + 92
39247 + 92
39247 + 92
40536 # 1504
40536 - 92 1294
40536 - 92 1293
40536 - 92 1293
40536 - 92 1293
40536 - 92 1293
40536 - 92 1293
40536 - 92 1293
40536 - 92 1293
40536 - 92 1293
40536 - 92 1293
40536 - 92 1293
40536 - 92 1293
40536 - 92 1293
40536 - 92 1293
40536 - 92 1293
40536 - 92 1293
40536 # 1504
40536 - 92 1293
40536 - 92 1293
40536 - 92 1293
40536 - 92 1293
40536 - 92 1293
40536 - 92 1293
40536 - 92 1293
40536 - 92 1293
40536 - 92 1293
40536 - 92 1293
40536 - 92 1293
40536 - 92 1293
40536 - 92 1293
40536 - 92 1293
40536 - 92 1293
40536 - 92 1293
40536 # 1504
40536 - 92 1293
40536 - 92 1293
40536 - 92 1293
40536 - 92 1293
40536 - 92 1293
40536 - 92 1293
40536 - 92 1293
40536 - 92 1293
40536 - 92 1293
40536 - 92 1293
40536 - 92 1293
40536 - 92 1293
40536 - 92 1293
40536 - 92 1293
40536 - 92 1293
40536 - 92 1293
40536 - 92 1293
40536 # 1504
40536 - 92 1293
40536 - 92 1293
40536 - 92 1293
40536 - 92 1292
40536 - 92 1292
40536 - 92 1292
40536 - 92 1292
40536 - 92 1292
40536 - 92 1292
40536 - 92 1292
40536 - 92 1292
40536 - 92 1292
40536 - 92 1292
40536 - 92 1292
40536 - 92 1292
40536 - 92 1292
40536 # 1504
40536 - 92 1292
40536 - 92 1292
40536 - 92 1292
40536 - 92 1291
40536 - 92 1291
40536 - 92 1291
40536 - 92 1291
40536 - 92 1291
40536 - 92 1291
40536 - 92 1291
40536 - 92 1291
40536 - 92 1291
40536 - 92 1289
40536 - 92 1289
40536 - 92 1289
40536 - 92 1289
40536 # 1504
40536 - 92 1289
40536 - 92 1289
40536 # 1504
40536 # 1504
40536 # 1504
40536 # 1504
40536 # 1504
40536 # 1504
40536 # 1504
40536 # 1504
40536 # 1504
40536 # 1504
40536 # 1504
40536 # 1504
40536 # 1504
40536 # 1504
40536 # 1504
40536 # 1504
40536 # 1504
40536 # 1504
40536 # 1504
40536 # 1504
40536 # 1504
40536 # 1504
40536 # 1504
40536 # 1504
40536 # 1504
40536 # 1504
40536 # 1504
40536 # 1504
40536 # 1504
40536 # 1504
40536 # 1504
40536 # 1504
40536 # 1504
40536 # 1504
40536 # 1504
40536 # 1504
40536 # 1504
40536 # 1504
40536 # 1504
40536 # 1504
40536 # 1504
40536 # 1504
40536 # 1504
40536 # 1504
40536 # 1504
40536 # 1504
40536 # 1504
40536 # 1504
40536 # 1504
40536 # 1504
40536 # 1504
40536 # 1504
40536 # 1504
40536 # 1504
40536 # 1504
40536 # 1504
40536 # 1504
40536 # 1504
40536 # 1504
40536 # 1504
40536 # 1504
40536 # 1504
40536 # 1504
40536 # 1504
40536 # 1504
40536 # 1504
40536 # 1504
40536 # 1504
40536 # 1504
40536 # 1504
40536 # 1504
40536 # 1504
40536 # 1504
40536 # 1504
40536 # 1504
40536 # 1504
40536 # 1504
40753 + 92
40753 + 92
40753 + 92
40753 + 92
40753 + 92
40753 + 92
40753 + 92
40753 + 92
40753 + 92
40753 + 92
40753 + 92
40753 + 92
40753 + 92
40753 + 92
40753 + 92
40753 + 92
40753 + 92
40753 + 92
40753 + 92
40753 + 92
40753 + 92
40753 + 92
40753 + 92
40753 + 92
40753 + 92
40753 + 92
40753 + 92
40753 + 92
40753 + 92
40753 + 92
40753 + 92
40753 + 92
40753 + 92
40753 + 92
40753 + 92
40753 + 92
40753 + 92
40753 + 92
40753 + 92
40756 + 92
40760 + 92
40760 + 92
40761 + 92
40761 + 92
40761 + 92
40761 + 92
40761 + 92
40763 + 92
40763 + 92
40763 + 92
40763 + 92
42036 # 1504
42036 - 92 1283
42036 - 92 1283
42036 - 92 1283
42036 - 92 1283
42036 - 92 1283
42036 - 92 1283
42036 - 92 1283
42036 - 92 1283
42036 - 92 1283
42036 - 92 1283
42036 - 92 1283
42036 - 92 1283
42036 - 92 1283
42036 - 92 1283
42036 - 92 1283
42036 - 92 1283
42036 # 1504
42036 - 92 1283
42036 - 92 1283
42036 - 92 1283
42036 - 92 1283
42036 - 92 1283
42036 - 92 1283
42036 - 92 1283
42036 - 92 1283
42036 - 92 1283
42036 - 92 1283
42036 - 92 1283
42036 - 92 1283
42036 - 92 1283
42036 - 92 1283
42036 - 92 1283
42036 - 92 1283
42036 # 1504
42036 - 92 1283
42036 - 92 1283
42036 - 92 1283
42036 - 92 1283
42036 - 92 1283
42036 - 92 1283
42036 - 92 1283
42036 - 92 1280
42036 - 92 1276
42036 - 92 1276
42036 - 92 1275
42036 - 92 1275
42036 - 92 1275
42036 - 92 1275
42036 - 92 1275
42036 - 92 1273
42036 - 92 1273
42036 # 1504
42036 - 92 1273
42036 - 92 1273
42036 # 1504
42036 # 1504
42036 # 1504
42036 # 1504
42036 # 1504
42036 # 1504
42036 # 1504
42036 # 1504
42036 # 1504
42036 # 1504
42036 # 1504
42036 # 1504
42036 # 1504
42036 # 1504
42036 # 1504
42036 # 1504
42036 # 1504
42036 # 1504
42036 # 1504
42036 # 1504
42036 # 1504
42036 # 1504
42036 # 1504
42036 # 1504
42036 # 1504
42036 # 1504
42036 # 1504
42036 # 1504
42036 # 1504
42036 # 1504
42036 # 1504
42036 # 1504
42036 # 1504
42036 # 1504
42036 # 1504
42036 # 1504
42036 # 1504
42036 # 1504
42036 # 1504
42036 # 1504
42036 # 1504
42036 # 1504
42036 # 1504
42036 # 1504
42036 # 1504
42036 # 1504
42036 # 1504
42036 # 1504
42036 # 1504
42036 # 1504
42036 # 1504
42036 # 1504
42036 # 1504
42036 # 1504
42036 # 1504
42036 # 1504
42036 # 1504
42036 # 1504
42036 # 1504
42036 # 1504
42036 # 1504
42036 # 1504
42036 # 1504
42036 # 1504
42036 # 1504
42036 # 1504
42036 # 1504
42036 # 1504
42036 # 1504
42036 # 1504
42036 # 1504
42036 # 1504
42036 # 1504
42036 # 1504
42036 # 1504
42036 # 1504
42036 # 1504
42036 # 1504
42036 # 1504
42248 + 92
42248 + 92
42248 + 92
42248 + 92
42248 + 92
42248 + 92
42248 + 92
42248 + 92
42248 + 92
42248 + 92
42248 + 92
42248 + 92
42248 + 92
42248 + 92
42248 + 92
42248 + 92
42248 + 92
42248 + 92
42248 + 92
42248 + 92
42248 + 92
42248 + 92
42248 + 92
42248 + 92
42248 + 92
42248 + 92
42248 + 92
42248 + 92
42248 + 92
42248 + 92
42248 + 92
42248 + 92
42248 + 92
42248 + 92
42248 + 92
43536 # 1504
43536 - 92 1288
43536 - 92 1288
43536 - 92 1288
43536 - 92 1288
43536 - 92 1288
43536 - 92 1288
43536 - 92 1288
43536 - 92 1288
43536 - 92 1288
43536 - 92 1288
43536 - 92 1288
43536 - 92 1288
43536 - 92 1288
43536 - 92 1288
43536 - 92 1288
43536 - 92 1288
43536 # 1504
43536 - 92 1288
43536 - 92 1288
43536 - 92 1288
43536 - 92 1288
43536 - 92 1288
43536 - 92 1288
43536 - 92 1288
43536 - 92 1288
43536 - 92 1288
43536 - 92 1288
43536 - 92 1288
43536 - 92 1288
43536 - 92 1288
43536 - 92 1288
43536 - 92 1288
43536 - 92 1288
43536 # 1504
43536 - 92 1288
43536 - 92 1288
43536 - 92 1288
43536 # 1504
43536 # 1504
43536 # 1504
43536 # 1504
43536 # 1504
43536 # 1504
43536 # 1504
43536 # 1504
43536 # 1504
43536 # 1504
43536 # 1504
43536 # 1504
43536 # 1504
43536 # 1504
43536 # 1504
43536 # 1504
43536 # 1504
43536 # 1504
43536 # 1504
43536 # 1504
43536 # 1504
43536 # 1504
43536 # 1504
43536 # 1504
43536 # 1504
43536 # 1504
43536 # 1504
43536 # 1504
43536 # 1504
43536 # 1504
43536 # 1504
43536 # 1504
43536 # 1504
43536 # 1504
43536 # 1504
43536 # 1504
43536 # 1504
43536 # 1504
43536 # 1504
43536 # 1504
43536 # 1504
43536 # 1504
43536 # 1504
43536 # 1504
43536 # 1504
43536 # 1504
43536 # 1504
43536 # 1504
43536 # 1504
43536 # 1504
43536 # 1504
43536 # 1504
43536 # 1504
43536 # 1504
43536 # 1504
43536 # 1504
43536 # 1504
43536 # 1504
43536 # 1504
43536 # 1504
43536 # 1504
43536 # 1504
43536 # 1504
43536 # 1504
43536 # 1504
43536 # 1504
43536 # 1504
43536 # 1504
43536 # 1504
43536 # 1504
43536 # 1504
43536 # 1504
43536 # 1504
43536 # 1504
43536 # 1504
43536 # 1504
43536 # 1504
43536 # 1504
43536 # 1504
43536 # 1504
43749 + 92
43749 + 92
43749 + 92
43749 + 92
43749 + 92
43749 + 92
43749 + 92
43749 + 92
43749 + 92
43749 + 92
43749 + 92
43749 + 92
43749 + 92
43749 + 92
43751 + 92
43751 + 92
43751 + 92
43751 + 92
43751 + 92
43751 + 92
43751 + 92
43754 + 92
43754 + 92
43754 + 92
43754 + 92
43754 + 92
43754 + 92
43754 + 92
43754 + 92
43754 + 92
43754 + 92
43754 + 92
43754 + 92
43754 + 92
43754 + 92
43754 + 92
43754 + 92
43754 + 92
43754 + 92
43759 + 92
43759 + 92
43759 + 92
45036 # 1504
45036 - 92 1287
45036 - 92 1287
45036 - 92 1287
45036 - 92 1287
45036 - 92 1287
45036 - 92 1287
45036 - 92 1287
45036 - 92 1287
45036 - 92 1287
45036 - 92 1287
45036 - 92 1287
45036 - 92 1287
45036 - 92 1287
45036 - 92 1287
45036 - 92 1285
45036 - 92 1285
45036 # 1504
45036 - 92 1285
45036 - 92 1285
45036 - 92 1285
45036 - 92 1285
45036 - 92 1285
45036 - 92 1282
45036 - 92 1282
45036 - 92 1282
45036 - 92 1282
45036 - 92 1282
45036 - 92 1282
45036 - 92 1282
45036 - 92 1282
45036 - 92 1282
45036 - 92 1282
45036 - 92 1282
45036 # 1504
45036 - 92 1282
45036 - 92 1282
45036 - 92 1282
45036 - 92 1282
45036 - 92 1282
45036 - 92 1282
45036 - 92 1282
45036 - 92 1277
45036 - 92 1277
45036 - 92 1277
45036 # 1504
45036 # 1504
45036 # 1504
45036 # 1504
45036 # 1504
45036 # 1504
45036 # 1504
45036 # 1504
45036 # 1504
45036 # 1504
45036 # 1504
45036 # 1504
45036 # 1504
45036 # 1504
45036 # 1504
45036 # 1504
45036 # 1504
45036 # 1504
45036 # 1504
45036 # 1504
45036 # 1504
45036 # 1504
45036 # 1504
45036 # 1504
45036 # 1504
45036 # 1504
45036 # 1504
45036 # 1504
45036 # 1504
45036 # 1504
45036 # 1504
45036 # 1504
45036 # 1504
45036 # 1504
45036 # 1504
45036 # 1504
45036 # 1504
45036 # 1504
45036 # 1504
45036 # 1504
45036 # 1504
45036 # 1504
45036 # 1504
45036 # 1504
45036 # 1504
45036 # 1504
45036 # 1504
45036 # 1504
45036 # 1504
45036 # 1504
45036 # 1504
45036 # 1504
45036 # 1504
45036 # 1504
45036 # 1504
45036 # 1504
45036 # 1504
45036 # 1504
45036 # 1504
45036 # 1504
45036 # 1504
45036 # 1504
45036 # 1504
45036 # 1504
45036 # 1504
45036 # 1504
45036 # 1504
45036 # 1504
45036 # 1504
45036 # 1504
45036 # 1504
45036 # 1504
45036 # 1504
45036 # 1504
45036 # 1504
45036 # 1504
45036 # 1504
45036 # 1504
45036 # 1504
45036 # 1504
45241 + 92
45241 + 92
45241 + 92
45241 + 92
45241 + 92
45241 + 92
45241 + 92
45241 + 92
45241 + 92
45241 + 92
45241 + 92
45241 + 92
45241 + 92
45242 + 92
45242 + 92
45242 + 92
45242 + 92
45242 + 92
45243 + 92
45243 + 92
45246 + 92
45246 + 92
45246 + 92
45246 + 92
45246 + 92
45246 + 92
45246 + 92
45246 + 92
45246 + 92
45246 + 92
45246 + 92
45246 + 92
45246 + 92
45246 + 92
45246 + 92
45246 + 92
45246 + 92
45246 + 92
45246 + 92
45246 + 92
45246 + 92
45292 + 92
46536 # 1504
46536 - 92 1295
46536 - 92 1295
46536 - 92 1295
46536 - 92 1295
46536 - 92 1295
46536 - 92 1295
46536 - 92 1295
46536 - 92 1295
46536 - 92 1295
46536 - 92 1295
46536 - 92 1295
46536 - 92 1295
46536 - 92 1295
46536 - 92 1294
46536 - 92 1294
46536 - 92 1294
46536 # 1504
46536 - 92 1294
46536 - 92 1294
46536 - 92 1293
46536 - 92 1293
46536 - 92 1290
46536 - 92 1290
46536 - 92 1290
46536 - 92 1290
46536 - 92 1290
46536 - 92 1290
46536 - 92 1290
46536 - 92 1290
46536 - 92 1290
46536 - 92 1290
46536 - 92 1290
46536 - 92 1290
46536 # 1504
46536 - 92 1290
46536 - 92 1290
46536 - 92 1290
46536 - 92 1290
46536 - 92 1290
46536 - 92 1290
46536 - 92 1290
46536 - 92 1290
46536 - 92 1290
46536 - 92 1244
46536 # 1504
46536 # 1504
46536 # 1504
46536 # 1504
46536 # 1504
46536 # 1504
46536 # 1504
46536 # 1504
46536 # 1504
46536 # 1504
46536 # 1504
46536 # 1504
46536 # 1504
46536 # 1504
46536 # 1504
46536 # 1504
46536 # 1504
46536 # 1504
46536 # 1504
46536 # 1504
46536 # 1504
46536 # 1504
46536 # 1504
46536 # 1504
46536 # 1504
46536 # 1504
46536 # 1504
46536 # 1504
46536 # 1504
46536 # 1504
46536 # 1504
46536 # 1504
46536 # 1504
46536 # 1504
46536 # 1504
46536 # 1504
46536 # 1504
46536 # 1504
46536 # 1504
46536 # 1504
46536 # 1504
46536 # 1504
46536 # 1504
46536 # 1504
46536 # 1504
46536 # 1504
46536 # 1504
46536 # 1504
46536 # 1504
46536 # 1504
46536 # 1504
46536 # 1504
46536 # 1504
46536 # 1504
46536 # 1504
46536 # 1504
46536 # 1504
46536 # 1504
46536 # 1504
46536 # 1504
46536 # 1504
46536 # 1504
46536 # 1504
46536 # 1504
46536 # 1504
46536 # 1504
46536 # 1504
46536 # 1504
46536 # 1504
46536 # 1504
46536 # 1504
46536 # 1504
46536 # 1504
46536 # 1504
46536 # 1504
46536 # 1504
46536 # 1504
46536 # 1504
46536 # 1504
46536 # 1504
46743 + 92
46743 + 92
46743 + 92
46743 + 92
46743 + 92
46743 + 92
46743 + 92
46743 + 92
46743 + 92
46743 + 92
46743 + 92
46743 + 92
46743 + 92
46743 + 92
46745 + 92
46745 + 92
46745 + 92
46745 + 92
46745 + 92
46745 + 92
46745 + 92
46745 + 92
46745 + 92
46745 + 92
46745 + 92
46745 + 92
46745 + 92
46745 + 92
46745 + 92
46745 + 92
46745 + 92
46745 + 92
46745 + 92
46745 + 92
46745 + 92
48036 # 1504
48036 - 92 1293
48036 - 92 1293
48036 - 92 1293
48036 - 92 1293
48036 - 92 1293
48036 - 92 1293
48036 - 92 1293
48036 - 92 1293
48036 - 92 1293
48036 - 92 1293
48036 - 92 1293
48036 - 92 1293
48036 - 92 1293
48036 - 92 1293
48036 - 92 1291
48036 - 92 1291
48036 # 1504
48036 - 92 1291
48036 - 92 1291
48036 - 92 1291
48036 - 92 1291
48036 - 92 1291
48036 - 92 1291
48036 - 92 1291
48036 - 92 1291
48036 - 92 1291
48036 - 92 1291
48036 - 92 1291
48036 - 92 1291
48036 - 92 1291
48036 - 92 1291
48036 - 92 1291
48036 - 92 1291
48036 # 1504
48036 - 92 1291
48036 - 92 1291
48036 - 92 1291
48036 # 1504
48036 # 1504
48036 # 1504
48036 # 1504
48036 # 1504
48036 # 1504
48036 # 1504
48036 # 1504
48036 # 1504
48036 # 1504
48036 # 1504
48036 # 1504
48036 # 1504
48036 # 1504
48036 # 1504
48036 # 1504
48036 # 1504
48036 # 1504
48036 # 1504
48036 # 1504
48036 # 1504
48036 # 1504
48036 # 1504
48036 # 1504
48036 # 1504
48036 # 1504
48036 # 1504
48036 # 1504
48036 # 1504
48036 # 1504
48036 # 1504
48036 # 1504
48036 # 1504
48036 # 1504
48036 # 1504
48036 # 1504
48036 # 1504
48036 # 1504
48036 # 1504
48036 # 1504
48036 # 1504
48036 # 1504
48036 # 1504
48036 # 1504
48036 # 1504
48036 # 1504
48036 # 1504
48036 # 1504
48036 # 1504
48036 # 1504
48036 # 1504
48036 # 1504
48036 # 1504
48036 # 1504
48036 # 1504
48036 # 1504
48036 # 1504
48036 # 1504
48036 # 1504
48036 # 1504
48036 # 1504
48036 # 1504
48036 # 1504
48036 # 1504
48036 # 1504
48036 # 1504
48036 # 1504
48036 # 1504
48036 # 1504
48036 # 1504
48036 # 1504
48036 # 1504
48036 # 1504
48036 # 1504
48036 # 1504
48036 # 1504
48036 # 1504
48036 # 1504
48036 # 1504
48036 # 1504
48243 + 92
48243 + 92
48243 + 92
48243 + 92
48243 + 92
48243 + 92
48243 + 92
48243 + 92
48243 + 92
48243 + 92
48243 + 92
48243 + 92
48243 + 92
48243 + 92
48243 + 92
48243 + 92
48243 + 92
48243 + 92
48243 + 92
48243 + 92
48243 + 92
48247 + 92
48247 + 92
48247 + 92
48247 + 92
48247 + 92
48247 + 92
48247 + 92
48247 + 92
48247 + 92
48247 + 92
48247 + 92
48247 + 92
48247 + 92
48247 + 92
48247 + 92
48247 + 92
48247 + 92
48247 + 92
48247 + 92
48247 + 92
48247 + 92
48247 + 92
48247 + 92
48247 + 92
48247 + 92
48247 + 92
48247 + 92
48247 + 92
48247 + 92
48247 + 92
48247 + 92
48247 + 92
48247 + 92
48247 + 92
48247 + 92
48247 + 92
48247 + 92
48247 + 92
48247 + 92
48247 + 92
48247 + 92
48247 + 92
48247 + 92
48247 + 92
48247 + 92
48247 + 92
48247 + 92
48247 + 92
48247 + 92
48247 + 92
48247 + 92
48247 + 92
48247 + 92
48247 + 92
48247 + 92
48247 + 92
48247 + 92
49536 # 1504
49536 - 92 1293
49536 - 92 1293
49536 - 92 1293
49536 - 92 1293
49536 - 92 1293
49536 - 92 1293
49536 - 92 1293
49536 - 92 1293
49536 - 92 1293
49536 - 92 1293
49536 - 92 1293
49536 - 92 1293
49536 - 92 1293
49536 - 92 1293
49536 - 92 1293
49536 - 92 1293
49536 # 1504
49536 - 92 1293
49536 - 92 1293
49536 - 92 1293
49536 - 92 1293
49536 - 92 1293
49536 - 92 1289
49536 - 92 1289
49536 - 92 1289
49536 - 92 1289
49536 - 92 1289
49536 - 92 1289
49536 - 92 1289
49536 - 92 1289
49536 - 92 1289
49536 - 92 1289
49536 - 92 1289
49536 # 1504
49536 - 92 1289
49536 - 92 1289
49536 - 92 1289
49536 - 92 1289
49536 - 92 1289
49536 - 92 1289
49536 - 92 1289
49536 - 92 1289
49536 - 92 1289
49536 - 92 1289
49536 - 92 1289
49536 - 92 1289
49536 - 92 1289
49536 - 92 1289
49536 - 92 1289
49536 - 92 1289
49536 - 92 1289
49536 # 1504
49536 - 92 1289
49536 - 92 1289
49536 - 92 1289
49536 - 92 1289
49536 - 92 1289
49536 - 92 1289
49536 - 92 1289
49536 - 92 1289
49536 - 92 1289
49536 - 92 1289
49536 - 92 1289
49536 - 92 1289
49536 - 92 1289
49536 - 92 1289
49536 - 92 1289
49536 - 92 1289
49536 # 1504
49536 - 92 1289
49536 - 92 1289
49536 - 92 1289
49536 - 92 1289
49536 - 92 1289
49536 - 92 1289
49536 - 92 1289
49536 - 92 1289
49536 - 92 1289
49536 - 92 1289
49536 - 92 1289
49536 - 92 1289
49536 - 92 1289
49536 # 1504
49536 # 1504
49536 # 1504
49536 # 1504
49536 # 1504
49536 # 1504
49536 # 1504
49536 # 1504
49536 # 1504
49536 # 1504
49536 # 1504
49536 # 1504
49536 # 1504
49536 # 1504
49536 # 1504
49536 # 1504
49536 # 1504
49536 # 1504
49536 # 1504
49536 # 1504
49536 # 1504
49536 # 1504
49536 # 1504
49536 # 1504
49536 # 1504
49536 # 1504
49536 # 1504
49536 # 1504
49536 # 1504
49536 # 1504
49536 # 1504
49536 # 1504
49536 # 1504
49536 # 1504
49536 # 1504
49536 # 1504
49536 # 1504
49536 # 1504
49536 # 1504
49536 # 1504
49536 # 1504
49536 # 1504
49536 # 1504
49536 # 1504
49536 # 1504
49536 # 1504
49536 # 1504
49536 # 1504
49536 # 1504
49536 # 1504
49536 # 1504
49536 # 1504
49536 # 1504
49536 # 1504
49536 # 1504
49536 # 1504
49536 # 1504
49536 # 1504
49536 # 1504
49536 # 1504
49536 # 1504
49536 # 1504
49536 # 1504
49536 # 1504
49536 # 1504
49536 # 1504
49536 # 1504
49536 # 1504
49536 # 1504
49536 # 1504
49536 # 1504
49536 # 1504
49536 # 1504
49536 # 1504
49536 # 1504
49536 # 1504
49536 # 1504
49536 # 1504
49741 + 92
49741 + 92
49741 + 92
49741 + 92
49741 + 92
49741 + 92
49741 + 92
49741 + 92
49741 + 92
49741 + 92
49741 + 92
49741 + 92
49741 + 92
49741 + 92
49741 + 92
49741 + 92
49741 + 92
49741 + 92
49742 + 92
49742 + 92
49742 + 92
49742 + 92
49742 + 92
49744 + 92
49744 + 92
49744 + 92
49744 + 92
49744 + 92
49744 + 92
49744 + 92
49744 + 92
49744 + 92
49744 + 92
49744 + 92
49744 + 92
49744 + 92
49744 + 92
49744 + 92
49744 + 92
49744 + 92
49744 + 92
49744 + 92
49744 + 92
49744 + 92
49744 + 92
49744 + 92
49744 + 92
49744 + 92
49744 + 92
49744 + 92
49744 + 92
49744 + 92
49744 + 92
49744 + 92
49744 + 92
49747 + 92
49747 + 92
49747 + 92
49747 + 92
49747 + 92
49747 + 92
49747 + 92
49747 + 92
49747 + 92
49747 + 92
49747 + 92
49747 + 92
49747 + 92
49747 + 92
49747 + 92
49747 + 92
49747 + 92
49747 + 92
49747 + 92
49747 + 92
49747 + 92
49747 + 92
49747 + 92
49747 + 92
49747 + 92
49747 + 92
49747 + 92
49747 + 92
51036 # 1504
51036 - 92 1295
51036 - 92 1295
51036 - 92 1295
51036 - 92 1295
51036 - 92 1295
51036 - 92 1295
51036 - 92 1295
51036 - 92 1295
51036 - 92 1295
51036 - 92 1295
51036 - 92 1295
51036 - 92 1295
51036 - 92 1295
51036 - 92 1295
51036 - 92 1295
51036 - 92 1295
51036 # 1504
51036 - 92 1295
51036 - 92 1295
51036 - 92 1294
51036 - 92 1294
51036 - 92 1294
51036 - 92 1294
51036 - 92 1294
51036 - 92 1292
51036 - 92 1292
51036 - 92 1292
51036 - 92 1292
51036 - 92 1292
51036 - 92 1292
51036 - 92 1292
51036 - 92 1292
51036 - 92 1292
51036 # 1504
51036 - 92 1292
51036 - 92 1292
51036 - 92 1292
51036 - 92 1292
51036 - 92 1292
51036 - 92 1292
51036 - 92 1292
51036 - 92 1292
51036 - 92 1292
51036 - 92 1292
51036 - 92 1292
51036 - 92 1292
51036 - 92 1292
51036 - 92 1292
51036 - 92 1292
51036 - 92 1292
51036 - 92 1292
51036 # 1504
51036 - 92 1292
51036 - 92 1292
51036 - 92 1292
51036 - 92 1292
51036 - 92 1292
51036 - 92 1292
51036 - 92 1289
51036 - 92 1289
51036 - 92 1289
51036 - 92 1289
51036 - 92 1289
51036 - 92 1289
51036 - 92 1289
51036 - 92 1289
51036 - 92 1289
51036 - 92 1289
51036 # 1504
51036 - 92 1289
51036 - 92 1289
51036 - 92 1289
51036 - 92 1289
51036 - 92 1289
51036 - 92 1289
51036 - 92 1289
51036 - 92 1289
51036 - 92 1289
51036 - 92 1289
51036 - 92 1289
51036 - 92 1289
51036 - 92 1289
51036 - 92 1289
51036 - 92 1289
51036 - 92 1289
51036 # 1504
51036 - 92 1289
51036 - 92 1289
51036 # 1504
51036 # 1504
51036 # 1504
51036 # 1504
51036 # 1504
51036 # 1504
51036 # 1504
51036 # 1504
51036 # 1504
51036 # 1504
51036 # 1504
51036 # 1504
51036 # 1504
51036 # 1504
51036 # 1504
51036 # 1504
51036 # 1504
51036 # 1504
51036 # 1504
51036 # 1504
51036 # 1504
51036 # 1504
51036 # 1504
51036 # 1504
51036 # 1504
51036 # 1504
51036 # 1504
51036 # 1504
51036 # 1504
51036 # 1504
51036 # 1504
51036 # 1504
51036 # 1504
51036 # 1504
51036 # 1504
51036 # 1504
51036 # 1504
51036 # 1504
51036 # 1504
51036 # 1504
51036 # 1504
51036 # 1504
51036 # 1504
51036 # 1504
51036 # 1504
51036 # 1504
51036 # 1504
51036 # 1504
51036 # 1504
51036 # 1504
51036 # 1504
51036 # 1504
51036 # 1504
51036 # 1504
51036 # 1504
51036 # 1504
51036 # 1504
51036 # 1504
51036 # 1504
51036 # 1504
51036 # 1504
51036 # 1504
51036 # 1504
51036 # 1504
51036 # 1504
51036 # 1504
51036 # 1504
51036 # 1504
51036 # 1504
51036 # 1504
51036 # 1504
51036 # 1504
51036 # 1504
51036 # 1504
51036 # 1504
51036 # 1504
51036 # 1504
51241 + 92
51241 + 92
51241 + 92
51241 + 92
51241 + 92
51241 + 92
51241 + 92
51241 + 92
51241 + 92
51241 + 92
51241 + 92
51242 + 92
51242 + 92
51242 + 92
51242 + 92
51242 + 92
51242 + 92
51242 + 92
51242 + 92
51242 + 92
51242 + 92
51242 + 92
51242 + 92
51242 + 92
51242 + 92
51242 + 92
51242 + 92
51244 + 92
51244 + 92
51244 + 92
51244 + 92
51244 + 92
51244 + 92
51244 + 92
51244 + 92
51244 + 92
51244 + 92
51244 + 92
51244 + 92
51244 + 92
51244 + 92
51244 + 92
51244 + 92
51244 + 92
51244 + 92
51244 + 92
51246 + 92
51246 + 92
51246 + 92
51246 + 92
51246 + 92
51246 + 92
51246 + 92
51246 + 92
51246 + 92
51246 + 92
51246 + 92
51246 + 92
51246 + 92
51246 + 92
51246 + 92
51246 + 92
51246 + 92
51246 + 92
51247 + 92
51247 + 92
51247 + 92
51248 + 92
51248 + 92
51248 + 92
51248 + 92
51248 + 92
51248 + 92
51248 + 92
51248 + 92
51248 + 92
51251 + 92
51251 + 92
51251 + 92
51251 + 92
51251 + 92
51252 + 92
51252 + 92
52536 # 1504
52536 - 92 1295
52536 - 92 1295
52536 - 92 1295
52536 - 92 1295
52536 - 92 1295
52536 - 92 1295
52536 - 92 1295
52536 - 92 1295
52536 - 92 1295
52536 - 92 1295
52536 - 92 1295
52536 - 92 1294
52536 - 92 1294
52536 - 92 1294
52536 - 92 1294
52536 - 92 1294
52536 # 1504
52536 - 92 1294
52536 - 92 1294
52536 - 92 1294
52536 - 92 1294
52536 - 92 1294
52536 - 92 1294
52536 - 92 1294
52536 - 92 1294
52536 - 92 1294
52536 - 92 1294
52536 - 92 1294
52536 - 92 1292
52536 - 92 1292
52536 - 92 1292
52536 - 92 1292
52536 - 92 1292
52536 # 1504
52536 - 92 1292
52536 - 92 1292
52536 - 92 1292
52536 - 92 1292
52536 - 92 1292
52536 - 92 1292
52536 - 92 1292
52536 - 92 1292
52536 - 92 1292
52536 - 92 1292
52536 - 92 1292
52536 - 92 1292
52536 - 92 1292
52536 - 92 1292
52536 - 92 1290
52536 - 92 1290
52536 - 92 1290
52536 # 1504
52536 - 92 1290
52536 - 92 1290
52536 - 92 1290
52536 - 92 1290
52536 - 92 1290
52536 - 92 1290
52536 - 92 1290
52536 - 92 1290
52536 - 92 1290
52536 - 92 1290
52536 - 92 1290
52536 - 92 1290
52536 - 92 1290
52536 - 92 1290
52536 - 92 1290
52536 - 92 1289
52536 # 1504
52536 - 92 1289
52536 - 92 1289
52536 - 92 1288
52536 - 92 1288
52536 - 92 1288
52536 - 92 1288
52536 - 92 1288
52536 - 92 1288
52536 - 92 1288
52536 - 92 1288
52536 - 92 1288
52536 - 92 1285
52536 - 92 1285
52536 - 92 1285
52536 - 92 1285
52536 - 92 1285
52536 # 1504
52536 - 92 1284
52536 - 92 1284
52536 # 1504
52536 # 1504
52536 # 1504
52536 # 1504
52536 # 1504
52536 # 1504
52536 # 1504
52536 # 1504
52536 # 1504
52536 # 1504
52536 # 1504
52536 # 1504
52536 # 1504
52536 # 1504
52536 # 1504
52536 # 1504
52536 # 1504
52536 # 1504
52536 # 1504
52536 # 1504
52536 # 1504
52536 # 1504
52536 # 1504
52536 # 1504
52536 # 1504
52536 # 1504
52536 # 1504
52536 # 1504
52536 # 1504
52536 # 1504
52536 # 1504
52536 # 1504
52536 # 1504
52536 # 1504
52536 # 1504
52536 # 1504
52536 # 1504
52536 # 1504
52536 # 1504
52536 # 1504
52536 # 1504
52536 # 1504
52536 # 1504
52536 # 1504
52536 # 1504
52536 # 1504
52536 # 1504
52536 # 1504
52536 # 1504
52536 # 1504
52536 # 1504
52536 # 1504
52536 # 1504
52536 # 1504
52536 # 1504
52536 # 1504
52536 # 1504
52536 # 1504
52536 # 1504
52536 # 1504
52536 # 1504
52536 # 1504
52536 # 1504
52536 # 1504
52536 # 1504
52536 # 1504
52536 # 1504
52536 # 1504
52536 # 1504
52536 # 1504
52536 # 1504
52536 # 1504
52536 # 1504
52536 # 1504
52536 # 1504
52536 # 1504
52536 # 1504
52743 + 92
52743 + 92
52743 + 104
52743 + 104
52743 + 104
52743 + 104
52743 + 104
52743 + 104
52743 + 104
52743 + 104
52743 + 104
52743 + 104
52743 + 104
52743 + 104
52743 + 104
52743 + 104
52743 + 104
52743 + 104
52743 + 104
52743 + 104
52743 + 104
52743 + 104
52743 + 104
52743 + 104
52743 + 104
52743 + 104
52743 + 104
52743 + 104
52743 + 104
52743 + 104
52743 + 104
52743 + 104
52743 + 104
52743 + 104
52745 + 104
52745 + 104
52745 + 104
52745 + 104
52745 + 104
52745 + 104
52745 + 104
52745 + 104
52745 + 104
52745 + 104
52745 + 104
52745 + 104
52745 + 104
52745 + 104
52745 + 104
52745 + 104
52745 + 104
52745 + 104
52745 + 104
52745 + 104
52745 + 104
52745 + 104
52745 + 104
52745 + 104
52745 + 104
52745 + 104
52745 + 104
52745 + 104
52745 + 104
52745 + 104
52745 + 104
52745 + 104
52745 + 104
52745 + 104
52745 + 104
52745 + 104
52745 + 104
52745 + 104
52745 + 104
52745 + 104
52745 + 104
52745 + 104
52745 + 104
52745 + 104
52745 + 104
52745 + 104
52747 + 104
52747 + 104
52747 + 104
54036 # 1504
54036 - 92 1293
54036 - 92 1293
54036 - 104 1293
54036 - 104 1293
54036 - 104 1293
54036 - 104 1293
54036 - 104 1293
54036 - 104 1293
54036 - 104 1293
54036 - 104 1293
54036 - 104 1293
54036 - 104 1293
54036 - 104 1293
54036 - 104 1293
54036 # 1504
54036 - 104 1293
54036 - 104 1293
54036 - 104 1293
54036 - 104 1293
54036 - 104 1293
54036 - 104 1293
54036 - 104 1293
54036 - 104 1293
54036 - 104 1293
54036 - 104 1293
54036 - 104 1293
54036 - 104 1293
54036 - 104 1293
54036 - 104 1293
54036 - 104 1293
54036 # 1504
54036 - 104 1293
54036 - 104 1293
54036 - 104 1293
54036 - 104 1293
54036 - 104 1293
54036 - 104 1291
54036 - 104 1291
54036 - 104 1291
54036 - 104 1291
54036 - 104 1291
54036 - 104 1291
54036 - 104 1291
54036 - 104 1291
54036 - 104 1291
54036 # 1504
54036 - 104 1291
54036 - 104 1291
54036 - 104 1291
54036 - 104 1291
54036 - 104 1291
54036 - 104 1291
54036 - 104 1291
54036 - 104 1291
54036 - 104 1291
54036 - 104 1291
54036 - 104 1291
54036 - 104 1291
54036 - 104 1291
54036 - 104 1291
54036 - 104 1291
54036 # 1504
54036 - 104 1291
54036 - 104 1291
54036 - 104 1291
54036 - 104 1291
54036 - 104 1291
54036 - 104 1291
54036 - 104 1291
54036 - 104 1291
54036 - 104 1291
54036 - 104 1291
54036 - 104 1291
54036 - 104 1291
54036 - 104 1291
54036 - 104 1291
54036 # 1504
54036 - 104 1291
54036 - 104 1291
54036 - 104 1291
54036 - 104 1291
54036 - 104 1291
54036 - 104 1291
54036 - 104 1291
54036 - 104 1291
54036 - 104 1289
54036 - 104 1289
54036 - 104 1289
54036 # 1504
54036 # 1504
54036 # 1504
54036 # 1504
54036 # 1504
54036 # 1504
54036 # 1504
54036 # 1504
54036 # 1504
54036 # 1504
54036 # 1504
54036 # 1504
54036 # 1504
54036 # 1504
54036 # 1504
54036 # 1504
54036 # 1504
54036 # 1504
54036 # 1504
54036 # 1504
54036 # 1504
54036 # 1504
54036 # 1504
54036 # 1504
54036 # 1504
54036 # 1504
54036 # 1504
54036 # 1504
54036 # 1504
54036 # 1504
54036 # 1504
54036 # 1504
54036 # 1504
54036 # 1504
54036 # 1504
54036 # 1504
54036 # 1504
54036 # 1504
54036 # 1504
54036 # 1504
54036 # 1504
54036 # 1504
54036 # 1504
54036 # 1504
54036 # 1504
54036 # 1504
54036 # 1504
54036 # 1504
54036 # 1504
54036 # 1504
54036 # 1504
54036 # 1504
54036 # 1504
54036 # 1504
54036 # 1504
54036 # 1504
54036 # 1504
54036 # 1504
54036 # 1504
54036 # 1504
54036 # 1504
54036 # 1504
54036 # 1504
54036 # 1504
54036 # 1504
54036 # 1504
54036 # 1504
54036 # 1504
54036 # 1504
54036 # 1504
54036 # 1504
54036 # 1504
54036 # 1504
54036 # 1504
54036 # 1504
54036 # 1504
54036 # 1504
54241 + 104
54241 + 104
54241 + 112
54241 + 112
54241 + 112
54241 + 112
54241 + 112
54241 + 112
54241 + 112
54241 + 112
54241 + 112
54241 + 112
54241 + 112
54241 + 112
54241 + 112
54241 + 112
54241 + 112
54242 + 112
54242 + 112
54242 + 112
54242 + 112
54242 + 112
54242 + 112
54242 + 112
54242 + 112
54242 + 112
54242 + 112
54242 + 112
54242 + 112
54242 + 112
54242 + 112
54242 + 112
54242 + 112
54242 + 112
54242 + 112
54242 + 112
54242 + 112
54242 + 112
54242 + 112
54242 + 112
54242 + 112
54242 + 112
54242 + 112
54242 + 112
54242 + 112
54242 + 112
54242 + 112
54242 + 112
54242 + 112
54242 + 112
54242 + 112
54242 + 112
54242 + 112
54242 + 112
54242 + 112
54242 + 112
54242 + 112
54242 + 112
54242 + 112
54242 + 112
54242 + 112
54242 + 112
54242 + 112
54242 + 112
54242 + 112
54242 + 112
54242 + 112
54242 + 112
54242 + 112
54242 + 112
54242 + 112
54242 + 112
54242 + 112
54242 + 112
54242 + 112
54242 + 112
54242 + 112
54242 + 112
54246 + 112
55536 # 1504
55536 - 104 1295
55536 - 104 1295
55536 - 112 1295
55536 - 112 1295
55536 - 112 1295
55536 - 112 1295
55536 - 112 1295
55536 - 112 1295
55536 - 112 1295
55536 - 112 1295
55536 - 112 1295
55536 - 112 1295
55536 - 112 1295
55536 # 1504
55536 - 112 1295
55536 - 112 1295
55536 - 112 1295
55536 - 112 1295
55536 - 112 1294
55536 - 112 1294
55536 - 112 1294
55536 - 112 1294
55536 - 112 1294
55536 - 112 1294
55536 - 112 1294
55536 - 112 1294
55536 - 112 1294
55536 - 112 1294
55536 # 1504
55536 - 112 1294
55536 - 112 1294
55536 - 112 1294
55536 - 112 1294
55536 - 112 1294
55536 - 112 1294
55536 - 112 1294
55536 - 112 1294
55536 - 112 1294
55536 - 112 1294
55536 - 112 1294
55536 - 112 1294
55536 - 112 1294
55536 # 1504
55536 - 112 1294
55536 - 112 1294
55536 - 112 1294
55536 - 112 1294
55536 - 112 1294
55536 - 112 1294
55536 - 112 1294
55536 - 112 1294
55536 - 112 1294
55536 - 112 1294
55536 - 112 1294
55536 - 112 1294
55536 - 112 1294
55536 # 1504
55536 - 112 1294
55536 - 112 1294
55536 - 112 1294
55536 - 112 1294
55536 - 112 1294
55536 - 112 1294
55536 - 112 1294
55536 - 112 1294
55536 - 112 1294
55536 - 112 1294
55536 - 112 1294
55536 - 112 1294
55536 - 112 1294
55536 - 112 1294
55536 # 1504
55536 - 112 1294
55536 - 112 1294
55536 - 112 1294
55536 - 112 1294
55536 - 112 1294
55536 - 112 1294
55536 - 112 1294
55536 - 112 1294
55536 - 112 1294
55536 - 112 1294
55536 - 112 1294
55536 - 112 1290
55536 # 1504
55536 # 1504
55536 # 1504
55536 # 1504
55536 # 1504
55536 # 1504
55536 # 1504
55536 # 1504
55536 # 1504
55536 # 1504
55536 # 1504
55536 # 1504
55536 # 1504
55536 # 1504
55536 # 1504
55536 # 1504
55536 # 1504
55536 # 1504
55536 # 1504
55536 # 1504
55536 # 1504
55536 # 1504
55536 # 1504
55536 # 1504
55536 # 1504
55536 # 1504
55536 # 1504
55536 # 1504
55536 # 1504
55536 # 1504
55536 # 1504
55536 # 1504
55536 # 1504
55536 # 1504
55536 # 1504
55536 # 1504
55536 # 1504
55536 # 1504
55536 # 1504
55536 # 1504
55536 # 1504
55536 # 1504
55536 # 1504
55536 # 1504
55536 # 1504
55536 # 1504
55536 # 1504
55536 # 1504
55536 # 1504
55536 # 1504
55536 # 1504
55536 # 1504
55536 # 1504
55536 # 1504
55536 # 1504
55536 # 1504
55536 # 1504
55536 # 1504
55536 # 1504
55536 # 1504
55536 # 1504
55536 # 1504
55536 # 1504
55536 # 1504
55536 # 1504
55536 # 1504
55536 # 1504
55536 # 1504
55536 # 1504
55536 # 1504
55536 # 1504
55536 # 1504
55536 # 1504
55536 # 1504
55536 # 1504
55536 # 1504
55536 # 1504
55745 + 112
55745 + 120
55748 + 120
56264 + 52
57036 # 1504
57036 - 112 1291
57036 - 120 1291
57036 - 120 1288
57036 - 52 772
57036 # 1504
57036 # 1504
57036 # 1504
57036 # 1504
57036 # 1504
57036 # 1504
57036 # 1504
57036 # 1504
57036 # 1504
57036 # 1504
57036 # 1504
57036 # 1504
57036 # 1504
57036 # 1504
57036 # 1504
57036 # 1504
57036 # 1504
57036 # 1504
57036 # 1504
57036 # 1504
57036 # 1504
57036 # 1504
57036 # 1504
57036 # 1504
57036 # 1504
57036 # 1504
57036 # 1504
57036 # 1504
57036 # 1504
57036 # 1504
57036 # 1504
57036 # 1504
57036 # 1504
57036 # 1504
57036 # 1504
57036 # 1504
57036 # 1504
57036 # 1504
57036 # 1504
57036 # 1504
57036 # 1504
57036 # 1504
57036 # 1504
57036 # 1504
57036 # 1504
57036 # 1504
57036 # 1504
57036 # 1504
57036 # 1504
57036 # 1504
57036 # 1504
57036 # 1504
57036 # 1504
57036 # 1504
57036 # 1504
57036 # 1504
57036 # 1504
57036 # 1504
57036 # 1504
57036 # 1504
57036 # 1504
57036 # 1504
57036 # 1504
57036 # 1504
57036 # 1504
57036 # 1504
57036 # 1504
57036 # 1504
57036 # 1504
57036 # 1504
57036 # 1504
57036 # 1504
57036 # 1504
57036 # 1504
57036 # 1504
57036 # 1504
57036 # 1504
57036 # 1504
57036 # 1504
57036 # 1504
57036 # 1504
57036 # 1504
57251 + 120
57251 + 120
57251 + 120
58536 # 1504
58536 - 120 1285
58536 - 120 1285
58536 - 120 1285
58536 # 1504
58536 # 1504
58536 # 1504
58536 # 1504
58536 # 1504
58536 # 1504
58536 # 1504
58536 # 1504
58536 # 1504
58536 # 1504
58536 # 1504
58536 # 1504
58536 # 1504
58536 # 1504
58536 # 1504
58536 # 1504
58536 # 1504
58536 # 1504
58536 # 1504
58536 # 1504
58536 # 1504
58536 # 1504
58536 # 1504
58536 # 1504
58536 # 1504
58536 # 1504
58536 # 1504
58536 # 1504
58536 # 1504
58536 # 1504
58536 # 1504
58536 # 1504
58536 # 1504
58536 # 1504
58536 # 1504
58536 # 1504
58536 # 1504
58536 # 1504
58536 # 1504
58536 # 1504
58536 # 1504
58536 # 1504
58536 # 1504
58536 # 1504
58536 # 1504
58536 # 1504
58536 # 1504
58536 # 1504
58536 # 1504
58536 # 1504
58536 # 1504
58536 # 1504
58536 # 1504
58536 # 1504
58536 # 1504
58536 # 1504
58536 # 1504
58536 # 1504
58536 # 1504
58536 # 1504
58536 # 1504
58536 # 1504
58536 # 1504
58536 # 1504
58536 # 1504
58536 # 1504
58536 # 1504
58536 # 1504
58536 # 1504
58536 # 1504
58536 # 1504
58536 # 1504
58536 # 1504
58536 # 1504
58536 # 1504
58536 # 1504
58536 # 1504
58536 # 1504
58536 # 1504
58536 # 1504
58536 # 1504
58536 # 1504
58744 + 120
58744 + 120
58746 + 120
58746 + 120
60036 # 1504
60036 - 120 1292
60036 - 120 1292
60036 - 120 1290
60036 - 120 1290
60036 # 1504
60036 # 1504
60036 # 1504
60036 # 1504
60036 # 1504
60036 # 1504
60036 # 1504
60036 # 1504
60036 # 1504
60036 # 1504
60036 # 1504
60036 # 1504
60036 # 1504
60036 # 1504
60036 # 1504
60036 # 1504
60036 # 1504
60036 # 1504
60036 # 1504
60036 # 1504
60036 # 1504
60036 # 1504
60036 # 1504
60036 # 1504
60036 # 1504
60036 # 1504
60036 # 1504
60036 # 1504
60036 # 1504
60036 # 1504
60036 # 1504
60036 # 1504
60036 # 1504
60036 # 1504
60036 # 1504
60036 # 1504
60036 # 1504
60036 # 1504
60036 # 1504
60036 # 1504
60036 # 1504
60036 # 1504
60036 # 1504
60036 # 1504
60036 # 1504
60036 # 1504
60036 # 1504
60036 # 1504
60036 # 1504
60036 # 1504
60036 # 1504
60036 # 1504
60036 # 1504
60036 # 1504
60036 # 1504
60036 # 1504
60036 # 1504
60036 # 1504
60036 # 1504
60036 # 1504
60036 # 1504
60036 # 1504
60036 # 1504
60036 # 1504
60036 # 1504
60036 # 1504
60036 # 1504
60036 # 1504
60036 # 1504
60036 # 1504
60036 # 1504
60036 # 1504
60036 # 1504
60036 # 1504
60036 # 1504
60036 # 1504
60036 # 1504
60036 # 1504
60036 # 1504
60036 # 1504
60036 # 1504
60036 # 1504
60250 + 120
60252 + 120
60252 + 120
60254 + 120
61536 # 1504
61536 - 120 1286
61536 - 120 1284
61536 - 120 1284
61536 - 120 1282
61536 # 1504
61536 # 1504
61536 # 1504
61536 # 1504
61536 # 1504
61536 # 1504
61536 # 1504
61536 # 1504
61536 # 1504
61536 # 1504
61536 # 1504
61536 # 1504
61536 # 1504
61536 # 1504
61536 # 1504
61536 # 1504
61536 # 1504
61536 # 1504
61536 # 1504
61536 # 1504
61536 # 1504
61536 # 1504
61536 # 1504
61536 # 1504
61536 # 1504
61536 # 1504
61536 # 1504
61536 # 1504
61536 # 1504
61536 # 1504
61536 # 1504
61536 # 1504
61536 # 1504
61536 # 1504
61536 # 1504
61536 # 1504
61536 # 1504
61536 # 1504
61536 # 1504
61536 # 1504
61536 # 1504
61536 # 1504
61536 # 1504
61536 # 1504
61536 # 1504
61536 # 1504
61536 # 1504
61536 # 1504
61536 # 1504
61536 # 1504
61536 # 1504
61536 # 1504
61536 # 1504
61536 # 1504
61536 # 1504
61536 # 1504
61536 # 1504
61536 # 1504
61536 # 1504
61536 # 1504
61536 # 1504
61536 # 1504
61536 # 1504
61536 # 1504
61536 # 1504
61536 # 1504
61536 # 1504
61536 # 1504
61536 # 1504
61536 # 1504
61536 # 1504
61536 # 1504
61536 # 1504
61536 # 1504
61536 # 1504
61536 # 1504
61536 # 1504
61536 # 1504
61536 # 1504
61536 # 1504
61536 # 1504
61536 # 1504
61742 + 120
61743 + 120
61748 + 120
61748 + 120
63036 # 1504
63036 - 120 1294
63036 - 120 1293
63036 - 120 1288
63036 - 120 1288
63036 # 1504
63036 # 1504
63036 # 1504
63036 # 1504
63036 # 1504
63036 # 1504
63036 # 1504
63036 # 1504
63036 # 1504
63036 # 1504
63036 # 1504
63036 # 1504
63036 # 1504
63036 # 1504
63036 # 1504
63036 # 1504
63036 # 1504
63036 # 1504
63036 # 1504
63036 # 1504
63036 # 1504
63036 # 1504
63036 # 1504
63036 # 1504
63036 # 1504
63036 # 1504
63036 # 1504
63036 # 1504
63036 # 1504
63036 # 1504
63036 # 1504
63036 # 1504
63036 # 1504
63036 # 1504
63036 # 1504
63036 # 1504
63036 # 1504
63036 # 1504
63036 # 1504
63036 # 1504
63036 # 1504
63036 # 1504
63036 # 1504
63036 # 1504
63036 # 1504
63036 # 1504
63036 # 1504
63036 # 1504
63036 # 1504
63036 # 1504
63036 # 1504
63036 # 1504
63036 # 1504
63036 # 1504
63036 # 1504
63036 # 1504
63036 # 1504
63036 # 1504
63036 # 1504
63036 # 1504
63036 # 1504
63036 # 1504
63036 # 1504
63036 # 1504
63036 # 1504
63036 # 1504
63036 # 1504
63036 # 1504
63036 # 1504
63036 # 1504
63036 # 1504
63036 # 1504
63036 # 1504
63036 # 1504
63036 # 1504
63036 # 1504
63036 # 1504
63036 # 1504
63036 # 1504
63036 # 1504
63036 # 1504
63036 # 1504
63249 + 120
63249 + 120
63249 + 120
63249 + 120
63251 + 120
63251 + 120
63251 + 120
63251 + 120
63251 + 120
63251 + 120
63251 + 120
63251 + 120
63254 + 120
63254 + 120
63254 + 120
63254 + 120
63254 + 120
63254 + 120
63254 + 120
63254 + 120
63256 + 120
63256 + 120
63256 + 120
63256 + 120
63256 + 120
63256 + 120
63256 + 120
63256 + 120
63256 + 120
63256 + 120
63256 + 120
63256 + 120
63256 + 120
63256 + 120
63257 + 120
63257 + 120
63257 + 120
63257 + 120
63257 + 120
63257 + 120
64536 # 1504
64536 - 120 1287
64536 - 120 1287
64536 - 120 1287
64536 - 120 1287
64536 - 120 1285
64536 - 120 1285
64536 - 120 1285
64536 - 120 1285
64536 - 120 1285
64536 - 120 1285
64536 - 120 1285
64536 - 120 1285
64536 # 1504
64536 - 120 1282
64536 - 120 1282
64536 - 120 1282
64536 - 120 1282
64536 - 120 1282
64536 - 120 1282
64536 - 120 1282
64536 - 120 1282
64536 - 120 1280
64536 - 120 1280
64536 - 120 1280
64536 - 120 1280
64536 - 120 1280
64536 # 1504
64536 - 120 1280
64536 - 120 1280
64536 - 120 1280
64536 - 120 1280
64536 - 120 1280
64536 - 120 1280
64536 - 120 1280
64536 - 120 1280
64536 - 120 1280
64536 - 120 1279
64536 - 120 1279
64536 - 120 1279
64536 # 1504
64536 - 120 1279
64536 - 120 1279
64536 - 120 1279
64536 # 1504
64536 # 1504
64536 # 1504
64536 # 1504
64536 # 1504
64536 # 1504
64536 # 1504
64536 # 1504
64536 # 1504
64536 # 1504
64536 # 1504
64536 # 1504
64536 # 1504
64536 # 1504
64536 # 1504
64536 # 1504
64536 # 1504
64536 # 1504
64536 # 1504
64536 # 1504
64536 # 1504
64536 # 1504
64536 # 1504
64536 # 1504
64536 # 1504
64536 # 1504
64536 # 1504
64536 # 1504
64536 # 1504
64536 # 1504
64536 # 1504
64536 # 1504
64536 # 1504
64536 # 1504
64536 # 1504
64536 # 1504
64536 # 1504
64536 # 1504
64536 # 1504
64536 # 1504
64536 # 1504
64536 # 1504
64536 # 1504
64536 # 1504
64536 # 1504
64536 # 1504
64536 # 1504
64536 # 1504
64536 # 1504
64536 # 1504
64536 # 1504
64536 # 1504
64536 # 1504
64536 # 1504
64536 # 1504
64536 # 1504
64536 # 1504
64536 # 1504
64536 # 1504
64536 # 1504
64536 # 1504
64536 # 1504
64536 # 1504
64536 # 1504
64536 # 1504
64536 # 1504
64536 # 1504
64536 # 1504
64536 # 1504
64536 # 1504
64536 # 1504
64536 # 1504
64536 # 1504
64536 # 1504
64536 # 1504
64536 # 1504
64536 # 1504
64536 # 1504
64536 # 1504
64749 + 120
64750 + 120
64750 + 120
64752 + 120
64752 + 120
64752 + 120
64752 + 120
64752 + 120
64752 + 120
64752 + 120
64752 + 120
64752 + 120
64752 + 120
64752 + 120
64752 + 120
64752 + 120
64752 + 120
64752 + 120
64755 + 120
64755 + 120
64755 + 120
64755 + 120
64755 + 120
64755 + 120
64755 + 120
64755 + 120
64755 + 120
64755 + 120
64755 + 120
64755 + 120
64755 + 120
64755 + 120
64755 + 120
64755 + 120
64755 + 120
64755 + 120
64755 + 120
64755 + 120
64755 + 120
64755 + 120
64755 + 120
64755 + 120
64755 + 120
64755 + 120
64755 + 120
64757 + 120
64757 + 120
64757 + 120
64757 + 120
64757 + 120
64757 + 120
64757 + 120
64757 + 120
64757 + 120
64757 + 120
64757 + 120
64757 + 120
64757 + 120
64757 + 120
64757 + 120
64757 + 120
64757 + 120
64757 + 120
64757 + 120
64758 + 120
64758 + 120
64758 + 120
64758 + 120
66036 # 1504
66036 - 120 1287
66036 - 120 1286
66036 - 120 1286
66036 - 120 1284
66036 - 120 1284
66036 - 120 1284
66036 - 120 1284
66036 - 120 1284
66036 - 120 1284
66036 - 120 1284
66036 - 120 1284
66036 - 120 1284
66036 # 1504
66036 - 120 1284
66036 - 120 1284
66036 - 120 1284
66036 - 120 1284
66036 - 120 1284
66036 - 120 1284
66036 - 120 1281
66036 - 120 1281
66036 - 120 1281
66036 - 120 1281
66036 - 120 1281
66036 - 120 1281
66036 - 120 1281
66036 # 1504
66036 - 120 1281
66036 - 120 1281
66036 - 120 1281
66036 - 120 1281
66036 - 120 1281
66036 - 120 1281
66036 - 120 1281
66036 - 120 1281
66036 - 120 1281
66036 - 120 1281
66036 - 120 1281
66036 - 120 1281
66036 # 1504
66036 - 120 1281
66036 - 120 1281
66036 - 120 1281
66036 - 120 1281
66036 - 120 1281
66036 - 120 1281
66036 - 120 1281
66036 - 120 1281
66036 - 120 1279
66036 - 120 1279
66036 - 120 1279
66036 - 120 1279
66036 - 120 1279
66036 # 1504
66036 - 120 1279
66036 - 120 1279
66036 - 120 1279
66036 - 120 1279
66036 - 120 1279
66036 - 120 1279
66036 - 120 1279
66036 - 120 1279
66036 - 120 1279
66036 - 120 1279
66036 - 120 1279
66036 - 120 1279
66036 # 1504
66036 - 120 1279
66036 - 120 1279
66036 - 120 1278
66036 - 120 1278
66036 - 120 1278
66036 - 120 1278
66036 # 1504
66036 # 1504
66036 # 1504
66036 # 1504
66036 # 1504
66036 # 1504
66036 # 1504
66036 # 1504
66036 # 1504
66036 # 1504
66036 # 1504
66036 # 1504
66036 # 1504
66036 # 1504
66036 # 1504
66036 # 1504
66036 # 1504
66036 # 1504
66036 # 1504
66036 # 1504
66036 # 1504
66036 # 1504
66036 # 1504
66036 # 1504
66036 # 1504
66036 # 1504
66036 # 1504
66036 # 1504
66036 # 1504
66036 # 1504
66036 # 1504
66036 # 1504
66036 # 1504
66036 # 1504
66036 # 1504
66036 # 1504
66036 # 1504
66036 # 1504
66036 # 1504
66036 # 1504
66036 # 1504
66036 # 1504
66036 # 1504
66036 # 1504
66036 # 1504
66036 # 1504
66036 # 1504
66036 # 1504
66036 # 1504
66036 # 1504
66036 # 1504
66036 # 1504
66036 # 1504
66036 # 1504
66036 # 1504
66036 # 1504
66036 # 1504
66036 # 1504
66036 # 1504
66036 # 1504
66036 # 1504
66036 # 1504
66036 # 1504
66036 # 1504
66036 # 1504
66036 # 1504
66036 # 1504
66036 # 1504
66036 # 1504
66036 # 1504
66036 # 1504
66036 # 1504
66036 # 1504
66036 # 1504
66036 # 1504
66036 # 1504
66036 # 1504
