# mahimahi mm-link (Downlink) [/tmp/traces/1mbps.trace] > /home/rootroot/pantheon/src/experiments/data_1mbps_200ms/vegas_mm_acklink_run1.log
# command line: 'mm-link' '/tmp/traces/1mbps.trace' '/tmp/traces/1mbps.trace' '--uplink-log=/home/rootroot/pantheon/src/experiments/data_1mbps_200ms/vegas_mm_datalink_run1.log' '--downlink-log=/home/rootroot/pantheon/src/experiments/data_1mbps_200ms/vegas_mm_acklink_run1.log' '--uplink-queue=droptail' '--downlink-queue=droptail' '--uplink-queue-args=packets=500' '--downlink-queue-args=packets=500' 'python' '/home/rootroot/pantheon/src/experiments/tunnel_manager.py'
# queue: droptail [packets=500]
# init timestamp: 1744824462718
# base timestamp: 44
# mahimahi config: [delay 100 ms] 
45 + 80
45 + 52
45 + 80
45 + 80
906 + 80
1544 # 1504
1544 - 80 1499
1544 - 52 1499
1544 - 80 1499
1544 - 80 1499
1544 - 80 638
1544 # 1504
1544 # 1504
1544 # 1504
1544 # 1504
1544 # 1504
1544 # 1504
1544 # 1504
1544 # 1504
1544 # 1504
1544 # 1504
1544 # 1504
1544 # 1504
1544 # 1504
1544 # 1504
1544 # 1504
1544 # 1504
1544 # 1504
1544 # 1504
1544 # 1504
1544 # 1504
1544 # 1504
1544 # 1504
1544 # 1504
1544 # 1504
1544 # 1504
1544 # 1504
1544 # 1504
1544 # 1504
1544 # 1504
1544 # 1504
1544 # 1504
1544 # 1504
1544 # 1504
1544 # 1504
1544 # 1504
1544 # 1504
1544 # 1504
1544 # 1504
1544 # 1504
1544 # 1504
1544 # 1504
1544 # 1504
1544 # 1504
1544 # 1504
1544 # 1504
1544 # 1504
1544 # 1504
1544 # 1504
1544 # 1504
1544 # 1504
1544 # 1504
1544 # 1504
1544 # 1504
1544 # 1504
1544 # 1504
1544 # 1504
1544 # 1504
1544 # 1504
1544 # 1504
1544 # 1504
1544 # 1504
1544 # 1504
1544 # 1504
1544 # 1504
1544 # 1504
1544 # 1504
1544 # 1504
1544 # 1504
1544 # 1504
1544 # 1504
1544 # 1504
1544 # 1504
1544 # 1504
1544 # 1504
1544 # 1504
1544 # 1504
1544 # 1504
1544 # 1504
1544 # 1504
1544 # 1504
1544 # 1504
1544 # 1504
1754 + 40
1756 + 40
3044 # 1504
3044 - 40 1290
3044 - 40 1288
3044 # 1504
3044 # 1504
3044 # 1504
3044 # 1504
3044 # 1504
3044 # 1504
3044 # 1504
3044 # 1504
3044 # 1504
3044 # 1504
3044 # 1504
3044 # 1504
3044 # 1504
3044 # 1504
3044 # 1504
3044 # 1504
3044 # 1504
3044 # 1504
3044 # 1504
3044 # 1504
3044 # 1504
3044 # 1504
3044 # 1504
3044 # 1504
3044 # 1504
3044 # 1504
3044 # 1504
3044 # 1504
3044 # 1504
3044 # 1504
3044 # 1504
3044 # 1504
3044 # 1504
3044 # 1504
3044 # 1504
3044 # 1504
3044 # 1504
3044 # 1504
3044 # 1504
3044 # 1504
3044 # 1504
3044 # 1504
3044 # 1504
3044 # 1504
3044 # 1504
3044 # 1504
3044 # 1504
3044 # 1504
3044 # 1504
3044 # 1504
3044 # 1504
3044 # 1504
3044 # 1504
3044 # 1504
3044 # 1504
3044 # 1504
3044 # 1504
3044 # 1504
3044 # 1504
3044 # 1504
3044 # 1504
3044 # 1504
3044 # 1504
3044 # 1504
3044 # 1504
3044 # 1504
3044 # 1504
3044 # 1504
3044 # 1504
3044 # 1504
3044 # 1504
3044 # 1504
3044 # 1504
3044 # 1504
3044 # 1504
3044 # 1504
3044 # 1504
3044 # 1504
3044 # 1504
3044 # 1504
3044 # 1504
3044 # 1504
3251 + 40
4395 + 52
4544 # 1504
4544 - 40 1293
4544 - 52 149
4544 # 1504
4544 # 1504
4544 # 1504
4544 # 1504
4544 # 1504
4544 # 1504
4544 # 1504
4544 # 1504
4544 # 1504
4544 # 1504
4544 # 1504
4544 # 1504
4544 # 1504
4544 # 1504
4544 # 1504
4544 # 1504
4544 # 1504
4544 # 1504
4544 # 1504
4544 # 1504
4544 # 1504
4544 # 1504
4544 # 1504
4544 # 1504
4544 # 1504
4544 # 1504
4544 # 1504
4544 # 1504
4544 # 1504
4544 # 1504
4544 # 1504
4544 # 1504
4544 # 1504
4544 # 1504
4544 # 1504
4544 # 1504
4544 # 1504
4544 # 1504
4544 # 1504
4544 # 1504
4544 # 1504
4544 # 1504
4544 # 1504
4544 # 1504
4544 # 1504
4544 # 1504
4544 # 1504
4544 # 1504
4544 # 1504
4544 # 1504
4544 # 1504
4544 # 1504
4544 # 1504
4544 # 1504
4544 # 1504
4544 # 1504
4544 # 1504
4544 # 1504
4544 # 1504
4544 # 1504
4544 # 1504
4544 # 1504
4544 # 1504
4544 # 1504
4544 # 1504
4544 # 1504
4544 # 1504
4544 # 1504
4544 # 1504
4544 # 1504
4544 # 1504
4544 # 1504
4544 # 1504
4544 # 1504
4544 # 1504
4544 # 1504
4544 # 1504
4544 # 1504
4544 # 1504
4544 # 1504
4544 # 1504
4544 # 1504
6044 # 1504
6044 # 1504
6044 # 1504
6044 # 1504
6044 # 1504
6044 # 1504
6044 # 1504
6044 # 1504
6044 # 1504
6044 # 1504
6044 # 1504
6044 # 1504
6044 # 1504
6044 # 1504
6044 # 1504
6044 # 1504
6044 # 1504
6044 # 1504
6044 # 1504
6044 # 1504
6044 # 1504
6044 # 1504
6044 # 1504
6044 # 1504
6044 # 1504
6044 # 1504
6044 # 1504
6044 # 1504
6044 # 1504
6044 # 1504
6044 # 1504
6044 # 1504
6044 # 1504
6044 # 1504
6044 # 1504
6044 # 1504
6044 # 1504
6044 # 1504
6044 # 1504
6044 # 1504
6044 # 1504
6044 # 1504
6044 # 1504
6044 # 1504
6044 # 1504
6044 # 1504
6044 # 1504
6044 # 1504
6044 # 1504
6044 # 1504
6044 # 1504
6044 # 1504
6044 # 1504
6044 # 1504
6044 # 1504
6044 # 1504
6044 # 1504
6044 # 1504
6044 # 1504
6044 # 1504
6044 # 1504
6044 # 1504
6044 # 1504
6044 # 1504
6044 # 1504
6044 # 1504
6044 # 1504
6044 # 1504
6044 # 1504
6044 # 1504
6044 # 1504
6044 # 1504
6044 # 1504
6044 # 1504
6044 # 1504
6044 # 1504
6044 # 1504
6044 # 1504
6044 # 1504
6044 # 1504
6044 # 1504
6044 # 1504
6044 # 1504
7544 # 1504
7544 # 1504
7544 # 1504
7544 # 1504
7544 # 1504
7544 # 1504
7544 # 1504
7544 # 1504
7544 # 1504
7544 # 1504
7544 # 1504
7544 # 1504
7544 # 1504
7544 # 1504
7544 # 1504
7544 # 1504
7544 # 1504
7544 # 1504
7544 # 1504
7544 # 1504
7544 # 1504
7544 # 1504
7544 # 1504
7544 # 1504
7544 # 1504
7544 # 1504
7544 # 1504
7544 # 1504
7544 # 1504
7544 # 1504
7544 # 1504
7544 # 1504
7544 # 1504
7544 # 1504
7544 # 1504
7544 # 1504
7544 # 1504
7544 # 1504
7544 # 1504
7544 # 1504
7544 # 1504
7544 # 1504
7544 # 1504
7544 # 1504
7544 # 1504
7544 # 1504
7544 # 1504
7544 # 1504
7544 # 1504
7544 # 1504
7544 # 1504
7544 # 1504
7544 # 1504
7544 # 1504
7544 # 1504
7544 # 1504
7544 # 1504
7544 # 1504
7544 # 1504
7544 # 1504
7544 # 1504
7544 # 1504
7544 # 1504
7544 # 1504
7544 # 1504
7544 # 1504
7544 # 1504
7544 # 1504
7544 # 1504
7544 # 1504
7544 # 1504
7544 # 1504
7544 # 1504
7544 # 1504
7544 # 1504
7544 # 1504
7544 # 1504
7544 # 1504
7544 # 1504
7544 # 1504
7544 # 1504
7544 # 1504
7544 # 1504
7756 + 100
7756 + 100
8785 + 100
9044 # 1504
9044 - 100 1288
9044 - 100 1288
9044 - 100 259
9044 # 1504
9044 # 1504
9044 # 1504
9044 # 1504
9044 # 1504
9044 # 1504
9044 # 1504
9044 # 1504
9044 # 1504
9044 # 1504
9044 # 1504
9044 # 1504
9044 # 1504
9044 # 1504
9044 # 1504
9044 # 1504
9044 # 1504
9044 # 1504
9044 # 1504
9044 # 1504
9044 # 1504
9044 # 1504
9044 # 1504
9044 # 1504
9044 # 1504
9044 # 1504
9044 # 1504
9044 # 1504
9044 # 1504
9044 # 1504
9044 # 1504
9044 # 1504
9044 # 1504
9044 # 1504
9044 # 1504
9044 # 1504
9044 # 1504
9044 # 1504
9044 # 1504
9044 # 1504
9044 # 1504
9044 # 1504
9044 # 1504
9044 # 1504
9044 # 1504
9044 # 1504
9044 # 1504
9044 # 1504
9044 # 1504
9044 # 1504
9044 # 1504
9044 # 1504
9044 # 1504
9044 # 1504
9044 # 1504
9044 # 1504
9044 # 1504
9044 # 1504
9044 # 1504
9044 # 1504
9044 # 1504
9044 # 1504
9044 # 1504
9044 # 1504
9044 # 1504
9044 # 1504
9044 # 1504
9044 # 1504
9044 # 1504
9044 # 1504
9044 # 1504
9044 # 1504
9044 # 1504
9044 # 1504
9044 # 1504
9044 # 1504
9044 # 1504
9044 # 1504
9044 # 1504
9044 # 1504
9044 # 1504
9044 # 1504
10544 # 1504
10544 # 1504
10544 # 1504
10544 # 1504
10544 # 1504
10544 # 1504
10544 # 1504
10544 # 1504
10544 # 1504
10544 # 1504
10544 # 1504
10544 # 1504
10544 # 1504
10544 # 1504
10544 # 1504
10544 # 1504
10544 # 1504
10544 # 1504
10544 # 1504
10544 # 1504
10544 # 1504
10544 # 1504
10544 # 1504
10544 # 1504
10544 # 1504
10544 # 1504
10544 # 1504
10544 # 1504
10544 # 1504
10544 # 1504
10544 # 1504
10544 # 1504
10544 # 1504
10544 # 1504
10544 # 1504
10544 # 1504
10544 # 1504
10544 # 1504
10544 # 1504
10544 # 1504
10544 # 1504
10544 # 1504
10544 # 1504
10544 # 1504
10544 # 1504
10544 # 1504
10544 # 1504
10544 # 1504
10544 # 1504
10544 # 1504
10544 # 1504
10544 # 1504
10544 # 1504
10544 # 1504
10544 # 1504
10544 # 1504
10544 # 1504
10544 # 1504
10544 # 1504
10544 # 1504
10544 # 1504
10544 # 1504
10544 # 1504
10544 # 1504
10544 # 1504
10544 # 1504
10544 # 1504
10544 # 1504
10544 # 1504
10544 # 1504
10544 # 1504
10544 # 1504
10544 # 1504
10544 # 1504
10544 # 1504
10544 # 1504
10544 # 1504
10544 # 1504
10544 # 1504
10544 # 1504
10544 # 1504
10544 # 1504
10544 # 1504
10750 + 92
10750 + 92
10750 + 92
10752 + 92
10752 + 92
10752 + 92
10752 + 92
10752 + 92
10752 + 92
10752 + 92
12044 # 1504
12044 - 92 1294
12044 - 92 1294
12044 - 92 1294
12044 - 92 1292
12044 - 92 1292
12044 - 92 1292
12044 - 92 1292
12044 - 92 1292
12044 - 92 1292
12044 - 92 1292
12044 # 1504
12044 # 1504
12044 # 1504
12044 # 1504
12044 # 1504
12044 # 1504
12044 # 1504
12044 # 1504
12044 # 1504
12044 # 1504
12044 # 1504
12044 # 1504
12044 # 1504
12044 # 1504
12044 # 1504
12044 # 1504
12044 # 1504
12044 # 1504
12044 # 1504
12044 # 1504
12044 # 1504
12044 # 1504
12044 # 1504
12044 # 1504
12044 # 1504
12044 # 1504
12044 # 1504
12044 # 1504
12044 # 1504
12044 # 1504
12044 # 1504
12044 # 1504
12044 # 1504
12044 # 1504
12044 # 1504
12044 # 1504
12044 # 1504
12044 # 1504
12044 # 1504
12044 # 1504
12044 # 1504
12044 # 1504
12044 # 1504
12044 # 1504
12044 # 1504
12044 # 1504
12044 # 1504
12044 # 1504
12044 # 1504
12044 # 1504
12044 # 1504
12044 # 1504
12044 # 1504
12044 # 1504
12044 # 1504
12044 # 1504
12044 # 1504
12044 # 1504
12044 # 1504
12044 # 1504
12044 # 1504
12044 # 1504
12044 # 1504
12044 # 1504
12044 # 1504
12044 # 1504
12044 # 1504
12044 # 1504
12044 # 1504
12044 # 1504
12044 # 1504
12044 # 1504
12044 # 1504
12044 # 1504
12044 # 1504
12044 # 1504
12044 # 1504
12044 # 1504
12044 # 1504
12044 # 1504
12044 # 1504
12044 # 1504
13099 + 52
13544 # 1504
13544 - 52 445
13544 # 1504
13544 # 1504
13544 # 1504
13544 # 1504
13544 # 1504
13544 # 1504
13544 # 1504
13544 # 1504
13544 # 1504
13544 # 1504
13544 # 1504
13544 # 1504
13544 # 1504
13544 # 1504
13544 # 1504
13544 # 1504
13544 # 1504
13544 # 1504
13544 # 1504
13544 # 1504
13544 # 1504
13544 # 1504
13544 # 1504
13544 # 1504
13544 # 1504
13544 # 1504
13544 # 1504
13544 # 1504
13544 # 1504
13544 # 1504
13544 # 1504
13544 # 1504
13544 # 1504
13544 # 1504
13544 # 1504
13544 # 1504
13544 # 1504
13544 # 1504
13544 # 1504
13544 # 1504
13544 # 1504
13544 # 1504
13544 # 1504
13544 # 1504
13544 # 1504
13544 # 1504
13544 # 1504
13544 # 1504
13544 # 1504
13544 # 1504
13544 # 1504
13544 # 1504
13544 # 1504
13544 # 1504
13544 # 1504
13544 # 1504
13544 # 1504
13544 # 1504
13544 # 1504
13544 # 1504
13544 # 1504
13544 # 1504
13544 # 1504
13544 # 1504
13544 # 1504
13544 # 1504
13544 # 1504
13544 # 1504
13544 # 1504
13544 # 1504
13544 # 1504
13544 # 1504
13544 # 1504
13544 # 1504
13544 # 1504
13544 # 1504
13544 # 1504
13544 # 1504
13544 # 1504
13544 # 1504
13544 # 1504
13544 # 1504
13749 + 92
13749 + 92
13749 + 92
13749 + 92
13749 + 92
13749 + 92
13749 + 92
13750 + 92
13750 + 92
13750 + 92
15044 # 1504
15044 - 92 1295
15044 - 92 1295
15044 - 92 1295
15044 - 92 1295
15044 - 92 1295
15044 - 92 1295
15044 - 92 1295
15044 - 92 1294
15044 - 92 1294
15044 - 92 1294
15044 # 1504
15044 # 1504
15044 # 1504
15044 # 1504
15044 # 1504
15044 # 1504
15044 # 1504
15044 # 1504
15044 # 1504
15044 # 1504
15044 # 1504
15044 # 1504
15044 # 1504
15044 # 1504
15044 # 1504
15044 # 1504
15044 # 1504
15044 # 1504
15044 # 1504
15044 # 1504
15044 # 1504
15044 # 1504
15044 # 1504
15044 # 1504
15044 # 1504
15044 # 1504
15044 # 1504
15044 # 1504
15044 # 1504
15044 # 1504
15044 # 1504
15044 # 1504
15044 # 1504
15044 # 1504
15044 # 1504
15044 # 1504
15044 # 1504
15044 # 1504
15044 # 1504
15044 # 1504
15044 # 1504
15044 # 1504
15044 # 1504
15044 # 1504
15044 # 1504
15044 # 1504
15044 # 1504
15044 # 1504
15044 # 1504
15044 # 1504
15044 # 1504
15044 # 1504
15044 # 1504
15044 # 1504
15044 # 1504
15044 # 1504
15044 # 1504
15044 # 1504
15044 # 1504
15044 # 1504
15044 # 1504
15044 # 1504
15044 # 1504
15044 # 1504
15044 # 1504
15044 # 1504
15044 # 1504
15044 # 1504
15044 # 1504
15044 # 1504
15044 # 1504
15044 # 1504
15044 # 1504
15044 # 1504
15044 # 1504
15044 # 1504
15044 # 1504
15044 # 1504
15044 # 1504
15044 # 1504
15044 # 1504
15044 # 1504
15252 + 92
16544 # 1504
16544 - 92 1292
16544 # 1504
16544 # 1504
16544 # 1504
16544 # 1504
16544 # 1504
16544 # 1504
16544 # 1504
16544 # 1504
16544 # 1504
16544 # 1504
16544 # 1504
16544 # 1504
16544 # 1504
16544 # 1504
16544 # 1504
16544 # 1504
16544 # 1504
16544 # 1504
16544 # 1504
16544 # 1504
16544 # 1504
16544 # 1504
16544 # 1504
16544 # 1504
16544 # 1504
16544 # 1504
16544 # 1504
16544 # 1504
16544 # 1504
16544 # 1504
16544 # 1504
16544 # 1504
16544 # 1504
16544 # 1504
16544 # 1504
16544 # 1504
16544 # 1504
16544 # 1504
16544 # 1504
16544 # 1504
16544 # 1504
16544 # 1504
16544 # 1504
16544 # 1504
16544 # 1504
16544 # 1504
16544 # 1504
16544 # 1504
16544 # 1504
16544 # 1504
16544 # 1504
16544 # 1504
16544 # 1504
16544 # 1504
16544 # 1504
16544 # 1504
16544 # 1504
16544 # 1504
16544 # 1504
16544 # 1504
16544 # 1504
16544 # 1504
16544 # 1504
16544 # 1504
16544 # 1504
16544 # 1504
16544 # 1504
16544 # 1504
16544 # 1504
16544 # 1504
16544 # 1504
16544 # 1504
16544 # 1504
16544 # 1504
16544 # 1504
16544 # 1504
16544 # 1504
16544 # 1504
16544 # 1504
16544 # 1504
16544 # 1504
16544 # 1504
16749 + 92
16749 + 92
16749 + 92
16749 + 92
16749 + 92
16749 + 92
16749 + 92
16749 + 92
16749 + 92
16749 + 92
16749 + 92
16749 + 92
16749 + 92
16749 + 92
16749 + 92
16749 + 92
16749 + 92
16749 + 92
16749 + 92
16749 + 92
16749 + 92
16749 + 92
16749 + 92
16749 + 92
16749 + 92
16749 + 92
16749 + 92
16749 + 92
16749 + 92
16749 + 92
16749 + 92
16749 + 92
16749 + 92
16749 + 92
16749 + 92
18044 # 1504
18044 - 92 1295
18044 - 92 1295
18044 - 92 1295
18044 - 92 1295
18044 - 92 1295
18044 - 92 1295
18044 - 92 1295
18044 - 92 1295
18044 - 92 1295
18044 - 92 1295
18044 - 92 1295
18044 - 92 1295
18044 - 92 1295
18044 - 92 1295
18044 - 92 1295
18044 - 92 1295
18044 # 1504
18044 - 92 1295
18044 - 92 1295
18044 - 92 1295
18044 - 92 1295
18044 - 92 1295
18044 - 92 1295
18044 - 92 1295
18044 - 92 1295
18044 - 92 1295
18044 - 92 1295
18044 - 92 1295
18044 - 92 1295
18044 - 92 1295
18044 - 92 1295
18044 - 92 1295
18044 - 92 1295
18044 # 1504
18044 - 92 1295
18044 - 92 1295
18044 - 92 1295
18044 # 1504
18044 # 1504
18044 # 1504
18044 # 1504
18044 # 1504
18044 # 1504
18044 # 1504
18044 # 1504
18044 # 1504
18044 # 1504
18044 # 1504
18044 # 1504
18044 # 1504
18044 # 1504
18044 # 1504
18044 # 1504
18044 # 1504
18044 # 1504
18044 # 1504
18044 # 1504
18044 # 1504
18044 # 1504
18044 # 1504
18044 # 1504
18044 # 1504
18044 # 1504
18044 # 1504
18044 # 1504
18044 # 1504
18044 # 1504
18044 # 1504
18044 # 1504
18044 # 1504
18044 # 1504
18044 # 1504
18044 # 1504
18044 # 1504
18044 # 1504
18044 # 1504
18044 # 1504
18044 # 1504
18044 # 1504
18044 # 1504
18044 # 1504
18044 # 1504
18044 # 1504
18044 # 1504
18044 # 1504
18044 # 1504
18044 # 1504
18044 # 1504
18044 # 1504
18044 # 1504
18044 # 1504
18044 # 1504
18044 # 1504
18044 # 1504
18044 # 1504
18044 # 1504
18044 # 1504
18044 # 1504
18044 # 1504
18044 # 1504
18044 # 1504
18044 # 1504
18044 # 1504
18044 # 1504
18044 # 1504
18044 # 1504
18044 # 1504
18044 # 1504
18044 # 1504
18044 # 1504
18044 # 1504
18044 # 1504
18044 # 1504
18044 # 1504
18044 # 1504
18044 # 1504
18044 # 1504
18252 + 92
18252 + 92
18252 + 92
18252 + 92
19544 # 1504
19544 - 92 1292
19544 - 92 1292
19544 - 92 1292
19544 - 92 1292
19544 # 1504
19544 # 1504
19544 # 1504
19544 # 1504
19544 # 1504
19544 # 1504
19544 # 1504
19544 # 1504
19544 # 1504
19544 # 1504
19544 # 1504
19544 # 1504
19544 # 1504
19544 # 1504
19544 # 1504
19544 # 1504
19544 # 1504
19544 # 1504
19544 # 1504
19544 # 1504
19544 # 1504
19544 # 1504
19544 # 1504
19544 # 1504
19544 # 1504
19544 # 1504
19544 # 1504
19544 # 1504
19544 # 1504
19544 # 1504
19544 # 1504
19544 # 1504
19544 # 1504
19544 # 1504
19544 # 1504
19544 # 1504
19544 # 1504
19544 # 1504
19544 # 1504
19544 # 1504
19544 # 1504
19544 # 1504
19544 # 1504
19544 # 1504
19544 # 1504
19544 # 1504
19544 # 1504
19544 # 1504
19544 # 1504
19544 # 1504
19544 # 1504
19544 # 1504
19544 # 1504
19544 # 1504
19544 # 1504
19544 # 1504
19544 # 1504
19544 # 1504
19544 # 1504
19544 # 1504
19544 # 1504
19544 # 1504
19544 # 1504
19544 # 1504
19544 # 1504
19544 # 1504
19544 # 1504
19544 # 1504
19544 # 1504
19544 # 1504
19544 # 1504
19544 # 1504
19544 # 1504
19544 # 1504
19544 # 1504
19544 # 1504
19544 # 1504
19544 # 1504
19544 # 1504
19544 # 1504
19544 # 1504
19544 # 1504
19760 + 92
19761 + 92
19761 + 92
19761 + 92
19761 + 92
19761 + 92
19761 + 92
19761 + 92
19761 + 92
19761 + 92
19761 + 92
19761 + 92
19761 + 92
19761 + 92
19761 + 92
19761 + 92
19761 + 92
19761 + 92
19761 + 92
19761 + 92
19761 + 92
19761 + 92
19761 + 92
19761 + 92
19761 + 92
19761 + 92
19761 + 92
19761 + 92
19761 + 92
19761 + 92
19761 + 92
19761 + 92
19761 + 92
19765 + 92
19765 + 92
19765 + 92
19765 + 92
19765 + 92
19765 + 92
19765 + 92
19765 + 92
19765 + 92
19765 + 92
19765 + 92
19765 + 92
19765 + 92
19765 + 92
19765 + 92
19765 + 92
19765 + 92
19765 + 92
19765 + 92
19765 + 92
19765 + 92
19765 + 92
19765 + 92
19765 + 92
19765 + 92
19765 + 92
19765 + 92
19765 + 92
19765 + 92
19765 + 92
19765 + 92
19765 + 92
19765 + 92
19765 + 92
19765 + 92
19765 + 92
19765 + 92
19765 + 92
21044 # 1504
21044 - 92 1284
21044 - 92 1283
21044 - 92 1283
21044 - 92 1283
21044 - 92 1283
21044 - 92 1283
21044 - 92 1283
21044 - 92 1283
21044 - 92 1283
21044 - 92 1283
21044 - 92 1283
21044 - 92 1283
21044 - 92 1283
21044 - 92 1283
21044 - 92 1283
21044 - 92 1283
21044 # 1504
21044 - 92 1283
21044 - 92 1283
21044 - 92 1283
21044 - 92 1283
21044 - 92 1283
21044 - 92 1283
21044 - 92 1283
21044 - 92 1283
21044 - 92 1283
21044 - 92 1283
21044 - 92 1283
21044 - 92 1283
21044 - 92 1283
21044 - 92 1283
21044 - 92 1283
21044 - 92 1283
21044 # 1504
21044 - 92 1283
21044 - 92 1279
21044 - 92 1279
21044 - 92 1279
21044 - 92 1279
21044 - 92 1279
21044 - 92 1279
21044 - 92 1279
21044 - 92 1279
21044 - 92 1279
21044 - 92 1279
21044 - 92 1279
21044 - 92 1279
21044 - 92 1279
21044 - 92 1279
21044 - 92 1279
21044 - 92 1279
21044 # 1504
21044 - 92 1279
21044 - 92 1279
21044 - 92 1279
21044 - 92 1279
21044 - 92 1279
21044 - 92 1279
21044 - 92 1279
21044 - 92 1279
21044 - 92 1279
21044 - 92 1279
21044 - 92 1279
21044 - 92 1279
21044 - 92 1279
21044 - 92 1279
21044 - 92 1279
21044 - 92 1279
21044 # 1504
21044 - 92 1279
21044 - 92 1279
21044 - 92 1279
21044 - 92 1279
21044 - 92 1279
21044 - 92 1279
21044 # 1504
21044 # 1504
21044 # 1504
21044 # 1504
21044 # 1504
21044 # 1504
21044 # 1504
21044 # 1504
21044 # 1504
21044 # 1504
21044 # 1504
21044 # 1504
21044 # 1504
21044 # 1504
21044 # 1504
21044 # 1504
21044 # 1504
21044 # 1504
21044 # 1504
21044 # 1504
21044 # 1504
21044 # 1504
21044 # 1504
21044 # 1504
21044 # 1504
21044 # 1504
21044 # 1504
21044 # 1504
21044 # 1504
21044 # 1504
21044 # 1504
21044 # 1504
21044 # 1504
21044 # 1504
21044 # 1504
21044 # 1504
21044 # 1504
21044 # 1504
21044 # 1504
21044 # 1504
21044 # 1504
21044 # 1504
21044 # 1504
21044 # 1504
21044 # 1504
21044 # 1504
21044 # 1504
21044 # 1504
21044 # 1504
21044 # 1504
21044 # 1504
21044 # 1504
21044 # 1504
21044 # 1504
21044 # 1504
21044 # 1504
21044 # 1504
21044 # 1504
21044 # 1504
21044 # 1504
21044 # 1504
21044 # 1504
21044 # 1504
21044 # 1504
21044 # 1504
21044 # 1504
21044 # 1504
21044 # 1504
21044 # 1504
21044 # 1504
21044 # 1504
21044 # 1504
21044 # 1504
21044 # 1504
21044 # 1504
21044 # 1504
21044 # 1504
21044 # 1504
21256 + 92
21256 + 92
21256 + 92
21256 + 92
21256 + 92
21256 + 92
21256 + 92
21256 + 92
21256 + 92
22544 # 1504
22544 - 92 1288
22544 - 92 1288
22544 - 92 1288
22544 - 92 1288
22544 - 92 1288
22544 - 92 1288
22544 - 92 1288
22544 - 92 1288
22544 - 92 1288
22544 # 1504
22544 # 1504
22544 # 1504
22544 # 1504
22544 # 1504
22544 # 1504
22544 # 1504
22544 # 1504
22544 # 1504
22544 # 1504
22544 # 1504
22544 # 1504
22544 # 1504
22544 # 1504
22544 # 1504
22544 # 1504
22544 # 1504
22544 # 1504
22544 # 1504
22544 # 1504
22544 # 1504
22544 # 1504
22544 # 1504
22544 # 1504
22544 # 1504
22544 # 1504
22544 # 1504
22544 # 1504
22544 # 1504
22544 # 1504
22544 # 1504
22544 # 1504
22544 # 1504
22544 # 1504
22544 # 1504
22544 # 1504
22544 # 1504
22544 # 1504
22544 # 1504
22544 # 1504
22544 # 1504
22544 # 1504
22544 # 1504
22544 # 1504
22544 # 1504
22544 # 1504
22544 # 1504
22544 # 1504
22544 # 1504
22544 # 1504
22544 # 1504
22544 # 1504
22544 # 1504
22544 # 1504
22544 # 1504
22544 # 1504
22544 # 1504
22544 # 1504
22544 # 1504
22544 # 1504
22544 # 1504
22544 # 1504
22544 # 1504
22544 # 1504
22544 # 1504
22544 # 1504
22544 # 1504
22544 # 1504
22544 # 1504
22544 # 1504
22544 # 1504
22544 # 1504
22544 # 1504
22544 # 1504
22544 # 1504
22544 # 1504
22544 # 1504
22544 # 1504
22544 # 1504
22544 # 1504
22544 # 1504
22544 # 1504
22747 + 92
22747 + 92
22747 + 92
22749 + 92
22749 + 92
22749 + 92
22749 + 92
22749 + 92
22749 + 92
22749 + 92
22749 + 92
22749 + 92
22749 + 92
22749 + 92
22751 + 92
22751 + 92
22751 + 92
22751 + 92
22751 + 92
22753 + 92
22753 + 92
24044 # 1504
24044 - 92 1297
24044 - 92 1297
24044 - 92 1297
24044 - 92 1295
24044 - 92 1295
24044 - 92 1295
24044 - 92 1295
24044 - 92 1295
24044 - 92 1295
24044 - 92 1295
24044 - 92 1295
24044 - 92 1295
24044 - 92 1295
24044 - 92 1295
24044 - 92 1293
24044 - 92 1293
24044 # 1504
24044 - 92 1293
24044 - 92 1293
24044 - 92 1293
24044 - 92 1291
24044 - 92 1291
24044 # 1504
24044 # 1504
24044 # 1504
24044 # 1504
24044 # 1504
24044 # 1504
24044 # 1504
24044 # 1504
24044 # 1504
24044 # 1504
24044 # 1504
24044 # 1504
24044 # 1504
24044 # 1504
24044 # 1504
24044 # 1504
24044 # 1504
24044 # 1504
24044 # 1504
24044 # 1504
24044 # 1504
24044 # 1504
24044 # 1504
24044 # 1504
24044 # 1504
24044 # 1504
24044 # 1504
24044 # 1504
24044 # 1504
24044 # 1504
24044 # 1504
24044 # 1504
24044 # 1504
24044 # 1504
24044 # 1504
24044 # 1504
24044 # 1504
24044 # 1504
24044 # 1504
24044 # 1504
24044 # 1504
24044 # 1504
24044 # 1504
24044 # 1504
24044 # 1504
24044 # 1504
24044 # 1504
24044 # 1504
24044 # 1504
24044 # 1504
24044 # 1504
24044 # 1504
24044 # 1504
24044 # 1504
24044 # 1504
24044 # 1504
24044 # 1504
24044 # 1504
24044 # 1504
24044 # 1504
24044 # 1504
24044 # 1504
24044 # 1504
24044 # 1504
24044 # 1504
24044 # 1504
24044 # 1504
24044 # 1504
24044 # 1504
24044 # 1504
24044 # 1504
24044 # 1504
24044 # 1504
24044 # 1504
24044 # 1504
24044 # 1504
24044 # 1504
24044 # 1504
24044 # 1504
24044 # 1504
24044 # 1504
24257 + 92
24258 + 92
24260 + 92
24260 + 92
24260 + 92
24260 + 92
24260 + 92
24260 + 92
24260 + 92
25544 # 1504
25544 - 92 1287
25544 - 92 1286
25544 - 92 1284
25544 - 92 1284
25544 - 92 1284
25544 - 92 1284
25544 - 92 1284
25544 - 92 1284
25544 - 92 1284
25544 # 1504
25544 # 1504
25544 # 1504
25544 # 1504
25544 # 1504
25544 # 1504
25544 # 1504
25544 # 1504
25544 # 1504
25544 # 1504
25544 # 1504
25544 # 1504
25544 # 1504
25544 # 1504
25544 # 1504
25544 # 1504
25544 # 1504
25544 # 1504
25544 # 1504
25544 # 1504
25544 # 1504
25544 # 1504
25544 # 1504
25544 # 1504
25544 # 1504
25544 # 1504
25544 # 1504
25544 # 1504
25544 # 1504
25544 # 1504
25544 # 1504
25544 # 1504
25544 # 1504
25544 # 1504
25544 # 1504
25544 # 1504
25544 # 1504
25544 # 1504
25544 # 1504
25544 # 1504
25544 # 1504
25544 # 1504
25544 # 1504
25544 # 1504
25544 # 1504
25544 # 1504
25544 # 1504
25544 # 1504
25544 # 1504
25544 # 1504
25544 # 1504
25544 # 1504
25544 # 1504
25544 # 1504
25544 # 1504
25544 # 1504
25544 # 1504
25544 # 1504
25544 # 1504
25544 # 1504
25544 # 1504
25544 # 1504
25544 # 1504
25544 # 1504
25544 # 1504
25544 # 1504
25544 # 1504
25544 # 1504
25544 # 1504
25544 # 1504
25544 # 1504
25544 # 1504
25544 # 1504
25544 # 1504
25544 # 1504
25544 # 1504
25544 # 1504
25544 # 1504
25544 # 1504
25544 # 1504
25544 # 1504
25544 # 1504
25748 + 92
25753 + 92
25753 + 92
25753 + 92
25753 + 92
25753 + 92
25753 + 92
25753 + 92
25753 + 92
25753 + 92
25753 + 92
25753 + 92
25753 + 92
25753 + 92
25753 + 92
25753 + 92
25753 + 92
25753 + 92
25753 + 92
25756 + 92
25756 + 92
25756 + 92
25756 + 92
25756 + 92
25756 + 92
25756 + 92
25756 + 92
25756 + 92
25756 + 92
25756 + 92
25756 + 92
25756 + 92
25756 + 92
25756 + 92
25756 + 92
25756 + 92
25756 + 92
25756 + 92
25756 + 92
25756 + 92
25756 + 92
25756 + 92
25756 + 92
25756 + 92
25756 + 92
25756 + 92
25756 + 92
25756 + 92
25756 + 92
25756 + 92
25756 + 92
25756 + 92
25756 + 92
25756 + 92
25756 + 92
25756 + 92
27044 # 1504
27044 - 92 1296
27044 - 92 1291
27044 - 92 1291
27044 - 92 1291
27044 - 92 1291
27044 - 92 1291
27044 - 92 1291
27044 - 92 1291
27044 - 92 1291
27044 - 92 1291
27044 - 92 1291
27044 - 92 1291
27044 - 92 1291
27044 - 92 1291
27044 - 92 1291
27044 - 92 1291
27044 # 1504
27044 - 92 1291
27044 - 92 1291
27044 - 92 1291
27044 - 92 1288
27044 - 92 1288
27044 - 92 1288
27044 - 92 1288
27044 - 92 1288
27044 - 92 1288
27044 - 92 1288
27044 - 92 1288
27044 - 92 1288
27044 - 92 1288
27044 - 92 1288
27044 - 92 1288
27044 - 92 1288
27044 # 1504
27044 - 92 1288
27044 - 92 1288
27044 - 92 1288
27044 - 92 1288
27044 - 92 1288
27044 - 92 1288
27044 - 92 1288
27044 - 92 1288
27044 - 92 1288
27044 - 92 1288
27044 - 92 1288
27044 - 92 1288
27044 - 92 1288
27044 - 92 1288
27044 - 92 1288
27044 - 92 1288
27044 - 92 1288
27044 # 1504
27044 - 92 1288
27044 - 92 1288
27044 - 92 1288
27044 - 92 1288
27044 - 92 1288
27044 - 92 1288
27044 - 92 1288
27044 # 1504
27044 # 1504
27044 # 1504
27044 # 1504
27044 # 1504
27044 # 1504
27044 # 1504
27044 # 1504
27044 # 1504
27044 # 1504
27044 # 1504
27044 # 1504
27044 # 1504
27044 # 1504
27044 # 1504
27044 # 1504
27044 # 1504
27044 # 1504
27044 # 1504
27044 # 1504
27044 # 1504
27044 # 1504
27044 # 1504
27044 # 1504
27044 # 1504
27044 # 1504
27044 # 1504
27044 # 1504
27044 # 1504
27044 # 1504
27044 # 1504
27044 # 1504
27044 # 1504
27044 # 1504
27044 # 1504
27044 # 1504
27044 # 1504
27044 # 1504
27044 # 1504
27044 # 1504
27044 # 1504
27044 # 1504
27044 # 1504
27044 # 1504
27044 # 1504
27044 # 1504
27044 # 1504
27044 # 1504
27044 # 1504
27044 # 1504
27044 # 1504
27044 # 1504
27044 # 1504
27044 # 1504
27044 # 1504
27044 # 1504
27044 # 1504
27044 # 1504
27044 # 1504
27044 # 1504
27044 # 1504
27044 # 1504
27044 # 1504
27044 # 1504
27044 # 1504
27044 # 1504
27044 # 1504
27044 # 1504
27044 # 1504
27044 # 1504
27044 # 1504
27044 # 1504
27044 # 1504
27044 # 1504
27044 # 1504
27044 # 1504
27044 # 1504
27044 # 1504
27044 # 1504
27251 + 92
27251 + 92
27251 + 92
27251 + 92
27251 + 92
27251 + 92
27252 + 92
27252 + 92
27252 + 92
27252 + 92
27252 + 92
27252 + 92
27252 + 92
27252 + 92
28544 # 1504
28544 - 92 1293
28544 - 92 1293
28544 - 92 1293
28544 - 92 1293
28544 - 92 1293
28544 - 92 1293
28544 - 92 1292
28544 - 92 1292
28544 - 92 1292
28544 - 92 1292
28544 - 92 1292
28544 - 92 1292
28544 - 92 1292
28544 - 92 1292
28544 # 1504
28544 # 1504
28544 # 1504
28544 # 1504
28544 # 1504
28544 # 1504
28544 # 1504
28544 # 1504
28544 # 1504
28544 # 1504
28544 # 1504
28544 # 1504
28544 # 1504
28544 # 1504
28544 # 1504
28544 # 1504
28544 # 1504
28544 # 1504
28544 # 1504
28544 # 1504
28544 # 1504
28544 # 1504
28544 # 1504
28544 # 1504
28544 # 1504
28544 # 1504
28544 # 1504
28544 # 1504
28544 # 1504
28544 # 1504
28544 # 1504
28544 # 1504
28544 # 1504
28544 # 1504
28544 # 1504
28544 # 1504
28544 # 1504
28544 # 1504
28544 # 1504
28544 # 1504
28544 # 1504
28544 # 1504
28544 # 1504
28544 # 1504
28544 # 1504
28544 # 1504
28544 # 1504
28544 # 1504
28544 # 1504
28544 # 1504
28544 # 1504
28544 # 1504
28544 # 1504
28544 # 1504
28544 # 1504
28544 # 1504
28544 # 1504
28544 # 1504
28544 # 1504
28544 # 1504
28544 # 1504
28544 # 1504
28544 # 1504
28544 # 1504
28544 # 1504
28544 # 1504
28544 # 1504
28544 # 1504
28544 # 1504
28544 # 1504
28544 # 1504
28544 # 1504
28544 # 1504
28544 # 1504
28544 # 1504
28544 # 1504
28544 # 1504
28544 # 1504
28544 # 1504
28544 # 1504
28544 # 1504
28544 # 1504
28752 + 92
28752 + 92
28752 + 92
28752 + 92
28752 + 92
28752 + 92
28752 + 92
28752 + 92
28752 + 92
28752 + 92
28755 + 92
28755 + 92
28755 + 92
28755 + 92
28755 + 92
28755 + 92
28755 + 92
28755 + 92
28755 + 92
28755 + 92
28755 + 92
28755 + 92
28755 + 92
28755 + 92
28755 + 92
28755 + 92
28755 + 92
28755 + 92
28755 + 92
28755 + 92
28755 + 92
28755 + 92
28755 + 92
28755 + 92
28755 + 92
28755 + 92
28755 + 92
28755 + 92
28755 + 92
28755 + 92
28755 + 92
28755 + 92
28755 + 92
28755 + 92
28758 + 92
28758 + 92
28758 + 92
28758 + 92
28758 + 92
28758 + 92
28758 + 92
28758 + 92
28758 + 92
28758 + 92
28758 + 92
28758 + 92
30044 # 1504
30044 - 92 1292
30044 - 92 1292
30044 - 92 1292
30044 - 92 1292
30044 - 92 1292
30044 - 92 1292
30044 - 92 1292
30044 - 92 1292
30044 - 92 1292
30044 - 92 1292
30044 - 92 1289
30044 - 92 1289
30044 - 92 1289
30044 - 92 1289
30044 - 92 1289
30044 - 92 1289
30044 # 1504
30044 - 92 1289
30044 - 92 1289
30044 - 92 1289
30044 - 92 1289
30044 - 92 1289
30044 - 92 1289
30044 - 92 1289
30044 - 92 1289
30044 - 92 1289
30044 - 92 1289
30044 - 92 1289
30044 - 92 1289
30044 - 92 1289
30044 - 92 1289
30044 - 92 1289
30044 - 92 1289
30044 # 1504
30044 - 92 1289
30044 - 92 1289
30044 - 92 1289
30044 - 92 1289
30044 - 92 1289
30044 - 92 1289
30044 - 92 1289
30044 - 92 1289
30044 - 92 1289
30044 - 92 1289
30044 - 92 1289
30044 - 92 1289
30044 - 92 1286
30044 - 92 1286
30044 - 92 1286
30044 - 92 1286
30044 - 92 1286
30044 # 1504
30044 - 92 1286
30044 - 92 1286
30044 - 92 1286
30044 - 92 1286
30044 - 92 1286
30044 - 92 1286
30044 - 92 1286
30044 # 1504
30044 # 1504
30044 # 1504
30044 # 1504
30044 # 1504
30044 # 1504
30044 # 1504
30044 # 1504
30044 # 1504
30044 # 1504
30044 # 1504
30044 # 1504
30044 # 1504
30044 # 1504
30044 # 1504
30044 # 1504
30044 # 1504
30044 # 1504
30044 # 1504
30044 # 1504
30044 # 1504
30044 # 1504
30044 # 1504
30044 # 1504
30044 # 1504
30044 # 1504
30044 # 1504
30044 # 1504
30044 # 1504
30044 # 1504
30044 # 1504
30044 # 1504
30044 # 1504
30044 # 1504
30044 # 1504
30044 # 1504
30044 # 1504
30044 # 1504
30044 # 1504
30044 # 1504
30044 # 1504
30044 # 1504
30044 # 1504
30044 # 1504
30044 # 1504
30044 # 1504
30044 # 1504
30044 # 1504
30044 # 1504
30044 # 1504
30044 # 1504
30044 # 1504
30044 # 1504
30044 # 1504
30044 # 1504
30044 # 1504
30044 # 1504
30044 # 1504
30044 # 1504
30044 # 1504
30044 # 1504
30044 # 1504
30044 # 1504
30044 # 1504
30044 # 1504
30044 # 1504
30044 # 1504
30044 # 1504
30044 # 1504
30044 # 1504
30044 # 1504
30044 # 1504
30044 # 1504
30044 # 1504
30044 # 1504
30044 # 1504
30044 # 1504
30044 # 1504
30044 # 1504
30255 + 92
30255 + 92
30255 + 92
30255 + 92
30255 + 92
30255 + 92
30255 + 92
30255 + 92
30255 + 92
30255 + 92
30255 + 92
30255 + 92
30255 + 92
30258 + 92
31544 # 1504
31544 - 92 1289
31544 - 92 1289
31544 - 92 1289
31544 - 92 1289
31544 - 92 1289
31544 - 92 1289
31544 - 92 1289
31544 - 92 1289
31544 - 92 1289
31544 - 92 1289
31544 - 92 1289
31544 - 92 1289
31544 - 92 1289
31544 - 92 1286
31544 # 1504
31544 # 1504
31544 # 1504
31544 # 1504
31544 # 1504
31544 # 1504
31544 # 1504
31544 # 1504
31544 # 1504
31544 # 1504
31544 # 1504
31544 # 1504
31544 # 1504
31544 # 1504
31544 # 1504
31544 # 1504
31544 # 1504
31544 # 1504
31544 # 1504
31544 # 1504
31544 # 1504
31544 # 1504
31544 # 1504
31544 # 1504
31544 # 1504
31544 # 1504
31544 # 1504
31544 # 1504
31544 # 1504
31544 # 1504
31544 # 1504
31544 # 1504
31544 # 1504
31544 # 1504
31544 # 1504
31544 # 1504
31544 # 1504
31544 # 1504
31544 # 1504
31544 # 1504
31544 # 1504
31544 # 1504
31544 # 1504
31544 # 1504
31544 # 1504
31544 # 1504
31544 # 1504
31544 # 1504
31544 # 1504
31544 # 1504
31544 # 1504
31544 # 1504
31544 # 1504
31544 # 1504
31544 # 1504
31544 # 1504
31544 # 1504
31544 # 1504
31544 # 1504
31544 # 1504
31544 # 1504
31544 # 1504
31544 # 1504
31544 # 1504
31544 # 1504
31544 # 1504
31544 # 1504
31544 # 1504
31544 # 1504
31544 # 1504
31544 # 1504
31544 # 1504
31544 # 1504
31544 # 1504
31544 # 1504
31544 # 1504
31544 # 1504
31544 # 1504
31544 # 1504
31544 # 1504
31544 # 1504
31544 # 1504
31754 + 92
31754 + 92
31754 + 92
31754 + 92
31754 + 92
31754 + 92
31754 + 92
31754 + 92
31754 + 92
31754 + 92
31754 + 92
31754 + 92
31754 + 92
31754 + 92
31754 + 92
31754 + 92
31754 + 92
31754 + 92
31754 + 92
31754 + 92
31754 + 92
31754 + 92
31754 + 92
31754 + 92
31754 + 92
31754 + 92
31754 + 92
31754 + 92
31756 + 92
31756 + 92
31756 + 92
31756 + 92
31756 + 92
31756 + 92
31756 + 92
31756 + 92
31756 + 92
31756 + 92
31756 + 92
31756 + 92
31756 + 92
31756 + 92
31756 + 92
31756 + 92
31756 + 92
31756 + 92
31756 + 92
31756 + 92
31756 + 92
31758 + 92
31758 + 92
31758 + 92
31758 + 92
31758 + 92
31758 + 92
31758 + 92
31758 + 92
31758 + 92
32044 + 52
33044 # 1504
33044 - 92 1290
33044 - 92 1290
33044 - 92 1290
33044 - 92 1290
33044 - 92 1290
33044 - 92 1290
33044 - 92 1290
33044 - 92 1290
33044 - 92 1290
33044 - 92 1290
33044 - 92 1290
33044 - 92 1290
33044 - 92 1290
33044 - 92 1290
33044 - 92 1290
33044 - 92 1290
33044 # 1504
33044 - 92 1290
33044 - 92 1290
33044 - 92 1290
33044 - 92 1290
33044 - 92 1290
33044 - 92 1290
33044 - 92 1290
33044 - 92 1290
33044 - 92 1290
33044 - 92 1290
33044 - 92 1290
33044 - 92 1290
33044 - 92 1288
33044 - 92 1288
33044 - 92 1288
33044 - 92 1288
33044 # 1504
33044 - 92 1288
33044 - 92 1288
33044 - 92 1288
33044 - 92 1288
33044 - 92 1288
33044 - 92 1288
33044 - 92 1288
33044 - 92 1288
33044 - 92 1288
33044 - 92 1288
33044 - 92 1288
33044 - 92 1288
33044 - 92 1288
33044 - 92 1288
33044 - 92 1288
33044 - 92 1288
33044 - 92 1288
33044 # 1504
33044 - 92 1286
33044 - 92 1286
33044 - 92 1286
33044 - 92 1286
33044 - 92 1286
33044 - 92 1286
33044 - 92 1286
33044 - 92 1286
33044 - 92 1286
33044 - 52 1000
33044 # 1504
33044 # 1504
33044 # 1504
33044 # 1504
33044 # 1504
33044 # 1504
33044 # 1504
33044 # 1504
33044 # 1504
33044 # 1504
33044 # 1504
33044 # 1504
33044 # 1504
33044 # 1504
33044 # 1504
33044 # 1504
33044 # 1504
33044 # 1504
33044 # 1504
33044 # 1504
33044 # 1504
33044 # 1504
33044 # 1504
33044 # 1504
33044 # 1504
33044 # 1504
33044 # 1504
33044 # 1504
33044 # 1504
33044 # 1504
33044 # 1504
33044 # 1504
33044 # 1504
33044 # 1504
33044 # 1504
33044 # 1504
33044 # 1504
33044 # 1504
33044 # 1504
33044 # 1504
33044 # 1504
33044 # 1504
33044 # 1504
33044 # 1504
33044 # 1504
33044 # 1504
33044 # 1504
33044 # 1504
33044 # 1504
33044 # 1504
33044 # 1504
33044 # 1504
33044 # 1504
33044 # 1504
33044 # 1504
33044 # 1504
33044 # 1504
33044 # 1504
33044 # 1504
33044 # 1504
33044 # 1504
33044 # 1504
33044 # 1504
33044 # 1504
33044 # 1504
33044 # 1504
33044 # 1504
33044 # 1504
33044 # 1504
33044 # 1504
33044 # 1504
33044 # 1504
33044 # 1504
33044 # 1504
33044 # 1504
33044 # 1504
33044 # 1504
33044 # 1504
33044 # 1504
33257 + 92
33257 + 92
33259 + 92
33259 + 92
33259 + 92
33259 + 92
33259 + 92
33259 + 92
33259 + 92
33259 + 92
33259 + 92
33259 + 92
33259 + 92
34544 # 1504
34544 - 92 1287
34544 - 92 1287
34544 - 92 1285
34544 - 92 1285
34544 - 92 1285
34544 - 92 1285
34544 - 92 1285
34544 - 92 1285
34544 - 92 1285
34544 - 92 1285
34544 - 92 1285
34544 - 92 1285
34544 - 92 1285
34544 # 1504
34544 # 1504
34544 # 1504
34544 # 1504
34544 # 1504
34544 # 1504
34544 # 1504
34544 # 1504
34544 # 1504
34544 # 1504
34544 # 1504
34544 # 1504
34544 # 1504
34544 # 1504
34544 # 1504
34544 # 1504
34544 # 1504
34544 # 1504
34544 # 1504
34544 # 1504
34544 # 1504
34544 # 1504
34544 # 1504
34544 # 1504
34544 # 1504
34544 # 1504
34544 # 1504
34544 # 1504
34544 # 1504
34544 # 1504
34544 # 1504
34544 # 1504
34544 # 1504
34544 # 1504
34544 # 1504
34544 # 1504
34544 # 1504
34544 # 1504
34544 # 1504
34544 # 1504
34544 # 1504
34544 # 1504
34544 # 1504
34544 # 1504
34544 # 1504
34544 # 1504
34544 # 1504
34544 # 1504
34544 # 1504
34544 # 1504
34544 # 1504
34544 # 1504
34544 # 1504
34544 # 1504
34544 # 1504
34544 # 1504
34544 # 1504
34544 # 1504
34544 # 1504
34544 # 1504
34544 # 1504
34544 # 1504
34544 # 1504
34544 # 1504
34544 # 1504
34544 # 1504
34544 # 1504
34544 # 1504
34544 # 1504
34544 # 1504
34544 # 1504
34544 # 1504
34544 # 1504
34544 # 1504
34544 # 1504
34544 # 1504
34544 # 1504
34544 # 1504
34544 # 1504
34544 # 1504
34544 # 1504
34544 # 1504
34753 + 92
34753 + 92
34753 + 92
34753 + 92
34753 + 92
34753 + 92
34753 + 92
34753 + 92
34753 + 92
34753 + 92
34753 + 92
34753 + 92
34753 + 92
34753 + 92
34753 + 92
34753 + 92
34753 + 92
34753 + 92
34753 + 92
34753 + 92
34753 + 92
34753 + 92
34753 + 92
34753 + 92
34753 + 92
34753 + 92
34753 + 92
34753 + 92
34753 + 92
34755 + 92
34755 + 92
34755 + 92
34755 + 92
34755 + 92
34755 + 92
34755 + 92
34755 + 92
34755 + 92
34755 + 92
34757 + 92
34757 + 92
34757 + 92
34757 + 92
34757 + 92
34757 + 92
34757 + 92
34757 + 92
34757 + 92
34757 + 92
34757 + 92
34757 + 92
34757 + 92
34757 + 92
34758 + 92
34758 + 92
34758 + 92
34758 + 92
36044 # 1504
36044 - 92 1291
36044 - 92 1291
36044 - 92 1291
36044 - 92 1291
36044 - 92 1291
36044 - 92 1291
36044 - 92 1291
36044 - 92 1291
36044 - 92 1291
36044 - 92 1291
36044 - 92 1291
36044 - 92 1291
36044 - 92 1291
36044 - 92 1291
36044 - 92 1291
36044 - 92 1291
36044 # 1504
36044 - 92 1291
36044 - 92 1291
36044 - 92 1291
36044 - 92 1291
36044 - 92 1291
36044 - 92 1291
36044 - 92 1291
36044 - 92 1291
36044 - 92 1291
36044 - 92 1291
36044 - 92 1291
36044 - 92 1291
36044 - 92 1291
36044 - 92 1289
36044 - 92 1289
36044 - 92 1289
36044 # 1504
36044 - 92 1289
36044 - 92 1289
36044 - 92 1289
36044 - 92 1289
36044 - 92 1289
36044 - 92 1289
36044 - 92 1289
36044 - 92 1287
36044 - 92 1287
36044 - 92 1287
36044 - 92 1287
36044 - 92 1287
36044 - 92 1287
36044 - 92 1287
36044 - 92 1287
36044 - 92 1287
36044 - 92 1287
36044 # 1504
36044 - 92 1287
36044 - 92 1287
36044 - 92 1287
36044 - 92 1287
36044 - 92 1286
36044 - 92 1286
36044 - 92 1286
36044 - 92 1286
36044 # 1504
36044 # 1504
36044 # 1504
36044 # 1504
36044 # 1504
36044 # 1504
36044 # 1504
36044 # 1504
36044 # 1504
36044 # 1504
36044 # 1504
36044 # 1504
36044 # 1504
36044 # 1504
36044 # 1504
36044 # 1504
36044 # 1504
36044 # 1504
36044 # 1504
36044 # 1504
36044 # 1504
36044 # 1504
36044 # 1504
36044 # 1504
36044 # 1504
36044 # 1504
36044 # 1504
36044 # 1504
36044 # 1504
36044 # 1504
36044 # 1504
36044 # 1504
36044 # 1504
36044 # 1504
36044 # 1504
36044 # 1504
36044 # 1504
36044 # 1504
36044 # 1504
36044 # 1504
36044 # 1504
36044 # 1504
36044 # 1504
36044 # 1504
36044 # 1504
36044 # 1504
36044 # 1504
36044 # 1504
36044 # 1504
36044 # 1504
36044 # 1504
36044 # 1504
36044 # 1504
36044 # 1504
36044 # 1504
36044 # 1504
36044 # 1504
36044 # 1504
36044 # 1504
36044 # 1504
36044 # 1504
36044 # 1504
36044 # 1504
36044 # 1504
36044 # 1504
36044 # 1504
36044 # 1504
36044 # 1504
36044 # 1504
36044 # 1504
36044 # 1504
36044 # 1504
36044 # 1504
36044 # 1504
36044 # 1504
36044 # 1504
36044 # 1504
36044 # 1504
36044 # 1504
36248 + 92
36248 + 92
36248 + 92
36250 + 92
36250 + 92
36250 + 92
36250 + 92
36250 + 92
36250 + 92
36250 + 92
36250 + 92
36250 + 92
36250 + 92
36251 + 92
37544 # 1504
37544 - 92 1296
37544 - 92 1296
37544 - 92 1296
37544 - 92 1294
37544 - 92 1294
37544 - 92 1294
37544 - 92 1294
37544 - 92 1294
37544 - 92 1294
37544 - 92 1294
37544 - 92 1294
37544 - 92 1294
37544 - 92 1294
37544 - 92 1293
37544 # 1504
37544 # 1504
37544 # 1504
37544 # 1504
37544 # 1504
37544 # 1504
37544 # 1504
37544 # 1504
37544 # 1504
37544 # 1504
37544 # 1504
37544 # 1504
37544 # 1504
37544 # 1504
37544 # 1504
37544 # 1504
37544 # 1504
37544 # 1504
37544 # 1504
37544 # 1504
37544 # 1504
37544 # 1504
37544 # 1504
37544 # 1504
37544 # 1504
37544 # 1504
37544 # 1504
37544 # 1504
37544 # 1504
37544 # 1504
37544 # 1504
37544 # 1504
37544 # 1504
37544 # 1504
37544 # 1504
37544 # 1504
37544 # 1504
37544 # 1504
37544 # 1504
37544 # 1504
37544 # 1504
37544 # 1504
37544 # 1504
37544 # 1504
37544 # 1504
37544 # 1504
37544 # 1504
37544 # 1504
37544 # 1504
37544 # 1504
37544 # 1504
37544 # 1504
37544 # 1504
37544 # 1504
37544 # 1504
37544 # 1504
37544 # 1504
37544 # 1504
37544 # 1504
37544 # 1504
37544 # 1504
37544 # 1504
37544 # 1504
37544 # 1504
37544 # 1504
37544 # 1504
37544 # 1504
37544 # 1504
37544 # 1504
37544 # 1504
37544 # 1504
37544 # 1504
37544 # 1504
37544 # 1504
37544 # 1504
37544 # 1504
37544 # 1504
37544 # 1504
37544 # 1504
37544 # 1504
37544 # 1504
37544 # 1504
37756 + 92
37756 + 92
37756 + 92
37756 + 92
37756 + 92
37756 + 92
37756 + 92
37756 + 92
37756 + 92
37756 + 92
37756 + 92
37756 + 92
37756 + 92
37756 + 92
37756 + 92
37757 + 92
37757 + 92
37757 + 92
37757 + 92
37757 + 92
37757 + 92
37757 + 92
37757 + 92
37757 + 92
37757 + 92
37757 + 92
37757 + 92
37757 + 92
37757 + 92
37757 + 92
37757 + 92
37757 + 92
37757 + 92
37757 + 92
37757 + 92
37757 + 92
37757 + 92
37757 + 92
37757 + 92
37757 + 92
37757 + 92
37757 + 92
37757 + 92
37757 + 92
37757 + 92
37757 + 92
37757 + 92
37757 + 92
37757 + 92
37757 + 92
37757 + 92
37757 + 92
37757 + 92
37757 + 92
37757 + 92
37757 + 92
39044 # 1504
39044 - 92 1288
39044 - 92 1288
39044 - 92 1288
39044 - 92 1288
39044 - 92 1288
39044 - 92 1288
39044 - 92 1288
39044 - 92 1288
39044 - 92 1288
39044 - 92 1288
39044 - 92 1288
39044 - 92 1288
39044 - 92 1288
39044 - 92 1288
39044 - 92 1288
39044 - 92 1287
39044 # 1504
39044 - 92 1287
39044 - 92 1287
39044 - 92 1287
39044 - 92 1287
39044 - 92 1287
39044 - 92 1287
39044 - 92 1287
39044 - 92 1287
39044 - 92 1287
39044 - 92 1287
39044 - 92 1287
39044 - 92 1287
39044 - 92 1287
39044 - 92 1287
39044 - 92 1287
39044 - 92 1287
39044 # 1504
39044 - 92 1287
39044 - 92 1287
39044 - 92 1287
39044 - 92 1287
39044 - 92 1287
39044 - 92 1287
39044 - 92 1287
39044 - 92 1287
39044 - 92 1287
39044 - 92 1287
39044 - 92 1287
39044 - 92 1287
39044 - 92 1287
39044 - 92 1287
39044 - 92 1287
39044 - 92 1287
39044 - 92 1287
39044 # 1504
39044 - 92 1287
39044 - 92 1287
39044 - 92 1287
39044 - 92 1287
39044 - 92 1287
39044 - 92 1287
39044 - 92 1287
39044 # 1504
39044 # 1504
39044 # 1504
39044 # 1504
39044 # 1504
39044 # 1504
39044 # 1504
39044 # 1504
39044 # 1504
39044 # 1504
39044 # 1504
39044 # 1504
39044 # 1504
39044 # 1504
39044 # 1504
39044 # 1504
39044 # 1504
39044 # 1504
39044 # 1504
39044 # 1504
39044 # 1504
39044 # 1504
39044 # 1504
39044 # 1504
39044 # 1504
39044 # 1504
39044 # 1504
39044 # 1504
39044 # 1504
39044 # 1504
39044 # 1504
39044 # 1504
39044 # 1504
39044 # 1504
39044 # 1504
39044 # 1504
39044 # 1504
39044 # 1504
39044 # 1504
39044 # 1504
39044 # 1504
39044 # 1504
39044 # 1504
39044 # 1504
39044 # 1504
39044 # 1504
39044 # 1504
39044 # 1504
39044 # 1504
39044 # 1504
39044 # 1504
39044 # 1504
39044 # 1504
39044 # 1504
39044 # 1504
39044 # 1504
39044 # 1504
39044 # 1504
39044 # 1504
39044 # 1504
39044 # 1504
39044 # 1504
39044 # 1504
39044 # 1504
39044 # 1504
39044 # 1504
39044 # 1504
39044 # 1504
39044 # 1504
39044 # 1504
39044 # 1504
39044 # 1504
39044 # 1504
39044 # 1504
39044 # 1504
39044 # 1504
39044 # 1504
39044 # 1504
39044 # 1504
39247 + 92
39247 + 92
39247 + 92
39247 + 92
39247 + 92
39247 + 92
39247 + 92
39247 + 92
39247 + 92
39247 + 92
39247 + 92
39247 + 92
39247 + 92
40544 # 1504
40544 - 92 1297
40544 - 92 1297
40544 - 92 1297
40544 - 92 1297
40544 - 92 1297
40544 - 92 1297
40544 - 92 1297
40544 - 92 1297
40544 - 92 1297
40544 - 92 1297
40544 - 92 1297
40544 - 92 1297
40544 - 92 1297
40544 # 1504
40544 # 1504
40544 # 1504
40544 # 1504
40544 # 1504
40544 # 1504
40544 # 1504
40544 # 1504
40544 # 1504
40544 # 1504
40544 # 1504
40544 # 1504
40544 # 1504
40544 # 1504
40544 # 1504
40544 # 1504
40544 # 1504
40544 # 1504
40544 # 1504
40544 # 1504
40544 # 1504
40544 # 1504
40544 # 1504
40544 # 1504
40544 # 1504
40544 # 1504
40544 # 1504
40544 # 1504
40544 # 1504
40544 # 1504
40544 # 1504
40544 # 1504
40544 # 1504
40544 # 1504
40544 # 1504
40544 # 1504
40544 # 1504
40544 # 1504
40544 # 1504
40544 # 1504
40544 # 1504
40544 # 1504
40544 # 1504
40544 # 1504
40544 # 1504
40544 # 1504
40544 # 1504
40544 # 1504
40544 # 1504
40544 # 1504
40544 # 1504
40544 # 1504
40544 # 1504
40544 # 1504
40544 # 1504
40544 # 1504
40544 # 1504
40544 # 1504
40544 # 1504
40544 # 1504
40544 # 1504
40544 # 1504
40544 # 1504
40544 # 1504
40544 # 1504
40544 # 1504
40544 # 1504
40544 # 1504
40544 # 1504
40544 # 1504
40544 # 1504
40544 # 1504
40544 # 1504
40544 # 1504
40544 # 1504
40544 # 1504
40544 # 1504
40544 # 1504
40544 # 1504
40544 # 1504
40544 # 1504
40544 # 1504
40748 + 92
40748 + 92
40748 + 92
40748 + 92
40748 + 92
40748 + 92
40748 + 92
40748 + 92
40748 + 92
40748 + 92
40748 + 92
40748 + 92
40750 + 92
40750 + 92
40750 + 92
40750 + 92
40750 + 92
40750 + 92
40750 + 92
40750 + 92
40750 + 92
40750 + 92
40750 + 92
40750 + 92
40750 + 92
40750 + 92
40750 + 92
40750 + 92
40750 + 92
40750 + 92
40750 + 92
40750 + 92
40750 + 92
40750 + 92
40750 + 92
40750 + 92
40751 + 92
40751 + 92
40751 + 92
40751 + 92
40751 + 92
40751 + 92
40751 + 92
40751 + 92
40751 + 92
40752 + 92
40752 + 92
40752 + 92
40752 + 92
40752 + 92
40752 + 92
40752 + 92
40752 + 92
40752 + 92
40752 + 92
42044 # 1504
42044 - 92 1296
42044 - 92 1296
42044 - 92 1296
42044 - 92 1296
42044 - 92 1296
42044 - 92 1296
42044 - 92 1296
42044 - 92 1296
42044 - 92 1296
42044 - 92 1296
42044 - 92 1296
42044 - 92 1296
42044 - 92 1294
42044 - 92 1294
42044 - 92 1294
42044 - 92 1294
42044 # 1504
42044 - 92 1294
42044 - 92 1294
42044 - 92 1294
42044 - 92 1294
42044 - 92 1294
42044 - 92 1294
42044 - 92 1294
42044 - 92 1294
42044 - 92 1294
42044 - 92 1294
42044 - 92 1294
42044 - 92 1294
42044 - 92 1294
42044 - 92 1294
42044 - 92 1294
42044 - 92 1294
42044 # 1504
42044 - 92 1294
42044 - 92 1294
42044 - 92 1294
42044 - 92 1294
42044 - 92 1293
42044 - 92 1293
42044 - 92 1293
42044 - 92 1293
42044 - 92 1293
42044 - 92 1293
42044 - 92 1293
42044 - 92 1293
42044 - 92 1293
42044 - 92 1292
42044 - 92 1292
42044 - 92 1292
42044 - 92 1292
42044 # 1504
42044 - 92 1292
42044 - 92 1292
42044 - 92 1292
42044 - 92 1292
42044 - 92 1292
42044 - 92 1292
42044 # 1504
42044 # 1504
42044 # 1504
42044 # 1504
42044 # 1504
42044 # 1504
42044 # 1504
42044 # 1504
42044 # 1504
42044 # 1504
42044 # 1504
42044 # 1504
42044 # 1504
42044 # 1504
42044 # 1504
42044 # 1504
42044 # 1504
42044 # 1504
42044 # 1504
42044 # 1504
42044 # 1504
42044 # 1504
42044 # 1504
42044 # 1504
42044 # 1504
42044 # 1504
42044 # 1504
42044 # 1504
42044 # 1504
42044 # 1504
42044 # 1504
42044 # 1504
42044 # 1504
42044 # 1504
42044 # 1504
42044 # 1504
42044 # 1504
42044 # 1504
42044 # 1504
42044 # 1504
42044 # 1504
42044 # 1504
42044 # 1504
42044 # 1504
42044 # 1504
42044 # 1504
42044 # 1504
42044 # 1504
42044 # 1504
42044 # 1504
42044 # 1504
42044 # 1504
42044 # 1504
42044 # 1504
42044 # 1504
42044 # 1504
42044 # 1504
42044 # 1504
42044 # 1504
42044 # 1504
42044 # 1504
42044 # 1504
42044 # 1504
42044 # 1504
42044 # 1504
42044 # 1504
42044 # 1504
42044 # 1504
42044 # 1504
42044 # 1504
42044 # 1504
42044 # 1504
42044 # 1504
42044 # 1504
42044 # 1504
42044 # 1504
42044 # 1504
42044 # 1504
42044 # 1504
42249 + 92
42249 + 92
42249 + 92
42249 + 92
42249 + 92
42249 + 92
42249 + 92
42249 + 92
42249 + 92
42249 + 92
42249 + 92
42249 + 92
42249 + 92
42249 + 92
43544 # 1504
43544 - 92 1295
43544 - 92 1295
43544 - 92 1295
43544 - 92 1295
43544 - 92 1295
43544 - 92 1295
43544 - 92 1295
43544 - 92 1295
43544 - 92 1295
43544 - 92 1295
43544 - 92 1295
43544 - 92 1295
43544 - 92 1295
43544 - 92 1295
43544 # 1504
43544 # 1504
43544 # 1504
43544 # 1504
43544 # 1504
43544 # 1504
43544 # 1504
43544 # 1504
43544 # 1504
43544 # 1504
43544 # 1504
43544 # 1504
43544 # 1504
43544 # 1504
43544 # 1504
43544 # 1504
43544 # 1504
43544 # 1504
43544 # 1504
43544 # 1504
43544 # 1504
43544 # 1504
43544 # 1504
43544 # 1504
43544 # 1504
43544 # 1504
43544 # 1504
43544 # 1504
43544 # 1504
43544 # 1504
43544 # 1504
43544 # 1504
43544 # 1504
43544 # 1504
43544 # 1504
43544 # 1504
43544 # 1504
43544 # 1504
43544 # 1504
43544 # 1504
43544 # 1504
43544 # 1504
43544 # 1504
43544 # 1504
43544 # 1504
43544 # 1504
43544 # 1504
43544 # 1504
43544 # 1504
43544 # 1504
43544 # 1504
43544 # 1504
43544 # 1504
43544 # 1504
43544 # 1504
43544 # 1504
43544 # 1504
43544 # 1504
43544 # 1504
43544 # 1504
43544 # 1504
43544 # 1504
43544 # 1504
43544 # 1504
43544 # 1504
43544 # 1504
43544 # 1504
43544 # 1504
43544 # 1504
43544 # 1504
43544 # 1504
43544 # 1504
43544 # 1504
43544 # 1504
43544 # 1504
43544 # 1504
43544 # 1504
43544 # 1504
43544 # 1504
43544 # 1504
43544 # 1504
43544 # 1504
43748 + 92
43748 + 92
43748 + 92
43748 + 92
43748 + 92
43748 + 92
43748 + 92
43748 + 92
43748 + 92
43748 + 92
43748 + 92
43748 + 92
43748 + 92
43748 + 92
43748 + 92
43748 + 92
43748 + 92
43748 + 92
43748 + 92
43748 + 92
43748 + 92
43748 + 92
43750 + 92
43751 + 92
43751 + 92
43751 + 92
43751 + 92
43751 + 92
43751 + 92
43751 + 92
43751 + 92
43751 + 92
43751 + 92
43751 + 92
43751 + 92
43751 + 92
43751 + 92
43751 + 92
43751 + 92
43751 + 92
43751 + 92
43751 + 92
43751 + 92
43751 + 92
43751 + 92
43751 + 92
43751 + 92
43751 + 92
43751 + 92
43751 + 92
43751 + 92
43751 + 92
43751 + 92
43751 + 92
45044 # 1504
45044 - 92 1296
45044 - 92 1296
45044 - 92 1296
45044 - 92 1296
45044 - 92 1296
45044 - 92 1296
45044 - 92 1296
45044 - 92 1296
45044 - 92 1296
45044 - 92 1296
45044 - 92 1296
45044 - 92 1296
45044 - 92 1296
45044 - 92 1296
45044 - 92 1296
45044 - 92 1296
45044 # 1504
45044 - 92 1296
45044 - 92 1296
45044 - 92 1296
45044 - 92 1296
45044 - 92 1296
45044 - 92 1296
45044 - 92 1294
45044 - 92 1293
45044 - 92 1293
45044 - 92 1293
45044 - 92 1293
45044 - 92 1293
45044 - 92 1293
45044 - 92 1293
45044 - 92 1293
45044 - 92 1293
45044 # 1504
45044 - 92 1293
45044 - 92 1293
45044 - 92 1293
45044 - 92 1293
45044 - 92 1293
45044 - 92 1293
45044 - 92 1293
45044 - 92 1293
45044 - 92 1293
45044 - 92 1293
45044 - 92 1293
45044 - 92 1293
45044 - 92 1293
45044 - 92 1293
45044 - 92 1293
45044 - 92 1293
45044 - 92 1293
45044 # 1504
45044 - 92 1293
45044 - 92 1293
45044 - 92 1293
45044 - 92 1293
45044 - 92 1293
45044 # 1504
45044 # 1504
45044 # 1504
45044 # 1504
45044 # 1504
45044 # 1504
45044 # 1504
45044 # 1504
45044 # 1504
45044 # 1504
45044 # 1504
45044 # 1504
45044 # 1504
45044 # 1504
45044 # 1504
45044 # 1504
45044 # 1504
45044 # 1504
45044 # 1504
45044 # 1504
45044 # 1504
45044 # 1504
45044 # 1504
45044 # 1504
45044 # 1504
45044 # 1504
45044 # 1504
45044 # 1504
45044 # 1504
45044 # 1504
45044 # 1504
45044 # 1504
45044 # 1504
45044 # 1504
45044 # 1504
45044 # 1504
45044 # 1504
45044 # 1504
45044 # 1504
45044 # 1504
45044 # 1504
45044 # 1504
45044 # 1504
45044 # 1504
45044 # 1504
45044 # 1504
45044 # 1504
45044 # 1504
45044 # 1504
45044 # 1504
45044 # 1504
45044 # 1504
45044 # 1504
45044 # 1504
45044 # 1504
45044 # 1504
45044 # 1504
45044 # 1504
45044 # 1504
45044 # 1504
45044 # 1504
45044 # 1504
45044 # 1504
45044 # 1504
45044 # 1504
45044 # 1504
45044 # 1504
45044 # 1504
45044 # 1504
45044 # 1504
45044 # 1504
45044 # 1504
45044 # 1504
45044 # 1504
45044 # 1504
45044 # 1504
45044 # 1504
45044 # 1504
45044 # 1504
45250 + 92
45250 + 92
45250 + 92
45250 + 92
45250 + 92
45250 + 92
45250 + 92
45250 + 92
45250 + 92
45250 + 92
45250 + 92
45250 + 92
45251 + 92
46544 # 1504
46544 - 92 1294
46544 - 92 1294
46544 - 92 1294
46544 - 92 1294
46544 - 92 1294
46544 - 92 1294
46544 - 92 1294
46544 - 92 1294
46544 - 92 1294
46544 - 92 1294
46544 - 92 1294
46544 - 92 1294
46544 - 92 1293
46544 # 1504
46544 # 1504
46544 # 1504
46544 # 1504
46544 # 1504
46544 # 1504
46544 # 1504
46544 # 1504
46544 # 1504
46544 # 1504
46544 # 1504
46544 # 1504
46544 # 1504
46544 # 1504
46544 # 1504
46544 # 1504
46544 # 1504
46544 # 1504
46544 # 1504
46544 # 1504
46544 # 1504
46544 # 1504
46544 # 1504
46544 # 1504
46544 # 1504
46544 # 1504
46544 # 1504
46544 # 1504
46544 # 1504
46544 # 1504
46544 # 1504
46544 # 1504
46544 # 1504
46544 # 1504
46544 # 1504
46544 # 1504
46544 # 1504
46544 # 1504
46544 # 1504
46544 # 1504
46544 # 1504
46544 # 1504
46544 # 1504
46544 # 1504
46544 # 1504
46544 # 1504
46544 # 1504
46544 # 1504
46544 # 1504
46544 # 1504
46544 # 1504
46544 # 1504
46544 # 1504
46544 # 1504
46544 # 1504
46544 # 1504
46544 # 1504
46544 # 1504
46544 # 1504
46544 # 1504
46544 # 1504
46544 # 1504
46544 # 1504
46544 # 1504
46544 # 1504
46544 # 1504
46544 # 1504
46544 # 1504
46544 # 1504
46544 # 1504
46544 # 1504
46544 # 1504
46544 # 1504
46544 # 1504
46544 # 1504
46544 # 1504
46544 # 1504
46544 # 1504
46544 # 1504
46544 # 1504
46544 # 1504
46544 # 1504
46753 + 92
46753 + 92
46753 + 92
46753 + 92
46753 + 92
46753 + 92
46753 + 92
46753 + 92
46753 + 92
46753 + 92
46753 + 92
46753 + 92
46753 + 92
46753 + 92
46753 + 92
46753 + 92
46753 + 92
46753 + 92
46753 + 92
46753 + 92
46753 + 92
46753 + 92
46753 + 92
46753 + 92
46753 + 92
46753 + 92
46753 + 92
46753 + 92
46753 + 92
46753 + 92
46753 + 92
46753 + 92
46753 + 92
46753 + 92
46753 + 92
46753 + 92
46753 + 92
46753 + 92
46753 + 92
46753 + 92
46753 + 92
46753 + 92
46753 + 92
46753 + 92
46753 + 92
46753 + 92
46753 + 92
46753 + 92
46753 + 92
46753 + 92
46753 + 92
46753 + 92
46753 + 92
48044 # 1504
48044 - 92 1291
48044 - 92 1291
48044 - 92 1291
48044 - 92 1291
48044 - 92 1291
48044 - 92 1291
48044 - 92 1291
48044 - 92 1291
48044 - 92 1291
48044 - 92 1291
48044 - 92 1291
48044 - 92 1291
48044 - 92 1291
48044 - 92 1291
48044 - 92 1291
48044 - 92 1291
48044 # 1504
48044 - 92 1291
48044 - 92 1291
48044 - 92 1291
48044 - 92 1291
48044 - 92 1291
48044 - 92 1291
48044 - 92 1291
48044 - 92 1291
48044 - 92 1291
48044 - 92 1291
48044 - 92 1291
48044 - 92 1291
48044 - 92 1291
48044 - 92 1291
48044 - 92 1291
48044 - 92 1291
48044 # 1504
48044 - 92 1291
48044 - 92 1291
48044 - 92 1291
48044 - 92 1291
48044 - 92 1291
48044 - 92 1291
48044 - 92 1291
48044 - 92 1291
48044 - 92 1291
48044 - 92 1291
48044 - 92 1291
48044 - 92 1291
48044 - 92 1291
48044 - 92 1291
48044 - 92 1291
48044 - 92 1291
48044 - 92 1291
48044 # 1504
48044 - 92 1291
48044 - 92 1291
48044 - 92 1291
48044 - 92 1291
48044 # 1504
48044 # 1504
48044 # 1504
48044 # 1504
48044 # 1504
48044 # 1504
48044 # 1504
48044 # 1504
48044 # 1504
48044 # 1504
48044 # 1504
48044 # 1504
48044 # 1504
48044 # 1504
48044 # 1504
48044 # 1504
48044 # 1504
48044 # 1504
48044 # 1504
48044 # 1504
48044 # 1504
48044 # 1504
48044 # 1504
48044 # 1504
48044 # 1504
48044 # 1504
48044 # 1504
48044 # 1504
48044 # 1504
48044 # 1504
48044 # 1504
48044 # 1504
48044 # 1504
48044 # 1504
48044 # 1504
48044 # 1504
48044 # 1504
48044 # 1504
48044 # 1504
48044 # 1504
48044 # 1504
48044 # 1504
48044 # 1504
48044 # 1504
48044 # 1504
48044 # 1504
48044 # 1504
48044 # 1504
48044 # 1504
48044 # 1504
48044 # 1504
48044 # 1504
48044 # 1504
48044 # 1504
48044 # 1504
48044 # 1504
48044 # 1504
48044 # 1504
48044 # 1504
48044 # 1504
48044 # 1504
48044 # 1504
48044 # 1504
48044 # 1504
48044 # 1504
48044 # 1504
48044 # 1504
48044 # 1504
48044 # 1504
48044 # 1504
48044 # 1504
48044 # 1504
48044 # 1504
48044 # 1504
48044 # 1504
48044 # 1504
48044 # 1504
48044 # 1504
48044 # 1504
48250 + 92
48250 + 92
48250 + 92
48250 + 92
48250 + 92
48250 + 92
48250 + 92
48251 + 92
48251 + 92
48251 + 92
48251 + 92
48252 + 92
48252 + 92
48252 + 92
49544 # 1504
49544 - 92 1294
49544 - 92 1294
49544 - 92 1294
49544 - 92 1294
49544 - 92 1294
49544 - 92 1294
49544 - 92 1294
49544 - 92 1293
49544 - 92 1293
49544 - 92 1293
49544 - 92 1293
49544 - 92 1292
49544 - 92 1292
49544 - 92 1292
49544 # 1504
49544 # 1504
49544 # 1504
49544 # 1504
49544 # 1504
49544 # 1504
49544 # 1504
49544 # 1504
49544 # 1504
49544 # 1504
49544 # 1504
49544 # 1504
49544 # 1504
49544 # 1504
49544 # 1504
49544 # 1504
49544 # 1504
49544 # 1504
49544 # 1504
49544 # 1504
49544 # 1504
49544 # 1504
49544 # 1504
49544 # 1504
49544 # 1504
49544 # 1504
49544 # 1504
49544 # 1504
49544 # 1504
49544 # 1504
49544 # 1504
49544 # 1504
49544 # 1504
49544 # 1504
49544 # 1504
49544 # 1504
49544 # 1504
49544 # 1504
49544 # 1504
49544 # 1504
49544 # 1504
49544 # 1504
49544 # 1504
49544 # 1504
49544 # 1504
49544 # 1504
49544 # 1504
49544 # 1504
49544 # 1504
49544 # 1504
49544 # 1504
49544 # 1504
49544 # 1504
49544 # 1504
49544 # 1504
49544 # 1504
49544 # 1504
49544 # 1504
49544 # 1504
49544 # 1504
49544 # 1504
49544 # 1504
49544 # 1504
49544 # 1504
49544 # 1504
49544 # 1504
49544 # 1504
49544 # 1504
49544 # 1504
49544 # 1504
49544 # 1504
49544 # 1504
49544 # 1504
49544 # 1504
49544 # 1504
49544 # 1504
49544 # 1504
49544 # 1504
49544 # 1504
49544 # 1504
49544 # 1504
49544 # 1504
49749 + 92
49749 + 92
49749 + 92
49749 + 92
49749 + 92
49749 + 92
49749 + 92
49749 + 92
49749 + 92
49749 + 92
49749 + 92
49749 + 92
49749 + 92
49749 + 92
49750 + 92
49750 + 92
49750 + 92
49750 + 92
49750 + 92
49750 + 92
49750 + 92
49750 + 92
49750 + 92
49750 + 92
49750 + 92
49750 + 92
49750 + 92
49750 + 92
49750 + 92
49750 + 92
49750 + 92
49750 + 92
49750 + 92
49751 + 92
49752 + 92
49752 + 92
49752 + 92
49752 + 92
49752 + 92
49752 + 92
49752 + 92
49752 + 92
49752 + 92
49752 + 92
49752 + 92
49752 + 92
49752 + 92
49752 + 92
49752 + 92
49752 + 92
49752 + 92
49752 + 92
51044 # 1504
51044 - 92 1295
51044 - 92 1295
51044 - 92 1295
51044 - 92 1295
51044 - 92 1295
51044 - 92 1295
51044 - 92 1295
51044 - 92 1295
51044 - 92 1295
51044 - 92 1295
51044 - 92 1295
51044 - 92 1295
51044 - 92 1295
51044 - 92 1295
51044 - 92 1294
51044 - 92 1294
51044 # 1504
51044 - 92 1294
51044 - 92 1294
51044 - 92 1294
51044 - 92 1294
51044 - 92 1294
51044 - 92 1294
51044 - 92 1294
51044 - 92 1294
51044 - 92 1294
51044 - 92 1294
51044 - 92 1294
51044 - 92 1294
51044 - 92 1294
51044 - 92 1294
51044 - 92 1294
51044 - 92 1294
51044 # 1504
51044 - 92 1294
51044 - 92 1293
51044 - 92 1292
51044 - 92 1292
51044 - 92 1292
51044 - 92 1292
51044 - 92 1292
51044 - 92 1292
51044 - 92 1292
51044 - 92 1292
51044 - 92 1292
51044 - 92 1292
51044 - 92 1292
51044 - 92 1292
51044 - 92 1292
51044 - 92 1292
51044 - 92 1292
51044 # 1504
51044 - 92 1292
51044 - 92 1292
51044 - 92 1292
51044 # 1504
51044 # 1504
51044 # 1504
51044 # 1504
51044 # 1504
51044 # 1504
51044 # 1504
51044 # 1504
51044 # 1504
51044 # 1504
51044 # 1504
51044 # 1504
51044 # 1504
51044 # 1504
51044 # 1504
51044 # 1504
51044 # 1504
51044 # 1504
51044 # 1504
51044 # 1504
51044 # 1504
51044 # 1504
51044 # 1504
51044 # 1504
51044 # 1504
51044 # 1504
51044 # 1504
51044 # 1504
51044 # 1504
51044 # 1504
51044 # 1504
51044 # 1504
51044 # 1504
51044 # 1504
51044 # 1504
51044 # 1504
51044 # 1504
51044 # 1504
51044 # 1504
51044 # 1504
51044 # 1504
51044 # 1504
51044 # 1504
51044 # 1504
51044 # 1504
51044 # 1504
51044 # 1504
51044 # 1504
51044 # 1504
51044 # 1504
51044 # 1504
51044 # 1504
51044 # 1504
51044 # 1504
51044 # 1504
51044 # 1504
51044 # 1504
51044 # 1504
51044 # 1504
51044 # 1504
51044 # 1504
51044 # 1504
51044 # 1504
51044 # 1504
51044 # 1504
51044 # 1504
51044 # 1504
51044 # 1504
51044 # 1504
51044 # 1504
51044 # 1504
51044 # 1504
51044 # 1504
51044 # 1504
51044 # 1504
51044 # 1504
51044 # 1504
51044 # 1504
51044 # 1504
51253 + 92
51253 + 92
51253 + 92
51253 + 92
51253 + 92
51253 + 92
51253 + 92
51253 + 92
51253 + 92
51253 + 92
51253 + 92
51253 + 92
51253 + 92
52544 # 1504
52544 - 92 1291
52544 - 92 1291
52544 - 92 1291
52544 - 92 1291
52544 - 92 1291
52544 - 92 1291
52544 - 92 1291
52544 - 92 1291
52544 - 92 1291
52544 - 92 1291
52544 - 92 1291
52544 - 92 1291
52544 - 92 1291
52544 # 1504
52544 # 1504
52544 # 1504
52544 # 1504
52544 # 1504
52544 # 1504
52544 # 1504
52544 # 1504
52544 # 1504
52544 # 1504
52544 # 1504
52544 # 1504
52544 # 1504
52544 # 1504
52544 # 1504
52544 # 1504
52544 # 1504
52544 # 1504
52544 # 1504
52544 # 1504
52544 # 1504
52544 # 1504
52544 # 1504
52544 # 1504
52544 # 1504
52544 # 1504
52544 # 1504
52544 # 1504
52544 # 1504
52544 # 1504
52544 # 1504
52544 # 1504
52544 # 1504
52544 # 1504
52544 # 1504
52544 # 1504
52544 # 1504
52544 # 1504
52544 # 1504
52544 # 1504
52544 # 1504
52544 # 1504
52544 # 1504
52544 # 1504
52544 # 1504
52544 # 1504
52544 # 1504
52544 # 1504
52544 # 1504
52544 # 1504
52544 # 1504
52544 # 1504
52544 # 1504
52544 # 1504
52544 # 1504
52544 # 1504
52544 # 1504
52544 # 1504
52544 # 1504
52544 # 1504
52544 # 1504
52544 # 1504
52544 # 1504
52544 # 1504
52544 # 1504
52544 # 1504
52544 # 1504
52544 # 1504
52544 # 1504
52544 # 1504
52544 # 1504
52544 # 1504
52544 # 1504
52544 # 1504
52544 # 1504
52544 # 1504
52544 # 1504
52544 # 1504
52544 # 1504
52544 # 1504
52544 # 1504
52544 # 1504
52752 + 92
52752 + 92
52752 + 92
52752 + 92
52752 + 92
52752 + 92
52752 + 92
52752 + 92
52752 + 92
52754 + 92
52754 + 92
52754 + 92
52754 + 92
52754 + 92
52754 + 92
52754 + 92
52754 + 92
52754 + 92
52754 + 92
52754 + 92
52754 + 92
52754 + 92
52754 + 92
52754 + 92
52754 + 92
52756 + 92
52756 + 92
52756 + 92
52756 + 92
52756 + 92
52756 + 92
52757 + 92
52757 + 92
52757 + 92
52757 + 92
52757 + 92
52757 + 92
52757 + 92
52757 + 92
52757 + 92
52757 + 92
52757 + 92
52757 + 92
52757 + 92
52757 + 92
52757 + 92
52757 + 92
52757 + 92
52757 + 92
52757 + 92
52757 + 92
54044 # 1504
54044 - 92 1292
54044 - 92 1292
54044 - 92 1292
54044 - 92 1292
54044 - 92 1292
54044 - 92 1292
54044 - 92 1292
54044 - 92 1292
54044 - 92 1292
54044 - 92 1290
54044 - 92 1290
54044 - 92 1290
54044 - 92 1290
54044 - 92 1290
54044 - 92 1290
54044 - 92 1290
54044 # 1504
54044 - 92 1290
54044 - 92 1290
54044 - 92 1290
54044 - 92 1290
54044 - 92 1290
54044 - 92 1290
54044 - 92 1290
54044 - 92 1290
54044 - 92 1290
54044 - 92 1288
54044 - 92 1288
54044 - 92 1288
54044 - 92 1288
54044 - 92 1288
54044 - 92 1288
54044 - 92 1287
54044 # 1504
54044 - 92 1287
54044 - 92 1287
54044 - 92 1287
54044 - 92 1287
54044 - 92 1287
54044 - 92 1287
54044 - 92 1287
54044 - 92 1287
54044 - 92 1287
54044 - 92 1287
54044 - 92 1287
54044 - 92 1287
54044 - 92 1287
54044 - 92 1287
54044 - 92 1287
54044 - 92 1287
54044 - 92 1287
54044 # 1504
54044 - 92 1287
54044 - 92 1287
54044 # 1504
54044 # 1504
54044 # 1504
54044 # 1504
54044 # 1504
54044 # 1504
54044 # 1504
54044 # 1504
54044 # 1504
54044 # 1504
54044 # 1504
54044 # 1504
54044 # 1504
54044 # 1504
54044 # 1504
54044 # 1504
54044 # 1504
54044 # 1504
54044 # 1504
54044 # 1504
54044 # 1504
54044 # 1504
54044 # 1504
54044 # 1504
54044 # 1504
54044 # 1504
54044 # 1504
54044 # 1504
54044 # 1504
54044 # 1504
54044 # 1504
54044 # 1504
54044 # 1504
54044 # 1504
54044 # 1504
54044 # 1504
54044 # 1504
54044 # 1504
54044 # 1504
54044 # 1504
54044 # 1504
54044 # 1504
54044 # 1504
54044 # 1504
54044 # 1504
54044 # 1504
54044 # 1504
54044 # 1504
54044 # 1504
54044 # 1504
54044 # 1504
54044 # 1504
54044 # 1504
54044 # 1504
54044 # 1504
54044 # 1504
54044 # 1504
54044 # 1504
54044 # 1504
54044 # 1504
54044 # 1504
54044 # 1504
54044 # 1504
54044 # 1504
54044 # 1504
54044 # 1504
54044 # 1504
54044 # 1504
54044 # 1504
54044 # 1504
54044 # 1504
54044 # 1504
54044 # 1504
54044 # 1504
54044 # 1504
54044 # 1504
54044 # 1504
54044 # 1504
54044 # 1504
54249 + 92
54249 + 92
54249 + 92
54249 + 92
54249 + 92
54249 + 92
54249 + 92
54249 + 92
54249 + 92
54250 + 92
54250 + 92
54250 + 92
54250 + 92
54250 + 92
55544 # 1504
55544 - 92 1295
55544 - 92 1295
55544 - 92 1295
55544 - 92 1295
55544 - 92 1295
55544 - 92 1295
55544 - 92 1295
55544 - 92 1295
55544 - 92 1295
55544 - 92 1294
55544 - 92 1294
55544 - 92 1294
55544 - 92 1294
55544 - 92 1294
55544 # 1504
55544 # 1504
55544 # 1504
55544 # 1504
55544 # 1504
55544 # 1504
55544 # 1504
55544 # 1504
55544 # 1504
55544 # 1504
55544 # 1504
55544 # 1504
55544 # 1504
55544 # 1504
55544 # 1504
55544 # 1504
55544 # 1504
55544 # 1504
55544 # 1504
55544 # 1504
55544 # 1504
55544 # 1504
55544 # 1504
55544 # 1504
55544 # 1504
55544 # 1504
55544 # 1504
55544 # 1504
55544 # 1504
55544 # 1504
55544 # 1504
55544 # 1504
55544 # 1504
55544 # 1504
55544 # 1504
55544 # 1504
55544 # 1504
55544 # 1504
55544 # 1504
55544 # 1504
55544 # 1504
55544 # 1504
55544 # 1504
55544 # 1504
55544 # 1504
55544 # 1504
55544 # 1504
55544 # 1504
55544 # 1504
55544 # 1504
55544 # 1504
55544 # 1504
55544 # 1504
55544 # 1504
55544 # 1504
55544 # 1504
55544 # 1504
55544 # 1504
55544 # 1504
55544 # 1504
55544 # 1504
55544 # 1504
55544 # 1504
55544 # 1504
55544 # 1504
55544 # 1504
55544 # 1504
55544 # 1504
55544 # 1504
55544 # 1504
55544 # 1504
55544 # 1504
55544 # 1504
55544 # 1504
55544 # 1504
55544 # 1504
55544 # 1504
55544 # 1504
55544 # 1504
55544 # 1504
55544 # 1504
55544 # 1504
55750 + 92
55751 + 92
55751 + 92
55751 + 92
55751 + 92
55751 + 92
55751 + 92
55751 + 92
55751 + 92
55751 + 92
55751 + 92
55751 + 92
55751 + 92
55751 + 92
55751 + 92
55751 + 92
55753 + 92
55753 + 92
55753 + 92
55753 + 92
55753 + 92
55753 + 92
55753 + 92
55753 + 92
55753 + 92
55753 + 92
55753 + 92
55753 + 92
55753 + 92
55753 + 92
55753 + 92
55753 + 92
55753 + 92
55753 + 92
55753 + 92
55753 + 92
55753 + 92
55753 + 92
55753 + 92
55753 + 92
55753 + 92
55753 + 92
55753 + 92
55753 + 92
55753 + 92
55754 + 92
55754 + 92
55754 + 92
55754 + 92
55754 + 92
57044 # 1504
57044 - 92 1294
57044 - 92 1293
57044 - 92 1293
57044 - 92 1293
57044 - 92 1293
57044 - 92 1293
57044 - 92 1293
57044 - 92 1293
57044 - 92 1293
57044 - 92 1293
57044 - 92 1293
57044 - 92 1293
57044 - 92 1293
57044 - 92 1293
57044 - 92 1293
57044 - 92 1293
57044 # 1504
57044 - 92 1291
57044 - 92 1291
57044 - 92 1291
57044 - 92 1291
57044 - 92 1291
57044 - 92 1291
57044 - 92 1291
57044 - 92 1291
57044 - 92 1291
57044 - 92 1291
57044 - 92 1291
57044 - 92 1291
57044 - 92 1291
57044 - 92 1291
57044 - 92 1291
57044 - 92 1291
57044 # 1504
57044 - 92 1291
57044 - 92 1291
57044 - 92 1291
57044 - 92 1291
57044 - 92 1291
57044 - 92 1291
57044 - 92 1291
57044 - 92 1291
57044 - 92 1291
57044 - 92 1291
57044 - 92 1291
57044 - 92 1291
57044 - 92 1291
57044 - 92 1290
57044 - 92 1290
57044 - 92 1290
57044 - 92 1290
57044 # 1504
57044 - 92 1290
57044 # 1504
57044 # 1504
57044 # 1504
57044 # 1504
57044 # 1504
57044 # 1504
57044 # 1504
57044 # 1504
57044 # 1504
57044 # 1504
57044 # 1504
57044 # 1504
57044 # 1504
57044 # 1504
57044 # 1504
57044 # 1504
57044 # 1504
57044 # 1504
57044 # 1504
57044 # 1504
57044 # 1504
57044 # 1504
57044 # 1504
57044 # 1504
57044 # 1504
57044 # 1504
57044 # 1504
57044 # 1504
57044 # 1504
57044 # 1504
57044 # 1504
57044 # 1504
57044 # 1504
57044 # 1504
57044 # 1504
57044 # 1504
57044 # 1504
57044 # 1504
57044 # 1504
57044 # 1504
57044 # 1504
57044 # 1504
57044 # 1504
57044 # 1504
57044 # 1504
57044 # 1504
57044 # 1504
57044 # 1504
57044 # 1504
57044 # 1504
57044 # 1504
57044 # 1504
57044 # 1504
57044 # 1504
57044 # 1504
57044 # 1504
57044 # 1504
57044 # 1504
57044 # 1504
57044 # 1504
57044 # 1504
57044 # 1504
57044 # 1504
57044 # 1504
57044 # 1504
57044 # 1504
57044 # 1504
57044 # 1504
57044 # 1504
57044 # 1504
57044 # 1504
57044 # 1504
57044 # 1504
57044 # 1504
57044 # 1504
57044 # 1504
57044 # 1504
57044 # 1504
57044 # 1504
57264 + 92
57264 + 92
57264 + 92
57264 + 92
57264 + 92
57264 + 92
57264 + 92
57264 + 92
57264 + 92
57264 + 92
57264 + 92
57264 + 92
57264 + 92
58544 # 1504
58544 - 92 1280
58544 - 92 1280
58544 - 92 1280
58544 - 92 1280
58544 - 92 1280
58544 - 92 1280
58544 - 92 1280
58544 - 92 1280
58544 - 92 1280
58544 - 92 1280
58544 - 92 1280
58544 - 92 1280
58544 - 92 1280
58544 # 1504
58544 # 1504
58544 # 1504
58544 # 1504
58544 # 1504
58544 # 1504
58544 # 1504
58544 # 1504
58544 # 1504
58544 # 1504
58544 # 1504
58544 # 1504
58544 # 1504
58544 # 1504
58544 # 1504
58544 # 1504
58544 # 1504
58544 # 1504
58544 # 1504
58544 # 1504
58544 # 1504
58544 # 1504
58544 # 1504
58544 # 1504
58544 # 1504
58544 # 1504
58544 # 1504
58544 # 1504
58544 # 1504
58544 # 1504
58544 # 1504
58544 # 1504
58544 # 1504
58544 # 1504
58544 # 1504
58544 # 1504
58544 # 1504
58544 # 1504
58544 # 1504
58544 # 1504
58544 # 1504
58544 # 1504
58544 # 1504
58544 # 1504
58544 # 1504
58544 # 1504
58544 # 1504
58544 # 1504
58544 # 1504
58544 # 1504
58544 # 1504
58544 # 1504
58544 # 1504
58544 # 1504
58544 # 1504
58544 # 1504
58544 # 1504
58544 # 1504
58544 # 1504
58544 # 1504
58544 # 1504
58544 # 1504
58544 # 1504
58544 # 1504
58544 # 1504
58544 # 1504
58544 # 1504
58544 # 1504
58544 # 1504
58544 # 1504
58544 # 1504
58544 # 1504
58544 # 1504
58544 # 1504
58544 # 1504
58544 # 1504
58544 # 1504
58544 # 1504
58544 # 1504
58544 # 1504
58544 # 1504
58544 # 1504
58758 + 92
58760 + 92
58760 + 92
58760 + 92
58760 + 92
58760 + 92
58760 + 92
58760 + 92
58760 + 92
58760 + 92
58760 + 92
58760 + 92
58760 + 92
58760 + 92
58760 + 92
58760 + 92
58760 + 92
58760 + 92
58760 + 92
58760 + 92
58760 + 92
58761 + 92
58762 + 92
58762 + 92
58762 + 92
58762 + 92
58762 + 92
58762 + 92
58762 + 92
58762 + 92
58762 + 92
58762 + 92
58762 + 92
58762 + 92
58762 + 92
58763 + 92
58764 + 92
58764 + 92
58764 + 92
60044 # 1504
60044 - 92 1286
60044 - 92 1284
60044 - 92 1284
60044 - 92 1284
60044 - 92 1284
60044 - 92 1284
60044 - 92 1284
60044 - 92 1284
60044 - 92 1284
60044 - 92 1284
60044 - 92 1284
60044 - 92 1284
60044 - 92 1284
60044 - 92 1284
60044 - 92 1284
60044 - 92 1284
60044 # 1504
60044 - 92 1284
60044 - 92 1284
60044 - 92 1284
60044 - 92 1284
60044 - 92 1284
60044 - 92 1283
60044 - 92 1282
60044 - 92 1282
60044 - 92 1282
60044 - 92 1282
60044 - 92 1282
60044 - 92 1282
60044 - 92 1282
60044 - 92 1282
60044 - 92 1282
60044 - 92 1282
60044 # 1504
60044 - 92 1282
60044 - 92 1282
60044 - 92 1282
60044 - 92 1281
60044 - 92 1280
60044 - 92 1280
60044 - 92 1280
60044 # 1504
60044 # 1504
60044 # 1504
60044 # 1504
60044 # 1504
60044 # 1504
60044 # 1504
60044 # 1504
60044 # 1504
60044 # 1504
60044 # 1504
60044 # 1504
60044 # 1504
60044 # 1504
60044 # 1504
60044 # 1504
60044 # 1504
60044 # 1504
60044 # 1504
60044 # 1504
60044 # 1504
60044 # 1504
60044 # 1504
60044 # 1504
60044 # 1504
60044 # 1504
60044 # 1504
60044 # 1504
60044 # 1504
60044 # 1504
60044 # 1504
60044 # 1504
60044 # 1504
60044 # 1504
60044 # 1504
60044 # 1504
60044 # 1504
60044 # 1504
60044 # 1504
60044 # 1504
60044 # 1504
60044 # 1504
60044 # 1504
60044 # 1504
60044 # 1504
60044 # 1504
60044 # 1504
60044 # 1504
60044 # 1504
60044 # 1504
60044 # 1504
60044 # 1504
60044 # 1504
60044 # 1504
60044 # 1504
60044 # 1504
60044 # 1504
60044 # 1504
60044 # 1504
60044 # 1504
60044 # 1504
60044 # 1504
60044 # 1504
60044 # 1504
60044 # 1504
60044 # 1504
60044 # 1504
60044 # 1504
60044 # 1504
60044 # 1504
60044 # 1504
60044 # 1504
60044 # 1504
60044 # 1504
60044 # 1504
60044 # 1504
60044 # 1504
60044 # 1504
60044 # 1504
60044 # 1504
60249 + 92
60249 + 92
60249 + 92
60249 + 92
60249 + 92
60249 + 92
60249 + 92
61544 # 1504
61544 - 92 1295
61544 - 92 1295
61544 - 92 1295
61544 - 92 1295
61544 - 92 1295
61544 - 92 1295
61544 - 92 1295
61544 # 1504
61544 # 1504
61544 # 1504
61544 # 1504
61544 # 1504
61544 # 1504
61544 # 1504
61544 # 1504
61544 # 1504
61544 # 1504
61544 # 1504
61544 # 1504
61544 # 1504
61544 # 1504
61544 # 1504
61544 # 1504
61544 # 1504
61544 # 1504
61544 # 1504
61544 # 1504
61544 # 1504
61544 # 1504
61544 # 1504
61544 # 1504
61544 # 1504
61544 # 1504
61544 # 1504
61544 # 1504
61544 # 1504
61544 # 1504
61544 # 1504
61544 # 1504
61544 # 1504
61544 # 1504
61544 # 1504
61544 # 1504
61544 # 1504
61544 # 1504
61544 # 1504
61544 # 1504
61544 # 1504
61544 # 1504
61544 # 1504
61544 # 1504
61544 # 1504
61544 # 1504
61544 # 1504
61544 # 1504
61544 # 1504
61544 # 1504
61544 # 1504
61544 # 1504
61544 # 1504
61544 # 1504
61544 # 1504
61544 # 1504
61544 # 1504
61544 # 1504
61544 # 1504
61544 # 1504
61544 # 1504
61544 # 1504
61544 # 1504
61544 # 1504
61544 # 1504
61544 # 1504
61544 # 1504
61544 # 1504
61544 # 1504
61544 # 1504
61544 # 1504
61544 # 1504
61544 # 1504
61544 # 1504
61544 # 1504
61544 # 1504
61544 # 1504
61544 # 1504
61544 # 1504
61544 # 1504
61544 # 1504
61544 # 1504
61753 + 92
61753 + 92
61753 + 92
61753 + 92
61753 + 92
61753 + 92
63044 # 1504
63044 - 92 1291
63044 - 92 1291
63044 - 92 1291
63044 - 92 1291
63044 - 92 1291
63044 - 92 1291
63044 # 1504
63044 # 1504
63044 # 1504
63044 # 1504
63044 # 1504
63044 # 1504
63044 # 1504
63044 # 1504
63044 # 1504
63044 # 1504
63044 # 1504
63044 # 1504
63044 # 1504
63044 # 1504
63044 # 1504
63044 # 1504
63044 # 1504
63044 # 1504
63044 # 1504
63044 # 1504
63044 # 1504
63044 # 1504
63044 # 1504
63044 # 1504
63044 # 1504
63044 # 1504
63044 # 1504
63044 # 1504
63044 # 1504
63044 # 1504
63044 # 1504
63044 # 1504
63044 # 1504
63044 # 1504
63044 # 1504
63044 # 1504
63044 # 1504
63044 # 1504
63044 # 1504
63044 # 1504
63044 # 1504
63044 # 1504
63044 # 1504
63044 # 1504
63044 # 1504
63044 # 1504
63044 # 1504
63044 # 1504
63044 # 1504
63044 # 1504
63044 # 1504
63044 # 1504
63044 # 1504
63044 # 1504
63044 # 1504
63044 # 1504
63044 # 1504
63044 # 1504
63044 # 1504
63044 # 1504
63044 # 1504
63044 # 1504
63044 # 1504
63044 # 1504
63044 # 1504
63044 # 1504
63044 # 1504
63044 # 1504
63044 # 1504
63044 # 1504
63044 # 1504
63044 # 1504
63044 # 1504
63044 # 1504
63044 # 1504
63044 # 1504
63044 # 1504
63044 # 1504
63044 # 1504
63044 # 1504
63044 # 1504
63044 # 1504
63251 + 92
63251 + 92
64544 # 1504
64544 - 92 1293
64544 - 92 1293
64544 # 1504
64544 # 1504
64544 # 1504
64544 # 1504
64544 # 1504
64544 # 1504
64544 # 1504
64544 # 1504
64544 # 1504
64544 # 1504
64544 # 1504
64544 # 1504
64544 # 1504
64544 # 1504
64544 # 1504
64544 # 1504
64544 # 1504
64544 # 1504
64544 # 1504
64544 # 1504
64544 # 1504
64544 # 1504
64544 # 1504
64544 # 1504
64544 # 1504
64544 # 1504
64544 # 1504
64544 # 1504
64544 # 1504
64544 # 1504
64544 # 1504
64544 # 1504
64544 # 1504
64544 # 1504
64544 # 1504
64544 # 1504
64544 # 1504
64544 # 1504
64544 # 1504
64544 # 1504
64544 # 1504
64544 # 1504
64544 # 1504
64544 # 1504
64544 # 1504
64544 # 1504
64544 # 1504
64544 # 1504
64544 # 1504
64544 # 1504
64544 # 1504
64544 # 1504
64544 # 1504
64544 # 1504
64544 # 1504
64544 # 1504
64544 # 1504
64544 # 1504
64544 # 1504
64544 # 1504
64544 # 1504
64544 # 1504
64544 # 1504
64544 # 1504
64544 # 1504
64544 # 1504
64544 # 1504
64544 # 1504
64544 # 1504
64544 # 1504
64544 # 1504
64544 # 1504
64544 # 1504
64544 # 1504
64544 # 1504
64544 # 1504
64544 # 1504
64544 # 1504
64544 # 1504
64544 # 1504
64544 # 1504
64544 # 1504
64749 + 92
64749 + 92
64749 + 92
64749 + 92
64749 + 92
64749 + 92
64749 + 92
64749 + 92
66044 # 1504
66044 - 92 1295
66044 - 92 1295
66044 - 92 1295
66044 - 92 1295
66044 - 92 1295
66044 - 92 1295
66044 - 92 1295
66044 - 92 1295
66044 # 1504
66044 # 1504
66044 # 1504
66044 # 1504
66044 # 1504
66044 # 1504
66044 # 1504
66044 # 1504
66044 # 1504
66044 # 1504
66044 # 1504
66044 # 1504
66044 # 1504
66044 # 1504
66044 # 1504
66044 # 1504
66044 # 1504
66044 # 1504
66044 # 1504
66044 # 1504
66044 # 1504
66044 # 1504
66044 # 1504
66044 # 1504
66044 # 1504
66044 # 1504
66044 # 1504
66044 # 1504
66044 # 1504
66044 # 1504
66044 # 1504
66044 # 1504
66044 # 1504
66044 # 1504
66044 # 1504
66044 # 1504
66044 # 1504
66044 # 1504
66044 # 1504
66044 # 1504
66044 # 1504
66044 # 1504
66044 # 1504
66044 # 1504
66044 # 1504
66044 # 1504
66044 # 1504
66044 # 1504
66044 # 1504
66044 # 1504
66044 # 1504
66044 # 1504
66044 # 1504
66044 # 1504
66044 # 1504
66044 # 1504
66044 # 1504
66044 # 1504
66044 # 1504
66044 # 1504
66044 # 1504
66044 # 1504
66044 # 1504
66044 # 1504
66044 # 1504
66044 # 1504
66044 # 1504
66044 # 1504
66044 # 1504
66044 # 1504
66044 # 1504
66044 # 1504
66044 # 1504
66044 # 1504
66044 # 1504
66044 # 1504
66044 # 1504
66044 # 1504
66044 # 1504
66044 # 1504
66044 # 1504
66044 # 1504
