# mahimahi mm-link (Uplink) [/tmp/traces/1mbps.trace] > /home/rootroot/pantheon/src/experiments/data_1mbps_200ms/vegas_mm_datalink_run1.log
# command line: 'mm-link' '/tmp/traces/1mbps.trace' '/tmp/traces/1mbps.trace' '--uplink-log=/home/rootroot/pantheon/src/experiments/data_1mbps_200ms/vegas_mm_datalink_run1.log' '--downlink-log=/home/rootroot/pantheon/src/experiments/data_1mbps_200ms/vegas_mm_acklink_run1.log' '--uplink-queue=droptail' '--downlink-queue=droptail' '--uplink-queue-args=packets=500' '--downlink-queue-args=packets=500' 'python' '/home/rootroot/pantheon/src/experiments/tunnel_manager.py'
# queue: droptail [packets=500]
# init timestamp: 1744824462718
# base timestamp: 44
# mahimahi config: [delay 100 ms] 
45 + 80
45 + 52
45 + 80
125 + 40
558 + 80
878 + 80
1122 + 40
1544 # 1504
1544 - 80 1499
1544 - 52 1499
1544 - 80 1499
1544 - 40 1419
1544 - 80 986
1544 - 80 666
1544 - 40 422
1544 # 1504
1544 # 1504
1544 # 1504
1544 # 1504
1544 # 1504
1544 # 1504
1544 # 1504
1544 # 1504
1544 # 1504
1544 # 1504
1544 # 1504
1544 # 1504
1544 # 1504
1544 # 1504
1544 # 1504
1544 # 1504
1544 # 1504
1544 # 1504
1544 # 1504
1544 # 1504
1544 # 1504
1544 # 1504
1544 # 1504
1544 # 1504
1544 # 1504
1544 # 1504
1544 # 1504
1544 # 1504
1544 # 1504
1544 # 1504
1544 # 1504
1544 # 1504
1544 # 1504
1544 # 1504
1544 # 1504
1544 # 1504
1544 # 1504
1544 # 1504
1544 # 1504
1544 # 1504
1544 # 1504
1544 # 1504
1544 # 1504
1544 # 1504
1544 # 1504
1544 # 1504
1544 # 1504
1544 # 1504
1544 # 1504
1544 # 1504
1544 # 1504
1544 # 1504
1544 # 1504
1544 # 1504
1544 # 1504
1544 # 1504
1544 # 1504
1544 # 1504
1544 # 1504
1544 # 1504
1544 # 1504
1544 # 1504
1544 # 1504
1544 # 1504
1544 # 1504
1544 # 1504
1544 # 1504
1544 # 1504
1544 # 1504
1544 # 1504
1544 # 1504
1544 # 1504
1544 # 1504
1544 # 1504
1544 # 1504
1544 # 1504
1544 # 1504
1544 # 1504
1544 # 1504
1544 # 1504
1544 # 1504
1544 # 1504
2123 + 40
3044 # 1504
3044 - 40 921
3044 # 1504
3044 # 1504
3044 # 1504
3044 # 1504
3044 # 1504
3044 # 1504
3044 # 1504
3044 # 1504
3044 # 1504
3044 # 1504
3044 # 1504
3044 # 1504
3044 # 1504
3044 # 1504
3044 # 1504
3044 # 1504
3044 # 1504
3044 # 1504
3044 # 1504
3044 # 1504
3044 # 1504
3044 # 1504
3044 # 1504
3044 # 1504
3044 # 1504
3044 # 1504
3044 # 1504
3044 # 1504
3044 # 1504
3044 # 1504
3044 # 1504
3044 # 1504
3044 # 1504
3044 # 1504
3044 # 1504
3044 # 1504
3044 # 1504
3044 # 1504
3044 # 1504
3044 # 1504
3044 # 1504
3044 # 1504
3044 # 1504
3044 # 1504
3044 # 1504
3044 # 1504
3044 # 1504
3044 # 1504
3044 # 1504
3044 # 1504
3044 # 1504
3044 # 1504
3044 # 1504
3044 # 1504
3044 # 1504
3044 # 1504
3044 # 1504
3044 # 1504
3044 # 1504
3044 # 1504
3044 # 1504
3044 # 1504
3044 # 1504
3044 # 1504
3044 # 1504
3044 # 1504
3044 # 1504
3044 # 1504
3044 # 1504
3044 # 1504
3044 # 1504
3044 # 1504
3044 # 1504
3044 # 1504
3044 # 1504
3044 # 1504
3044 # 1504
3044 # 1504
3044 # 1504
3044 # 1504
3044 # 1504
3044 # 1504
4396 + 52
4544 # 1504
4544 - 52 148
4544 # 1504
4544 # 1504
4544 # 1504
4544 # 1504
4544 # 1504
4544 # 1504
4544 # 1504
4544 # 1504
4544 # 1504
4544 # 1504
4544 # 1504
4544 # 1504
4544 # 1504
4544 # 1504
4544 # 1504
4544 # 1504
4544 # 1504
4544 # 1504
4544 # 1504
4544 # 1504
4544 # 1504
4544 # 1504
4544 # 1504
4544 # 1504
4544 # 1504
4544 # 1504
4544 # 1504
4544 # 1504
4544 # 1504
4544 # 1504
4544 # 1504
4544 # 1504
4544 # 1504
4544 # 1504
4544 # 1504
4544 # 1504
4544 # 1504
4544 # 1504
4544 # 1504
4544 # 1504
4544 # 1504
4544 # 1504
4544 # 1504
4544 # 1504
4544 # 1504
4544 # 1504
4544 # 1504
4544 # 1504
4544 # 1504
4544 # 1504
4544 # 1504
4544 # 1504
4544 # 1504
4544 # 1504
4544 # 1504
4544 # 1504
4544 # 1504
4544 # 1504
4544 # 1504
4544 # 1504
4544 # 1504
4544 # 1504
4544 # 1504
4544 # 1504
4544 # 1504
4544 # 1504
4544 # 1504
4544 # 1504
4544 # 1504
4544 # 1504
4544 # 1504
4544 # 1504
4544 # 1504
4544 # 1504
4544 # 1504
4544 # 1504
4544 # 1504
4544 # 1504
4544 # 1504
4544 # 1504
4544 # 1504
4544 # 1504
6044 # 1504
6044 # 1504
6044 # 1504
6044 # 1504
6044 # 1504
6044 # 1504
6044 # 1504
6044 # 1504
6044 # 1504
6044 # 1504
6044 # 1504
6044 # 1504
6044 # 1504
6044 # 1504
6044 # 1504
6044 # 1504
6044 # 1504
6044 # 1504
6044 # 1504
6044 # 1504
6044 # 1504
6044 # 1504
6044 # 1504
6044 # 1504
6044 # 1504
6044 # 1504
6044 # 1504
6044 # 1504
6044 # 1504
6044 # 1504
6044 # 1504
6044 # 1504
6044 # 1504
6044 # 1504
6044 # 1504
6044 # 1504
6044 # 1504
6044 # 1504
6044 # 1504
6044 # 1504
6044 # 1504
6044 # 1504
6044 # 1504
6044 # 1504
6044 # 1504
6044 # 1504
6044 # 1504
6044 # 1504
6044 # 1504
6044 # 1504
6044 # 1504
6044 # 1504
6044 # 1504
6044 # 1504
6044 # 1504
6044 # 1504
6044 # 1504
6044 # 1504
6044 # 1504
6044 # 1504
6044 # 1504
6044 # 1504
6044 # 1504
6044 # 1504
6044 # 1504
6044 # 1504
6044 # 1504
6044 # 1504
6044 # 1504
6044 # 1504
6044 # 1504
6044 # 1504
6044 # 1504
6044 # 1504
6044 # 1504
6044 # 1504
6044 # 1504
6044 # 1504
6044 # 1504
6044 # 1504
6044 # 1504
6044 # 1504
6044 # 1504
6086 + 100
7116 + 100
7544 # 1504
7544 - 100 1458
7544 - 100 428
7544 # 1504
7544 # 1504
7544 # 1504
7544 # 1504
7544 # 1504
7544 # 1504
7544 # 1504
7544 # 1504
7544 # 1504
7544 # 1504
7544 # 1504
7544 # 1504
7544 # 1504
7544 # 1504
7544 # 1504
7544 # 1504
7544 # 1504
7544 # 1504
7544 # 1504
7544 # 1504
7544 # 1504
7544 # 1504
7544 # 1504
7544 # 1504
7544 # 1504
7544 # 1504
7544 # 1504
7544 # 1504
7544 # 1504
7544 # 1504
7544 # 1504
7544 # 1504
7544 # 1504
7544 # 1504
7544 # 1504
7544 # 1504
7544 # 1504
7544 # 1504
7544 # 1504
7544 # 1504
7544 # 1504
7544 # 1504
7544 # 1504
7544 # 1504
7544 # 1504
7544 # 1504
7544 # 1504
7544 # 1504
7544 # 1504
7544 # 1504
7544 # 1504
7544 # 1504
7544 # 1504
7544 # 1504
7544 # 1504
7544 # 1504
7544 # 1504
7544 # 1504
7544 # 1504
7544 # 1504
7544 # 1504
7544 # 1504
7544 # 1504
7544 # 1504
7544 # 1504
7544 # 1504
7544 # 1504
7544 # 1504
7544 # 1504
7544 # 1504
7544 # 1504
7544 # 1504
7544 # 1504
7544 # 1504
7544 # 1504
7544 # 1504
7544 # 1504
7544 # 1504
7544 # 1504
7544 # 1504
7544 # 1504
7544 # 1504
9044 # 1504
9044 # 1504
9044 # 1504
9044 # 1504
9044 # 1504
9044 # 1504
9044 # 1504
9044 # 1504
9044 # 1504
9044 # 1504
9044 # 1504
9044 # 1504
9044 # 1504
9044 # 1504
9044 # 1504
9044 # 1504
9044 # 1504
9044 # 1504
9044 # 1504
9044 # 1504
9044 # 1504
9044 # 1504
9044 # 1504
9044 # 1504
9044 # 1504
9044 # 1504
9044 # 1504
9044 # 1504
9044 # 1504
9044 # 1504
9044 # 1504
9044 # 1504
9044 # 1504
9044 # 1504
9044 # 1504
9044 # 1504
9044 # 1504
9044 # 1504
9044 # 1504
9044 # 1504
9044 # 1504
9044 # 1504
9044 # 1504
9044 # 1504
9044 # 1504
9044 # 1504
9044 # 1504
9044 # 1504
9044 # 1504
9044 # 1504
9044 # 1504
9044 # 1504
9044 # 1504
9044 # 1504
9044 # 1504
9044 # 1504
9044 # 1504
9044 # 1504
9044 # 1504
9044 # 1504
9044 # 1504
9044 # 1504
9044 # 1504
9044 # 1504
9044 # 1504
9044 # 1504
9044 # 1504
9044 # 1504
9044 # 1504
9044 # 1504
9044 # 1504
9044 # 1504
9044 # 1504
9044 # 1504
9044 # 1504
9044 # 1504
9044 # 1504
9044 # 1504
9044 # 1504
9044 # 1504
9044 # 1504
9044 # 1504
9044 # 1504
9047 + 92
9047 + 92
9047 + 1504
9047 + 1504
9047 + 1504
9047 + 1504
9047 + 1504
9047 + 1504
9047 + 1504
9048 + 1504
9048 + 1504
9048 + 1504
10544 # 1504
10544 - 92 1497
10544 - 92 1497
10544 # 1504
10544 - 1504 1497
10544 # 1504
10544 - 1504 1497
10544 # 1504
10544 - 1504 1497
10544 # 1504
10544 - 1504 1497
10544 # 1504
10544 - 1504 1497
10544 # 1504
10544 - 1504 1497
10544 # 1504
10544 - 1504 1497
10544 # 1504
10544 - 1504 1496
10544 # 1504
10544 - 1504 1496
10544 # 1504
10544 - 1504 1496
10544 # 1504
10544 # 1504
10544 # 1504
10544 # 1504
10544 # 1504
10544 # 1504
10544 # 1504
10544 # 1504
10544 # 1504
10544 # 1504
10544 # 1504
10544 # 1504
10544 # 1504
10544 # 1504
10544 # 1504
10544 # 1504
10544 # 1504
10544 # 1504
10544 # 1504
10544 # 1504
10544 # 1504
10544 # 1504
10544 # 1504
10544 # 1504
10544 # 1504
10544 # 1504
10544 # 1504
10544 # 1504
10544 # 1504
10544 # 1504
10544 # 1504
10544 # 1504
10544 # 1504
10544 # 1504
10544 # 1504
10544 # 1504
10544 # 1504
10544 # 1504
10544 # 1504
10544 # 1504
10544 # 1504
10544 # 1504
10544 # 1504
10544 # 1504
10544 # 1504
10544 # 1504
10544 # 1504
10544 # 1504
10544 # 1504
10544 # 1504
10544 # 1504
10544 # 1504
10544 # 1504
10544 # 1504
10544 # 1504
10544 # 1504
10544 # 1504
10544 # 1504
10544 # 1504
10544 # 1504
10544 # 1504
10544 # 1504
10544 # 1504
10544 # 1504
10544 # 1504
10544 # 1504
10544 # 1504
10544 # 1504
10544 # 1504
10544 # 1504
10544 # 1504
10544 # 1504
12044 # 1504
12044 # 1504
12044 # 1504
12044 # 1504
12044 # 1504
12044 # 1504
12044 # 1504
12044 # 1504
12044 # 1504
12044 # 1504
12044 # 1504
12044 # 1504
12044 # 1504
12044 # 1504
12044 # 1504
12044 # 1504
12044 # 1504
12044 # 1504
12044 # 1504
12044 # 1504
12044 # 1504
12044 # 1504
12044 # 1504
12044 # 1504
12044 # 1504
12044 # 1504
12044 # 1504
12044 # 1504
12044 # 1504
12044 # 1504
12044 # 1504
12044 # 1504
12044 # 1504
12044 # 1504
12044 # 1504
12044 # 1504
12044 # 1504
12044 # 1504
12044 # 1504
12044 # 1504
12044 # 1504
12044 # 1504
12044 # 1504
12044 # 1504
12044 # 1504
12044 # 1504
12044 # 1504
12044 # 1504
12044 # 1504
12044 # 1504
12044 # 1504
12044 # 1504
12044 # 1504
12044 # 1504
12044 # 1504
12044 # 1504
12044 # 1504
12044 # 1504
12044 # 1504
12044 # 1504
12044 # 1504
12044 # 1504
12044 # 1504
12044 # 1504
12044 # 1504
12044 # 1504
12044 # 1504
12044 # 1504
12044 # 1504
12044 # 1504
12044 # 1504
12044 # 1504
12044 # 1504
12044 # 1504
12044 # 1504
12044 # 1504
12044 # 1504
12044 # 1504
12044 # 1504
12044 # 1504
12044 # 1504
12044 # 1504
12044 # 1504
12060 + 1504
12061 + 1504
12287 + 1504
12287 + 1504
12535 + 1504
12535 + 1504
12589 + 52
12763 + 1504
12763 + 1504
12912 + 1504
12912 + 1504
13062 + 1504
13062 + 1504
13212 + 1504
13212 + 1504
13366 + 1504
13366 + 1504
13513 + 1504
13513 + 1504
13544 # 1504
13544 - 1504 1484
13544 # 1504
13544 - 1504 1483
13544 # 1504
13544 - 1504 1257
13544 # 1504
13544 - 1504 1257
13544 # 1504
13544 - 1504 1009
13544 # 1504
13544 - 1504 1009
13544 # 1504
13544 - 52 955
13544 # 1504
13544 - 1504 781
13544 # 1504
13544 - 1504 781
13544 # 1504
13544 - 1504 632
13544 # 1504
13544 - 1504 632
13544 # 1504
13544 - 1504 482
13544 # 1504
13544 - 1504 482
13544 # 1504
13544 - 1504 332
13544 # 1504
13544 - 1504 332
13544 # 1504
13544 - 1504 178
13544 # 1504
13544 - 1504 178
13544 # 1504
13544 - 1504 31
13544 # 1504
13544 - 1504 31
13544 # 1504
13544 # 1504
13544 # 1504
13544 # 1504
13544 # 1504
13544 # 1504
13544 # 1504
13544 # 1504
13544 # 1504
13544 # 1504
13544 # 1504
13544 # 1504
13544 # 1504
13544 # 1504
13544 # 1504
13544 # 1504
13544 # 1504
13544 # 1504
13544 # 1504
13544 # 1504
13544 # 1504
13544 # 1504
13544 # 1504
13544 # 1504
13544 # 1504
13544 # 1504
13544 # 1504
13544 # 1504
13544 # 1504
13544 # 1504
13544 # 1504
13544 # 1504
13544 # 1504
13544 # 1504
13544 # 1504
13544 # 1504
13544 # 1504
13544 # 1504
13544 # 1504
13544 # 1504
13544 # 1504
13544 # 1504
13544 # 1504
13544 # 1504
13544 # 1504
13544 # 1504
13544 # 1504
13544 # 1504
13544 # 1504
13544 # 1504
13544 # 1504
13544 # 1504
13544 # 1504
13544 # 1504
13544 # 1504
13544 # 1504
13544 # 1504
13544 # 1504
13544 # 1504
13544 # 1504
13544 # 1504
13544 # 1504
13544 # 1504
13544 # 1504
13663 + 1504
13663 + 1504
15044 # 1504
15044 - 1504 1381
15044 # 1504
15044 - 1504 1381
15044 # 1504
15044 # 1504
15044 # 1504
15044 # 1504
15044 # 1504
15044 # 1504
15044 # 1504
15044 # 1504
15044 # 1504
15044 # 1504
15044 # 1504
15044 # 1504
15044 # 1504
15044 # 1504
15044 # 1504
15044 # 1504
15044 # 1504
15044 # 1504
15044 # 1504
15044 # 1504
15044 # 1504
15044 # 1504
15044 # 1504
15044 # 1504
15044 # 1504
15044 # 1504
15044 # 1504
15044 # 1504
15044 # 1504
15044 # 1504
15044 # 1504
15044 # 1504
15044 # 1504
15044 # 1504
15044 # 1504
15044 # 1504
15044 # 1504
15044 # 1504
15044 # 1504
15044 # 1504
15044 # 1504
15044 # 1504
15044 # 1504
15044 # 1504
15044 # 1504
15044 # 1504
15044 # 1504
15044 # 1504
15044 # 1504
15044 # 1504
15044 # 1504
15044 # 1504
15044 # 1504
15044 # 1504
15044 # 1504
15044 # 1504
15044 # 1504
15044 # 1504
15044 # 1504
15044 # 1504
15044 # 1504
15044 # 1504
15044 # 1504
15044 # 1504
15044 # 1504
15044 # 1504
15044 # 1504
15044 # 1504
15044 # 1504
15044 # 1504
15044 # 1504
15044 # 1504
15044 # 1504
15044 # 1504
15044 # 1504
15044 # 1504
15044 # 1504
15044 # 1504
15044 # 1504
15044 # 1504
15044 # 1504
15048 + 1504
15048 + 1504
15121 + 1504
15190 + 1504
15190 + 1504
15319 + 1504
15319 + 1504
15440 + 1504
15440 + 1504
15510 + 1504
15510 + 1504
15573 + 1504
15573 + 1504
15635 + 1504
15635 + 1504
15697 + 1504
15697 + 1504
15767 + 1504
15767 + 1504
15829 + 1504
15829 + 1504
15897 + 1504
15897 + 1504
15954 + 1504
15954 + 1504
16022 + 1504
16050 + 1504
16050 + 1504
16115 + 1504
16115 + 1504
16182 + 1504
16182 + 1504
16244 + 1504
16244 + 1504
16307 + 1504
16307 + 1504
16544 # 1504
16544 - 1504 1496
16544 # 1504
16544 - 1504 1496
16544 # 1504
16544 - 1504 1423
16544 # 1504
16544 - 1504 1354
16544 # 1504
16544 - 1504 1354
16544 # 1504
16544 - 1504 1225
16544 # 1504
16544 - 1504 1225
16544 # 1504
16544 - 1504 1104
16544 # 1504
16544 - 1504 1104
16544 # 1504
16544 - 1504 1034
16544 # 1504
16544 - 1504 1034
16544 # 1504
16544 - 1504 971
16544 # 1504
16544 - 1504 971
16544 # 1504
16544 - 1504 909
16544 # 1504
16544 - 1504 909
16544 # 1504
16544 - 1504 847
16544 # 1504
16544 - 1504 847
16544 # 1504
16544 - 1504 777
16544 # 1504
16544 - 1504 777
16544 # 1504
16544 - 1504 715
16544 # 1504
16544 - 1504 715
16544 # 1504
16544 - 1504 647
16544 # 1504
16544 - 1504 647
16544 # 1504
16544 - 1504 590
16544 # 1504
16544 - 1504 590
16544 # 1504
16544 - 1504 522
16544 # 1504
16544 - 1504 494
16544 # 1504
16544 - 1504 494
16544 # 1504
16544 - 1504 429
16544 # 1504
16544 - 1504 429
16544 # 1504
16544 - 1504 362
16544 # 1504
16544 - 1504 362
16544 # 1504
16544 - 1504 300
16544 # 1504
16544 - 1504 300
16544 # 1504
16544 - 1504 237
16544 # 1504
16544 - 1504 237
16544 # 1504
16544 # 1504
16544 # 1504
16544 # 1504
16544 # 1504
16544 # 1504
16544 # 1504
16544 # 1504
16544 # 1504
16544 # 1504
16544 # 1504
16544 # 1504
16544 # 1504
16544 # 1504
16544 # 1504
16544 # 1504
16544 # 1504
16544 # 1504
16544 # 1504
16544 # 1504
16544 # 1504
16544 # 1504
16544 # 1504
16544 # 1504
16544 # 1504
16544 # 1504
16544 # 1504
16544 # 1504
16544 # 1504
16544 # 1504
16544 # 1504
16544 # 1504
16544 # 1504
16544 # 1504
16544 # 1504
16544 # 1504
16544 # 1504
16544 # 1504
16544 # 1504
16544 # 1504
16544 # 1504
16544 # 1504
16544 # 1504
16544 # 1504
16544 # 1504
16544 # 1504
16544 # 1504
16547 + 1504
16547 + 1504
16582 + 1504
16582 + 1504
18044 # 1504
18044 - 1504 1497
18044 # 1504
18044 - 1504 1497
18044 # 1504
18044 - 1504 1462
18044 # 1504
18044 - 1504 1462
18044 # 1504
18044 # 1504
18044 # 1504
18044 # 1504
18044 # 1504
18044 # 1504
18044 # 1504
18044 # 1504
18044 # 1504
18044 # 1504
18044 # 1504
18044 # 1504
18044 # 1504
18044 # 1504
18044 # 1504
18044 # 1504
18044 # 1504
18044 # 1504
18044 # 1504
18044 # 1504
18044 # 1504
18044 # 1504
18044 # 1504
18044 # 1504
18044 # 1504
18044 # 1504
18044 # 1504
18044 # 1504
18044 # 1504
18044 # 1504
18044 # 1504
18044 # 1504
18044 # 1504
18044 # 1504
18044 # 1504
18044 # 1504
18044 # 1504
18044 # 1504
18044 # 1504
18044 # 1504
18044 # 1504
18044 # 1504
18044 # 1504
18044 # 1504
18044 # 1504
18044 # 1504
18044 # 1504
18044 # 1504
18044 # 1504
18044 # 1504
18044 # 1504
18044 # 1504
18044 # 1504
18044 # 1504
18044 # 1504
18044 # 1504
18044 # 1504
18044 # 1504
18044 # 1504
18044 # 1504
18044 # 1504
18044 # 1504
18044 # 1504
18044 # 1504
18044 # 1504
18044 # 1504
18044 # 1504
18044 # 1504
18044 # 1504
18044 # 1504
18044 # 1504
18044 # 1504
18044 # 1504
18044 # 1504
18044 # 1504
18044 # 1504
18044 # 1504
18044 # 1504
18044 # 1504
18051 + 1504
18052 + 1504
18088 + 1504
18088 + 1504
18145 + 1504
18146 + 1504
18206 + 1504
18206 + 1504
18229 + 1504
18242 + 1504
18242 + 1504
18267 + 1504
18267 + 1504
18294 + 1504
18294 + 1504
18319 + 1504
18319 + 1504
18347 + 1504
18347 + 1504
18371 + 1504
18372 + 1504
18397 + 1504
18397 + 1504
18423 + 1504
18423 + 1504
18449 + 1504
18449 + 1504
18475 + 1504
18475 + 1504
18499 + 1504
18499 + 1504
18526 + 1504
18538 + 1504
18538 + 1504
18564 + 1504
18564 + 1504
18589 + 1504
18589 + 1504
18616 + 1504
18616 + 1504
18640 + 1504
18640 + 1504
18667 + 1504
18667 + 1504
18695 + 1504
18695 + 1504
18721 + 1504
18721 + 1504
18743 + 1504
18743 + 1504
18769 + 1504
18769 + 1504
18799 + 1504
18799 + 1504
18822 + 1504
18834 + 1504
18835 + 1504
18860 + 1504
18860 + 1504
18885 + 1504
18885 + 1504
18911 + 1504
18911 + 1504
18939 + 1504
18939 + 1504
18962 + 1504
18963 + 1504
18988 + 1504
18988 + 1504
19014 + 1504
19014 + 1504
19544 # 1504
19544 - 1504 1493
19544 # 1504
19544 - 1504 1492
19544 # 1504
19544 - 1504 1456
19544 # 1504
19544 - 1504 1456
19544 # 1504
19544 - 1504 1399
19544 # 1504
19544 - 1504 1398
19544 # 1504
19544 - 1504 1338
19544 # 1504
19544 - 1504 1338
19544 # 1504
19544 - 1504 1315
19544 # 1504
19544 - 1504 1302
19544 # 1504
19544 - 1504 1302
19544 # 1504
19544 - 1504 1277
19544 # 1504
19544 - 1504 1277
19544 # 1504
19544 - 1504 1250
19544 # 1504
19544 - 1504 1250
19544 # 1504
19544 - 1504 1225
19544 # 1504
19544 - 1504 1225
19544 # 1504
19544 - 1504 1197
19544 # 1504
19544 - 1504 1197
19544 # 1504
19544 - 1504 1173
19544 # 1504
19544 - 1504 1172
19544 # 1504
19544 - 1504 1147
19544 # 1504
19544 - 1504 1147
19544 # 1504
19544 - 1504 1121
19544 # 1504
19544 - 1504 1121
19544 # 1504
19544 - 1504 1095
19544 # 1504
19544 - 1504 1095
19544 # 1504
19544 - 1504 1069
19544 # 1504
19544 - 1504 1069
19544 # 1504
19544 - 1504 1045
19544 # 1504
19544 - 1504 1045
19544 # 1504
19544 - 1504 1018
19544 # 1504
19544 - 1504 1006
19544 # 1504
19544 - 1504 1006
19544 # 1504
19544 - 1504 980
19544 # 1504
19544 - 1504 980
19544 # 1504
19544 - 1504 955
19544 # 1504
19544 - 1504 955
19544 # 1504
19544 - 1504 928
19544 # 1504
19544 - 1504 928
19544 # 1504
19544 - 1504 904
19544 # 1504
19544 - 1504 904
19544 # 1504
19544 - 1504 877
19544 # 1504
19544 - 1504 877
19544 # 1504
19544 - 1504 849
19544 # 1504
19544 - 1504 849
19544 # 1504
19544 - 1504 823
19544 # 1504
19544 - 1504 823
19544 # 1504
19544 - 1504 801
19544 # 1504
19544 - 1504 801
19544 # 1504
19544 - 1504 775
19544 # 1504
19544 - 1504 775
19544 # 1504
19544 - 1504 745
19544 # 1504
19544 - 1504 745
19544 # 1504
19544 - 1504 722
19544 # 1504
19544 - 1504 710
19544 # 1504
19544 - 1504 709
19544 # 1504
19544 - 1504 684
19544 # 1504
19544 - 1504 684
19544 # 1504
19544 - 1504 659
19544 # 1504
19544 - 1504 659
19544 # 1504
19544 - 1504 633
19544 # 1504
19544 - 1504 633
19544 # 1504
19544 - 1504 605
19544 # 1504
19544 - 1504 605
19544 # 1504
19544 - 1504 582
19544 # 1504
19544 - 1504 581
19544 # 1504
19544 - 1504 556
19544 # 1504
19544 - 1504 556
19544 # 1504
19544 - 1504 530
19544 # 1504
19544 - 1504 530
19544 # 1504
19544 # 1504
19544 # 1504
19544 # 1504
19544 # 1504
19544 # 1504
19544 # 1504
19544 # 1504
19544 # 1504
19544 # 1504
19544 # 1504
19544 # 1504
19547 + 1504
19548 + 1504
19561 + 1504
19561 + 1504
19598 + 1504
19598 + 1504
19623 + 1504
19639 + 1504
19639 + 1504
21044 # 1504
21044 - 1504 1497
21044 # 1504
21044 - 1504 1496
21044 # 1504
21044 - 1504 1483
21044 # 1504
21044 - 1504 1483
21044 # 1504
21044 - 1504 1446
21044 # 1504
21044 - 1504 1446
21044 # 1504
21044 - 1504 1421
21044 # 1504
21044 - 1504 1405
21044 # 1504
21044 - 1504 1405
21044 # 1504
21044 # 1504
21044 # 1504
21044 # 1504
21044 # 1504
21044 # 1504
21044 # 1504
21044 # 1504
21044 # 1504
21044 # 1504
21044 # 1504
21044 # 1504
21044 # 1504
21044 # 1504
21044 # 1504
21044 # 1504
21044 # 1504
21044 # 1504
21044 # 1504
21044 # 1504
21044 # 1504
21044 # 1504
21044 # 1504
21044 # 1504
21044 # 1504
21044 # 1504
21044 # 1504
21044 # 1504
21044 # 1504
21044 # 1504
21044 # 1504
21044 # 1504
21044 # 1504
21044 # 1504
21044 # 1504
21044 # 1504
21044 # 1504
21044 # 1504
21044 # 1504
21044 # 1504
21044 # 1504
21044 # 1504
21044 # 1504
21044 # 1504
21044 # 1504
21044 # 1504
21044 # 1504
21044 # 1504
21044 # 1504
21044 # 1504
21044 # 1504
21044 # 1504
21044 # 1504
21044 # 1504
21044 # 1504
21044 # 1504
21044 # 1504
21044 # 1504
21044 # 1504
21044 # 1504
21044 # 1504
21044 # 1504
21044 # 1504
21044 # 1504
21044 # 1504
21044 # 1504
21044 # 1504
21044 # 1504
21044 # 1504
21044 # 1504
21044 # 1504
21044 # 1504
21044 # 1504
21044 # 1504
21048 + 1504
21067 + 1504
21067 + 1504
21135 + 1504
21135 + 1504
21197 + 1504
21197 + 1504
21245 + 1504
21245 + 1504
21306 + 1504
21306 + 1504
21345 + 1504
21345 + 1504
21395 + 1504
21395 + 1504
21446 + 1504
21446 + 1504
21494 + 1504
21494 + 1504
21544 + 1504
21545 + 1504
21595 + 1504
21595 + 1504
21644 + 1504
21645 + 1504
21694 + 1504
21695 + 1504
21742 + 1504
21742 + 1504
21796 + 1504
21796 + 1504
21842 + 1504
21842 + 1504
21891 + 1504
21891 + 1504
21941 + 1504
21941 + 1504
21991 + 1504
21991 + 1504
22041 + 1504
22041 + 1504
22091 + 1504
22091 + 1504
22140 + 1504
22140 + 1504
22192 + 1504
22192 + 1504
22239 + 1504
22240 + 1504
22296 + 1504
22296 + 1504
22340 + 1504
22340 + 1504
22389 + 1504
22389 + 1504
22439 + 1504
22439 + 1504
22490 + 1504
22490 + 1504
22539 + 1504
22540 + 1504
22544 # 1504
22544 - 1504 1496
22544 # 1504
22544 - 1504 1477
22544 # 1504
22544 - 1504 1477
22544 # 1504
22544 - 1504 1409
22544 # 1504
22544 - 1504 1409
22544 # 1504
22544 - 1504 1347
22544 # 1504
22544 - 1504 1347
22544 # 1504
22544 - 1504 1299
22544 # 1504
22544 - 1504 1299
22544 # 1504
22544 - 1504 1238
22544 # 1504
22544 - 1504 1238
22544 # 1504
22544 - 1504 1199
22544 # 1504
22544 - 1504 1199
22544 # 1504
22544 - 1504 1149
22544 # 1504
22544 - 1504 1149
22544 # 1504
22544 - 1504 1098
22544 # 1504
22544 - 1504 1098
22544 # 1504
22544 - 1504 1050
22544 # 1504
22544 - 1504 1050
22544 # 1504
22544 - 1504 1000
22544 # 1504
22544 - 1504 999
22544 # 1504
22544 - 1504 949
22544 # 1504
22544 - 1504 949
22544 # 1504
22544 - 1504 900
22544 # 1504
22544 - 1504 899
22544 # 1504
22544 - 1504 850
22544 # 1504
22544 - 1504 849
22544 # 1504
22544 - 1504 802
22544 # 1504
22544 - 1504 802
22544 # 1504
22544 - 1504 748
22544 # 1504
22544 - 1504 748
22544 # 1504
22544 - 1504 702
22544 # 1504
22544 - 1504 702
22544 # 1504
22544 - 1504 653
22544 # 1504
22544 - 1504 653
22544 # 1504
22544 - 1504 603
22544 # 1504
22544 - 1504 603
22544 # 1504
22544 - 1504 553
22544 # 1504
22544 - 1504 553
22544 # 1504
22544 - 1504 503
22544 # 1504
22544 - 1504 503
22544 # 1504
22544 - 1504 453
22544 # 1504
22544 - 1504 453
22544 # 1504
22544 - 1504 404
22544 # 1504
22544 - 1504 404
22544 # 1504
22544 - 1504 352
22544 # 1504
22544 - 1504 352
22544 # 1504
22544 - 1504 305
22544 # 1504
22544 - 1504 304
22544 # 1504
22544 - 1504 248
22544 # 1504
22544 - 1504 248
22544 # 1504
22544 - 1504 204
22544 # 1504
22544 - 1504 204
22544 # 1504
22544 - 1504 155
22544 # 1504
22544 - 1504 155
22544 # 1504
22544 - 1504 105
22544 # 1504
22544 - 1504 105
22544 # 1504
22544 - 1504 54
22544 # 1504
22544 - 1504 54
22544 # 1504
22544 - 1504 5
22544 # 1504
22544 - 1504 4
22544 # 1504
22544 # 1504
22544 # 1504
22544 # 1504
22544 # 1504
22544 # 1504
22544 # 1504
22544 # 1504
22544 # 1504
22544 # 1504
22544 # 1504
22544 # 1504
22544 # 1504
22544 # 1504
22544 # 1504
22544 # 1504
22544 # 1504
22544 # 1504
22544 # 1504
22544 # 1504
22544 # 1504
22544 # 1504
22590 + 1504
22590 + 1504
22642 + 1504
22642 + 1504
22697 + 1504
22697 + 1504
22760 + 1504
22760 + 1504
22824 + 1504
22826 + 1504
24044 # 1504
24044 - 1504 1454
24044 # 1504
24044 - 1504 1454
24044 # 1504
24044 - 1504 1402
24044 # 1504
24044 - 1504 1402
24044 # 1504
24044 - 1504 1347
24044 # 1504
24044 - 1504 1347
24044 # 1504
24044 - 1504 1284
24044 # 1504
24044 - 1504 1284
24044 # 1504
24044 - 1504 1220
24044 # 1504
24044 - 1504 1218
24044 # 1504
24044 # 1504
24044 # 1504
24044 # 1504
24044 # 1504
24044 # 1504
24044 # 1504
24044 # 1504
24044 # 1504
24044 # 1504
24044 # 1504
24044 # 1504
24044 # 1504
24044 # 1504
24044 # 1504
24044 # 1504
24044 # 1504
24044 # 1504
24044 # 1504
24044 # 1504
24044 # 1504
24044 # 1504
24044 # 1504
24044 # 1504
24044 # 1504
24044 # 1504
24044 # 1504
24044 # 1504
24044 # 1504
24044 # 1504
24044 # 1504
24044 # 1504
24044 # 1504
24044 # 1504
24044 # 1504
24044 # 1504
24044 # 1504
24044 # 1504
24044 # 1504
24044 # 1504
24044 # 1504
24044 # 1504
24044 # 1504
24044 # 1504
24044 # 1504
24044 # 1504
24044 # 1504
24044 # 1504
24044 # 1504
24044 # 1504
24044 # 1504
24044 # 1504
24044 # 1504
24044 # 1504
24044 # 1504
24044 # 1504
24044 # 1504
24044 # 1504
24044 # 1504
24044 # 1504
24044 # 1504
24044 # 1504
24044 # 1504
24044 # 1504
24044 # 1504
24044 # 1504
24044 # 1504
24044 # 1504
24044 # 1504
24044 # 1504
24044 # 1504
24044 # 1504
24044 # 1504
24048 + 1504
24065 + 1504
24066 + 1504
24133 + 1504
24133 + 1504
24202 + 1504
24202 + 1504
24256 + 1504
24256 + 1504
24310 + 1504
24310 + 1504
24365 + 1504
24365 + 1504
24417 + 1504
24417 + 1504
24470 + 1504
24470 + 1504
24524 + 1504
24524 + 1504
24583 + 1504
24583 + 1504
24633 + 1504
24633 + 1504
24687 + 1504
24687 + 1504
24739 + 1504
24740 + 1504
24793 + 1504
24793 + 1504
24848 + 1504
24848 + 1504
24901 + 1504
24901 + 1504
24956 + 1504
24956 + 1504
25009 + 1504
25009 + 1504
25063 + 1504
25063 + 1504
25120 + 1504
25120 + 1504
25170 + 1504
25199 + 1504
25199 + 1504
25251 + 1504
25251 + 1504
25305 + 1504
25305 + 1504
25359 + 1504
25359 + 1504
25413 + 1504
25413 + 1504
25468 + 1504
25468 + 1504
25521 + 1504
25521 + 1504
25544 # 1504
25544 - 1504 1496
25544 # 1504
25544 - 1504 1479
25544 # 1504
25544 - 1504 1478
25544 # 1504
25544 - 1504 1411
25544 # 1504
25544 - 1504 1411
25544 # 1504
25544 - 1504 1342
25544 # 1504
25544 - 1504 1342
25544 # 1504
25544 - 1504 1288
25544 # 1504
25544 - 1504 1288
25544 # 1504
25544 - 1504 1234
25544 # 1504
25544 - 1504 1234
25544 # 1504
25544 - 1504 1179
25544 # 1504
25544 - 1504 1179
25544 # 1504
25544 - 1504 1127
25544 # 1504
25544 - 1504 1127
25544 # 1504
25544 - 1504 1074
25544 # 1504
25544 - 1504 1074
25544 # 1504
25544 - 1504 1020
25544 # 1504
25544 - 1504 1020
25544 # 1504
25544 - 1504 961
25544 # 1504
25544 - 1504 961
25544 # 1504
25544 - 1504 911
25544 # 1504
25544 - 1504 911
25544 # 1504
25544 - 1504 857
25544 # 1504
25544 - 1504 857
25544 # 1504
25544 - 1504 805
25544 # 1504
25544 - 1504 804
25544 # 1504
25544 - 1504 751
25544 # 1504
25544 - 1504 751
25544 # 1504
25544 - 1504 696
25544 # 1504
25544 - 1504 696
25544 # 1504
25544 - 1504 643
25544 # 1504
25544 - 1504 643
25544 # 1504
25544 - 1504 588
25544 # 1504
25544 - 1504 588
25544 # 1504
25544 - 1504 535
25544 # 1504
25544 - 1504 535
25544 # 1504
25544 - 1504 481
25544 # 1504
25544 - 1504 481
25544 # 1504
25544 - 1504 424
25544 # 1504
25544 - 1504 424
25544 # 1504
25544 - 1504 374
25544 # 1504
25544 - 1504 345
25544 # 1504
25544 - 1504 345
25544 # 1504
25544 - 1504 293
25544 # 1504
25544 - 1504 293
25544 # 1504
25544 - 1504 239
25544 # 1504
25544 - 1504 239
25544 # 1504
25544 - 1504 185
25544 # 1504
25544 - 1504 185
25544 # 1504
25544 - 1504 131
25544 # 1504
25544 - 1504 131
25544 # 1504
25544 - 1504 76
25544 # 1504
25544 - 1504 76
25544 # 1504
25544 - 1504 23
25544 # 1504
25544 - 1504 23
25544 # 1504
25544 # 1504
25544 # 1504
25544 # 1504
25544 # 1504
25544 # 1504
25544 # 1504
25544 # 1504
25544 # 1504
25544 # 1504
25544 # 1504
25544 # 1504
25544 # 1504
25544 # 1504
25544 # 1504
25544 # 1504
25544 # 1504
25544 # 1504
25544 # 1504
25544 # 1504
25544 # 1504
25544 # 1504
25544 # 1504
25544 # 1504
25544 # 1504
25544 # 1504
25544 # 1504
25576 + 1504
25576 + 1504
25631 + 1504
25631 + 1504
25682 + 1504
25682 + 1504
25748 + 1504
25748 + 1504
25811 + 1504
25811 + 1504
25871 + 1504
25871 + 1504
25933 + 1504
25933 + 1504
27044 # 1504
27044 - 1504 1468
27044 # 1504
27044 - 1504 1468
27044 # 1504
27044 - 1504 1413
27044 # 1504
27044 - 1504 1413
27044 # 1504
27044 - 1504 1362
27044 # 1504
27044 - 1504 1362
27044 # 1504
27044 - 1504 1296
27044 # 1504
27044 - 1504 1296
27044 # 1504
27044 - 1504 1233
27044 # 1504
27044 - 1504 1233
27044 # 1504
27044 - 1504 1173
27044 # 1504
27044 - 1504 1173
27044 # 1504
27044 - 1504 1111
27044 # 1504
27044 - 1504 1111
27044 # 1504
27044 # 1504
27044 # 1504
27044 # 1504
27044 # 1504
27044 # 1504
27044 # 1504
27044 # 1504
27044 # 1504
27044 # 1504
27044 # 1504
27044 # 1504
27044 # 1504
27044 # 1504
27044 # 1504
27044 # 1504
27044 # 1504
27044 # 1504
27044 # 1504
27044 # 1504
27044 # 1504
27044 # 1504
27044 # 1504
27044 # 1504
27044 # 1504
27044 # 1504
27044 # 1504
27044 # 1504
27044 # 1504
27044 # 1504
27044 # 1504
27044 # 1504
27044 # 1504
27044 # 1504
27044 # 1504
27044 # 1504
27044 # 1504
27044 # 1504
27044 # 1504
27044 # 1504
27044 # 1504
27044 # 1504
27044 # 1504
27044 # 1504
27044 # 1504
27044 # 1504
27044 # 1504
27044 # 1504
27044 # 1504
27044 # 1504
27044 # 1504
27044 # 1504
27044 # 1504
27044 # 1504
27044 # 1504
27044 # 1504
27044 # 1504
27044 # 1504
27044 # 1504
27044 # 1504
27044 # 1504
27044 # 1504
27044 # 1504
27044 # 1504
27044 # 1504
27044 # 1504
27044 # 1504
27044 # 1504
27044 # 1504
27048 + 1504
27048 + 1504
27087 + 1504
27087 + 1504
27145 + 1504
27145 + 1504
27211 + 1504
27211 + 1504
27251 + 1504
27251 + 1504
27291 + 1504
27291 + 1504
27334 + 1504
27334 + 1504
27370 + 1504
27370 + 1504
27410 + 1504
27410 + 1504
27456 + 1504
27456 + 1504
27490 + 1504
27491 + 1504
27530 + 1504
27530 + 1504
27572 + 1504
27572 + 1504
27611 + 1504
27611 + 1504
27651 + 1504
27651 + 1504
27691 + 1504
27691 + 1504
27732 + 1504
27732 + 1504
27771 + 1504
27771 + 1504
27815 + 1504
27815 + 1504
27852 + 1504
27852 + 1504
27891 + 1504
27891 + 1504
27937 + 1504
27937 + 1504
27971 + 1504
27971 + 1504
28014 + 1504
28014 + 1504
28052 + 1504
28052 + 1504
28091 + 1504
28091 + 1504
28134 + 1504
28134 + 1504
28173 + 1504
28173 + 1504
28544 # 1504
28544 - 1504 1496
28544 # 1504
28544 - 1504 1496
28544 # 1504
28544 - 1504 1457
28544 # 1504
28544 - 1504 1457
28544 # 1504
28544 - 1504 1399
28544 # 1504
28544 - 1504 1399
28544 # 1504
28544 - 1504 1333
28544 # 1504
28544 - 1504 1333
28544 # 1504
28544 - 1504 1293
28544 # 1504
28544 - 1504 1293
28544 # 1504
28544 - 1504 1253
28544 # 1504
28544 - 1504 1253
28544 # 1504
28544 - 1504 1210
28544 # 1504
28544 - 1504 1210
28544 # 1504
28544 - 1504 1174
28544 # 1504
28544 - 1504 1174
28544 # 1504
28544 - 1504 1134
28544 # 1504
28544 - 1504 1134
28544 # 1504
28544 - 1504 1088
28544 # 1504
28544 - 1504 1088
28544 # 1504
28544 - 1504 1054
28544 # 1504
28544 - 1504 1053
28544 # 1504
28544 - 1504 1014
28544 # 1504
28544 - 1504 1014
28544 # 1504
28544 - 1504 972
28544 # 1504
28544 - 1504 972
28544 # 1504
28544 - 1504 933
28544 # 1504
28544 - 1504 933
28544 # 1504
28544 - 1504 893
28544 # 1504
28544 - 1504 893
28544 # 1504
28544 - 1504 853
28544 # 1504
28544 - 1504 853
28544 # 1504
28544 - 1504 812
28544 # 1504
28544 - 1504 812
28544 # 1504
28544 - 1504 773
28544 # 1504
28544 - 1504 773
28544 # 1504
28544 - 1504 729
28544 # 1504
28544 - 1504 729
28544 # 1504
28544 - 1504 692
28544 # 1504
28544 - 1504 692
28544 # 1504
28544 - 1504 653
28544 # 1504
28544 - 1504 653
28544 # 1504
28544 - 1504 607
28544 # 1504
28544 - 1504 607
28544 # 1504
28544 - 1504 573
28544 # 1504
28544 - 1504 573
28544 # 1504
28544 - 1504 530
28544 # 1504
28544 - 1504 530
28544 # 1504
28544 - 1504 492
28544 # 1504
28544 - 1504 492
28544 # 1504
28544 - 1504 453
28544 # 1504
28544 - 1504 453
28544 # 1504
28544 - 1504 410
28544 # 1504
28544 - 1504 410
28544 # 1504
28544 - 1504 371
28544 # 1504
28544 - 1504 371
28544 # 1504
28544 # 1504
28544 # 1504
28544 # 1504
28544 # 1504
28544 # 1504
28544 # 1504
28544 # 1504
28544 # 1504
28544 # 1504
28544 # 1504
28544 # 1504
28544 # 1504
28544 # 1504
28544 # 1504
28544 # 1504
28544 # 1504
28544 # 1504
28544 # 1504
28544 # 1504
28544 # 1504
28544 # 1504
28544 # 1504
28544 # 1504
28544 # 1504
28544 # 1504
28544 # 1504
28549 + 1504
28550 + 1504
28576 + 1504
28576 + 1504
28621 + 1504
28621 + 1504
28675 + 1504
28676 + 1504
28738 + 1504
28738 + 1504
28797 + 1504
28797 + 1504
28857 + 1504
28857 + 1504
29997 + 52
30044 # 1504
30044 - 1504 1495
30044 # 1504
30044 - 1504 1494
30044 # 1504
30044 - 1504 1468
30044 # 1504
30044 - 1504 1468
30044 # 1504
30044 - 1504 1423
30044 # 1504
30044 - 1504 1423
30044 # 1504
30044 - 1504 1369
30044 # 1504
30044 - 1504 1368
30044 # 1504
30044 - 1504 1306
30044 # 1504
30044 - 1504 1306
30044 # 1504
30044 - 1504 1247
30044 # 1504
30044 - 1504 1247
30044 # 1504
30044 - 1504 1187
30044 # 1504
30044 - 1504 1187
30044 # 1504
30044 - 52 47
30044 # 1504
30044 # 1504
30044 # 1504
30044 # 1504
30044 # 1504
30044 # 1504
30044 # 1504
30044 # 1504
30044 # 1504
30044 # 1504
30044 # 1504
30044 # 1504
30044 # 1504
30044 # 1504
30044 # 1504
30044 # 1504
30044 # 1504
30044 # 1504
30044 # 1504
30044 # 1504
30044 # 1504
30044 # 1504
30044 # 1504
30044 # 1504
30044 # 1504
30044 # 1504
30044 # 1504
30044 # 1504
30044 # 1504
30044 # 1504
30044 # 1504
30044 # 1504
30044 # 1504
30044 # 1504
30044 # 1504
30044 # 1504
30044 # 1504
30044 # 1504
30044 # 1504
30044 # 1504
30044 # 1504
30044 # 1504
30044 # 1504
30044 # 1504
30044 # 1504
30044 # 1504
30044 # 1504
30044 # 1504
30044 # 1504
30044 # 1504
30044 # 1504
30044 # 1504
30044 # 1504
30044 # 1504
30044 # 1504
30044 # 1504
30044 # 1504
30044 # 1504
30044 # 1504
30044 # 1504
30044 # 1504
30044 # 1504
30044 # 1504
30044 # 1504
30044 # 1504
30044 # 1504
30044 # 1504
30044 # 1504
30048 + 1504
30048 + 1504
30079 + 1504
30079 + 1504
30147 + 1504
30147 + 1504
30207 + 1504
30207 + 1504
30251 + 1504
30251 + 1504
30298 + 1504
30298 + 1504
30346 + 1504
30346 + 1504
30391 + 1504
30391 + 1504
30442 + 1504
30442 + 1504
30485 + 1504
30486 + 1504
30531 + 1504
30531 + 1504
30577 + 1504
30577 + 1504
30623 + 1504
30623 + 1504
30673 + 1504
30674 + 1504
30719 + 1504
30719 + 1504
30766 + 1504
30766 + 1504
30810 + 1504
30810 + 1504
30856 + 1504
30856 + 1504
30903 + 1504
30903 + 1504
30949 + 1504
30949 + 1504
30998 + 1504
30998 + 1504
31041 + 1504
31041 + 1504
31088 + 1504
31088 + 1504
31135 + 1504
31135 + 1504
31182 + 1504
31183 + 1504
31230 + 1504
31230 + 1504
31277 + 1504
31277 + 1504
31323 + 1504
31323 + 1504
31369 + 1504
31369 + 1504
31544 # 1504
31544 - 1504 1496
31544 # 1504
31544 - 1504 1496
31544 # 1504
31544 - 1504 1465
31544 # 1504
31544 - 1504 1465
31544 # 1504
31544 - 1504 1397
31544 # 1504
31544 - 1504 1397
31544 # 1504
31544 - 1504 1337
31544 # 1504
31544 - 1504 1337
31544 # 1504
31544 - 1504 1293
31544 # 1504
31544 - 1504 1293
31544 # 1504
31544 - 1504 1246
31544 # 1504
31544 - 1504 1246
31544 # 1504
31544 - 1504 1198
31544 # 1504
31544 - 1504 1198
31544 # 1504
31544 - 1504 1153
31544 # 1504
31544 - 1504 1153
31544 # 1504
31544 - 1504 1102
31544 # 1504
31544 - 1504 1102
31544 # 1504
31544 - 1504 1059
31544 # 1504
31544 - 1504 1058
31544 # 1504
31544 - 1504 1013
31544 # 1504
31544 - 1504 1013
31544 # 1504
31544 - 1504 967
31544 # 1504
31544 - 1504 967
31544 # 1504
31544 - 1504 921
31544 # 1504
31544 - 1504 921
31544 # 1504
31544 - 1504 871
31544 # 1504
31544 - 1504 870
31544 # 1504
31544 - 1504 825
31544 # 1504
31544 - 1504 825
31544 # 1504
31544 - 1504 778
31544 # 1504
31544 - 1504 778
31544 # 1504
31544 - 1504 734
31544 # 1504
31544 - 1504 734
31544 # 1504
31544 - 1504 688
31544 # 1504
31544 - 1504 688
31544 # 1504
31544 - 1504 641
31544 # 1504
31544 - 1504 641
31544 # 1504
31544 - 1504 595
31544 # 1504
31544 - 1504 595
31544 # 1504
31544 - 1504 546
31544 # 1504
31544 - 1504 546
31544 # 1504
31544 - 1504 503
31544 # 1504
31544 - 1504 503
31544 # 1504
31544 - 1504 456
31544 # 1504
31544 - 1504 456
31544 # 1504
31544 - 1504 409
31544 # 1504
31544 - 1504 409
31544 # 1504
31544 - 1504 362
31544 # 1504
31544 - 1504 361
31544 # 1504
31544 - 1504 314
31544 # 1504
31544 - 1504 314
31544 # 1504
31544 - 1504 267
31544 # 1504
31544 - 1504 267
31544 # 1504
31544 - 1504 221
31544 # 1504
31544 - 1504 221
31544 # 1504
31544 - 1504 175
31544 # 1504
31544 - 1504 175
31544 # 1504
31544 # 1504
31544 # 1504
31544 # 1504
31544 # 1504
31544 # 1504
31544 # 1504
31544 # 1504
31544 # 1504
31544 # 1504
31544 # 1504
31544 # 1504
31544 # 1504
31544 # 1504
31544 # 1504
31544 # 1504
31544 # 1504
31544 # 1504
31544 # 1504
31544 # 1504
31544 # 1504
31544 # 1504
31544 # 1504
31544 # 1504
31544 # 1504
31552 + 1504
31569 + 1504
31569 + 1504
31619 + 1504
31620 + 1504
31679 + 1504
31680 + 1504
31749 + 1504
31749 + 1504
31803 + 1504
31803 + 1504
31866 + 1504
31866 + 1504
33044 # 1504
33044 - 1504 1492
33044 # 1504
33044 - 1504 1475
33044 # 1504
33044 - 1504 1475
33044 # 1504
33044 - 1504 1425
33044 # 1504
33044 - 1504 1424
33044 # 1504
33044 - 1504 1365
33044 # 1504
33044 - 1504 1364
33044 # 1504
33044 - 1504 1295
33044 # 1504
33044 - 1504 1295
33044 # 1504
33044 - 1504 1241
33044 # 1504
33044 - 1504 1241
33044 # 1504
33044 - 1504 1178
33044 # 1504
33044 - 1504 1178
33044 # 1504
33044 # 1504
33044 # 1504
33044 # 1504
33044 # 1504
33044 # 1504
33044 # 1504
33044 # 1504
33044 # 1504
33044 # 1504
33044 # 1504
33044 # 1504
33044 # 1504
33044 # 1504
33044 # 1504
33044 # 1504
33044 # 1504
33044 # 1504
33044 # 1504
33044 # 1504
33044 # 1504
33044 # 1504
33044 # 1504
33044 # 1504
33044 # 1504
33044 # 1504
33044 # 1504
33044 # 1504
33044 # 1504
33044 # 1504
33044 # 1504
33044 # 1504
33044 # 1504
33044 # 1504
33044 # 1504
33044 # 1504
33044 # 1504
33044 # 1504
33044 # 1504
33044 # 1504
33044 # 1504
33044 # 1504
33044 # 1504
33044 # 1504
33044 # 1504
33044 # 1504
33044 # 1504
33044 # 1504
33044 # 1504
33044 # 1504
33044 # 1504
33044 # 1504
33044 # 1504
33044 # 1504
33044 # 1504
33044 # 1504
33044 # 1504
33044 # 1504
33044 # 1504
33044 # 1504
33044 # 1504
33044 # 1504
33044 # 1504
33044 # 1504
33044 # 1504
33044 # 1504
33044 # 1504
33044 # 1504
33044 # 1504
33044 # 1504
33048 + 1504
33066 + 1504
33066 + 1504
33134 + 1504
33134 + 1504
33201 + 1504
33201 + 1504
33239 + 1504
33239 + 1504
33282 + 1504
33282 + 1504
33325 + 1504
33325 + 1504
33371 + 1504
33371 + 1504
33411 + 1504
33411 + 1504
33454 + 1504
33454 + 1504
33498 + 1504
33498 + 1504
33541 + 1504
33541 + 1504
33584 + 1504
33584 + 1504
33627 + 1504
33627 + 1504
33671 + 1504
33671 + 1504
33712 + 1504
33712 + 1504
33756 + 1504
33757 + 1504
33799 + 1504
33799 + 1504
33843 + 1504
33843 + 1504
33889 + 1504
33889 + 1504
33936 + 1504
33936 + 1504
33975 + 1504
33975 + 1504
34015 + 1504
34015 + 1504
34057 + 1504
34057 + 1504
34100 + 1504
34100 + 1504
34144 + 1504
34144 + 1504
34186 + 1504
34186 + 1504
34230 + 1504
34230 + 1504
34273 + 1504
34273 + 1504
34544 # 1504
34544 - 1504 1496
34544 # 1504
34544 - 1504 1478
34544 # 1504
34544 - 1504 1478
34544 # 1504
34544 - 1504 1410
34544 # 1504
34544 - 1504 1410
34544 # 1504
34544 - 1504 1343
34544 # 1504
34544 - 1504 1343
34544 # 1504
34544 - 1504 1305
34544 # 1504
34544 - 1504 1305
34544 # 1504
34544 - 1504 1262
34544 # 1504
34544 - 1504 1262
34544 # 1504
34544 - 1504 1219
34544 # 1504
34544 - 1504 1219
34544 # 1504
34544 - 1504 1173
34544 # 1504
34544 - 1504 1173
34544 # 1504
34544 - 1504 1133
34544 # 1504
34544 - 1504 1133
34544 # 1504
34544 - 1504 1090
34544 # 1504
34544 - 1504 1090
34544 # 1504
34544 - 1504 1046
34544 # 1504
34544 - 1504 1046
34544 # 1504
34544 - 1504 1003
34544 # 1504
34544 - 1504 1003
34544 # 1504
34544 - 1504 960
34544 # 1504
34544 - 1504 960
34544 # 1504
34544 - 1504 917
34544 # 1504
34544 - 1504 917
34544 # 1504
34544 - 1504 873
34544 # 1504
34544 - 1504 873
34544 # 1504
34544 - 1504 832
34544 # 1504
34544 - 1504 832
34544 # 1504
34544 - 1504 788
34544 # 1504
34544 - 1504 787
34544 # 1504
34544 - 1504 745
34544 # 1504
34544 - 1504 745
34544 # 1504
34544 - 1504 701
34544 # 1504
34544 - 1504 701
34544 # 1504
34544 - 1504 655
34544 # 1504
34544 - 1504 655
34544 # 1504
34544 - 1504 608
34544 # 1504
34544 - 1504 608
34544 # 1504
34544 - 1504 569
34544 # 1504
34544 - 1504 569
34544 # 1504
34544 - 1504 529
34544 # 1504
34544 - 1504 529
34544 # 1504
34544 - 1504 487
34544 # 1504
34544 - 1504 487
34544 # 1504
34544 - 1504 444
34544 # 1504
34544 - 1504 444
34544 # 1504
34544 - 1504 400
34544 # 1504
34544 - 1504 400
34544 # 1504
34544 - 1504 358
34544 # 1504
34544 - 1504 358
34544 # 1504
34544 - 1504 314
34544 # 1504
34544 - 1504 314
34544 # 1504
34544 - 1504 271
34544 # 1504
34544 - 1504 271
34544 # 1504
34544 # 1504
34544 # 1504
34544 # 1504
34544 # 1504
34544 # 1504
34544 # 1504
34544 # 1504
34544 # 1504
34544 # 1504
34544 # 1504
34544 # 1504
34544 # 1504
34544 # 1504
34544 # 1504
34544 # 1504
34544 # 1504
34544 # 1504
34544 # 1504
34544 # 1504
34544 # 1504
34544 # 1504
34544 # 1504
34544 # 1504
34544 # 1504
34544 # 1504
34549 + 1504
34549 + 1504
34572 + 1504
34572 + 1504
34624 + 1504
34624 + 1504
34681 + 1504
34681 + 1504
34743 + 1504
34743 + 1504
34804 + 1504
34804 + 1504
34866 + 1504
34866 + 1504
36044 # 1504
36044 - 1504 1495
36044 # 1504
36044 - 1504 1495
36044 # 1504
36044 - 1504 1472
36044 # 1504
36044 - 1504 1472
36044 # 1504
36044 - 1504 1420
36044 # 1504
36044 - 1504 1420
36044 # 1504
36044 - 1504 1363
36044 # 1504
36044 - 1504 1363
36044 # 1504
36044 - 1504 1301
36044 # 1504
36044 - 1504 1301
36044 # 1504
36044 - 1504 1240
36044 # 1504
36044 - 1504 1240
36044 # 1504
36044 - 1504 1178
36044 # 1504
36044 - 1504 1178
36044 # 1504
36044 # 1504
36044 # 1504
36044 # 1504
36044 # 1504
36044 # 1504
36044 # 1504
36044 # 1504
36044 # 1504
36044 # 1504
36044 # 1504
36044 # 1504
36044 # 1504
36044 # 1504
36044 # 1504
36044 # 1504
36044 # 1504
36044 # 1504
36044 # 1504
36044 # 1504
36044 # 1504
36044 # 1504
36044 # 1504
36044 # 1504
36044 # 1504
36044 # 1504
36044 # 1504
36044 # 1504
36044 # 1504
36044 # 1504
36044 # 1504
36044 # 1504
36044 # 1504
36044 # 1504
36044 # 1504
36044 # 1504
36044 # 1504
36044 # 1504
36044 # 1504
36044 # 1504
36044 # 1504
36044 # 1504
36044 # 1504
36044 # 1504
36044 # 1504
36044 # 1504
36044 # 1504
36044 # 1504
36044 # 1504
36044 # 1504
36044 # 1504
36044 # 1504
36044 # 1504
36044 # 1504
36044 # 1504
36044 # 1504
36044 # 1504
36044 # 1504
36044 # 1504
36044 # 1504
36044 # 1504
36044 # 1504
36044 # 1504
36044 # 1504
36044 # 1504
36044 # 1504
36044 # 1504
36044 # 1504
36044 # 1504
36048 + 1504
36065 + 1504
36065 + 1504
36131 + 1504
36131 + 1504
36198 + 1504
36198 + 1504
36243 + 1504
36243 + 1504
36288 + 1504
36289 + 1504
36340 + 1504
36341 + 1504
36382 + 1504
36382 + 1504
36425 + 1504
36425 + 1504
36475 + 1504
36475 + 1504
36518 + 1504
36518 + 1504
36563 + 1504
36563 + 1504
36610 + 1504
36610 + 1504
36655 + 1504
36655 + 1504
36701 + 1504
36701 + 1504
36750 + 1504
36750 + 1504
36797 + 1504
36797 + 1504
36836 + 1504
36836 + 1504
36882 + 1504
36906 + 1504
36906 + 1504
36950 + 1504
36950 + 1504
36998 + 1504
36999 + 1504
37042 + 1504
37042 + 1504
37087 + 1504
37087 + 1504
37134 + 1504
37134 + 1504
37179 + 1504
37179 + 1504
37226 + 1504
37226 + 1504
37271 + 1504
37271 + 1504
37316 + 1504
37316 + 1504
37544 # 1504
37544 - 1504 1496
37544 # 1504
37544 - 1504 1479
37544 # 1504
37544 - 1504 1479
37544 # 1504
37544 - 1504 1413
37544 # 1504
37544 - 1504 1413
37544 # 1504
37544 - 1504 1346
37544 # 1504
37544 - 1504 1346
37544 # 1504
37544 - 1504 1301
37544 # 1504
37544 - 1504 1301
37544 # 1504
37544 - 1504 1256
37544 # 1504
37544 - 1504 1255
37544 # 1504
37544 - 1504 1204
37544 # 1504
37544 - 1504 1203
37544 # 1504
37544 - 1504 1162
37544 # 1504
37544 - 1504 1162
37544 # 1504
37544 - 1504 1119
37544 # 1504
37544 - 1504 1119
37544 # 1504
37544 - 1504 1069
37544 # 1504
37544 - 1504 1069
37544 # 1504
37544 - 1504 1026
37544 # 1504
37544 - 1504 1026
37544 # 1504
37544 - 1504 981
37544 # 1504
37544 - 1504 981
37544 # 1504
37544 - 1504 934
37544 # 1504
37544 - 1504 934
37544 # 1504
37544 - 1504 889
37544 # 1504
37544 - 1504 889
37544 # 1504
37544 - 1504 843
37544 # 1504
37544 - 1504 843
37544 # 1504
37544 - 1504 794
37544 # 1504
37544 - 1504 794
37544 # 1504
37544 - 1504 747
37544 # 1504
37544 - 1504 747
37544 # 1504
37544 - 1504 708
37544 # 1504
37544 - 1504 708
37544 # 1504
37544 - 1504 662
37544 # 1504
37544 - 1504 638
37544 # 1504
37544 - 1504 638
37544 # 1504
37544 - 1504 594
37544 # 1504
37544 - 1504 594
37544 # 1504
37544 - 1504 546
37544 # 1504
37544 - 1504 545
37544 # 1504
37544 - 1504 502
37544 # 1504
37544 - 1504 502
37544 # 1504
37544 - 1504 457
37544 # 1504
37544 - 1504 457
37544 # 1504
37544 - 1504 410
37544 # 1504
37544 - 1504 410
37544 # 1504
37544 - 1504 365
37544 # 1504
37544 - 1504 365
37544 # 1504
37544 - 1504 318
37544 # 1504
37544 - 1504 318
37544 # 1504
37544 - 1504 273
37544 # 1504
37544 - 1504 273
37544 # 1504
37544 - 1504 228
37544 # 1504
37544 - 1504 228
37544 # 1504
37544 # 1504
37544 # 1504
37544 # 1504
37544 # 1504
37544 # 1504
37544 # 1504
37544 # 1504
37544 # 1504
37544 # 1504
37544 # 1504
37544 # 1504
37544 # 1504
37544 # 1504
37544 # 1504
37544 # 1504
37544 # 1504
37544 # 1504
37544 # 1504
37544 # 1504
37544 # 1504
37544 # 1504
37544 # 1504
37544 # 1504
37544 # 1504
37544 # 1504
37544 # 1504
37547 + 1504
37560 + 1504
37560 + 1504
37618 + 1504
37618 + 1504
37671 + 1504
37671 + 1504
37739 + 1504
37739 + 1504
37798 + 1504
37799 + 1504
37864 + 1504
37865 + 1504
39044 # 1504
39044 - 1504 1497
39044 # 1504
39044 - 1504 1484
39044 # 1504
39044 - 1504 1484
39044 # 1504
39044 - 1504 1426
39044 # 1504
39044 - 1504 1426
39044 # 1504
39044 - 1504 1373
39044 # 1504
39044 - 1504 1373
39044 # 1504
39044 - 1504 1305
39044 # 1504
39044 - 1504 1305
39044 # 1504
39044 - 1504 1246
39044 # 1504
39044 - 1504 1245
39044 # 1504
39044 - 1504 1180
39044 # 1504
39044 - 1504 1179
39044 # 1504
39044 # 1504
39044 # 1504
39044 # 1504
39044 # 1504
39044 # 1504
39044 # 1504
39044 # 1504
39044 # 1504
39044 # 1504
39044 # 1504
39044 # 1504
39044 # 1504
39044 # 1504
39044 # 1504
39044 # 1504
39044 # 1504
39044 # 1504
39044 # 1504
39044 # 1504
39044 # 1504
39044 # 1504
39044 # 1504
39044 # 1504
39044 # 1504
39044 # 1504
39044 # 1504
39044 # 1504
39044 # 1504
39044 # 1504
39044 # 1504
39044 # 1504
39044 # 1504
39044 # 1504
39044 # 1504
39044 # 1504
39044 # 1504
39044 # 1504
39044 # 1504
39044 # 1504
39044 # 1504
39044 # 1504
39044 # 1504
39044 # 1504
39044 # 1504
39044 # 1504
39044 # 1504
39044 # 1504
39044 # 1504
39044 # 1504
39044 # 1504
39044 # 1504
39044 # 1504
39044 # 1504
39044 # 1504
39044 # 1504
39044 # 1504
39044 # 1504
39044 # 1504
39044 # 1504
39044 # 1504
39044 # 1504
39044 # 1504
39044 # 1504
39044 # 1504
39044 # 1504
39044 # 1504
39044 # 1504
39044 # 1504
39044 # 1504
39047 + 1504
39064 + 1504
39064 + 1504
39131 + 1504
39131 + 1504
39199 + 1504
39200 + 1504
39245 + 1504
39245 + 1504
39290 + 1504
39290 + 1504
39339 + 1504
39339 + 1504
39381 + 1504
39381 + 1504
39425 + 1504
39425 + 1504
39471 + 1504
39471 + 1504
39517 + 1504
39517 + 1504
39563 + 1504
39563 + 1504
39607 + 1504
39607 + 1504
39657 + 1504
39657 + 1504
39698 + 1504
39698 + 1504
39744 + 1504
39744 + 1504
39791 + 1504
39791 + 1504
39835 + 1504
39835 + 1504
39882 + 1504
39882 + 1504
39925 + 1504
39925 + 1504
39973 + 1504
39973 + 1504
40020 + 1504
40020 + 1504
40065 + 1504
40066 + 1504
40112 + 1504
40112 + 1504
40153 + 1504
40153 + 1504
40200 + 1504
40200 + 1504
40244 + 1504
40244 + 1504
40289 + 1504
40290 + 1504
40544 # 1504
40544 - 1504 1497
40544 # 1504
40544 - 1504 1480
40544 # 1504
40544 - 1504 1480
40544 # 1504
40544 - 1504 1413
40544 # 1504
40544 - 1504 1413
40544 # 1504
40544 - 1504 1345
40544 # 1504
40544 - 1504 1344
40544 # 1504
40544 - 1504 1299
40544 # 1504
40544 - 1504 1299
40544 # 1504
40544 - 1504 1254
40544 # 1504
40544 - 1504 1254
40544 # 1504
40544 - 1504 1205
40544 # 1504
40544 - 1504 1205
40544 # 1504
40544 - 1504 1163
40544 # 1504
40544 - 1504 1163
40544 # 1504
40544 - 1504 1119
40544 # 1504
40544 - 1504 1119
40544 # 1504
40544 - 1504 1073
40544 # 1504
40544 - 1504 1073
40544 # 1504
40544 - 1504 1027
40544 # 1504
40544 - 1504 1027
40544 # 1504
40544 - 1504 981
40544 # 1504
40544 - 1504 981
40544 # 1504
40544 - 1504 937
40544 # 1504
40544 - 1504 937
40544 # 1504
40544 - 1504 887
40544 # 1504
40544 - 1504 887
40544 # 1504
40544 - 1504 846
40544 # 1504
40544 - 1504 846
40544 # 1504
40544 - 1504 800
40544 # 1504
40544 - 1504 800
40544 # 1504
40544 - 1504 753
40544 # 1504
40544 - 1504 753
40544 # 1504
40544 - 1504 709
40544 # 1504
40544 - 1504 709
40544 # 1504
40544 - 1504 662
40544 # 1504
40544 - 1504 662
40544 # 1504
40544 - 1504 619
40544 # 1504
40544 - 1504 619
40544 # 1504
40544 - 1504 571
40544 # 1504
40544 - 1504 571
40544 # 1504
40544 - 1504 524
40544 # 1504
40544 - 1504 524
40544 # 1504
40544 - 1504 479
40544 # 1504
40544 - 1504 478
40544 # 1504
40544 - 1504 432
40544 # 1504
40544 - 1504 432
40544 # 1504
40544 - 1504 391
40544 # 1504
40544 - 1504 391
40544 # 1504
40544 - 1504 344
40544 # 1504
40544 - 1504 344
40544 # 1504
40544 - 1504 300
40544 # 1504
40544 - 1504 300
40544 # 1504
40544 - 1504 255
40544 # 1504
40544 - 1504 254
40544 # 1504
40544 # 1504
40544 # 1504
40544 # 1504
40544 # 1504
40544 # 1504
40544 # 1504
40544 # 1504
40544 # 1504
40544 # 1504
40544 # 1504
40544 # 1504
40544 # 1504
40544 # 1504
40544 # 1504
40544 # 1504
40544 # 1504
40544 # 1504
40544 # 1504
40544 # 1504
40544 # 1504
40544 # 1504
40544 # 1504
40544 # 1504
40544 # 1504
40544 # 1504
40544 # 1504
40544 # 1504
40547 + 1504
40547 + 1504
40573 + 1504
40573 + 1504
40626 + 1504
40626 + 1504
40685 + 1504
40685 + 1504
40748 + 1504
40748 + 1504
40815 + 1504
40815 + 1504
40876 + 1504
40876 + 1504
42044 # 1504
42044 - 1504 1497
42044 # 1504
42044 - 1504 1497
42044 # 1504
42044 - 1504 1471
42044 # 1504
42044 - 1504 1471
42044 # 1504
42044 - 1504 1418
42044 # 1504
42044 - 1504 1418
42044 # 1504
42044 - 1504 1359
42044 # 1504
42044 - 1504 1359
42044 # 1504
42044 - 1504 1296
42044 # 1504
42044 - 1504 1296
42044 # 1504
42044 - 1504 1229
42044 # 1504
42044 - 1504 1229
42044 # 1504
42044 - 1504 1168
42044 # 1504
42044 - 1504 1168
42044 # 1504
42044 # 1504
42044 # 1504
42044 # 1504
42044 # 1504
42044 # 1504
42044 # 1504
42044 # 1504
42044 # 1504
42044 # 1504
42044 # 1504
42044 # 1504
42044 # 1504
42044 # 1504
42044 # 1504
42044 # 1504
42044 # 1504
42044 # 1504
42044 # 1504
42044 # 1504
42044 # 1504
42044 # 1504
42044 # 1504
42044 # 1504
42044 # 1504
42044 # 1504
42044 # 1504
42044 # 1504
42044 # 1504
42044 # 1504
42044 # 1504
42044 # 1504
42044 # 1504
42044 # 1504
42044 # 1504
42044 # 1504
42044 # 1504
42044 # 1504
42044 # 1504
42044 # 1504
42044 # 1504
42044 # 1504
42044 # 1504
42044 # 1504
42044 # 1504
42044 # 1504
42044 # 1504
42044 # 1504
42044 # 1504
42044 # 1504
42044 # 1504
42044 # 1504
42044 # 1504
42044 # 1504
42044 # 1504
42044 # 1504
42044 # 1504
42044 # 1504
42044 # 1504
42044 # 1504
42044 # 1504
42044 # 1504
42044 # 1504
42044 # 1504
42044 # 1504
42044 # 1504
42044 # 1504
42044 # 1504
42044 # 1504
42047 + 1504
42070 + 1504
42070 + 1504
42131 + 1504
42131 + 1504
42200 + 1504
42200 + 1504
42249 + 1504
42249 + 1504
42295 + 1504
42295 + 1504
42343 + 1504
42343 + 1504
42389 + 1504
42389 + 1504
42436 + 1504
42436 + 1504
42484 + 1504
42484 + 1504
42531 + 1504
42531 + 1504
42580 + 1504
42580 + 1504
42624 + 1504
42624 + 1504
42671 + 1504
42671 + 1504
42719 + 1504
42719 + 1504
42769 + 1504
42769 + 1504
42813 + 1504
42813 + 1504
42861 + 1504
42861 + 1504
42908 + 1504
42931 + 1504
42931 + 1504
42979 + 1504
42979 + 1504
43026 + 1504
43026 + 1504
43073 + 1504
43073 + 1504
43120 + 1504
43120 + 1504
43168 + 1504
43168 + 1504
43215 + 1504
43215 + 1504
43261 + 1504
43261 + 1504
43310 + 1504
43310 + 1504
43544 # 1504
43544 - 1504 1497
43544 # 1504
43544 - 1504 1474
43544 # 1504
43544 - 1504 1474
43544 # 1504
43544 - 1504 1413
43544 # 1504
43544 - 1504 1413
43544 # 1504
43544 - 1504 1344
43544 # 1504
43544 - 1504 1344
43544 # 1504
43544 - 1504 1295
43544 # 1504
43544 - 1504 1295
43544 # 1504
43544 - 1504 1249
43544 # 1504
43544 - 1504 1249
43544 # 1504
43544 - 1504 1201
43544 # 1504
43544 - 1504 1201
43544 # 1504
43544 - 1504 1155
43544 # 1504
43544 - 1504 1155
43544 # 1504
43544 - 1504 1108
43544 # 1504
43544 - 1504 1108
43544 # 1504
43544 - 1504 1060
43544 # 1504
43544 - 1504 1060
43544 # 1504
43544 - 1504 1013
43544 # 1504
43544 - 1504 1013
43544 # 1504
43544 - 1504 964
43544 # 1504
43544 - 1504 964
43544 # 1504
43544 - 1504 920
43544 # 1504
43544 - 1504 920
43544 # 1504
43544 - 1504 873
43544 # 1504
43544 - 1504 873
43544 # 1504
43544 - 1504 825
43544 # 1504
43544 - 1504 825
43544 # 1504
43544 - 1504 775
43544 # 1504
43544 - 1504 775
43544 # 1504
43544 - 1504 731
43544 # 1504
43544 - 1504 731
43544 # 1504
43544 - 1504 683
43544 # 1504
43544 - 1504 683
43544 # 1504
43544 - 1504 636
43544 # 1504
43544 - 1504 613
43544 # 1504
43544 - 1504 613
43544 # 1504
43544 - 1504 565
43544 # 1504
43544 - 1504 565
43544 # 1504
43544 - 1504 518
43544 # 1504
43544 - 1504 518
43544 # 1504
43544 - 1504 471
43544 # 1504
43544 - 1504 471
43544 # 1504
43544 - 1504 424
43544 # 1504
43544 - 1504 424
43544 # 1504
43544 - 1504 376
43544 # 1504
43544 - 1504 376
43544 # 1504
43544 - 1504 329
43544 # 1504
43544 - 1504 329
43544 # 1504
43544 - 1504 283
43544 # 1504
43544 - 1504 283
43544 # 1504
43544 - 1504 234
43544 # 1504
43544 - 1504 234
43544 # 1504
43544 # 1504
43544 # 1504
43544 # 1504
43544 # 1504
43544 # 1504
43544 # 1504
43544 # 1504
43544 # 1504
43544 # 1504
43544 # 1504
43544 # 1504
43544 # 1504
43544 # 1504
43544 # 1504
43544 # 1504
43544 # 1504
43544 # 1504
43544 # 1504
43544 # 1504
43544 # 1504
43544 # 1504
43544 # 1504
43544 # 1504
43544 # 1504
43544 # 1504
43544 # 1504
43544 # 1504
43544 # 1504
43549 + 1504
43565 + 1504
43565 + 1504
43624 + 1504
43624 + 1504
43678 + 1504
43678 + 1504
43743 + 1504
43743 + 1504
43813 + 1504
43814 + 1504
43877 + 1504
43877 + 1504
45044 # 1504
45044 - 1504 1495
45044 # 1504
45044 - 1504 1479
45044 # 1504
45044 - 1504 1479
45044 # 1504
45044 - 1504 1420
45044 # 1504
45044 - 1504 1420
45044 # 1504
45044 - 1504 1366
45044 # 1504
45044 - 1504 1366
45044 # 1504
45044 - 1504 1301
45044 # 1504
45044 - 1504 1301
45044 # 1504
45044 - 1504 1231
45044 # 1504
45044 - 1504 1230
45044 # 1504
45044 - 1504 1167
45044 # 1504
45044 - 1504 1167
45044 # 1504
45044 # 1504
45044 # 1504
45044 # 1504
45044 # 1504
45044 # 1504
45044 # 1504
45044 # 1504
45044 # 1504
45044 # 1504
45044 # 1504
45044 # 1504
45044 # 1504
45044 # 1504
45044 # 1504
45044 # 1504
45044 # 1504
45044 # 1504
45044 # 1504
45044 # 1504
45044 # 1504
45044 # 1504
45044 # 1504
45044 # 1504
45044 # 1504
45044 # 1504
45044 # 1504
45044 # 1504
45044 # 1504
45044 # 1504
45044 # 1504
45044 # 1504
45044 # 1504
45044 # 1504
45044 # 1504
45044 # 1504
45044 # 1504
45044 # 1504
45044 # 1504
45044 # 1504
45044 # 1504
45044 # 1504
45044 # 1504
45044 # 1504
45044 # 1504
45044 # 1504
45044 # 1504
45044 # 1504
45044 # 1504
45044 # 1504
45044 # 1504
45044 # 1504
45044 # 1504
45044 # 1504
45044 # 1504
45044 # 1504
45044 # 1504
45044 # 1504
45044 # 1504
45044 # 1504
45044 # 1504
45044 # 1504
45044 # 1504
45044 # 1504
45044 # 1504
45044 # 1504
45044 # 1504
45044 # 1504
45044 # 1504
45044 # 1504
45048 + 1504
45066 + 1504
45066 + 1504
45136 + 1504
45136 + 1504
45205 + 1504
45205 + 1504
45251 + 1504
45251 + 1504
45298 + 1504
45298 + 1504
45348 + 1504
45348 + 1504
45394 + 1504
45395 + 1504
45443 + 1504
45443 + 1504
45486 + 1504
45486 + 1504
45534 + 1504
45534 + 1504
45581 + 1504
45581 + 1504
45630 + 1504
45630 + 1504
45676 + 1504
45676 + 1504
45723 + 1504
45723 + 1504
45770 + 1504
45770 + 1504
45817 + 1504
45817 + 1504
45864 + 1504
45864 + 1504
45911 + 1504
45911 + 1504
45961 + 1504
45961 + 1504
46007 + 1504
46007 + 1504
46052 + 1504
46052 + 1504
46099 + 1504
46099 + 1504
46146 + 1504
46146 + 1504
46197 + 1504
46197 + 1504
46242 + 1504
46242 + 1504
46289 + 1504
46289 + 1504
46544 # 1504
46544 - 1504 1496
46544 # 1504
46544 - 1504 1478
46544 # 1504
46544 - 1504 1478
46544 # 1504
46544 - 1504 1408
46544 # 1504
46544 - 1504 1408
46544 # 1504
46544 - 1504 1339
46544 # 1504
46544 - 1504 1339
46544 # 1504
46544 - 1504 1293
46544 # 1504
46544 - 1504 1293
46544 # 1504
46544 - 1504 1246
46544 # 1504
46544 - 1504 1246
46544 # 1504
46544 - 1504 1196
46544 # 1504
46544 - 1504 1196
46544 # 1504
46544 - 1504 1150
46544 # 1504
46544 - 1504 1149
46544 # 1504
46544 - 1504 1101
46544 # 1504
46544 - 1504 1101
46544 # 1504
46544 - 1504 1058
46544 # 1504
46544 - 1504 1058
46544 # 1504
46544 - 1504 1010
46544 # 1504
46544 - 1504 1010
46544 # 1504
46544 - 1504 963
46544 # 1504
46544 - 1504 963
46544 # 1504
46544 - 1504 914
46544 # 1504
46544 - 1504 914
46544 # 1504
46544 - 1504 868
46544 # 1504
46544 - 1504 868
46544 # 1504
46544 - 1504 821
46544 # 1504
46544 - 1504 821
46544 # 1504
46544 - 1504 774
46544 # 1504
46544 - 1504 774
46544 # 1504
46544 - 1504 727
46544 # 1504
46544 - 1504 727
46544 # 1504
46544 - 1504 680
46544 # 1504
46544 - 1504 680
46544 # 1504
46544 - 1504 633
46544 # 1504
46544 - 1504 633
46544 # 1504
46544 - 1504 583
46544 # 1504
46544 - 1504 583
46544 # 1504
46544 - 1504 537
46544 # 1504
46544 - 1504 537
46544 # 1504
46544 - 1504 492
46544 # 1504
46544 - 1504 492
46544 # 1504
46544 - 1504 445
46544 # 1504
46544 - 1504 445
46544 # 1504
46544 - 1504 398
46544 # 1504
46544 - 1504 398
46544 # 1504
46544 - 1504 347
46544 # 1504
46544 - 1504 347
46544 # 1504
46544 - 1504 302
46544 # 1504
46544 - 1504 302
46544 # 1504
46544 - 1504 255
46544 # 1504
46544 - 1504 255
46544 # 1504
46544 # 1504
46544 # 1504
46544 # 1504
46544 # 1504
46544 # 1504
46544 # 1504
46544 # 1504
46544 # 1504
46544 # 1504
46544 # 1504
46544 # 1504
46544 # 1504
46544 # 1504
46544 # 1504
46544 # 1504
46544 # 1504
46544 # 1504
46544 # 1504
46544 # 1504
46544 # 1504
46544 # 1504
46544 # 1504
46544 # 1504
46544 # 1504
46544 # 1504
46544 # 1504
46544 # 1504
46544 # 1504
46544 # 1504
46546 + 1504
46548 + 1504
46575 + 1504
46575 + 1504
46629 + 1504
46629 + 1504
46691 + 1504
46691 + 1504
46755 + 1504
46755 + 1504
46821 + 1504
46821 + 1504
46886 + 1504
46888 + 1504
48044 # 1504
48044 - 1504 1498
48044 # 1504
48044 - 1504 1496
48044 # 1504
48044 - 1504 1469
48044 # 1504
48044 - 1504 1469
48044 # 1504
48044 - 1504 1415
48044 # 1504
48044 - 1504 1415
48044 # 1504
48044 - 1504 1353
48044 # 1504
48044 - 1504 1353
48044 # 1504
48044 - 1504 1289
48044 # 1504
48044 - 1504 1289
48044 # 1504
48044 - 1504 1223
48044 # 1504
48044 - 1504 1223
48044 # 1504
48044 - 1504 1158
48044 # 1504
48044 - 1504 1156
48044 # 1504
48044 # 1504
48044 # 1504
48044 # 1504
48044 # 1504
48044 # 1504
48044 # 1504
48044 # 1504
48044 # 1504
48044 # 1504
48044 # 1504
48044 # 1504
48044 # 1504
48044 # 1504
48044 # 1504
48044 # 1504
48044 # 1504
48044 # 1504
48044 # 1504
48044 # 1504
48044 # 1504
48044 # 1504
48044 # 1504
48044 # 1504
48044 # 1504
48044 # 1504
48044 # 1504
48044 # 1504
48044 # 1504
48044 # 1504
48044 # 1504
48044 # 1504
48044 # 1504
48044 # 1504
48044 # 1504
48044 # 1504
48044 # 1504
48044 # 1504
48044 # 1504
48044 # 1504
48044 # 1504
48044 # 1504
48044 # 1504
48044 # 1504
48044 # 1504
48044 # 1504
48044 # 1504
48044 # 1504
48044 # 1504
48044 # 1504
48044 # 1504
48044 # 1504
48044 # 1504
48044 # 1504
48044 # 1504
48044 # 1504
48044 # 1504
48044 # 1504
48044 # 1504
48044 # 1504
48044 # 1504
48044 # 1504
48044 # 1504
48044 # 1504
48044 # 1504
48044 # 1504
48044 # 1504
48044 # 1504
48044 # 1504
48047 + 1504
48065 + 1504
48065 + 1504
48135 + 1504
48135 + 1504
48205 + 1504
48206 + 1504
48254 + 1504
48254 + 1504
48304 + 1504
48304 + 1504
48351 + 1504
48351 + 1504
48399 + 1504
48400 + 1504
48447 + 1504
48447 + 1504
48496 + 1504
48497 + 1504
48544 + 1504
48544 + 1504
48592 + 1504
48592 + 1504
48640 + 1504
48640 + 1504
48690 + 1504
48691 + 1504
48738 + 1504
48738 + 1504
48785 + 1504
48785 + 1504
48835 + 1504
48835 + 1504
48882 + 1504
48883 + 1504
48930 + 1504
48930 + 1504
48980 + 1504
48980 + 1504
49028 + 1504
49052 + 1504
49052 + 1504
49100 + 1504
49100 + 1504
49151 + 1504
49151 + 1504
49196 + 1504
49196 + 1504
49245 + 1504
49245 + 1504
49297 + 1504
49297 + 1504
49544 # 1504
49544 - 1504 1497
49544 # 1504
49544 - 1504 1479
49544 # 1504
49544 - 1504 1479
49544 # 1504
49544 - 1504 1409
49544 # 1504
49544 - 1504 1409
49544 # 1504
49544 - 1504 1339
49544 # 1504
49544 - 1504 1338
49544 # 1504
49544 - 1504 1290
49544 # 1504
49544 - 1504 1290
49544 # 1504
49544 - 1504 1240
49544 # 1504
49544 - 1504 1240
49544 # 1504
49544 - 1504 1193
49544 # 1504
49544 - 1504 1193
49544 # 1504
49544 - 1504 1145
49544 # 1504
49544 - 1504 1144
49544 # 1504
49544 - 1504 1097
49544 # 1504
49544 - 1504 1097
49544 # 1504
49544 - 1504 1048
49544 # 1504
49544 - 1504 1047
49544 # 1504
49544 - 1504 1000
49544 # 1504
49544 - 1504 1000
49544 # 1504
49544 - 1504 952
49544 # 1504
49544 - 1504 952
49544 # 1504
49544 - 1504 904
49544 # 1504
49544 - 1504 904
49544 # 1504
49544 - 1504 854
49544 # 1504
49544 - 1504 853
49544 # 1504
49544 - 1504 806
49544 # 1504
49544 - 1504 806
49544 # 1504
49544 - 1504 759
49544 # 1504
49544 - 1504 759
49544 # 1504
49544 - 1504 709
49544 # 1504
49544 - 1504 709
49544 # 1504
49544 - 1504 662
49544 # 1504
49544 - 1504 661
49544 # 1504
49544 - 1504 614
49544 # 1504
49544 - 1504 614
49544 # 1504
49544 - 1504 564
49544 # 1504
49544 - 1504 564
49544 # 1504
49544 - 1504 516
49544 # 1504
49544 - 1504 492
49544 # 1504
49544 - 1504 492
49544 # 1504
49544 - 1504 444
49544 # 1504
49544 - 1504 444
49544 # 1504
49544 - 1504 393
49544 # 1504
49544 - 1504 393
49544 # 1504
49544 - 1504 348
49544 # 1504
49544 - 1504 348
49544 # 1504
49544 - 1504 299
49544 # 1504
49544 - 1504 299
49544 # 1504
49544 - 1504 247
49544 # 1504
49544 - 1504 247
49544 # 1504
49544 # 1504
49544 # 1504
49544 # 1504
49544 # 1504
49544 # 1504
49544 # 1504
49544 # 1504
49544 # 1504
49544 # 1504
49544 # 1504
49544 # 1504
49544 # 1504
49544 # 1504
49544 # 1504
49544 # 1504
49544 # 1504
49544 # 1504
49544 # 1504
49544 # 1504
49544 # 1504
49544 # 1504
49544 # 1504
49544 # 1504
49544 # 1504
49544 # 1504
49544 # 1504
49544 # 1504
49544 # 1504
49544 # 1504
49544 # 1504
49547 + 1504
49562 + 1504
49562 + 1504
49618 + 1504
49618 + 1504
49681 + 1504
49681 + 1504
49747 + 1504
49747 + 1504
49815 + 1504
49815 + 1504
49884 + 1504
49884 + 1504
51044 # 1504
51044 - 1504 1497
51044 # 1504
51044 - 1504 1482
51044 # 1504
51044 - 1504 1482
51044 # 1504
51044 - 1504 1426
51044 # 1504
51044 - 1504 1426
51044 # 1504
51044 - 1504 1363
51044 # 1504
51044 - 1504 1363
51044 # 1504
51044 - 1504 1297
51044 # 1504
51044 - 1504 1297
51044 # 1504
51044 - 1504 1229
51044 # 1504
51044 - 1504 1229
51044 # 1504
51044 - 1504 1160
51044 # 1504
51044 - 1504 1160
51044 # 1504
51044 # 1504
51044 # 1504
51044 # 1504
51044 # 1504
51044 # 1504
51044 # 1504
51044 # 1504
51044 # 1504
51044 # 1504
51044 # 1504
51044 # 1504
51044 # 1504
51044 # 1504
51044 # 1504
51044 # 1504
51044 # 1504
51044 # 1504
51044 # 1504
51044 # 1504
51044 # 1504
51044 # 1504
51044 # 1504
51044 # 1504
51044 # 1504
51044 # 1504
51044 # 1504
51044 # 1504
51044 # 1504
51044 # 1504
51044 # 1504
51044 # 1504
51044 # 1504
51044 # 1504
51044 # 1504
51044 # 1504
51044 # 1504
51044 # 1504
51044 # 1504
51044 # 1504
51044 # 1504
51044 # 1504
51044 # 1504
51044 # 1504
51044 # 1504
51044 # 1504
51044 # 1504
51044 # 1504
51044 # 1504
51044 # 1504
51044 # 1504
51044 # 1504
51044 # 1504
51044 # 1504
51044 # 1504
51044 # 1504
51044 # 1504
51044 # 1504
51044 # 1504
51044 # 1504
51044 # 1504
51044 # 1504
51044 # 1504
51044 # 1504
51044 # 1504
51044 # 1504
51044 # 1504
51044 # 1504
51044 # 1504
51044 # 1504
51050 + 1504
51068 + 1504
51068 + 1504
51142 + 1504
51142 + 1504
51210 + 1504
51210 + 1504
51259 + 1504
51259 + 1504
51312 + 1504
51312 + 1504
51357 + 1504
51357 + 1504
51409 + 1504
51409 + 1504
51460 + 1504
51460 + 1504
51503 + 1504
51503 + 1504
51553 + 1504
51553 + 1504
51603 + 1504
51603 + 1504
51651 + 1504
51651 + 1504
51701 + 1504
51702 + 1504
51750 + 1504
51750 + 1504
51799 + 1504
51799 + 1504
51848 + 1504
51848 + 1504
51897 + 1504
51899 + 1504
51948 + 1504
51948 + 1504
51997 + 1504
51997 + 1504
52045 + 1504
52046 + 1504
52094 + 1504
52094 + 1504
52144 + 1504
52144 + 1504
52191 + 1504
52191 + 1504
52240 + 1504
52240 + 1504
52291 + 1504
52291 + 1504
52544 # 1504
52544 - 1504 1494
52544 # 1504
52544 - 1504 1476
52544 # 1504
52544 - 1504 1476
52544 # 1504
52544 - 1504 1402
52544 # 1504
52544 - 1504 1402
52544 # 1504
52544 - 1504 1334
52544 # 1504
52544 - 1504 1334
52544 # 1504
52544 - 1504 1285
52544 # 1504
52544 - 1504 1285
52544 # 1504
52544 - 1504 1232
52544 # 1504
52544 - 1504 1232
52544 # 1504
52544 - 1504 1187
52544 # 1504
52544 - 1504 1187
52544 # 1504
52544 - 1504 1135
52544 # 1504
52544 - 1504 1135
52544 # 1504
52544 - 1504 1084
52544 # 1504
52544 - 1504 1084
52544 # 1504
52544 - 1504 1041
52544 # 1504
52544 - 1504 1041
52544 # 1504
52544 - 1504 991
52544 # 1504
52544 - 1504 991
52544 # 1504
52544 - 1504 941
52544 # 1504
52544 - 1504 941
52544 # 1504
52544 - 1504 893
52544 # 1504
52544 - 1504 893
52544 # 1504
52544 - 1504 843
52544 # 1504
52544 - 1504 842
52544 # 1504
52544 - 1504 794
52544 # 1504
52544 - 1504 794
52544 # 1504
52544 - 1504 745
52544 # 1504
52544 - 1504 745
52544 # 1504
52544 - 1504 696
52544 # 1504
52544 - 1504 696
52544 # 1504
52544 - 1504 647
52544 # 1504
52544 - 1504 645
52544 # 1504
52544 - 1504 596
52544 # 1504
52544 - 1504 596
52544 # 1504
52544 - 1504 547
52544 # 1504
52544 - 1504 547
52544 # 1504
52544 - 1504 499
52544 # 1504
52544 - 1504 498
52544 # 1504
52544 - 1504 450
52544 # 1504
52544 - 1504 450
52544 # 1504
52544 - 1504 400
52544 # 1504
52544 - 1504 400
52544 # 1504
52544 - 1504 353
52544 # 1504
52544 - 1504 353
52544 # 1504
52544 - 1504 304
52544 # 1504
52544 - 1504 304
52544 # 1504
52544 - 1504 253
52544 # 1504
52544 - 1504 253
52544 # 1504
52544 # 1504
52544 # 1504
52544 # 1504
52544 # 1504
52544 # 1504
52544 # 1504
52544 # 1504
52544 # 1504
52544 # 1504
52544 # 1504
52544 # 1504
52544 # 1504
52544 # 1504
52544 # 1504
52544 # 1504
52544 # 1504
52544 # 1504
52544 # 1504
52544 # 1504
52544 # 1504
52544 # 1504
52544 # 1504
52544 # 1504
52544 # 1504
52544 # 1504
52544 # 1504
52544 # 1504
52544 # 1504
52544 # 1504
52544 # 1504
52544 # 1504
52549 + 1504
52549 + 1504
52576 + 1504
52576 + 1504
52633 + 1504
52633 + 1504
52696 + 1504
52696 + 1504
52763 + 1504
52763 + 1504
52836 + 1504
52836 + 1504
52901 + 1504
52901 + 1504
54044 # 1504
54044 - 1504 1495
54044 # 1504
54044 - 1504 1495
54044 # 1504
54044 - 1504 1468
54044 # 1504
54044 - 1504 1468
54044 # 1504
54044 - 1504 1411
54044 # 1504
54044 - 1504 1411
54044 # 1504
54044 - 1504 1348
54044 # 1504
54044 - 1504 1348
54044 # 1504
54044 - 1504 1281
54044 # 1504
54044 - 1504 1281
54044 # 1504
54044 - 1504 1208
54044 # 1504
54044 - 1504 1208
54044 # 1504
54044 - 1504 1143
54044 # 1504
54044 - 1504 1143
54044 # 1504
54044 # 1504
54044 # 1504
54044 # 1504
54044 # 1504
54044 # 1504
54044 # 1504
54044 # 1504
54044 # 1504
54044 # 1504
54044 # 1504
54044 # 1504
54044 # 1504
54044 # 1504
54044 # 1504
54044 # 1504
54044 # 1504
54044 # 1504
54044 # 1504
54044 # 1504
54044 # 1504
54044 # 1504
54044 # 1504
54044 # 1504
54044 # 1504
54044 # 1504
54044 # 1504
54044 # 1504
54044 # 1504
54044 # 1504
54044 # 1504
54044 # 1504
54044 # 1504
54044 # 1504
54044 # 1504
54044 # 1504
54044 # 1504
54044 # 1504
54044 # 1504
54044 # 1504
54044 # 1504
54044 # 1504
54044 # 1504
54044 # 1504
54044 # 1504
54044 # 1504
54044 # 1504
54044 # 1504
54044 # 1504
54044 # 1504
54044 # 1504
54044 # 1504
54044 # 1504
54044 # 1504
54044 # 1504
54044 # 1504
54044 # 1504
54044 # 1504
54044 # 1504
54044 # 1504
54044 # 1504
54044 # 1504
54044 # 1504
54044 # 1504
54044 # 1504
54044 # 1504
54044 # 1504
54044 # 1504
54044 # 1504
54046 + 1504
54066 + 1504
54102 + 1504
54102 + 1504
54175 + 1504
54175 + 1504
54247 + 1504
54247 + 1504
54296 + 1504
54296 + 1504
54346 + 1504
54347 + 1504
54398 + 1504
54398 + 1504
54447 + 1504
54447 + 1504
54496 + 1504
54496 + 1504
54548 + 1504
54548 + 1504
54597 + 1504
54597 + 1504
54652 + 1504
54652 + 1504
54697 + 1504
54697 + 1504
54748 + 1504
54748 + 1504
54796 + 1504
54796 + 1504
54859 + 1504
54859 + 1504
54903 + 1504
54903 + 1504
54947 + 1504
54947 + 1504
54999 + 1504
54999 + 1504
55046 + 1504
55046 + 1504
55096 + 1504
55096 + 1504
55151 + 1504
55151 + 1504
55196 + 1504
55196 + 1504
55245 + 1504
55245 + 1504
55299 + 1504
55299 + 1504
55544 # 1504
55544 - 1504 1498
55544 # 1504
55544 - 1504 1478
55544 # 1504
55544 - 1504 1442
55544 # 1504
55544 - 1504 1442
55544 # 1504
55544 - 1504 1369
55544 # 1504
55544 - 1504 1369
55544 # 1504
55544 - 1504 1297
55544 # 1504
55544 - 1504 1297
55544 # 1504
55544 - 1504 1248
55544 # 1504
55544 - 1504 1248
55544 # 1504
55544 - 1504 1198
55544 # 1504
55544 - 1504 1197
55544 # 1504
55544 - 1504 1146
55544 # 1504
55544 - 1504 1146
55544 # 1504
55544 - 1504 1097
55544 # 1504
55544 - 1504 1097
55544 # 1504
55544 - 1504 1048
55544 # 1504
55544 - 1504 1048
55544 # 1504
55544 - 1504 996
55544 # 1504
55544 - 1504 996
55544 # 1504
55544 - 1504 947
55544 # 1504
55544 - 1504 947
55544 # 1504
55544 - 1504 892
55544 # 1504
55544 - 1504 892
55544 # 1504
55544 - 1504 847
55544 # 1504
55544 - 1504 847
55544 # 1504
55544 - 1504 796
55544 # 1504
55544 - 1504 796
55544 # 1504
55544 - 1504 748
55544 # 1504
55544 - 1504 748
55544 # 1504
55544 - 1504 685
55544 # 1504
55544 - 1504 685
55544 # 1504
55544 - 1504 641
55544 # 1504
55544 - 1504 641
55544 # 1504
55544 - 1504 597
55544 # 1504
55544 - 1504 597
55544 # 1504
55544 - 1504 545
55544 # 1504
55544 - 1504 545
55544 # 1504
55544 - 1504 498
55544 # 1504
55544 - 1504 498
55544 # 1504
55544 - 1504 448
55544 # 1504
55544 - 1504 448
55544 # 1504
55544 - 1504 393
55544 # 1504
55544 - 1504 393
55544 # 1504
55544 - 1504 348
55544 # 1504
55544 - 1504 348
55544 # 1504
55544 - 1504 299
55544 # 1504
55544 - 1504 299
55544 # 1504
55544 - 1504 245
55544 # 1504
55544 - 1504 245
55544 # 1504
55544 # 1504
55544 # 1504
55544 # 1504
55544 # 1504
55544 # 1504
55544 # 1504
55544 # 1504
55544 # 1504
55544 # 1504
55544 # 1504
55544 # 1504
55544 # 1504
55544 # 1504
55544 # 1504
55544 # 1504
55544 # 1504
55544 # 1504
55544 # 1504
55544 # 1504
55544 # 1504
55544 # 1504
55544 # 1504
55544 # 1504
55544 # 1504
55544 # 1504
55544 # 1504
55544 # 1504
55544 # 1504
55544 # 1504
55544 # 1504
55544 # 1504
55544 # 1504
55547 + 1504
55563 + 1504
55563 + 1504
55621 + 1504
55621 + 1504
55686 + 1504
55687 + 1504
55753 + 1504
55754 + 1504
55822 + 1504
55822 + 1504
55892 + 1504
55893 + 1504
57044 # 1504
57044 - 1504 1497
57044 # 1504
57044 - 1504 1481
57044 # 1504
57044 - 1504 1481
57044 # 1504
57044 - 1504 1423
57044 # 1504
57044 - 1504 1423
57044 # 1504
57044 - 1504 1358
57044 # 1504
57044 - 1504 1357
57044 # 1504
57044 - 1504 1291
57044 # 1504
57044 - 1504 1290
57044 # 1504
57044 - 1504 1222
57044 # 1504
57044 - 1504 1222
57044 # 1504
57044 - 1504 1152
57044 # 1504
57044 - 1504 1151
57044 # 1504
57044 # 1504
57044 # 1504
57044 # 1504
57044 # 1504
57044 # 1504
57044 # 1504
57044 # 1504
57044 # 1504
57044 # 1504
57044 # 1504
57044 # 1504
57044 # 1504
57044 # 1504
57044 # 1504
57044 # 1504
57044 # 1504
57044 # 1504
57044 # 1504
57044 # 1504
57044 # 1504
57044 # 1504
57044 # 1504
57044 # 1504
57044 # 1504
57044 # 1504
57044 # 1504
57044 # 1504
57044 # 1504
57044 # 1504
57044 # 1504
57044 # 1504
57044 # 1504
57044 # 1504
57044 # 1504
57044 # 1504
57044 # 1504
57044 # 1504
57044 # 1504
57044 # 1504
57044 # 1504
57044 # 1504
57044 # 1504
57044 # 1504
57044 # 1504
57044 # 1504
57044 # 1504
57044 # 1504
57044 # 1504
57044 # 1504
57044 # 1504
57044 # 1504
57044 # 1504
57044 # 1504
57044 # 1504
57044 # 1504
57044 # 1504
57044 # 1504
57044 # 1504
57044 # 1504
57044 # 1504
57044 # 1504
57044 # 1504
57044 # 1504
57044 # 1504
57044 # 1504
57044 # 1504
57044 # 1504
57044 # 1504
57044 # 1504
57051 + 1504
57073 + 1504
57073 + 1504
57143 + 1504
57143 + 1504
57219 + 1504
57219 + 1504
57267 + 1504
57267 + 1504
57318 + 1504
57319 + 1504
57371 + 1504
57371 + 1504
57421 + 1504
57421 + 1504
57471 + 1504
57471 + 1504
57523 + 1504
57523 + 1504
57574 + 1504
57574 + 1504
57624 + 1504
57624 + 1504
57674 + 1504
57674 + 1504
57726 + 1504
57726 + 1504
57779 + 1504
57779 + 1504
57826 + 1504
57826 + 1504
57877 + 1504
57877 + 1504
57932 + 1504
57932 + 1504
57979 + 1504
57979 + 1504
58034 + 1504
58034 + 1504
58080 + 1504
58080 + 1504
58131 + 1504
58131 + 1504
58181 + 1504
58181 + 1504
58232 + 1504
58232 + 1504
58283 + 1504
58283 + 1504
58544 # 1504
58544 - 1504 1493
58544 # 1504
58544 - 1504 1471
58544 # 1504
58544 - 1504 1471
58544 # 1504
58544 - 1504 1401
58544 # 1504
58544 - 1504 1401
58544 # 1504
58544 - 1504 1325
58544 # 1504
58544 - 1504 1325
58544 # 1504
58544 - 1504 1277
58544 # 1504
58544 - 1504 1277
58544 # 1504
58544 - 1504 1226
58544 # 1504
58544 - 1504 1225
58544 # 1504
58544 - 1504 1173
58544 # 1504
58544 - 1504 1173
58544 # 1504
58544 - 1504 1123
58544 # 1504
58544 - 1504 1123
58544 # 1504
58544 - 1504 1073
58544 # 1504
58544 - 1504 1073
58544 # 1504
58544 - 1504 1021
58544 # 1504
58544 - 1504 1021
58544 # 1504
58544 - 1504 970
58544 # 1504
58544 - 1504 970
58544 # 1504
58544 - 1504 920
58544 # 1504
58544 - 1504 920
58544 # 1504
58544 - 1504 870
58544 # 1504
58544 - 1504 870
58544 # 1504
58544 - 1504 818
58544 # 1504
58544 - 1504 818
58544 # 1504
58544 - 1504 765
58544 # 1504
58544 - 1504 765
58544 # 1504
58544 - 1504 718
58544 # 1504
58544 - 1504 718
58544 # 1504
58544 - 1504 667
58544 # 1504
58544 - 1504 667
58544 # 1504
58544 - 1504 612
58544 # 1504
58544 - 1504 612
58544 # 1504
58544 - 1504 565
58544 # 1504
58544 - 1504 565
58544 # 1504
58544 - 1504 510
58544 # 1504
58544 - 1504 510
58544 # 1504
58544 - 1504 464
58544 # 1504
58544 - 1504 464
58544 # 1504
58544 - 1504 413
58544 # 1504
58544 - 1504 413
58544 # 1504
58544 - 1504 363
58544 # 1504
58544 - 1504 363
58544 # 1504
58544 - 1504 312
58544 # 1504
58544 - 1504 312
58544 # 1504
58544 - 1504 261
58544 # 1504
58544 - 1504 261
58544 # 1504
58544 # 1504
58544 # 1504
58544 # 1504
58544 # 1504
58544 # 1504
58544 # 1504
58544 # 1504
58544 # 1504
58544 # 1504
58544 # 1504
58544 # 1504
58544 # 1504
58544 # 1504
58544 # 1504
58544 # 1504
58544 # 1504
58544 # 1504
58544 # 1504
58544 # 1504
58544 # 1504
58544 # 1504
58544 # 1504
58544 # 1504
58544 # 1504
58544 # 1504
58544 # 1504
58544 # 1504
58544 # 1504
58544 # 1504
58544 # 1504
58544 # 1504
58544 # 1504
58544 # 1504
58550 + 1504
58550 + 1504
58577 + 1504
58577 + 1504
58640 + 1504
58640 + 1504
58701 + 1504
58701 + 1504
58770 + 1504
58770 + 1504
58843 + 1504
58843 + 1504
58911 + 1504
58911 + 1504
60044 # 1504
60044 - 1504 1494
60044 # 1504
60044 - 1504 1494
60044 # 1504
60044 - 1504 1467
60044 # 1504
60044 - 1504 1467
60044 # 1504
60044 - 1504 1404
60044 # 1504
60044 - 1504 1404
60044 # 1504
60044 - 1504 1343
60044 # 1504
60044 - 1504 1343
60044 # 1504
60044 - 1504 1274
60044 # 1504
60044 - 1504 1274
60044 # 1504
60044 - 1504 1201
60044 # 1504
60044 - 1504 1201
60044 # 1504
60044 - 1504 1133
60044 # 1504
60044 - 1504 1133
60044 # 1504
60044 # 1504
60044 # 1504
60044 # 1504
60044 # 1504
60044 # 1504
60044 # 1504
60044 # 1504
60044 # 1504
60044 # 1504
60044 # 1504
60044 # 1504
60044 # 1504
60044 # 1504
60044 # 1504
60044 # 1504
60044 # 1504
60044 # 1504
60044 # 1504
60044 # 1504
60044 # 1504
60044 # 1504
60044 # 1504
60044 # 1504
60044 # 1504
60044 # 1504
60044 # 1504
60044 # 1504
60044 # 1504
60044 # 1504
60044 # 1504
60044 # 1504
60044 # 1504
60044 # 1504
60044 # 1504
60044 # 1504
60044 # 1504
60044 # 1504
60044 # 1504
60044 # 1504
60044 # 1504
60044 # 1504
60044 # 1504
60044 # 1504
60044 # 1504
60044 # 1504
60044 # 1504
60044 # 1504
60044 # 1504
60044 # 1504
60044 # 1504
60044 # 1504
60044 # 1504
60044 # 1504
60044 # 1504
60044 # 1504
60044 # 1504
60044 # 1504
60044 # 1504
60044 # 1504
60044 # 1504
60044 # 1504
60044 # 1504
60044 # 1504
60044 # 1504
60044 # 1504
60044 # 1504
60044 # 1504
60044 # 1504
60048 + 1504
60066 + 1504
60067 + 1504
60142 + 1504
60142 + 1504
60221 + 1504
60221 + 1504
60274 + 1504
60274 + 1504
60332 + 1504
60332 + 1504
60389 + 1504
60389 + 1504
60451 + 1504
60477 + 1504
60477 + 1504
60535 + 1504
60535 + 1504
60592 + 1504
60592 + 1504
60649 + 1504
60649 + 1504
60709 + 1504
60709 + 1504
60767 + 1504
60767 + 1504
60826 + 1504
60826 + 1504
60881 + 1504
60882 + 1504
60939 + 1504
60939 + 1504
61001 + 1504
61001 + 1504
61055 + 1504
61055 + 1504
61112 + 1504
61112 + 1504
61171 + 1504
61171 + 1504
61231 + 1504
61231 + 1504
61286 + 1504
61286 + 1504
61344 + 1504
61344 + 1504
61401 + 1504
61401 + 1504
61544 # 1504
61544 - 1504 1496
61544 # 1504
61544 - 1504 1478
61544 # 1504
61544 - 1504 1477
61544 # 1504
61544 - 1504 1402
61544 # 1504
61544 - 1504 1402
61544 # 1504
61544 - 1504 1323
61544 # 1504
61544 - 1504 1323
61544 # 1504
61544 - 1504 1270
61544 # 1504
61544 - 1504 1270
61544 # 1504
61544 - 1504 1212
61544 # 1504
61544 - 1504 1212
61544 # 1504
61544 - 1504 1155
61544 # 1504
61544 - 1504 1155
61544 # 1504
61544 - 1504 1093
61544 # 1504
61544 - 1504 1067
61544 # 1504
61544 - 1504 1067
61544 # 1504
61544 - 1504 1009
61544 # 1504
61544 - 1504 1009
61544 # 1504
61544 - 1504 952
61544 # 1504
61544 - 1504 952
61544 # 1504
61544 - 1504 895
61544 # 1504
61544 - 1504 895
61544 # 1504
61544 - 1504 835
61544 # 1504
61544 - 1504 835
61544 # 1504
61544 - 1504 777
61544 # 1504
61544 - 1504 777
61544 # 1504
61544 - 1504 718
61544 # 1504
61544 - 1504 718
61544 # 1504
61544 - 1504 663
61544 # 1504
61544 - 1504 662
61544 # 1504
61544 - 1504 605
61544 # 1504
61544 - 1504 605
61544 # 1504
61544 - 1504 543
61544 # 1504
61544 - 1504 543
61544 # 1504
61544 - 1504 489
61544 # 1504
61544 - 1504 489
61544 # 1504
61544 - 1504 432
61544 # 1504
61544 - 1504 432
61544 # 1504
61544 - 1504 373
61544 # 1504
61544 - 1504 373
61544 # 1504
61544 - 1504 313
61544 # 1504
61544 - 1504 313
61544 # 1504
61544 - 1504 258
61544 # 1504
61544 - 1504 258
61544 # 1504
61544 - 1504 200
61544 # 1504
61544 - 1504 200
61544 # 1504
61544 - 1504 143
61544 # 1504
61544 - 1504 143
61544 # 1504
61544 # 1504
61544 # 1504
61544 # 1504
61544 # 1504
61544 # 1504
61544 # 1504
61544 # 1504
61544 # 1504
61544 # 1504
61544 # 1504
61544 # 1504
61544 # 1504
61544 # 1504
61544 # 1504
61544 # 1504
61544 # 1504
61544 # 1504
61544 # 1504
61544 # 1504
61544 # 1504
61544 # 1504
61544 # 1504
61544 # 1504
61544 # 1504
61544 # 1504
61544 # 1504
61544 # 1504
61544 # 1504
61544 # 1504
61544 # 1504
61544 # 1504
61544 # 1504
61544 # 1504
61544 # 1504
61548 + 1504
61548 + 1504
61578 + 1504
61578 + 1504
61642 + 1504
61642 + 1504
61709 + 1504
61709 + 1504
61776 + 1504
61777 + 1504
61843 + 1504
61843 + 1504
61911 + 1504
61911 + 1504
62763 + 52
63044 # 1504
63044 - 1504 1496
63044 # 1504
63044 - 1504 1496
63044 # 1504
63044 - 1504 1466
63044 # 1504
63044 - 1504 1466
63044 # 1504
63044 - 1504 1402
63044 # 1504
63044 - 1504 1402
63044 # 1504
63044 - 1504 1335
63044 # 1504
63044 - 1504 1335
63044 # 1504
63044 - 1504 1268
63044 # 1504
63044 - 1504 1267
63044 # 1504
63044 - 1504 1201
63044 # 1504
63044 - 1504 1201
63044 # 1504
63044 - 1504 1133
63044 # 1504
63044 - 1504 1133
63044 # 1504
63044 - 52 281
63044 # 1504
63044 # 1504
63044 # 1504
63044 # 1504
63044 # 1504
63044 # 1504
63044 # 1504
63044 # 1504
63044 # 1504
63044 # 1504
63044 # 1504
63044 # 1504
63044 # 1504
63044 # 1504
63044 # 1504
63044 # 1504
63044 # 1504
63044 # 1504
63044 # 1504
63044 # 1504
63044 # 1504
63044 # 1504
63044 # 1504
63044 # 1504
63044 # 1504
63044 # 1504
63044 # 1504
63044 # 1504
63044 # 1504
63044 # 1504
63044 # 1504
63044 # 1504
63044 # 1504
63044 # 1504
63044 # 1504
63044 # 1504
63044 # 1504
63044 # 1504
63044 # 1504
63044 # 1504
63044 # 1504
63044 # 1504
63044 # 1504
63044 # 1504
63044 # 1504
63044 # 1504
63044 # 1504
63044 # 1504
63044 # 1504
63044 # 1504
63044 # 1504
63044 # 1504
63044 # 1504
63044 # 1504
63044 # 1504
63044 # 1504
63044 # 1504
63044 # 1504
63044 # 1504
63044 # 1504
63044 # 1504
63044 # 1504
63044 # 1504
63044 # 1504
63044 # 1504
63044 # 1504
63044 # 1504
63044 # 1504
63047 + 1504
63047 + 1504
63083 + 1504
63084 + 1504
63154 + 1504
63154 + 1504
63228 + 1504
63229 + 1504
63291 + 1504
63291 + 1504
63358 + 1504
63358 + 1504
63424 + 1504
63424 + 1504
63491 + 1504
63491 + 1504
63559 + 1504
63559 + 1504
63625 + 1504
63625 + 1504
63690 + 1504
63690 + 1504
63757 + 1504
63757 + 1504
63826 + 1504
63826 + 1504
63889 + 1504
63889 + 1504
63955 + 1504
63955 + 1504
64021 + 1504
64021 + 1504
64095 + 1504
64096 + 1504
64154 + 1504
64154 + 1504
64227 + 1504
64227 + 1504
64289 + 1504
64289 + 1504
64353 + 1504
64353 + 1504
64422 + 1504
64422 + 1504
64486 + 1504
64486 + 1504
64544 # 1504
64544 - 1504 1497
64544 # 1504
64544 - 1504 1497
64544 # 1504
64544 - 1504 1461
64544 # 1504
64544 - 1504 1460
64544 # 1504
64544 - 1504 1390
64544 # 1504
64544 - 1504 1390
64544 # 1504
64544 - 1504 1316
64544 # 1504
64544 - 1504 1315
64544 # 1504
64544 - 1504 1253
64544 # 1504
64544 - 1504 1253
64544 # 1504
64544 - 1504 1186
64544 # 1504
64544 - 1504 1186
64544 # 1504
64544 - 1504 1120
64544 # 1504
64544 - 1504 1120
64544 # 1504
64544 - 1504 1053
64544 # 1504
64544 - 1504 1053
64544 # 1504
64544 - 1504 985
64544 # 1504
64544 - 1504 985
64544 # 1504
64544 - 1504 919
64544 # 1504
64544 - 1504 919
64544 # 1504
64544 - 1504 854
64544 # 1504
64544 - 1504 854
64544 # 1504
64544 - 1504 787
64544 # 1504
64544 - 1504 787
64544 # 1504
64544 - 1504 718
64544 # 1504
64544 - 1504 718
64544 # 1504
64544 - 1504 655
64544 # 1504
64544 - 1504 655
64544 # 1504
64544 - 1504 589
64544 # 1504
64544 - 1504 589
64544 # 1504
64544 - 1504 523
64544 # 1504
64544 - 1504 523
64544 # 1504
64544 - 1504 449
64544 # 1504
64544 - 1504 448
64544 # 1504
64544 - 1504 390
64544 # 1504
64544 - 1504 390
64544 # 1504
64544 - 1504 317
64544 # 1504
64544 - 1504 317
64544 # 1504
64544 - 1504 255
64544 # 1504
64544 - 1504 255
64544 # 1504
64544 - 1504 191
64544 # 1504
64544 - 1504 191
64544 # 1504
64544 - 1504 122
64544 # 1504
64544 - 1504 122
64544 # 1504
64544 - 1504 58
64544 # 1504
64544 - 1504 58
64544 # 1504
64544 # 1504
64544 # 1504
64544 # 1504
64544 # 1504
64544 # 1504
64544 # 1504
64544 # 1504
64544 # 1504
64544 # 1504
64544 # 1504
64544 # 1504
64544 # 1504
64544 # 1504
64544 # 1504
64544 # 1504
64544 # 1504
64544 # 1504
64544 # 1504
64544 # 1504
64544 # 1504
64544 # 1504
64544 # 1504
64544 # 1504
64544 # 1504
64544 # 1504
64544 # 1504
64544 # 1504
64544 # 1504
64544 # 1504
64544 # 1504
64544 # 1504
64544 # 1504
64544 # 1504
64544 # 1504
64544 # 1504
64544 # 1504
64552 + 1504
64552 + 1504
64620 + 1504
64620 + 1504
64693 + 1504
64693 + 1504
64760 + 1504
64760 + 1504
64833 + 1504
64833 + 1504
64900 + 1504
64900 + 1504
64970 + 1504
64970 + 1504
66044 # 1504
66044 - 1504 1492
66044 # 1504
66044 - 1504 1492
66044 # 1504
66044 - 1504 1424
66044 # 1504
66044 - 1504 1424
66044 # 1504
66044 - 1504 1351
66044 # 1504
66044 - 1504 1351
66044 # 1504
66044 - 1504 1284
66044 # 1504
66044 - 1504 1284
66044 # 1504
66044 - 1504 1211
66044 # 1504
66044 - 1504 1211
66044 # 1504
66044 - 1504 1144
66044 # 1504
66044 - 1504 1144
66044 # 1504
66044 - 1504 1074
66044 # 1504
66044 - 1504 1074
66044 # 1504
66044 # 1504
66044 # 1504
66044 # 1504
66044 # 1504
66044 # 1504
66044 # 1504
66044 # 1504
66044 # 1504
66044 # 1504
66044 # 1504
66044 # 1504
66044 # 1504
66044 # 1504
66044 # 1504
66044 # 1504
66044 # 1504
66044 # 1504
66044 # 1504
66044 # 1504
66044 # 1504
66044 # 1504
66044 # 1504
66044 # 1504
66044 # 1504
66044 # 1504
66044 # 1504
66044 # 1504
66044 # 1504
66044 # 1504
66044 # 1504
66044 # 1504
66044 # 1504
66044 # 1504
66044 # 1504
66044 # 1504
66044 # 1504
66044 # 1504
66044 # 1504
66044 # 1504
66044 # 1504
66044 # 1504
66044 # 1504
66044 # 1504
66044 # 1504
66044 # 1504
66044 # 1504
66044 # 1504
66044 # 1504
66044 # 1504
66044 # 1504
66044 # 1504
66044 # 1504
66044 # 1504
66044 # 1504
66044 # 1504
66044 # 1504
66044 # 1504
66044 # 1504
66044 # 1504
66044 # 1504
66044 # 1504
66044 # 1504
66044 # 1504
66044 # 1504
66044 # 1504
66044 # 1504
66044 # 1504
66044 # 1504
66048 + 1504
66048 + 1504
66085 + 1504
66085 + 1504
